@!@!@STARTMSG 2262:0 @!@!@
TLC2 Version 2.16 of 31 December 2020 (rev: cdddf55)
@!@!@ENDMSG 2262 @!@!@
@!@!@STARTMSG 2187:0 @!@!@
Running breadth-first search Model-Checking with fp 83 and seed -4535197899398908728 with 5 workers on 10 cores with 2428MB heap and 5460MB offheap memory [pid: 85344] (Mac OS X 10.16 x86_64, AdoptOpenJDK 14.0.1 x86_64, OffHeapDiskFPSet, DiskStateQueue).
@!@!@ENDMSG 2187 @!@!@
@!@!@STARTMSG 2220:0 @!@!@
Starting SANY...
@!@!@ENDMSG 2220 @!@!@
Parsing file /Users/dirk-janswagerman/.tlaplus/tlaplus/protocols/black_channel_corrupted_acknowledgement.toolbox/Model_1/MC.tla
Parsing file /Users/dirk-janswagerman/.tlaplus/tlaplus/protocols/black_channel_corrupted_acknowledgement.toolbox/Model_1/black_channel_corrupted_acknowledgement.tla
Parsing file /private/var/folders/sy/rhv1w43j3bscfpls8nxgbl1m0000gn/T/AppTranslocation/B51B7C6A-254C-4B0B-931B-A41F6CB0774B/d/TLA+ Toolbox.app/Contents/Eclipse/plugins/org.lamport.tlatools_1.0.0.202012311918/tla2sany/StandardModules/TLC.tla
Parsing file /private/var/folders/sy/rhv1w43j3bscfpls8nxgbl1m0000gn/T/AppTranslocation/B51B7C6A-254C-4B0B-931B-A41F6CB0774B/d/TLA+ Toolbox.app/Contents/Eclipse/plugins/org.lamport.tlatools_1.0.0.202012311918/tla2sany/StandardModules/Integers.tla
Parsing file /private/var/folders/sy/rhv1w43j3bscfpls8nxgbl1m0000gn/T/AppTranslocation/B51B7C6A-254C-4B0B-931B-A41F6CB0774B/d/TLA+ Toolbox.app/Contents/Eclipse/plugins/org.lamport.tlatools_1.0.0.202012311918/tla2sany/StandardModules/Naturals.tla
Parsing file /private/var/folders/sy/rhv1w43j3bscfpls8nxgbl1m0000gn/T/AppTranslocation/B51B7C6A-254C-4B0B-931B-A41F6CB0774B/d/TLA+ Toolbox.app/Contents/Eclipse/plugins/org.lamport.tlatools_1.0.0.202012311918/tla2sany/StandardModules/Sequences.tla
Parsing file /private/var/folders/sy/rhv1w43j3bscfpls8nxgbl1m0000gn/T/AppTranslocation/B51B7C6A-254C-4B0B-931B-A41F6CB0774B/d/TLA+ Toolbox.app/Contents/Eclipse/plugins/org.lamport.tlatools_1.0.0.202012311918/tla2sany/StandardModules/FiniteSets.tla
Semantic processing of module Naturals
Semantic processing of module Integers
Semantic processing of module Sequences
Semantic processing of module FiniteSets
Semantic processing of module TLC
Semantic processing of module black_channel_corrupted_acknowledgement
Semantic processing of module MC
@!@!@STARTMSG 2219:0 @!@!@
SANY finished.
@!@!@ENDMSG 2219 @!@!@
@!@!@STARTMSG 2185:0 @!@!@
Starting... (2022-03-24 20:12:34)
@!@!@ENDMSG 2185 @!@!@
@!@!@STARTMSG 2189:0 @!@!@
Computing initial states...
@!@!@ENDMSG 2189 @!@!@
@!@!@STARTMSG 2190:0 @!@!@
Finished computing initial states: 1 distinct state generated at 2022-03-24 20:12:35.
@!@!@ENDMSG 2190 @!@!@
@!@!@STARTMSG 2114:1 @!@!@
Deadlock reached.
@!@!@ENDMSG 2114 @!@!@
@!@!@STARTMSG 2121:1 @!@!@
The behavior up to this point is:
@!@!@ENDMSG 2121 @!@!@
@!@!@STARTMSG 2217:4 @!@!@
1: <Initial predicate>
/\ createMessageCounter = 0
/\ corruptionCounter = 0
/\ pc = [MC |-> "startMessageCorrupter", S |-> "startSender", R |-> "startReceiver"]
/\ sendMessage = [S |-> <<>>]
/\ receivedMessage = [R |-> <<>>]
/\ randomNumber = [MC |-> defaultInitValue]
/\ currentMessageCounter = 1
/\ acknowledgedMessage = [S |-> <<>>]
/\ acknowledgedMessages = <<>>
/\ acknowledgeChannel = <<>>
/\ sendMessages = <<>>
/\ message = [counter |-> 0, content |-> <<>>, checksum |-> 0]
/\ messageChannel = <<>>

@!@!@ENDMSG 2217 @!@!@
@!@!@STARTMSG 2217:4 @!@!@
2: <startSender line 159, col 22 to line 171, col 52 of module black_channel_corrupted_acknowledgement>
/\ createMessageCounter = 0
/\ corruptionCounter = 0
/\ pc = [MC |-> "startMessageCorrupter", S |-> "CreateMessage", R |-> "startReceiver"]
/\ sendMessage = [S |-> <<>>]
/\ receivedMessage = [R |-> <<>>]
/\ randomNumber = [MC |-> defaultInitValue]
/\ currentMessageCounter = 1
/\ acknowledgedMessage = [S |-> <<>>]
/\ acknowledgedMessages = <<>>
/\ acknowledgeChannel = <<>>
/\ sendMessages = <<>>
/\ message = [counter |-> 0, content |-> <<>>, checksum |-> 0]
/\ messageChannel = <<>>

@!@!@ENDMSG 2217 @!@!@
@!@!@STARTMSG 2217:4 @!@!@
3: <CreateMessage line 173, col 24 to line 184, col 71 of module black_channel_corrupted_acknowledgement>
/\ createMessageCounter = 1
/\ corruptionCounter = 0
/\ pc = [MC |-> "startMessageCorrupter", S |-> "startSender", R |-> "startReceiver"]
/\ sendMessage = [S |-> <<>>]
/\ receivedMessage = [R |-> <<>>]
/\ randomNumber = [MC |-> defaultInitValue]
/\ currentMessageCounter = 1
/\ acknowledgedMessage = [S |-> <<>>]
/\ acknowledgedMessages = <<>>
/\ acknowledgeChannel = <<>>
/\ sendMessages = <<[counter |-> 1, content |-> "a", checksum |-> 0]>>
/\ message = [counter |-> 1, content |-> "a", checksum |-> 0]
/\ messageChannel = <<>>

@!@!@ENDMSG 2217 @!@!@
@!@!@STARTMSG 2217:4 @!@!@
4: <startSender line 159, col 22 to line 171, col 52 of module black_channel_corrupted_acknowledgement>
/\ createMessageCounter = 1
/\ corruptionCounter = 0
/\ pc = [MC |-> "startMessageCorrupter", S |-> "SendMessage", R |-> "startReceiver"]
/\ sendMessage = [S |-> <<>>]
/\ receivedMessage = [R |-> <<>>]
/\ randomNumber = [MC |-> defaultInitValue]
/\ currentMessageCounter = 1
/\ acknowledgedMessage = [S |-> <<>>]
/\ acknowledgedMessages = <<>>
/\ acknowledgeChannel = <<>>
/\ sendMessages = <<[counter |-> 1, content |-> "a", checksum |-> 0]>>
/\ message = [counter |-> 1, content |-> "a", checksum |-> 0]
/\ messageChannel = <<>>

@!@!@ENDMSG 2217 @!@!@
@!@!@STARTMSG 2217:4 @!@!@
5: <startMessageCorrupter line 258, col 32 to line 271, col 62 of module black_channel_corrupted_acknowledgement>
/\ createMessageCounter = 1
/\ corruptionCounter = 0
/\ pc = [MC |-> "RemoveAcknowledgement", S |-> "SendMessage", R |-> "startReceiver"]
/\ sendMessage = [S |-> <<>>]
/\ receivedMessage = [R |-> <<>>]
/\ randomNumber = [MC |-> defaultInitValue]
/\ currentMessageCounter = 1
/\ acknowledgedMessage = [S |-> <<>>]
/\ acknowledgedMessages = <<>>
/\ acknowledgeChannel = <<>>
/\ sendMessages = <<[counter |-> 1, content |-> "a", checksum |-> 0]>>
/\ message = [counter |-> 1, content |-> "a", checksum |-> 0]
/\ messageChannel = <<>>

@!@!@ENDMSG 2217 @!@!@
@!@!@STARTMSG 2217:4 @!@!@
6: <SendMessage line 186, col 22 to line 194, col 69 of module black_channel_corrupted_acknowledgement>
/\ createMessageCounter = 1
/\ corruptionCounter = 0
/\ pc = [MC |-> "RemoveAcknowledgement", S |-> "startSender", R |-> "startReceiver"]
/\ sendMessage = [S |-> <<>>]
/\ receivedMessage = [R |-> <<>>]
/\ randomNumber = [MC |-> defaultInitValue]
/\ currentMessageCounter = 1
/\ acknowledgedMessage = [S |-> <<>>]
/\ acknowledgedMessages = <<>>
/\ acknowledgeChannel = <<>>
/\ sendMessages = <<[counter |-> 1, content |-> "a", checksum |-> 0]>>
/\ message = [counter |-> 1, content |-> "a", checksum |-> 0]
/\ messageChannel = <<[counter |-> 1, content |-> "a", checksum |-> 0]>>

@!@!@ENDMSG 2217 @!@!@
@!@!@STARTMSG 2217:4 @!@!@
7: <startSender line 159, col 22 to line 171, col 52 of module black_channel_corrupted_acknowledgement>
/\ createMessageCounter = 1
/\ corruptionCounter = 0
/\ pc = [MC |-> "RemoveAcknowledgement", S |-> "SendMessage", R |-> "startReceiver"]
/\ sendMessage = [S |-> <<>>]
/\ receivedMessage = [R |-> <<>>]
/\ randomNumber = [MC |-> defaultInitValue]
/\ currentMessageCounter = 1
/\ acknowledgedMessage = [S |-> <<>>]
/\ acknowledgedMessages = <<>>
/\ acknowledgeChannel = <<>>
/\ sendMessages = <<[counter |-> 1, content |-> "a", checksum |-> 0]>>
/\ message = [counter |-> 1, content |-> "a", checksum |-> 0]
/\ messageChannel = <<[counter |-> 1, content |-> "a", checksum |-> 0]>>

@!@!@ENDMSG 2217 @!@!@
@!@!@STARTMSG 2217:4 @!@!@
8: <SendMessage line 186, col 22 to line 194, col 69 of module black_channel_corrupted_acknowledgement>
/\ createMessageCounter = 1
/\ corruptionCounter = 0
/\ pc = [MC |-> "RemoveAcknowledgement", S |-> "startSender", R |-> "startReceiver"]
/\ sendMessage = [S |-> <<>>]
/\ receivedMessage = [R |-> <<>>]
/\ randomNumber = [MC |-> defaultInitValue]
/\ currentMessageCounter = 1
/\ acknowledgedMessage = [S |-> <<>>]
/\ acknowledgedMessages = <<>>
/\ acknowledgeChannel = <<>>
/\ sendMessages = <<[counter |-> 1, content |-> "a", checksum |-> 0]>>
/\ message = [counter |-> 1, content |-> "a", checksum |-> 0]
/\ messageChannel = << [counter |-> 1, content |-> "a", checksum |-> 0],
   [counter |-> 1, content |-> "a", checksum |-> 0] >>

@!@!@ENDMSG 2217 @!@!@
@!@!@STARTMSG 2217:4 @!@!@
9: <startReceiver line 216, col 24 to line 227, col 71 of module black_channel_corrupted_acknowledgement>
/\ createMessageCounter = 1
/\ corruptionCounter = 0
/\ pc = [MC |-> "RemoveAcknowledgement", S |-> "startSender", R |-> "ReceiveMessage"]
/\ sendMessage = [S |-> <<>>]
/\ receivedMessage = [R |-> <<>>]
/\ randomNumber = [MC |-> defaultInitValue]
/\ currentMessageCounter = 1
/\ acknowledgedMessage = [S |-> <<>>]
/\ acknowledgedMessages = <<>>
/\ acknowledgeChannel = <<>>
/\ sendMessages = <<[counter |-> 1, content |-> "a", checksum |-> 0]>>
/\ message = [counter |-> 1, content |-> "a", checksum |-> 0]
/\ messageChannel = << [counter |-> 1, content |-> "a", checksum |-> 0],
   [counter |-> 1, content |-> "a", checksum |-> 0] >>

@!@!@ENDMSG 2217 @!@!@
@!@!@STARTMSG 2217:4 @!@!@
10: <ReceiveMessage line 229, col 25 to line 240, col 55 of module black_channel_corrupted_acknowledgement>
/\ createMessageCounter = 1
/\ corruptionCounter = 0
/\ pc = [MC |-> "RemoveAcknowledgement", S |-> "startSender", R |-> "startReceiver"]
/\ sendMessage = [S |-> <<>>]
/\ receivedMessage = [R |-> [counter |-> 1, content |-> "a", checksum |-> 0]]
/\ randomNumber = [MC |-> defaultInitValue]
/\ currentMessageCounter = 1
/\ acknowledgedMessage = [S |-> <<>>]
/\ acknowledgedMessages = <<>>
/\ acknowledgeChannel = <<>>
/\ sendMessages = <<[counter |-> 1, content |-> "a", checksum |-> 0]>>
/\ message = [counter |-> 1, content |-> "a", checksum |-> 0]
/\ messageChannel = <<[counter |-> 1, content |-> "a", checksum |-> 0]>>

@!@!@ENDMSG 2217 @!@!@
@!@!@STARTMSG 2217:4 @!@!@
11: <startReceiver line 216, col 24 to line 227, col 71 of module black_channel_corrupted_acknowledgement>
/\ createMessageCounter = 1
/\ corruptionCounter = 0
/\ pc = [ MC |-> "RemoveAcknowledgement",
  S |-> "startSender",
  R |-> "SendAcknowledgeMessage" ]
/\ sendMessage = [S |-> <<>>]
/\ receivedMessage = [R |-> [counter |-> 1, content |-> "a", checksum |-> 0]]
/\ randomNumber = [MC |-> defaultInitValue]
/\ currentMessageCounter = 1
/\ acknowledgedMessage = [S |-> <<>>]
/\ acknowledgedMessages = <<>>
/\ acknowledgeChannel = <<>>
/\ sendMessages = <<[counter |-> 1, content |-> "a", checksum |-> 0]>>
/\ message = [counter |-> 1, content |-> "a", checksum |-> 0]
/\ messageChannel = <<[counter |-> 1, content |-> "a", checksum |-> 0]>>

@!@!@ENDMSG 2217 @!@!@
@!@!@STARTMSG 2217:4 @!@!@
12: <SendAcknowledgeMessage line 242, col 33 to line 253, col 76 of module black_channel_corrupted_acknowledgement>
/\ createMessageCounter = 1
/\ corruptionCounter = 0
/\ pc = [MC |-> "RemoveAcknowledgement", S |-> "startSender", R |-> "startReceiver"]
/\ sendMessage = [S |-> <<>>]
/\ receivedMessage = [R |-> <<>>]
/\ randomNumber = [MC |-> defaultInitValue]
/\ currentMessageCounter = 1
/\ acknowledgedMessage = [S |-> <<>>]
/\ acknowledgedMessages = <<>>
/\ acknowledgeChannel = <<[counter |-> 1, content |-> "a", checksum |-> 0]>>
/\ sendMessages = <<[counter |-> 1, content |-> "a", checksum |-> 0]>>
/\ message = [counter |-> 1, content |-> "a", checksum |-> 0]
/\ messageChannel = <<[counter |-> 1, content |-> "a", checksum |-> 0]>>

@!@!@ENDMSG 2217 @!@!@
@!@!@STARTMSG 2217:4 @!@!@
13: <startSender line 159, col 22 to line 171, col 52 of module black_channel_corrupted_acknowledgement>
/\ createMessageCounter = 1
/\ corruptionCounter = 0
/\ pc = [ MC |-> "RemoveAcknowledgement",
  S |-> "AcknowledgeMessage",
  R |-> "startReceiver" ]
/\ sendMessage = [S |-> <<>>]
/\ receivedMessage = [R |-> <<>>]
/\ randomNumber = [MC |-> defaultInitValue]
/\ currentMessageCounter = 1
/\ acknowledgedMessage = [S |-> <<>>]
/\ acknowledgedMessages = <<>>
/\ acknowledgeChannel = <<[counter |-> 1, content |-> "a", checksum |-> 0]>>
/\ sendMessages = <<[counter |-> 1, content |-> "a", checksum |-> 0]>>
/\ message = [counter |-> 1, content |-> "a", checksum |-> 0]
/\ messageChannel = <<[counter |-> 1, content |-> "a", checksum |-> 0]>>

@!@!@ENDMSG 2217 @!@!@
@!@!@STARTMSG 2217:4 @!@!@
14: <RemoveAcknowledgement line 284, col 32 to line 296, col 62 of module black_channel_corrupted_acknowledgement>
/\ createMessageCounter = 1
/\ corruptionCounter = 1
/\ pc = [ MC |-> "startMessageCorrupter",
  S |-> "AcknowledgeMessage",
  R |-> "startReceiver" ]
/\ sendMessage = [S |-> <<>>]
/\ receivedMessage = [R |-> <<>>]
/\ randomNumber = [MC |-> defaultInitValue]
/\ currentMessageCounter = 1
/\ acknowledgedMessage = [S |-> <<>>]
/\ acknowledgedMessages = <<>>
/\ acknowledgeChannel = << >>
/\ sendMessages = <<[counter |-> 1, content |-> "a", checksum |-> 0]>>
/\ message = [counter |-> 1, content |-> "a", checksum |-> 0]
/\ messageChannel = <<[counter |-> 1, content |-> "a", checksum |-> 0]>>

@!@!@ENDMSG 2217 @!@!@
@!@!@STARTMSG 2217:4 @!@!@
15: <startMessageCorrupter line 258, col 32 to line 271, col 62 of module black_channel_corrupted_acknowledgement>
/\ createMessageCounter = 1
/\ corruptionCounter = 1
/\ pc = [MC |-> "RemoveMessage", S |-> "AcknowledgeMessage", R |-> "startReceiver"]
/\ sendMessage = [S |-> <<>>]
/\ receivedMessage = [R |-> <<>>]
/\ randomNumber = [MC |-> defaultInitValue]
/\ currentMessageCounter = 1
/\ acknowledgedMessage = [S |-> <<>>]
/\ acknowledgedMessages = <<>>
/\ acknowledgeChannel = << >>
/\ sendMessages = <<[counter |-> 1, content |-> "a", checksum |-> 0]>>
/\ message = [counter |-> 1, content |-> "a", checksum |-> 0]
/\ messageChannel = <<[counter |-> 1, content |-> "a", checksum |-> 0]>>

@!@!@ENDMSG 2217 @!@!@
@!@!@STARTMSG 2217:4 @!@!@
16: <RemoveMessage line 273, col 24 to line 282, col 54 of module black_channel_corrupted_acknowledgement>
/\ createMessageCounter = 1
/\ corruptionCounter = 2
/\ pc = [ MC |-> "startMessageCorrupter",
  S |-> "AcknowledgeMessage",
  R |-> "startReceiver" ]
/\ sendMessage = [S |-> <<>>]
/\ receivedMessage = [R |-> <<>>]
/\ randomNumber = [MC |-> defaultInitValue]
/\ currentMessageCounter = 1
/\ acknowledgedMessage = [S |-> <<>>]
/\ acknowledgedMessages = <<>>
/\ acknowledgeChannel = << >>
/\ sendMessages = <<[counter |-> 1, content |-> "a", checksum |-> 0]>>
/\ message = [counter |-> 1, content |-> "a", checksum |-> 0]
/\ messageChannel = << >>

@!@!@ENDMSG 2217 @!@!@
@!@!@STARTMSG 2217:4 @!@!@
17: <startMessageCorrupter line 258, col 32 to line 271, col 62 of module black_channel_corrupted_acknowledgement>
/\ createMessageCounter = 1
/\ corruptionCounter = 2
/\ pc = [ MC |-> "RemoveAcknowledgement",
  S |-> "AcknowledgeMessage",
  R |-> "startReceiver" ]
/\ sendMessage = [S |-> <<>>]
/\ receivedMessage = [R |-> <<>>]
/\ randomNumber = [MC |-> defaultInitValue]
/\ currentMessageCounter = 1
/\ acknowledgedMessage = [S |-> <<>>]
/\ acknowledgedMessages = <<>>
/\ acknowledgeChannel = << >>
/\ sendMessages = <<[counter |-> 1, content |-> "a", checksum |-> 0]>>
/\ message = [counter |-> 1, content |-> "a", checksum |-> 0]
/\ messageChannel = << >>

@!@!@ENDMSG 2217 @!@!@
@!@!@STARTMSG 2201:0 @!@!@
The coverage statistics at 2022-03-24 20:12:36
@!@!@ENDMSG 2201 @!@!@
@!@!@STARTMSG 2773:0 @!@!@
<Init line 139, col 1 to line 139, col 4 of module black_channel_corrupted_acknowledgement>: 2:2
@!@!@ENDMSG 2773 @!@!@
@!@!@STARTMSG 2221:0 @!@!@
  line 140, col 9 to line 157, col 86 of module black_channel_corrupted_acknowledgement: 2
@!@!@ENDMSG 2221 @!@!@
@!@!@STARTMSG 2772:0 @!@!@
<startSender line 159, col 1 to line 159, col 17 of module black_channel_corrupted_acknowledgement>: 1454:9326
@!@!@ENDMSG 2772 @!@!@
@!@!@STARTMSG 2221:0 @!@!@
  line 159, col 25 to line 159, col 48 of module black_channel_corrupted_acknowledgement: 16195
@!@!@ENDMSG 2221 @!@!@
@!@!@STARTMSG 2221:0 @!@!@
  |line 159, col 25 to line 159, col 32 of module black_channel_corrupted_acknowledgement: 11540
@!@!@ENDMSG 2221 @!@!@
@!@!@STARTMSG 2221:0 @!@!@
  line 160, col 28 to line 160, col 73 of module black_channel_corrupted_acknowledgement: 4655
@!@!@ENDMSG 2221 @!@!@
@!@!@STARTMSG 2221:0 @!@!@
  line 161, col 31 to line 161, col 72 of module black_channel_corrupted_acknowledgement: 4159
@!@!@ENDMSG 2221 @!@!@
@!@!@STARTMSG 2221:0 @!@!@
  |line 161, col 31 to line 161, col 50 of module black_channel_corrupted_acknowledgement: 4655
@!@!@ENDMSG 2221 @!@!@
@!@!@STARTMSG 2221:0 @!@!@
  |line 161, col 54 to line 161, col 72 of module black_channel_corrupted_acknowledgement: 4655
@!@!@ENDMSG 2221 @!@!@
@!@!@STARTMSG 2221:0 @!@!@
  line 161, col 77 to line 161, col 119 of module black_channel_corrupted_acknowledgement: 4159
@!@!@ENDMSG 2221 @!@!@
@!@!@STARTMSG 2221:0 @!@!@
  |line 161, col 77 to line 161, col 97 of module black_channel_corrupted_acknowledgement: 4225
@!@!@ENDMSG 2221 @!@!@
@!@!@STARTMSG 2221:0 @!@!@
  |line 161, col 102 to line 161, col 119 of module black_channel_corrupted_acknowledgement: 4225
@!@!@ENDMSG 2221 @!@!@
@!@!@STARTMSG 2221:0 @!@!@
  line 162, col 31 to line 162, col 71 of module black_channel_corrupted_acknowledgement: 4159
@!@!@ENDMSG 2221 @!@!@
@!@!@STARTMSG 2221:0 @!@!@
  line 163, col 31 to line 163, col 58 of module black_channel_corrupted_acknowledgement: 512
@!@!@ENDMSG 2221 @!@!@
@!@!@STARTMSG 2221:0 @!@!@
  |line 163, col 31 to line 163, col 54 of module black_channel_corrupted_acknowledgement: 4655
@!@!@ENDMSG 2221 @!@!@
@!@!@STARTMSG 2221:0 @!@!@
  line 164, col 31 to line 164, col 78 of module black_channel_corrupted_acknowledgement: 512
@!@!@ENDMSG 2221 @!@!@
@!@!@STARTMSG 2221:0 @!@!@
  line 165, col 25 to line 171, col 52 of module black_channel_corrupted_acknowledgement: 9326
@!@!@ENDMSG 2221 @!@!@
@!@!@STARTMSG 2772:0 @!@!@
<CreateMessage line 173, col 1 to line 173, col 19 of module black_channel_corrupted_acknowledgement>: 210:6852
@!@!@ENDMSG 2772 @!@!@
@!@!@STARTMSG 2221:0 @!@!@
  line 173, col 27 to line 173, col 52 of module black_channel_corrupted_acknowledgement: 14962
@!@!@ENDMSG 2221 @!@!@
@!@!@STARTMSG 2221:0 @!@!@
  |line 173, col 27 to line 173, col 34 of module black_channel_corrupted_acknowledgement: 11536
@!@!@ENDMSG 2221 @!@!@
@!@!@STARTMSG 2221:0 @!@!@
  line 174, col 27 to line 174, col 74 of module black_channel_corrupted_acknowledgement: 3426
@!@!@ENDMSG 2221 @!@!@
@!@!@STARTMSG 2221:0 @!@!@
  line 176, col 29 to line 178, col 78 of module black_channel_corrupted_acknowledgement: 6852
@!@!@ENDMSG 2221 @!@!@
@!@!@STARTMSG 2221:0 @!@!@
  line 175, col 36 to line 175, col 38 of module black_channel_corrupted_acknowledgement: 3426
@!@!@ENDMSG 2221 @!@!@
@!@!@STARTMSG 2221:0 @!@!@
  line 179, col 27 to line 179, col 67 of module black_channel_corrupted_acknowledgement: 6852
@!@!@ENDMSG 2221 @!@!@
@!@!@STARTMSG 2221:0 @!@!@
  line 180, col 27 to line 184, col 71 of module black_channel_corrupted_acknowledgement: 6852
@!@!@ENDMSG 2221 @!@!@
@!@!@STARTMSG 2772:0 @!@!@
<SendMessage line 186, col 1 to line 186, col 17 of module black_channel_corrupted_acknowledgement>: 452:3101
@!@!@ENDMSG 2772 @!@!@
@!@!@STARTMSG 2221:0 @!@!@
  line 186, col 25 to line 186, col 48 of module black_channel_corrupted_acknowledgement: 14636
@!@!@ENDMSG 2221 @!@!@
@!@!@STARTMSG 2221:0 @!@!@
  |line 186, col 25 to line 186, col 32 of module black_channel_corrupted_acknowledgement: 11535
@!@!@ENDMSG 2221 @!@!@
@!@!@STARTMSG 2221:0 @!@!@
  line 187, col 25 to line 187, col 104 of module black_channel_corrupted_acknowledgement: 3101
@!@!@ENDMSG 2221 @!@!@
@!@!@STARTMSG 2221:0 @!@!@
  line 188, col 25 to line 188, col 65 of module black_channel_corrupted_acknowledgement: 3101
@!@!@ENDMSG 2221 @!@!@
@!@!@STARTMSG 2221:0 @!@!@
  line 189, col 25 to line 194, col 69 of module black_channel_corrupted_acknowledgement: 3101
@!@!@ENDMSG 2221 @!@!@
@!@!@STARTMSG 2772:0 @!@!@
<AcknowledgeMessage line 196, col 1 to line 196, col 24 of module black_channel_corrupted_acknowledgement>: 183:311
@!@!@ENDMSG 2772 @!@!@
@!@!@STARTMSG 2221:0 @!@!@
  line 196, col 32 to line 196, col 62 of module black_channel_corrupted_acknowledgement: 11844
@!@!@ENDMSG 2221 @!@!@
@!@!@STARTMSG 2221:0 @!@!@
  |line 196, col 32 to line 196, col 39 of module black_channel_corrupted_acknowledgement: 11533
@!@!@ENDMSG 2221 @!@!@
@!@!@STARTMSG 2221:0 @!@!@
  line 197, col 32 to line 197, col 58 of module black_channel_corrupted_acknowledgement: 311
@!@!@ENDMSG 2221 @!@!@
@!@!@STARTMSG 2221:0 @!@!@
  |line 197, col 32 to line 197, col 54 of module black_channel_corrupted_acknowledgement: 358
@!@!@ENDMSG 2221 @!@!@
@!@!@STARTMSG 2221:0 @!@!@
  line 198, col 32 to line 198, col 118 of module black_channel_corrupted_acknowledgement: 311
@!@!@ENDMSG 2221 @!@!@
@!@!@STARTMSG 2221:0 @!@!@
  line 199, col 32 to line 199, col 78 of module black_channel_corrupted_acknowledgement: 311
@!@!@ENDMSG 2221 @!@!@
@!@!@STARTMSG 2221:0 @!@!@
  line 200, col 36 to line 200, col 93 of module black_channel_corrupted_acknowledgement: 311
@!@!@ENDMSG 2221 @!@!@
@!@!@STARTMSG 2221:0 @!@!@
  line 201, col 40 to line 202, col 123 of module black_channel_corrupted_acknowledgement: 311
@!@!@ENDMSG 2221 @!@!@
@!@!@STARTMSG 2221:0 @!@!@
  line 204, col 43 to line 205, col 78 of module black_channel_corrupted_acknowledgement: 0
@!@!@ENDMSG 2221 @!@!@
@!@!@STARTMSG 2221:0 @!@!@
  line 206, col 32 to line 206, col 72 of module black_channel_corrupted_acknowledgement: 311
@!@!@ENDMSG 2221 @!@!@
@!@!@STARTMSG 2221:0 @!@!@
  line 207, col 32 to line 211, col 59 of module black_channel_corrupted_acknowledgement: 311
@!@!@ENDMSG 2221 @!@!@
@!@!@STARTMSG 2772:0 @!@!@
<startReceiver line 216, col 1 to line 216, col 19 of module black_channel_corrupted_acknowledgement>: 2146:5852
@!@!@ENDMSG 2772 @!@!@
@!@!@STARTMSG 2221:0 @!@!@
  line 216, col 27 to line 216, col 52 of module black_channel_corrupted_acknowledgement: 16617
@!@!@ENDMSG 2221 @!@!@
@!@!@STARTMSG 2221:0 @!@!@
  |line 216, col 27 to line 216, col 34 of module black_channel_corrupted_acknowledgement: 11533
@!@!@ENDMSG 2221 @!@!@
@!@!@STARTMSG 2221:0 @!@!@
  line 217, col 33 to line 217, col 56 of module black_channel_corrupted_acknowledgement: 3998
@!@!@ENDMSG 2221 @!@!@
@!@!@STARTMSG 2221:0 @!@!@
  |line 217, col 33 to line 217, col 52 of module black_channel_corrupted_acknowledgement: 6852
@!@!@ENDMSG 2221 @!@!@
@!@!@STARTMSG 2221:0 @!@!@
  line 217, col 61 to line 217, col 106 of module black_channel_corrupted_acknowledgement: 3998
@!@!@ENDMSG 2221 @!@!@
@!@!@STARTMSG 2221:0 @!@!@
  line 218, col 33 to line 218, col 76 of module black_channel_corrupted_acknowledgement: 3998
@!@!@ENDMSG 2221 @!@!@
@!@!@STARTMSG 2221:0 @!@!@
  line 219, col 33 to line 219, col 60 of module black_channel_corrupted_acknowledgement: 8706
@!@!@ENDMSG 2221 @!@!@
@!@!@STARTMSG 2221:0 @!@!@
  |line 219, col 33 to line 219, col 53 of module black_channel_corrupted_acknowledgement: 6852
@!@!@ENDMSG 2221 @!@!@
@!@!@STARTMSG 2221:0 @!@!@
  |line 219, col 57 to line 219, col 60 of module black_channel_corrupted_acknowledgement: 6852
@!@!@ENDMSG 2221 @!@!@
@!@!@STARTMSG 2221:0 @!@!@
  line 220, col 33 to line 220, col 84 of module black_channel_corrupted_acknowledgement: 1854
@!@!@ENDMSG 2221 @!@!@
@!@!@STARTMSG 2221:0 @!@!@
  line 221, col 27 to line 227, col 71 of module black_channel_corrupted_acknowledgement: 5852
@!@!@ENDMSG 2221 @!@!@
@!@!@STARTMSG 2772:0 @!@!@
<ReceiveMessage line 229, col 1 to line 229, col 20 of module black_channel_corrupted_acknowledgement>: 1247:2868
@!@!@ENDMSG 2772 @!@!@
@!@!@STARTMSG 2221:0 @!@!@
  line 229, col 28 to line 229, col 54 of module black_channel_corrupted_acknowledgement: 14399
@!@!@ENDMSG 2221 @!@!@
@!@!@STARTMSG 2221:0 @!@!@
  |line 229, col 28 to line 229, col 35 of module black_channel_corrupted_acknowledgement: 11531
@!@!@ENDMSG 2221 @!@!@
@!@!@STARTMSG 2221:0 @!@!@
  line 230, col 28 to line 230, col 50 of module black_channel_corrupted_acknowledgement: 2868
@!@!@ENDMSG 2221 @!@!@
@!@!@STARTMSG 2221:0 @!@!@
  |line 230, col 28 to line 230, col 46 of module black_channel_corrupted_acknowledgement: 3439
@!@!@ENDMSG 2221 @!@!@
@!@!@STARTMSG 2221:0 @!@!@
  line 231, col 28 to line 231, col 102 of module black_channel_corrupted_acknowledgement: 2868
@!@!@ENDMSG 2221 @!@!@
@!@!@STARTMSG 2221:0 @!@!@
  line 232, col 28 to line 232, col 66 of module black_channel_corrupted_acknowledgement: 2868
@!@!@ENDMSG 2221 @!@!@
@!@!@STARTMSG 2221:0 @!@!@
  line 233, col 28 to line 233, col 70 of module black_channel_corrupted_acknowledgement: 2868
@!@!@ENDMSG 2221 @!@!@
@!@!@STARTMSG 2221:0 @!@!@
  line 234, col 28 to line 240, col 55 of module black_channel_corrupted_acknowledgement: 2868
@!@!@ENDMSG 2221 @!@!@
@!@!@STARTMSG 2772:0 @!@!@
<SendAcknowledgeMessage line 242, col 1 to line 242, col 28 of module black_channel_corrupted_acknowledgement>: 855:1242
@!@!@ENDMSG 2772 @!@!@
@!@!@STARTMSG 2221:0 @!@!@
  line 242, col 36 to line 242, col 70 of module black_channel_corrupted_acknowledgement: 12772
@!@!@ENDMSG 2221 @!@!@
@!@!@STARTMSG 2221:0 @!@!@
  |line 242, col 36 to line 242, col 43 of module black_channel_corrupted_acknowledgement: 11530
@!@!@ENDMSG 2221 @!@!@
@!@!@STARTMSG 2221:0 @!@!@
  line 243, col 36 to line 243, col 107 of module black_channel_corrupted_acknowledgement: 1242
@!@!@ENDMSG 2221 @!@!@
@!@!@STARTMSG 2221:0 @!@!@
  line 244, col 36 to line 244, col 93 of module black_channel_corrupted_acknowledgement: 1242
@!@!@ENDMSG 2221 @!@!@
@!@!@STARTMSG 2221:0 @!@!@
  line 245, col 36 to line 245, col 78 of module black_channel_corrupted_acknowledgement: 1242
@!@!@ENDMSG 2221 @!@!@
@!@!@STARTMSG 2221:0 @!@!@
  line 246, col 36 to line 253, col 76 of module black_channel_corrupted_acknowledgement: 1242
@!@!@ENDMSG 2221 @!@!@
@!@!@STARTMSG 2772:0 @!@!@
<startMessageCorrupter line 258, col 1 to line 258, col 27 of module black_channel_corrupted_acknowledgement>: 6272:7931
@!@!@ENDMSG 2772 @!@!@
@!@!@STARTMSG 2221:0 @!@!@
  line 258, col 35 to line 258, col 68 of module black_channel_corrupted_acknowledgement: 16464
@!@!@ENDMSG 2221 @!@!@
@!@!@STARTMSG 2221:0 @!@!@
  |line 258, col 35 to line 258, col 42 of module black_channel_corrupted_acknowledgement: 11529
@!@!@ENDMSG 2221 @!@!@
@!@!@STARTMSG 2221:0 @!@!@
  line 259, col 41 to line 259, col 64 of module black_channel_corrupted_acknowledgement: 2996
@!@!@ENDMSG 2221 @!@!@
@!@!@STARTMSG 2221:0 @!@!@
  |line 259, col 41 to line 259, col 60 of module black_channel_corrupted_acknowledgement: 4935
@!@!@ENDMSG 2221 @!@!@
@!@!@STARTMSG 2221:0 @!@!@
  line 260, col 41 to line 260, col 83 of module black_channel_corrupted_acknowledgement: 2996
@!@!@ENDMSG 2221 @!@!@
@!@!@STARTMSG 2221:0 @!@!@
  line 261, col 38 to line 261, col 91 of module black_channel_corrupted_acknowledgement: 4935
@!@!@ENDMSG 2221 @!@!@
@!@!@STARTMSG 2221:0 @!@!@
  line 262, col 35 to line 271, col 62 of module black_channel_corrupted_acknowledgement: 7931
@!@!@ENDMSG 2221 @!@!@
@!@!@STARTMSG 2772:0 @!@!@
<RemoveMessage line 273, col 1 to line 273, col 19 of module black_channel_corrupted_acknowledgement>: 1255:2953
@!@!@ENDMSG 2772 @!@!@
@!@!@STARTMSG 2221:0 @!@!@
  line 273, col 27 to line 273, col 52 of module black_channel_corrupted_acknowledgement: 14479
@!@!@ENDMSG 2221 @!@!@
@!@!@STARTMSG 2221:0 @!@!@
  |line 273, col 27 to line 273, col 34 of module black_channel_corrupted_acknowledgement: 11526
@!@!@ENDMSG 2221 @!@!@
@!@!@STARTMSG 2221:0 @!@!@
  line 274, col 27 to line 274, col 96 of module black_channel_corrupted_acknowledgement: 2953
@!@!@ENDMSG 2221 @!@!@
@!@!@STARTMSG 2221:0 @!@!@
  |line 274, col 45 to line 274, col 96 of module black_channel_corrupted_acknowledgement: 2953
@!@!@ENDMSG 2221 @!@!@
@!@!@STARTMSG 2775:0 @!@!@
  ||line 6, col 21 to line 10, col 37 of module black_channel_corrupted_acknowledgement: 2953:1067
@!@!@ENDMSG 2775 @!@!@
@!@!@STARTMSG 2221:0 @!@!@
  ||line 274, col 53 to line 274, col 79 of module black_channel_corrupted_acknowledgement: 871
@!@!@ENDMSG 2221 @!@!@
@!@!@STARTMSG 2221:0 @!@!@
  ||line 274, col 82 to line 274, col 95 of module black_channel_corrupted_acknowledgement: 2953
@!@!@ENDMSG 2221 @!@!@
@!@!@STARTMSG 2221:0 @!@!@
  line 275, col 27 to line 275, col 68 of module black_channel_corrupted_acknowledgement: 2953
@!@!@ENDMSG 2221 @!@!@
@!@!@STARTMSG 2221:0 @!@!@
  line 276, col 27 to line 276, col 77 of module black_channel_corrupted_acknowledgement: 2953
@!@!@ENDMSG 2221 @!@!@
@!@!@STARTMSG 2221:0 @!@!@
  line 277, col 27 to line 282, col 54 of module black_channel_corrupted_acknowledgement: 2953
@!@!@ENDMSG 2221 @!@!@
@!@!@STARTMSG 2772:0 @!@!@
<RemoveAcknowledgement line 284, col 1 to line 284, col 27 of module black_channel_corrupted_acknowledgement>: 1561:2181
@!@!@ENDMSG 2772 @!@!@
@!@!@STARTMSG 2221:0 @!@!@
  line 284, col 35 to line 284, col 68 of module black_channel_corrupted_acknowledgement: 13706
@!@!@ENDMSG 2221 @!@!@
@!@!@STARTMSG 2221:0 @!@!@
  |line 284, col 35 to line 284, col 42 of module black_channel_corrupted_acknowledgement: 11525
@!@!@ENDMSG 2221 @!@!@
@!@!@STARTMSG 2221:0 @!@!@
  line 285, col 35 to line 285, col 58 of module black_channel_corrupted_acknowledgement: 2181
@!@!@ENDMSG 2221 @!@!@
@!@!@STARTMSG 2221:0 @!@!@
  |line 285, col 35 to line 285, col 54 of module black_channel_corrupted_acknowledgement: 3641
@!@!@ENDMSG 2221 @!@!@
@!@!@STARTMSG 2221:0 @!@!@
  line 286, col 35 to line 286, col 116 of module black_channel_corrupted_acknowledgement: 2181
@!@!@ENDMSG 2221 @!@!@
@!@!@STARTMSG 2221:0 @!@!@
  line 287, col 35 to line 287, col 76 of module black_channel_corrupted_acknowledgement: 2181
@!@!@ENDMSG 2221 @!@!@
@!@!@STARTMSG 2221:0 @!@!@
  line 288, col 35 to line 288, col 85 of module black_channel_corrupted_acknowledgement: 2181
@!@!@ENDMSG 2221 @!@!@
@!@!@STARTMSG 2221:0 @!@!@
  line 289, col 35 to line 296, col 62 of module black_channel_corrupted_acknowledgement: 2181
@!@!@ENDMSG 2221 @!@!@
@!@!@STARTMSG 2774:0 @!@!@
<Action line 128, col 48 to line 128, col 145 of module black_channel_corrupted_acknowledgement>
@!@!@ENDMSG 2774 @!@!@
@!@!@STARTMSG 2221:0 @!@!@
  line 128, col 48 to line 128, col 145 of module black_channel_corrupted_acknowledgement: 17671
@!@!@ENDMSG 2221 @!@!@
@!@!@STARTMSG 2221:0 @!@!@
  |line 128, col 89 to line 128, col 145 of module black_channel_corrupted_acknowledgement: 754
@!@!@ENDMSG 2221 @!@!@
@!@!@STARTMSG 2221:0 @!@!@
  |line 128, col 57 to line 128, col 85 of module black_channel_corrupted_acknowledgement: 17671
@!@!@ENDMSG 2221 @!@!@
@!@!@STARTMSG 2202:0 @!@!@
End of statistics.
@!@!@ENDMSG 2202 @!@!@
@!@!@STARTMSG 2200:0 @!@!@
Progress(18) at 2022-03-24 20:12:36: 42.582 states generated (943.471 s/min), 15.636 distinct states found (346.440 ds/min), 4.112 states left on queue.
@!@!@ENDMSG 2200 @!@!@
@!@!@STARTMSG 2199:0 @!@!@
42582 states generated, 15636 distinct states found, 4112 states left on queue.
@!@!@ENDMSG 2199 @!@!@
@!@!@STARTMSG 2194:0 @!@!@
The depth of the complete state graph search is 18.
@!@!@ENDMSG 2194 @!@!@
@!@!@STARTMSG 2268:0 @!@!@
The average outdegree of the complete state graph is 1 (minimum is 0, the maximum 6 and the 95th percentile is 3).
@!@!@ENDMSG 2268 @!@!@
@!@!@STARTMSG 2186:0 @!@!@
Finished in 2728ms at (2022-03-24 20:12:36)
@!@!@ENDMSG 2186 @!@!@
