@!@!@STARTMSG 2262:0 @!@!@
TLC2 Version 2.16 of 31 December 2020 (rev: cdddf55)
@!@!@ENDMSG 2262 @!@!@
@!@!@STARTMSG 2187:0 @!@!@
Running breadth-first search Model-Checking with fp 71 and seed 5035802871974475291 with 5 workers on 10 cores with 2428MB heap and 5460MB offheap memory [pid: 1142] (Mac OS X 10.16 x86_64, AdoptOpenJDK 14.0.1 x86_64, OffHeapDiskFPSet, DiskStateQueue).
@!@!@ENDMSG 2187 @!@!@
@!@!@STARTMSG 2220:0 @!@!@
Starting SANY...
@!@!@ENDMSG 2220 @!@!@
Parsing file /Users/dirk-janswagerman/Projects/TLA+/tlaplus/9_returning_exchange.toolbox/Model_1/MC.tla
Parsing file /Users/dirk-janswagerman/Projects/TLA+/tlaplus/9_returning_exchange.toolbox/Model_1/9_returning_exchange.tla
Parsing file /private/var/folders/sy/rhv1w43j3bscfpls8nxgbl1m0000gn/T/AppTranslocation/0289B094-3A8E-4919-B936-A54271B0D606/d/TLA+ Toolbox.app/Contents/Eclipse/plugins/org.lamport.tlatools_1.0.0.202012311918/tla2sany/StandardModules/TLC.tla
Parsing file /private/var/folders/sy/rhv1w43j3bscfpls8nxgbl1m0000gn/T/AppTranslocation/0289B094-3A8E-4919-B936-A54271B0D606/d/TLA+ Toolbox.app/Contents/Eclipse/plugins/org.lamport.tlatools_1.0.0.202012311918/tla2sany/StandardModules/Naturals.tla
Parsing file /private/var/folders/sy/rhv1w43j3bscfpls8nxgbl1m0000gn/T/AppTranslocation/0289B094-3A8E-4919-B936-A54271B0D606/d/TLA+ Toolbox.app/Contents/Eclipse/plugins/org.lamport.tlatools_1.0.0.202012311918/tla2sany/StandardModules/Sequences.tla
Parsing file /private/var/folders/sy/rhv1w43j3bscfpls8nxgbl1m0000gn/T/AppTranslocation/0289B094-3A8E-4919-B936-A54271B0D606/d/TLA+ Toolbox.app/Contents/Eclipse/plugins/org.lamport.tlatools_1.0.0.202012311918/tla2sany/StandardModules/FiniteSets.tla
Semantic processing of module Naturals
Semantic processing of module Sequences
Semantic processing of module FiniteSets
Semantic processing of module TLC
Semantic processing of module 9_returning_exchange
Semantic processing of module MC
@!@!@STARTMSG 2219:0 @!@!@
SANY finished.
@!@!@ENDMSG 2219 @!@!@
@!@!@STARTMSG 2185:0 @!@!@
Starting... (2022-05-17 14:22:39)
@!@!@ENDMSG 2185 @!@!@
@!@!@STARTMSG 2189:0 @!@!@
Computing initial states...
@!@!@ENDMSG 2189 @!@!@
@!@!@STARTMSG 2190:0 @!@!@
Finished computing initial states: 1 distinct state generated at 2022-05-17 14:22:40.
@!@!@ENDMSG 2190 @!@!@
@!@!@STARTMSG 2200:0 @!@!@
Progress(45) at 2022-05-17 14:22:43: 43.379 states generated (43.379 s/min), 15.476 distinct states found (15.476 ds/min), 1.013 states left on queue.
@!@!@ENDMSG 2200 @!@!@
