@!@!@STARTMSG 2262:0 @!@!@
TLC2 Version 2.16 of 31 December 2020 (rev: cdddf55)
@!@!@ENDMSG 2262 @!@!@
@!@!@STARTMSG 2187:0 @!@!@
Running breadth-first search Model-Checking with fp 1 and seed 6921454097009110975 with 5 workers on 10 cores with 2428MB heap and 5460MB offheap memory [pid: 85295] (Mac OS X 10.16 x86_64, AdoptOpenJDK 14.0.1 x86_64, OffHeapDiskFPSet, DiskStateQueue).
@!@!@ENDMSG 2187 @!@!@
@!@!@STARTMSG 2220:0 @!@!@
Starting SANY...
@!@!@ENDMSG 2220 @!@!@
Parsing file /Users/dirk-janswagerman/.tlaplus/tlaplus/protocols/black_channel_corrupted_acknowledgement.toolbox/Model_1/MC.tla
Parsing file /Users/dirk-janswagerman/.tlaplus/tlaplus/protocols/black_channel_corrupted_acknowledgement.toolbox/Model_1/black_channel_corrupted_acknowledgement.tla
Parsing file /private/var/folders/sy/rhv1w43j3bscfpls8nxgbl1m0000gn/T/AppTranslocation/B51B7C6A-254C-4B0B-931B-A41F6CB0774B/d/TLA+ Toolbox.app/Contents/Eclipse/plugins/org.lamport.tlatools_1.0.0.202012311918/tla2sany/StandardModules/TLC.tla
Parsing file /private/var/folders/sy/rhv1w43j3bscfpls8nxgbl1m0000gn/T/AppTranslocation/B51B7C6A-254C-4B0B-931B-A41F6CB0774B/d/TLA+ Toolbox.app/Contents/Eclipse/plugins/org.lamport.tlatools_1.0.0.202012311918/tla2sany/StandardModules/Integers.tla
Parsing file /private/var/folders/sy/rhv1w43j3bscfpls8nxgbl1m0000gn/T/AppTranslocation/B51B7C6A-254C-4B0B-931B-A41F6CB0774B/d/TLA+ Toolbox.app/Contents/Eclipse/plugins/org.lamport.tlatools_1.0.0.202012311918/tla2sany/StandardModules/Naturals.tla
Parsing file /private/var/folders/sy/rhv1w43j3bscfpls8nxgbl1m0000gn/T/AppTranslocation/B51B7C6A-254C-4B0B-931B-A41F6CB0774B/d/TLA+ Toolbox.app/Contents/Eclipse/plugins/org.lamport.tlatools_1.0.0.202012311918/tla2sany/StandardModules/Sequences.tla
Parsing file /private/var/folders/sy/rhv1w43j3bscfpls8nxgbl1m0000gn/T/AppTranslocation/B51B7C6A-254C-4B0B-931B-A41F6CB0774B/d/TLA+ Toolbox.app/Contents/Eclipse/plugins/org.lamport.tlatools_1.0.0.202012311918/tla2sany/StandardModules/FiniteSets.tla
Semantic processing of module Naturals
Semantic processing of module Integers
Semantic processing of module Sequences
Semantic processing of module FiniteSets
Semantic processing of module TLC
Semantic processing of module black_channel_corrupted_acknowledgement
Semantic processing of module MC
@!@!@STARTMSG 2219:0 @!@!@
SANY finished.
@!@!@ENDMSG 2219 @!@!@
@!@!@STARTMSG 2185:0 @!@!@
Starting... (2022-03-24 20:02:13)
@!@!@ENDMSG 2185 @!@!@
@!@!@STARTMSG 2189:0 @!@!@
Computing initial states...
@!@!@ENDMSG 2189 @!@!@
@!@!@STARTMSG 2190:0 @!@!@
Finished computing initial states: 1 distinct state generated at 2022-03-24 20:02:14.
@!@!@ENDMSG 2190 @!@!@
@!@!@STARTMSG 2114:1 @!@!@
Deadlock reached.
@!@!@ENDMSG 2114 @!@!@
@!@!@STARTMSG 2121:1 @!@!@
The behavior up to this point is:
@!@!@ENDMSG 2121 @!@!@
@!@!@STARTMSG 2217:4 @!@!@
1: <Initial predicate>
/\ createMessageCounter = 0
/\ corruptionCounter = 0
/\ pc = [MC |-> "startMessageCorrupter", S |-> "startSender", R |-> "startReceiver"]
/\ sendMessage = [S |-> <<>>]
/\ receivedMessage = [R |-> <<>>]
/\ randomNumber = [MC |-> defaultInitValue]
/\ currentMessageCounter = 1
/\ acknowledgedMessage = [S |-> <<>>]
/\ acknowledgedMessages = <<>>
/\ acknowledgeChannel = <<>>
/\ sendMessages = <<>>
/\ message = [counter |-> 0, content |-> <<>>, checksum |-> 0]
/\ messageChannel = <<>>

@!@!@ENDMSG 2217 @!@!@
@!@!@STARTMSG 2217:4 @!@!@
2: <startMessageCorrupter line 236, col 32 to line 249, col 62 of module black_channel_corrupted_acknowledgement>
/\ createMessageCounter = 0
/\ corruptionCounter = 0
/\ pc = [MC |-> "RemoveAcknowledgement", S |-> "startSender", R |-> "startReceiver"]
/\ sendMessage = [S |-> <<>>]
/\ receivedMessage = [R |-> <<>>]
/\ randomNumber = [MC |-> defaultInitValue]
/\ currentMessageCounter = 1
/\ acknowledgedMessage = [S |-> <<>>]
/\ acknowledgedMessages = <<>>
/\ acknowledgeChannel = <<>>
/\ sendMessages = <<>>
/\ message = [counter |-> 0, content |-> <<>>, checksum |-> 0]
/\ messageChannel = <<>>

@!@!@ENDMSG 2217 @!@!@
@!@!@STARTMSG 2217:4 @!@!@
3: <startSender line 153, col 22 to line 165, col 52 of module black_channel_corrupted_acknowledgement>
/\ createMessageCounter = 0
/\ corruptionCounter = 0
/\ pc = [MC |-> "RemoveAcknowledgement", S |-> "CreateMessage", R |-> "startReceiver"]
/\ sendMessage = [S |-> <<>>]
/\ receivedMessage = [R |-> <<>>]
/\ randomNumber = [MC |-> defaultInitValue]
/\ currentMessageCounter = 1
/\ acknowledgedMessage = [S |-> <<>>]
/\ acknowledgedMessages = <<>>
/\ acknowledgeChannel = <<>>
/\ sendMessages = <<>>
/\ message = [counter |-> 0, content |-> <<>>, checksum |-> 0]
/\ messageChannel = <<>>

@!@!@ENDMSG 2217 @!@!@
@!@!@STARTMSG 2217:4 @!@!@
4: <CreateMessage line 167, col 24 to line 178, col 71 of module black_channel_corrupted_acknowledgement>
/\ createMessageCounter = 1
/\ corruptionCounter = 0
/\ pc = [MC |-> "RemoveAcknowledgement", S |-> "startSender", R |-> "startReceiver"]
/\ sendMessage = [S |-> <<>>]
/\ receivedMessage = [R |-> <<>>]
/\ randomNumber = [MC |-> defaultInitValue]
/\ currentMessageCounter = 1
/\ acknowledgedMessage = [S |-> <<>>]
/\ acknowledgedMessages = <<>>
/\ acknowledgeChannel = <<>>
/\ sendMessages = <<[counter |-> 1, content |-> "a", checksum |-> 0]>>
/\ message = [counter |-> 1, content |-> "a", checksum |-> 0]
/\ messageChannel = <<>>

@!@!@ENDMSG 2217 @!@!@
@!@!@STARTMSG 2217:4 @!@!@
5: <startSender line 153, col 22 to line 165, col 52 of module black_channel_corrupted_acknowledgement>
/\ createMessageCounter = 1
/\ corruptionCounter = 0
/\ pc = [MC |-> "RemoveAcknowledgement", S |-> "SendMessage", R |-> "startReceiver"]
/\ sendMessage = [S |-> <<>>]
/\ receivedMessage = [R |-> <<>>]
/\ randomNumber = [MC |-> defaultInitValue]
/\ currentMessageCounter = 1
/\ acknowledgedMessage = [S |-> <<>>]
/\ acknowledgedMessages = <<>>
/\ acknowledgeChannel = <<>>
/\ sendMessages = <<[counter |-> 1, content |-> "a", checksum |-> 0]>>
/\ message = [counter |-> 1, content |-> "a", checksum |-> 0]
/\ messageChannel = <<>>

@!@!@ENDMSG 2217 @!@!@
@!@!@STARTMSG 2217:4 @!@!@
6: <SendMessage line 180, col 22 to line 188, col 69 of module black_channel_corrupted_acknowledgement>
/\ createMessageCounter = 1
/\ corruptionCounter = 0
/\ pc = [MC |-> "RemoveAcknowledgement", S |-> "startSender", R |-> "startReceiver"]
/\ sendMessage = [S |-> <<>>]
/\ receivedMessage = [R |-> <<>>]
/\ randomNumber = [MC |-> defaultInitValue]
/\ currentMessageCounter = 1
/\ acknowledgedMessage = [S |-> <<>>]
/\ acknowledgedMessages = <<>>
/\ acknowledgeChannel = <<>>
/\ sendMessages = <<[counter |-> 1, content |-> "a", checksum |-> 0]>>
/\ message = [counter |-> 1, content |-> "a", checksum |-> 0]
/\ messageChannel = <<[counter |-> 1, content |-> "a", checksum |-> 0]>>

@!@!@ENDMSG 2217 @!@!@
@!@!@STARTMSG 2217:4 @!@!@
7: <startSender line 153, col 22 to line 165, col 52 of module black_channel_corrupted_acknowledgement>
/\ createMessageCounter = 1
/\ corruptionCounter = 0
/\ pc = [MC |-> "RemoveAcknowledgement", S |-> "SendMessage", R |-> "startReceiver"]
/\ sendMessage = [S |-> <<>>]
/\ receivedMessage = [R |-> <<>>]
/\ randomNumber = [MC |-> defaultInitValue]
/\ currentMessageCounter = 1
/\ acknowledgedMessage = [S |-> <<>>]
/\ acknowledgedMessages = <<>>
/\ acknowledgeChannel = <<>>
/\ sendMessages = <<[counter |-> 1, content |-> "a", checksum |-> 0]>>
/\ message = [counter |-> 1, content |-> "a", checksum |-> 0]
/\ messageChannel = <<[counter |-> 1, content |-> "a", checksum |-> 0]>>

@!@!@ENDMSG 2217 @!@!@
@!@!@STARTMSG 2217:4 @!@!@
8: <startReceiver line 210, col 24 to line 219, col 71 of module black_channel_corrupted_acknowledgement>
/\ createMessageCounter = 1
/\ corruptionCounter = 0
/\ pc = [MC |-> "RemoveAcknowledgement", S |-> "SendMessage", R |-> "ReceiveMessage"]
/\ sendMessage = [S |-> <<>>]
/\ receivedMessage = [R |-> <<>>]
/\ randomNumber = [MC |-> defaultInitValue]
/\ currentMessageCounter = 1
/\ acknowledgedMessage = [S |-> <<>>]
/\ acknowledgedMessages = <<>>
/\ acknowledgeChannel = <<>>
/\ sendMessages = <<[counter |-> 1, content |-> "a", checksum |-> 0]>>
/\ message = [counter |-> 1, content |-> "a", checksum |-> 0]
/\ messageChannel = <<[counter |-> 1, content |-> "a", checksum |-> 0]>>

@!@!@ENDMSG 2217 @!@!@
@!@!@STARTMSG 2217:4 @!@!@
9: <SendMessage line 180, col 22 to line 188, col 69 of module black_channel_corrupted_acknowledgement>
/\ createMessageCounter = 1
/\ corruptionCounter = 0
/\ pc = [MC |-> "RemoveAcknowledgement", S |-> "startSender", R |-> "ReceiveMessage"]
/\ sendMessage = [S |-> <<>>]
/\ receivedMessage = [R |-> <<>>]
/\ randomNumber = [MC |-> defaultInitValue]
/\ currentMessageCounter = 1
/\ acknowledgedMessage = [S |-> <<>>]
/\ acknowledgedMessages = <<>>
/\ acknowledgeChannel = <<>>
/\ sendMessages = <<[counter |-> 1, content |-> "a", checksum |-> 0]>>
/\ message = [counter |-> 1, content |-> "a", checksum |-> 0]
/\ messageChannel = << [counter |-> 1, content |-> "a", checksum |-> 0],
   [counter |-> 1, content |-> "a", checksum |-> 0] >>

@!@!@ENDMSG 2217 @!@!@
@!@!@STARTMSG 2217:4 @!@!@
10: <ReceiveMessage line 221, col 25 to line 232, col 55 of module black_channel_corrupted_acknowledgement>
/\ createMessageCounter = 1
/\ corruptionCounter = 0
/\ pc = [MC |-> "RemoveAcknowledgement", S |-> "startSender", R |-> "startReceiver"]
/\ sendMessage = [S |-> <<>>]
/\ receivedMessage = [R |-> [counter |-> 1, content |-> "a", checksum |-> 0]]
/\ randomNumber = [MC |-> defaultInitValue]
/\ currentMessageCounter = 1
/\ acknowledgedMessage = [S |-> <<>>]
/\ acknowledgedMessages = <<>>
/\ acknowledgeChannel = <<[counter |-> 1, content |-> "a", checksum |-> 0]>>
/\ sendMessages = <<[counter |-> 1, content |-> "a", checksum |-> 0]>>
/\ message = [counter |-> 1, content |-> "a", checksum |-> 0]
/\ messageChannel = <<[counter |-> 1, content |-> "a", checksum |-> 0]>>

@!@!@ENDMSG 2217 @!@!@
@!@!@STARTMSG 2217:4 @!@!@
11: <startSender line 153, col 22 to line 165, col 52 of module black_channel_corrupted_acknowledgement>
/\ createMessageCounter = 1
/\ corruptionCounter = 0
/\ pc = [ MC |-> "RemoveAcknowledgement",
  S |-> "AcknowledgeMessage",
  R |-> "startReceiver" ]
/\ sendMessage = [S |-> <<>>]
/\ receivedMessage = [R |-> [counter |-> 1, content |-> "a", checksum |-> 0]]
/\ randomNumber = [MC |-> defaultInitValue]
/\ currentMessageCounter = 1
/\ acknowledgedMessage = [S |-> <<>>]
/\ acknowledgedMessages = <<>>
/\ acknowledgeChannel = <<[counter |-> 1, content |-> "a", checksum |-> 0]>>
/\ sendMessages = <<[counter |-> 1, content |-> "a", checksum |-> 0]>>
/\ message = [counter |-> 1, content |-> "a", checksum |-> 0]
/\ messageChannel = <<[counter |-> 1, content |-> "a", checksum |-> 0]>>

@!@!@ENDMSG 2217 @!@!@
@!@!@STARTMSG 2217:4 @!@!@
12: <RemoveAcknowledgement line 262, col 32 to line 274, col 62 of module black_channel_corrupted_acknowledgement>
/\ createMessageCounter = 1
/\ corruptionCounter = 1
/\ pc = [ MC |-> "startMessageCorrupter",
  S |-> "AcknowledgeMessage",
  R |-> "startReceiver" ]
/\ sendMessage = [S |-> <<>>]
/\ receivedMessage = [R |-> [counter |-> 1, content |-> "a", checksum |-> 0]]
/\ randomNumber = [MC |-> defaultInitValue]
/\ currentMessageCounter = 1
/\ acknowledgedMessage = [S |-> <<>>]
/\ acknowledgedMessages = <<>>
/\ acknowledgeChannel = << >>
/\ sendMessages = <<[counter |-> 1, content |-> "a", checksum |-> 0]>>
/\ message = [counter |-> 1, content |-> "a", checksum |-> 0]
/\ messageChannel = <<[counter |-> 1, content |-> "a", checksum |-> 0]>>

@!@!@ENDMSG 2217 @!@!@
@!@!@STARTMSG 2217:4 @!@!@
13: <startMessageCorrupter line 236, col 32 to line 249, col 62 of module black_channel_corrupted_acknowledgement>
/\ createMessageCounter = 1
/\ corruptionCounter = 1
/\ pc = [MC |-> "RemoveMessage", S |-> "AcknowledgeMessage", R |-> "startReceiver"]
/\ sendMessage = [S |-> <<>>]
/\ receivedMessage = [R |-> [counter |-> 1, content |-> "a", checksum |-> 0]]
/\ randomNumber = [MC |-> defaultInitValue]
/\ currentMessageCounter = 1
/\ acknowledgedMessage = [S |-> <<>>]
/\ acknowledgedMessages = <<>>
/\ acknowledgeChannel = << >>
/\ sendMessages = <<[counter |-> 1, content |-> "a", checksum |-> 0]>>
/\ message = [counter |-> 1, content |-> "a", checksum |-> 0]
/\ messageChannel = <<[counter |-> 1, content |-> "a", checksum |-> 0]>>

@!@!@ENDMSG 2217 @!@!@
@!@!@STARTMSG 2217:4 @!@!@
14: <RemoveMessage line 251, col 24 to line 260, col 54 of module black_channel_corrupted_acknowledgement>
/\ createMessageCounter = 1
/\ corruptionCounter = 2
/\ pc = [ MC |-> "startMessageCorrupter",
  S |-> "AcknowledgeMessage",
  R |-> "startReceiver" ]
/\ sendMessage = [S |-> <<>>]
/\ receivedMessage = [R |-> [counter |-> 1, content |-> "a", checksum |-> 0]]
/\ randomNumber = [MC |-> defaultInitValue]
/\ currentMessageCounter = 1
/\ acknowledgedMessage = [S |-> <<>>]
/\ acknowledgedMessages = <<>>
/\ acknowledgeChannel = << >>
/\ sendMessages = <<[counter |-> 1, content |-> "a", checksum |-> 0]>>
/\ message = [counter |-> 1, content |-> "a", checksum |-> 0]
/\ messageChannel = << >>

@!@!@ENDMSG 2217 @!@!@
@!@!@STARTMSG 2217:4 @!@!@
15: <startMessageCorrupter line 236, col 32 to line 249, col 62 of module black_channel_corrupted_acknowledgement>
/\ createMessageCounter = 1
/\ corruptionCounter = 2
/\ pc = [ MC |-> "RemoveAcknowledgement",
  S |-> "AcknowledgeMessage",
  R |-> "startReceiver" ]
/\ sendMessage = [S |-> <<>>]
/\ receivedMessage = [R |-> [counter |-> 1, content |-> "a", checksum |-> 0]]
/\ randomNumber = [MC |-> defaultInitValue]
/\ currentMessageCounter = 1
/\ acknowledgedMessage = [S |-> <<>>]
/\ acknowledgedMessages = <<>>
/\ acknowledgeChannel = << >>
/\ sendMessages = <<[counter |-> 1, content |-> "a", checksum |-> 0]>>
/\ message = [counter |-> 1, content |-> "a", checksum |-> 0]
/\ messageChannel = << >>

@!@!@ENDMSG 2217 @!@!@
@!@!@STARTMSG 2201:0 @!@!@
The coverage statistics at 2022-03-24 20:02:15
@!@!@ENDMSG 2201 @!@!@
@!@!@STARTMSG 2773:0 @!@!@
<Init line 133, col 1 to line 133, col 4 of module black_channel_corrupted_acknowledgement>: 2:2
@!@!@ENDMSG 2773 @!@!@
@!@!@STARTMSG 2221:0 @!@!@
  line 134, col 9 to line 151, col 86 of module black_channel_corrupted_acknowledgement: 2
@!@!@ENDMSG 2221 @!@!@
@!@!@STARTMSG 2772:0 @!@!@
<startSender line 153, col 1 to line 153, col 17 of module black_channel_corrupted_acknowledgement>: 1747:4741
@!@!@ENDMSG 2772 @!@!@
@!@!@STARTMSG 2221:0 @!@!@
  line 153, col 25 to line 153, col 48 of module black_channel_corrupted_acknowledgement: 7780
@!@!@ENDMSG 2221 @!@!@
@!@!@STARTMSG 2221:0 @!@!@
  |line 153, col 25 to line 153, col 32 of module black_channel_corrupted_acknowledgement: 5531
@!@!@ENDMSG 2221 @!@!@
@!@!@STARTMSG 2221:0 @!@!@
  line 154, col 28 to line 154, col 73 of module black_channel_corrupted_acknowledgement: 2249
@!@!@ENDMSG 2221 @!@!@
@!@!@STARTMSG 2221:0 @!@!@
  line 155, col 31 to line 155, col 72 of module black_channel_corrupted_acknowledgement: 2017
@!@!@ENDMSG 2221 @!@!@
@!@!@STARTMSG 2221:0 @!@!@
  |line 155, col 31 to line 155, col 50 of module black_channel_corrupted_acknowledgement: 2249
@!@!@ENDMSG 2221 @!@!@
@!@!@STARTMSG 2221:0 @!@!@
  |line 155, col 54 to line 155, col 72 of module black_channel_corrupted_acknowledgement: 2249
@!@!@ENDMSG 2221 @!@!@
@!@!@STARTMSG 2221:0 @!@!@
  line 155, col 77 to line 155, col 119 of module black_channel_corrupted_acknowledgement: 2017
@!@!@ENDMSG 2221 @!@!@
@!@!@STARTMSG 2221:0 @!@!@
  |line 155, col 77 to line 155, col 97 of module black_channel_corrupted_acknowledgement: 2087
@!@!@ENDMSG 2221 @!@!@
@!@!@STARTMSG 2221:0 @!@!@
  |line 155, col 102 to line 155, col 119 of module black_channel_corrupted_acknowledgement: 2087
@!@!@ENDMSG 2221 @!@!@
@!@!@STARTMSG 2221:0 @!@!@
  line 156, col 31 to line 156, col 71 of module black_channel_corrupted_acknowledgement: 2017
@!@!@ENDMSG 2221 @!@!@
@!@!@STARTMSG 2221:0 @!@!@
  line 157, col 31 to line 157, col 58 of module black_channel_corrupted_acknowledgement: 475
@!@!@ENDMSG 2221 @!@!@
@!@!@STARTMSG 2221:0 @!@!@
  |line 157, col 31 to line 157, col 54 of module black_channel_corrupted_acknowledgement: 2249
@!@!@ENDMSG 2221 @!@!@
@!@!@STARTMSG 2221:0 @!@!@
  line 158, col 31 to line 158, col 78 of module black_channel_corrupted_acknowledgement: 475
@!@!@ENDMSG 2221 @!@!@
@!@!@STARTMSG 2221:0 @!@!@
  line 159, col 25 to line 165, col 52 of module black_channel_corrupted_acknowledgement: 4741
@!@!@ENDMSG 2221 @!@!@
@!@!@STARTMSG 2772:0 @!@!@
<CreateMessage line 167, col 1 to line 167, col 19 of module black_channel_corrupted_acknowledgement>: 341:3068
@!@!@ENDMSG 2772 @!@!@
@!@!@STARTMSG 2221:0 @!@!@
  line 167, col 27 to line 167, col 52 of module black_channel_corrupted_acknowledgement: 7061
@!@!@ENDMSG 2221 @!@!@
@!@!@STARTMSG 2221:0 @!@!@
  |line 167, col 27 to line 167, col 34 of module black_channel_corrupted_acknowledgement: 5527
@!@!@ENDMSG 2221 @!@!@
@!@!@STARTMSG 2221:0 @!@!@
  line 168, col 27 to line 168, col 74 of module black_channel_corrupted_acknowledgement: 1534
@!@!@ENDMSG 2221 @!@!@
@!@!@STARTMSG 2221:0 @!@!@
  line 170, col 29 to line 172, col 78 of module black_channel_corrupted_acknowledgement: 3068
@!@!@ENDMSG 2221 @!@!@
@!@!@STARTMSG 2221:0 @!@!@
  line 169, col 36 to line 169, col 38 of module black_channel_corrupted_acknowledgement: 1534
@!@!@ENDMSG 2221 @!@!@
@!@!@STARTMSG 2221:0 @!@!@
  line 173, col 27 to line 173, col 67 of module black_channel_corrupted_acknowledgement: 3068
@!@!@ENDMSG 2221 @!@!@
@!@!@STARTMSG 2221:0 @!@!@
  line 174, col 27 to line 178, col 71 of module black_channel_corrupted_acknowledgement: 3068
@!@!@ENDMSG 2221 @!@!@
@!@!@STARTMSG 2772:0 @!@!@
<SendMessage line 180, col 1 to line 180, col 17 of module black_channel_corrupted_acknowledgement>: 393:1392
@!@!@ENDMSG 2772 @!@!@
@!@!@STARTMSG 2221:0 @!@!@
  line 180, col 25 to line 180, col 48 of module black_channel_corrupted_acknowledgement: 6918
@!@!@ENDMSG 2221 @!@!@
@!@!@STARTMSG 2221:0 @!@!@
  |line 180, col 25 to line 180, col 32 of module black_channel_corrupted_acknowledgement: 5526
@!@!@ENDMSG 2221 @!@!@
@!@!@STARTMSG 2221:0 @!@!@
  line 181, col 25 to line 181, col 104 of module black_channel_corrupted_acknowledgement: 1392
@!@!@ENDMSG 2221 @!@!@
@!@!@STARTMSG 2221:0 @!@!@
  line 182, col 25 to line 182, col 65 of module black_channel_corrupted_acknowledgement: 1392
@!@!@ENDMSG 2221 @!@!@
@!@!@STARTMSG 2221:0 @!@!@
  line 183, col 25 to line 188, col 69 of module black_channel_corrupted_acknowledgement: 1392
@!@!@ENDMSG 2221 @!@!@
@!@!@STARTMSG 2772:0 @!@!@
<AcknowledgeMessage line 190, col 1 to line 190, col 24 of module black_channel_corrupted_acknowledgement>: 211:302
@!@!@ENDMSG 2772 @!@!@
@!@!@STARTMSG 2221:0 @!@!@
  line 190, col 32 to line 190, col 62 of module black_channel_corrupted_acknowledgement: 5826
@!@!@ENDMSG 2221 @!@!@
@!@!@STARTMSG 2221:0 @!@!@
  |line 190, col 32 to line 190, col 39 of module black_channel_corrupted_acknowledgement: 5524
@!@!@ENDMSG 2221 @!@!@
@!@!@STARTMSG 2221:0 @!@!@
  line 191, col 32 to line 191, col 58 of module black_channel_corrupted_acknowledgement: 302
@!@!@ENDMSG 2221 @!@!@
@!@!@STARTMSG 2221:0 @!@!@
  |line 191, col 32 to line 191, col 54 of module black_channel_corrupted_acknowledgement: 356
@!@!@ENDMSG 2221 @!@!@
@!@!@STARTMSG 2221:0 @!@!@
  line 192, col 32 to line 192, col 118 of module black_channel_corrupted_acknowledgement: 302
@!@!@ENDMSG 2221 @!@!@
@!@!@STARTMSG 2221:0 @!@!@
  line 193, col 32 to line 193, col 78 of module black_channel_corrupted_acknowledgement: 302
@!@!@ENDMSG 2221 @!@!@
@!@!@STARTMSG 2221:0 @!@!@
  line 194, col 36 to line 194, col 93 of module black_channel_corrupted_acknowledgement: 302
@!@!@ENDMSG 2221 @!@!@
@!@!@STARTMSG 2221:0 @!@!@
  line 195, col 40 to line 196, col 123 of module black_channel_corrupted_acknowledgement: 298
@!@!@ENDMSG 2221 @!@!@
@!@!@STARTMSG 2221:0 @!@!@
  line 197, col 43 to line 197, col 46 of module black_channel_corrupted_acknowledgement: 4
@!@!@ENDMSG 2221 @!@!@
@!@!@STARTMSG 2221:0 @!@!@
  line 198, col 43 to line 199, col 78 of module black_channel_corrupted_acknowledgement: 4
@!@!@ENDMSG 2221 @!@!@
@!@!@STARTMSG 2221:0 @!@!@
  line 200, col 32 to line 200, col 72 of module black_channel_corrupted_acknowledgement: 302
@!@!@ENDMSG 2221 @!@!@
@!@!@STARTMSG 2221:0 @!@!@
  line 201, col 32 to line 205, col 59 of module black_channel_corrupted_acknowledgement: 302
@!@!@ENDMSG 2221 @!@!@
@!@!@STARTMSG 2772:0 @!@!@
<startReceiver line 210, col 1 to line 210, col 19 of module black_channel_corrupted_acknowledgement>: 991:2276
@!@!@ENDMSG 2772 @!@!@
@!@!@STARTMSG 2221:0 @!@!@
  line 210, col 27 to line 210, col 52 of module black_channel_corrupted_acknowledgement: 7800
@!@!@ENDMSG 2221 @!@!@
@!@!@STARTMSG 2221:0 @!@!@
  |line 210, col 27 to line 210, col 34 of module black_channel_corrupted_acknowledgement: 5524
@!@!@ENDMSG 2221 @!@!@
@!@!@STARTMSG 2221:0 @!@!@
  line 211, col 27 to line 211, col 50 of module black_channel_corrupted_acknowledgement: 2276
@!@!@ENDMSG 2221 @!@!@
@!@!@STARTMSG 2221:0 @!@!@
  |line 211, col 27 to line 211, col 46 of module black_channel_corrupted_acknowledgement: 3862
@!@!@ENDMSG 2221 @!@!@
@!@!@STARTMSG 2221:0 @!@!@
  line 211, col 55 to line 211, col 100 of module black_channel_corrupted_acknowledgement: 2276
@!@!@ENDMSG 2221 @!@!@
@!@!@STARTMSG 2221:0 @!@!@
  line 212, col 27 to line 212, col 70 of module black_channel_corrupted_acknowledgement: 2276
@!@!@ENDMSG 2221 @!@!@
@!@!@STARTMSG 2221:0 @!@!@
  line 213, col 27 to line 219, col 71 of module black_channel_corrupted_acknowledgement: 2276
@!@!@ENDMSG 2221 @!@!@
@!@!@STARTMSG 2772:0 @!@!@
<ReceiveMessage line 221, col 1 to line 221, col 20 of module black_channel_corrupted_acknowledgement>: 971:1436
@!@!@ENDMSG 2772 @!@!@
@!@!@STARTMSG 2221:0 @!@!@
  line 221, col 28 to line 221, col 54 of module black_channel_corrupted_acknowledgement: 6959
@!@!@ENDMSG 2221 @!@!@
@!@!@STARTMSG 2221:0 @!@!@
  |line 221, col 28 to line 221, col 35 of module black_channel_corrupted_acknowledgement: 5523
@!@!@ENDMSG 2221 @!@!@
@!@!@STARTMSG 2221:0 @!@!@
  line 222, col 28 to line 222, col 50 of module black_channel_corrupted_acknowledgement: 1436
@!@!@ENDMSG 2221 @!@!@
@!@!@STARTMSG 2221:0 @!@!@
  |line 222, col 28 to line 222, col 46 of module black_channel_corrupted_acknowledgement: 1662
@!@!@ENDMSG 2221 @!@!@
@!@!@STARTMSG 2221:0 @!@!@
  line 223, col 28 to line 223, col 102 of module black_channel_corrupted_acknowledgement: 1436
@!@!@ENDMSG 2221 @!@!@
@!@!@STARTMSG 2221:0 @!@!@
  line 224, col 28 to line 224, col 66 of module black_channel_corrupted_acknowledgement: 1436
@!@!@ENDMSG 2221 @!@!@
@!@!@STARTMSG 2221:0 @!@!@
  line 225, col 28 to line 225, col 100 of module black_channel_corrupted_acknowledgement: 1436
@!@!@ENDMSG 2221 @!@!@
@!@!@STARTMSG 2221:0 @!@!@
  line 226, col 28 to line 226, col 70 of module black_channel_corrupted_acknowledgement: 1436
@!@!@ENDMSG 2221 @!@!@
@!@!@STARTMSG 2221:0 @!@!@
  line 227, col 28 to line 232, col 55 of module black_channel_corrupted_acknowledgement: 1436
@!@!@ENDMSG 2221 @!@!@
@!@!@STARTMSG 2772:0 @!@!@
<startMessageCorrupter line 236, col 1 to line 236, col 27 of module black_channel_corrupted_acknowledgement>: 2187:3908
@!@!@ENDMSG 2772 @!@!@
@!@!@STARTMSG 2221:0 @!@!@
  line 236, col 35 to line 236, col 68 of module black_channel_corrupted_acknowledgement: 7912
@!@!@ENDMSG 2221 @!@!@
@!@!@STARTMSG 2221:0 @!@!@
  |line 236, col 35 to line 236, col 42 of module black_channel_corrupted_acknowledgement: 5522
@!@!@ENDMSG 2221 @!@!@
@!@!@STARTMSG 2221:0 @!@!@
  line 237, col 41 to line 237, col 64 of module black_channel_corrupted_acknowledgement: 1518
@!@!@ENDMSG 2221 @!@!@
@!@!@STARTMSG 2221:0 @!@!@
  |line 237, col 41 to line 237, col 60 of module black_channel_corrupted_acknowledgement: 2390
@!@!@ENDMSG 2221 @!@!@
@!@!@STARTMSG 2221:0 @!@!@
  line 238, col 41 to line 238, col 83 of module black_channel_corrupted_acknowledgement: 1518
@!@!@ENDMSG 2221 @!@!@
@!@!@STARTMSG 2221:0 @!@!@
  line 239, col 38 to line 239, col 91 of module black_channel_corrupted_acknowledgement: 2390
@!@!@ENDMSG 2221 @!@!@
@!@!@STARTMSG 2221:0 @!@!@
  line 240, col 35 to line 249, col 62 of module black_channel_corrupted_acknowledgement: 3908
@!@!@ENDMSG 2221 @!@!@
@!@!@STARTMSG 2772:0 @!@!@
<RemoveMessage line 251, col 1 to line 251, col 19 of module black_channel_corrupted_acknowledgement>: 494:1209
@!@!@ENDMSG 2772 @!@!@
@!@!@STARTMSG 2221:0 @!@!@
  line 251, col 27 to line 251, col 52 of module black_channel_corrupted_acknowledgement: 6728
@!@!@ENDMSG 2221 @!@!@
@!@!@STARTMSG 2221:0 @!@!@
  |line 251, col 27 to line 251, col 34 of module black_channel_corrupted_acknowledgement: 5519
@!@!@ENDMSG 2221 @!@!@
@!@!@STARTMSG 2221:0 @!@!@
  line 252, col 27 to line 252, col 96 of module black_channel_corrupted_acknowledgement: 1209
@!@!@ENDMSG 2221 @!@!@
@!@!@STARTMSG 2221:0 @!@!@
  |line 252, col 45 to line 252, col 96 of module black_channel_corrupted_acknowledgement: 1209
@!@!@ENDMSG 2221 @!@!@
@!@!@STARTMSG 2775:0 @!@!@
  ||line 6, col 21 to line 10, col 37 of module black_channel_corrupted_acknowledgement: 1209:386
@!@!@ENDMSG 2775 @!@!@
@!@!@STARTMSG 2221:0 @!@!@
  ||line 252, col 53 to line 252, col 79 of module black_channel_corrupted_acknowledgement: 321
@!@!@ENDMSG 2221 @!@!@
@!@!@STARTMSG 2221:0 @!@!@
  ||line 252, col 82 to line 252, col 95 of module black_channel_corrupted_acknowledgement: 1209
@!@!@ENDMSG 2221 @!@!@
@!@!@STARTMSG 2221:0 @!@!@
  line 253, col 27 to line 253, col 68 of module black_channel_corrupted_acknowledgement: 1209
@!@!@ENDMSG 2221 @!@!@
@!@!@STARTMSG 2221:0 @!@!@
  line 254, col 27 to line 254, col 77 of module black_channel_corrupted_acknowledgement: 1209
@!@!@ENDMSG 2221 @!@!@
@!@!@STARTMSG 2221:0 @!@!@
  line 255, col 27 to line 260, col 54 of module black_channel_corrupted_acknowledgement: 1209
@!@!@ENDMSG 2221 @!@!@
@!@!@STARTMSG 2772:0 @!@!@
<RemoveAcknowledgement line 262, col 1 to line 262, col 27 of module black_channel_corrupted_acknowledgement>: 818:1219
@!@!@ENDMSG 2772 @!@!@
@!@!@STARTMSG 2221:0 @!@!@
  line 262, col 35 to line 262, col 68 of module black_channel_corrupted_acknowledgement: 6737
@!@!@ENDMSG 2221 @!@!@
@!@!@STARTMSG 2221:0 @!@!@
  |line 262, col 35 to line 262, col 42 of module black_channel_corrupted_acknowledgement: 5518
@!@!@ENDMSG 2221 @!@!@
@!@!@STARTMSG 2221:0 @!@!@
  line 263, col 35 to line 263, col 58 of module black_channel_corrupted_acknowledgement: 1219
@!@!@ENDMSG 2221 @!@!@
@!@!@STARTMSG 2221:0 @!@!@
  |line 263, col 35 to line 263, col 54 of module black_channel_corrupted_acknowledgement: 1923
@!@!@ENDMSG 2221 @!@!@
@!@!@STARTMSG 2221:0 @!@!@
  line 264, col 35 to line 264, col 116 of module black_channel_corrupted_acknowledgement: 1219
@!@!@ENDMSG 2221 @!@!@
@!@!@STARTMSG 2221:0 @!@!@
  |line 264, col 57 to line 264, col 116 of module black_channel_corrupted_acknowledgement: 1219
@!@!@ENDMSG 2221 @!@!@
@!@!@STARTMSG 2775:0 @!@!@
  ||line 6, col 21 to line 10, col 37 of module black_channel_corrupted_acknowledgement: 1219:10
@!@!@ENDMSG 2775 @!@!@
@!@!@STARTMSG 2221:0 @!@!@
  ||line 264, col 65 to line 264, col 95 of module black_channel_corrupted_acknowledgement: 10
@!@!@ENDMSG 2221 @!@!@
@!@!@STARTMSG 2221:0 @!@!@
  ||line 264, col 98 to line 264, col 115 of module black_channel_corrupted_acknowledgement: 1219
@!@!@ENDMSG 2221 @!@!@
@!@!@STARTMSG 2221:0 @!@!@
  line 265, col 35 to line 265, col 76 of module black_channel_corrupted_acknowledgement: 1219
@!@!@ENDMSG 2221 @!@!@
@!@!@STARTMSG 2221:0 @!@!@
  line 266, col 35 to line 266, col 85 of module black_channel_corrupted_acknowledgement: 1219
@!@!@ENDMSG 2221 @!@!@
@!@!@STARTMSG 2221:0 @!@!@
  line 267, col 35 to line 274, col 62 of module black_channel_corrupted_acknowledgement: 1219
@!@!@ENDMSG 2221 @!@!@
@!@!@STARTMSG 2774:0 @!@!@
<Action line 122, col 48 to line 122, col 145 of module black_channel_corrupted_acknowledgement>
@!@!@ENDMSG 2774 @!@!@
@!@!@STARTMSG 2221:0 @!@!@
  line 122, col 48 to line 122, col 145 of module black_channel_corrupted_acknowledgement: 8753
@!@!@ENDMSG 2221 @!@!@
@!@!@STARTMSG 2221:0 @!@!@
  |line 122, col 89 to line 122, col 145 of module black_channel_corrupted_acknowledgement: 705
@!@!@ENDMSG 2221 @!@!@
@!@!@STARTMSG 2221:0 @!@!@
  |line 122, col 57 to line 122, col 85 of module black_channel_corrupted_acknowledgement: 8753
@!@!@ENDMSG 2221 @!@!@
@!@!@STARTMSG 2202:0 @!@!@
End of statistics.
@!@!@ENDMSG 2202 @!@!@
@!@!@STARTMSG 2200:0 @!@!@
Progress(17) at 2022-03-24 20:02:15: 19.524 states generated (466.709 s/min), 8.154 distinct states found (194.916 ds/min), 2.637 states left on queue.
@!@!@ENDMSG 2200 @!@!@
@!@!@STARTMSG 2199:0 @!@!@
19524 states generated, 8154 distinct states found, 2637 states left on queue.
@!@!@ENDMSG 2199 @!@!@
@!@!@STARTMSG 2194:0 @!@!@
The depth of the complete state graph search is 17.
@!@!@ENDMSG 2194 @!@!@
@!@!@STARTMSG 2268:0 @!@!@
The average outdegree of the complete state graph is 1 (minimum is 0, the maximum 6 and the 95th percentile is 4).
@!@!@ENDMSG 2268 @!@!@
@!@!@STARTMSG 2186:0 @!@!@
Finished in 2531ms at (2022-03-24 20:02:15)
@!@!@ENDMSG 2186 @!@!@
