@!@!@STARTMSG 2262:0 @!@!@
TLC2 Version 2.16 of 31 December 2020 (rev: cdddf55)
@!@!@ENDMSG 2262 @!@!@
@!@!@STARTMSG 2187:0 @!@!@
Running breadth-first search Model-Checking with fp 16 and seed -2012866918664016130 with 5 workers on 10 cores with 2428MB heap and 5460MB offheap memory [pid: 12191] (Mac OS X 10.16 x86_64, AdoptOpenJDK 14.0.1 x86_64, OffHeapDiskFPSet, DiskStateQueue).
@!@!@ENDMSG 2187 @!@!@
@!@!@STARTMSG 2220:0 @!@!@
Starting SANY...
@!@!@ENDMSG 2220 @!@!@
Parsing file /Users/dirk-janswagerman/.tlaplus/tlaplus/protocols/blackchannel_1.toolbox/Model_1/MC.tla
Parsing file /Users/dirk-janswagerman/.tlaplus/tlaplus/protocols/blackchannel_1.toolbox/Model_1/blackchannel_1.tla
Parsing file /private/var/folders/sy/rhv1w43j3bscfpls8nxgbl1m0000gn/T/AppTranslocation/F3E9FB25-C538-43C2-850B-13F16E89907A/d/TLA+ Toolbox.app/Contents/Eclipse/plugins/org.lamport.tlatools_1.0.0.202012311918/tla2sany/StandardModules/TLC.tla
Parsing file /private/var/folders/sy/rhv1w43j3bscfpls8nxgbl1m0000gn/T/AppTranslocation/F3E9FB25-C538-43C2-850B-13F16E89907A/d/TLA+ Toolbox.app/Contents/Eclipse/plugins/org.lamport.tlatools_1.0.0.202012311918/tla2sany/StandardModules/Integers.tla
Parsing file /private/var/folders/sy/rhv1w43j3bscfpls8nxgbl1m0000gn/T/AppTranslocation/F3E9FB25-C538-43C2-850B-13F16E89907A/d/TLA+ Toolbox.app/Contents/Eclipse/plugins/org.lamport.tlatools_1.0.0.202012311918/tla2sany/StandardModules/Naturals.tla
Parsing file /private/var/folders/sy/rhv1w43j3bscfpls8nxgbl1m0000gn/T/AppTranslocation/F3E9FB25-C538-43C2-850B-13F16E89907A/d/TLA+ Toolbox.app/Contents/Eclipse/plugins/org.lamport.tlatools_1.0.0.202012311918/tla2sany/StandardModules/Sequences.tla
Parsing file /private/var/folders/sy/rhv1w43j3bscfpls8nxgbl1m0000gn/T/AppTranslocation/F3E9FB25-C538-43C2-850B-13F16E89907A/d/TLA+ Toolbox.app/Contents/Eclipse/plugins/org.lamport.tlatools_1.0.0.202012311918/tla2sany/StandardModules/FiniteSets.tla
Semantic processing of module Naturals
Semantic processing of module Integers
Semantic processing of module Sequences
Semantic processing of module FiniteSets
Semantic processing of module TLC
Semantic processing of module blackchannel_1
Semantic processing of module MC
@!@!@STARTMSG 2219:0 @!@!@
SANY finished.
@!@!@ENDMSG 2219 @!@!@
@!@!@STARTMSG 2185:0 @!@!@
Starting... (2022-02-28 22:31:20)
@!@!@ENDMSG 2185 @!@!@
@!@!@STARTMSG 2189:0 @!@!@
Computing initial states...
@!@!@ENDMSG 2189 @!@!@
@!@!@STARTMSG 2190:0 @!@!@
Finished computing initial states: 1 distinct state generated at 2022-02-28 22:31:21.
@!@!@ENDMSG 2190 @!@!@
@!@!@STARTMSG 2110:1 @!@!@
Invariant inv_164608387946458000 is violated.
@!@!@ENDMSG 2110 @!@!@
@!@!@STARTMSG 2121:1 @!@!@
The behavior up to this point is:
@!@!@ENDMSG 2121 @!@!@
@!@!@STARTMSG 2217:4 @!@!@
1: <Initial predicate>
/\ randomNumber = [D |-> defaultInitValue]
/\ receiveCount = 0
/\ messageChannel = <<>>
/\ receivedMessage = [R |-> <<>>]
/\ message = [S |-> <<>>]
/\ pc = [S |-> "startSender", R |-> "startReceiver", D |-> "startMessageCorrupter"]
/\ sendCount = 0

@!@!@ENDMSG 2217 @!@!@
@!@!@STARTMSG 2217:4 @!@!@
2: <startSender line 118, col 22 to line 124, col 78 of module blackchannel_1>
/\ randomNumber = [D |-> defaultInitValue]
/\ receiveCount = 0
/\ messageChannel = <<>>
/\ receivedMessage = [R |-> <<>>]
/\ message = [S |-> <<>>]
/\ pc = [S |-> "PrepareMessage", R |-> "startReceiver", D |-> "startMessageCorrupter"]
/\ sendCount = 0

@!@!@ENDMSG 2217 @!@!@
@!@!@STARTMSG 2217:4 @!@!@
3: <PrepareMessage line 126, col 25 to line 132, col 55 of module blackchannel_1>
/\ randomNumber = [D |-> defaultInitValue]
/\ receiveCount = 0
/\ messageChannel = <<>>
/\ receivedMessage = [R |-> <<>>]
/\ message = [S |-> <<"a">>]
/\ pc = [S |-> "startSender", R |-> "startReceiver", D |-> "startMessageCorrupter"]
/\ sendCount = 0

@!@!@ENDMSG 2217 @!@!@
@!@!@STARTMSG 2217:4 @!@!@
4: <startSender line 118, col 22 to line 124, col 78 of module blackchannel_1>
/\ randomNumber = [D |-> defaultInitValue]
/\ receiveCount = 0
/\ messageChannel = <<>>
/\ receivedMessage = [R |-> <<>>]
/\ message = [S |-> <<"a">>]
/\ pc = [S |-> "SendMessage", R |-> "startReceiver", D |-> "startMessageCorrupter"]
/\ sendCount = 0

@!@!@ENDMSG 2217 @!@!@
@!@!@STARTMSG 2217:4 @!@!@
5: <SendMessage line 134, col 22 to line 140, col 52 of module blackchannel_1>
/\ randomNumber = [D |-> defaultInitValue]
/\ receiveCount = 0
/\ messageChannel = <<<<"a">>>>
/\ receivedMessage = [R |-> <<>>]
/\ message = [S |-> <<"a">>]
/\ pc = [S |-> "startSender", R |-> "startReceiver", D |-> "startMessageCorrupter"]
/\ sendCount = 1

@!@!@ENDMSG 2217 @!@!@
@!@!@STARTMSG 2217:4 @!@!@
6: <startSender line 118, col 22 to line 124, col 78 of module blackchannel_1>
/\ randomNumber = [D |-> defaultInitValue]
/\ receiveCount = 0
/\ messageChannel = <<<<"a">>>>
/\ receivedMessage = [R |-> <<>>]
/\ message = [S |-> <<"a">>]
/\ pc = [S |-> "SendMessage", R |-> "startReceiver", D |-> "startMessageCorrupter"]
/\ sendCount = 1

@!@!@ENDMSG 2217 @!@!@
@!@!@STARTMSG 2217:4 @!@!@
7: <SendMessage line 134, col 22 to line 140, col 52 of module blackchannel_1>
/\ randomNumber = [D |-> defaultInitValue]
/\ receiveCount = 0
/\ messageChannel = <<<<"a">>, <<"a">>>>
/\ receivedMessage = [R |-> <<>>]
/\ message = [S |-> <<"a">>]
/\ pc = [S |-> "startSender", R |-> "startReceiver", D |-> "startMessageCorrupter"]
/\ sendCount = 2

@!@!@ENDMSG 2217 @!@!@
@!@!@STARTMSG 2217:4 @!@!@
8: <startSender line 118, col 22 to line 124, col 78 of module blackchannel_1>
/\ randomNumber = [D |-> defaultInitValue]
/\ receiveCount = 0
/\ messageChannel = <<<<"a">>, <<"a">>>>
/\ receivedMessage = [R |-> <<>>]
/\ message = [S |-> <<"a">>]
/\ pc = [S |-> "SendMessage", R |-> "startReceiver", D |-> "startMessageCorrupter"]
/\ sendCount = 2

@!@!@ENDMSG 2217 @!@!@
@!@!@STARTMSG 2217:4 @!@!@
9: <SendMessage line 134, col 22 to line 140, col 52 of module blackchannel_1>
/\ randomNumber = [D |-> defaultInitValue]
/\ receiveCount = 0
/\ messageChannel = <<<<"a">>, <<"a">>, <<"a">>>>
/\ receivedMessage = [R |-> <<>>]
/\ message = [S |-> <<"a">>]
/\ pc = [S |-> "startSender", R |-> "startReceiver", D |-> "startMessageCorrupter"]
/\ sendCount = 3

@!@!@ENDMSG 2217 @!@!@
@!@!@STARTMSG 2217:4 @!@!@
10: <startSender line 118, col 22 to line 124, col 78 of module blackchannel_1>
/\ randomNumber = [D |-> defaultInitValue]
/\ receiveCount = 0
/\ messageChannel = <<<<"a">>, <<"a">>, <<"a">>>>
/\ receivedMessage = [R |-> <<>>]
/\ message = [S |-> <<"a">>]
/\ pc = [S |-> "SendMessage", R |-> "startReceiver", D |-> "startMessageCorrupter"]
/\ sendCount = 3

@!@!@ENDMSG 2217 @!@!@
@!@!@STARTMSG 2217:4 @!@!@
11: <SendMessage line 134, col 22 to line 140, col 52 of module blackchannel_1>
/\ randomNumber = [D |-> defaultInitValue]
/\ receiveCount = 0
/\ messageChannel = <<<<"a">>, <<"a">>, <<"a">>, <<"a">>>>
/\ receivedMessage = [R |-> <<>>]
/\ message = [S |-> <<"a">>]
/\ pc = [S |-> "startSender", R |-> "startReceiver", D |-> "startMessageCorrupter"]
/\ sendCount = 4

@!@!@ENDMSG 2217 @!@!@
@!@!@STARTMSG 2201:0 @!@!@
The coverage statistics at 2022-02-28 22:31:21
@!@!@ENDMSG 2201 @!@!@
@!@!@STARTMSG 2773:0 @!@!@
<Init line 104, col 1 to line 104, col 4 of module blackchannel_1>: 2:2
@!@!@ENDMSG 2773 @!@!@
@!@!@STARTMSG 2221:0 @!@!@
  line 105, col 9 to line 116, col 85 of module blackchannel_1: 2
@!@!@ENDMSG 2221 @!@!@
@!@!@STARTMSG 2772:0 @!@!@
<startSender line 118, col 1 to line 118, col 17 of module blackchannel_1>: 489:1683
@!@!@ENDMSG 2772 @!@!@
@!@!@STARTMSG 2221:0 @!@!@
  line 118, col 25 to line 118, col 48 of module blackchannel_1: 1737
@!@!@ENDMSG 2221 @!@!@
@!@!@STARTMSG 2221:0 @!@!@
  |line 118, col 25 to line 118, col 32 of module blackchannel_1: 1176
@!@!@ENDMSG 2221 @!@!@
@!@!@STARTMSG 2221:0 @!@!@
  line 119, col 25 to line 122, col 71 of module blackchannel_1: 561
@!@!@ENDMSG 2221 @!@!@
@!@!@STARTMSG 2221:0 @!@!@
  line 123, col 25 to line 124, col 78 of module blackchannel_1: 1683
@!@!@ENDMSG 2221 @!@!@
@!@!@STARTMSG 2772:0 @!@!@
<PrepareMessage line 126, col 1 to line 126, col 20 of module blackchannel_1>: 218:612
@!@!@ENDMSG 2772 @!@!@
@!@!@STARTMSG 2221:0 @!@!@
  line 126, col 28 to line 126, col 54 of module blackchannel_1: 1477
@!@!@ENDMSG 2221 @!@!@
@!@!@STARTMSG 2221:0 @!@!@
  |line 126, col 28 to line 126, col 35 of module blackchannel_1: 1171
@!@!@ENDMSG 2221 @!@!@
@!@!@STARTMSG 2221:0 @!@!@
  line 128, col 30 to line 128, col 92 of module blackchannel_1: 612
@!@!@ENDMSG 2221 @!@!@
@!@!@STARTMSG 2221:0 @!@!@
  line 127, col 37 to line 127, col 39 of module blackchannel_1: 306
@!@!@ENDMSG 2221 @!@!@
@!@!@STARTMSG 2221:0 @!@!@
  line 129, col 28 to line 129, col 68 of module blackchannel_1: 612
@!@!@ENDMSG 2221 @!@!@
@!@!@STARTMSG 2221:0 @!@!@
  line 130, col 28 to line 132, col 55 of module blackchannel_1: 612
@!@!@ENDMSG 2221 @!@!@
@!@!@STARTMSG 2772:0 @!@!@
<SendMessage line 134, col 1 to line 134, col 17 of module blackchannel_1>: 132:305
@!@!@ENDMSG 2772 @!@!@
@!@!@STARTMSG 2221:0 @!@!@
  line 134, col 25 to line 134, col 48 of module blackchannel_1: 1473
@!@!@ENDMSG 2221 @!@!@
@!@!@STARTMSG 2221:0 @!@!@
  |line 134, col 25 to line 134, col 32 of module blackchannel_1: 1170
@!@!@ENDMSG 2221 @!@!@
@!@!@STARTMSG 2221:0 @!@!@
  line 135, col 25 to line 135, col 48 of module blackchannel_1: 303
@!@!@ENDMSG 2221 @!@!@
@!@!@STARTMSG 2221:0 @!@!@
  |line 135, col 25 to line 135, col 43 of module blackchannel_1: 309
@!@!@ENDMSG 2221 @!@!@
@!@!@STARTMSG 2221:0 @!@!@
  line 136, col 25 to line 136, col 80 of module blackchannel_1: 303
@!@!@ENDMSG 2221 @!@!@
@!@!@STARTMSG 2221:0 @!@!@
  |line 136, col 43 to line 136, col 80 of module blackchannel_1: 305
@!@!@ENDMSG 2221 @!@!@
@!@!@STARTMSG 2221:0 @!@!@
  line 137, col 25 to line 137, col 50 of module blackchannel_1: 303
@!@!@ENDMSG 2221 @!@!@
@!@!@STARTMSG 2221:0 @!@!@
  |line 137, col 38 to line 137, col 50 of module blackchannel_1: 305
@!@!@ENDMSG 2221 @!@!@
@!@!@STARTMSG 2221:0 @!@!@
  line 138, col 25 to line 138, col 65 of module blackchannel_1: 303
@!@!@ENDMSG 2221 @!@!@
@!@!@STARTMSG 2221:0 @!@!@
  |line 138, col 31 to line 138, col 65 of module blackchannel_1: 305
@!@!@ENDMSG 2221 @!@!@
@!@!@STARTMSG 2221:0 @!@!@
  line 139, col 25 to line 140, col 52 of module blackchannel_1: 303
@!@!@ENDMSG 2221 @!@!@
@!@!@STARTMSG 2772:0 @!@!@
<startReceiver line 145, col 1 to line 145, col 19 of module blackchannel_1>: 188:1698
@!@!@ENDMSG 2772 @!@!@
@!@!@STARTMSG 2221:0 @!@!@
  line 145, col 27 to line 145, col 52 of module blackchannel_1: 2328
@!@!@ENDMSG 2221 @!@!@
@!@!@STARTMSG 2221:0 @!@!@
  |line 145, col 27 to line 145, col 34 of module blackchannel_1: 1164
@!@!@ENDMSG 2221 @!@!@
@!@!@STARTMSG 2221:0 @!@!@
  line 146, col 33 to line 146, col 55 of module blackchannel_1: 534
@!@!@ENDMSG 2221 @!@!@
@!@!@STARTMSG 2221:0 @!@!@
  |line 146, col 33 to line 146, col 51 of module blackchannel_1: 1164
@!@!@ENDMSG 2221 @!@!@
@!@!@STARTMSG 2221:0 @!@!@
  line 147, col 33 to line 147, col 107 of module blackchannel_1: 534
@!@!@ENDMSG 2221 @!@!@
@!@!@STARTMSG 2221:0 @!@!@
  line 148, col 33 to line 148, col 71 of module blackchannel_1: 534
@!@!@ENDMSG 2221 @!@!@
@!@!@STARTMSG 2221:0 @!@!@
  line 149, col 33 to line 149, col 64 of module blackchannel_1: 534
@!@!@ENDMSG 2221 @!@!@
@!@!@STARTMSG 2221:0 @!@!@
  line 150, col 33 to line 150, col 36 of module blackchannel_1: 1164
@!@!@ENDMSG 2221 @!@!@
@!@!@STARTMSG 2221:0 @!@!@
  line 151, col 33 to line 151, col 91 of module blackchannel_1: 1164
@!@!@ENDMSG 2221 @!@!@
@!@!@STARTMSG 2221:0 @!@!@
  line 152, col 27 to line 152, col 69 of module blackchannel_1: 1698
@!@!@ENDMSG 2221 @!@!@
@!@!@STARTMSG 2221:0 @!@!@
  line 153, col 27 to line 153, col 74 of module blackchannel_1: 1698
@!@!@ENDMSG 2221 @!@!@
@!@!@STARTMSG 2772:0 @!@!@
<startMessageCorrupter line 157, col 1 to line 157, col 27 of module blackchannel_1>: 1059:1323
@!@!@ENDMSG 2772 @!@!@
@!@!@STARTMSG 2221:0 @!@!@
  line 157, col 35 to line 157, col 68 of module blackchannel_1: 1605
@!@!@ENDMSG 2221 @!@!@
@!@!@STARTMSG 2221:0 @!@!@
  |line 157, col 35 to line 157, col 42 of module blackchannel_1: 1164
@!@!@ENDMSG 2221 @!@!@
@!@!@STARTMSG 2221:0 @!@!@
  line 158, col 35 to line 160, col 88 of module blackchannel_1: 441
@!@!@ENDMSG 2221 @!@!@
@!@!@STARTMSG 2221:0 @!@!@
  line 161, col 35 to line 163, col 79 of module blackchannel_1: 1323
@!@!@ENDMSG 2221 @!@!@
@!@!@STARTMSG 2772:0 @!@!@
<RemoveMessage line 165, col 1 to line 165, col 19 of module blackchannel_1>: 57:104
@!@!@ENDMSG 2772 @!@!@
@!@!@STARTMSG 2221:0 @!@!@
  line 165, col 27 to line 165, col 52 of module blackchannel_1: 1268
@!@!@ENDMSG 2221 @!@!@
@!@!@STARTMSG 2221:0 @!@!@
  |line 165, col 27 to line 165, col 34 of module blackchannel_1: 1164
@!@!@ENDMSG 2221 @!@!@
@!@!@STARTMSG 2221:0 @!@!@
  line 166, col 27 to line 166, col 49 of module blackchannel_1: 104
@!@!@ENDMSG 2221 @!@!@
@!@!@STARTMSG 2221:0 @!@!@
  |line 166, col 27 to line 166, col 45 of module blackchannel_1: 241
@!@!@ENDMSG 2221 @!@!@
@!@!@STARTMSG 2221:0 @!@!@
  line 167, col 27 to line 167, col 96 of module blackchannel_1: 104
@!@!@ENDMSG 2221 @!@!@
@!@!@STARTMSG 2221:0 @!@!@
  |line 167, col 45 to line 167, col 96 of module blackchannel_1: 104
@!@!@ENDMSG 2221 @!@!@
@!@!@STARTMSG 2775:0 @!@!@
  ||line 8, col 21 to line 12, col 37 of module blackchannel_1: 104:39
@!@!@ENDMSG 2775 @!@!@
@!@!@STARTMSG 2221:0 @!@!@
  ||line 167, col 53 to line 167, col 79 of module blackchannel_1: 24
@!@!@ENDMSG 2221 @!@!@
@!@!@STARTMSG 2221:0 @!@!@
  ||line 167, col 82 to line 167, col 95 of module blackchannel_1: 104
@!@!@ENDMSG 2221 @!@!@
@!@!@STARTMSG 2221:0 @!@!@
  line 168, col 27 to line 168, col 77 of module blackchannel_1: 104
@!@!@ENDMSG 2221 @!@!@
@!@!@STARTMSG 2221:0 @!@!@
  line 169, col 27 to line 170, col 71 of module blackchannel_1: 104
@!@!@ENDMSG 2221 @!@!@
@!@!@STARTMSG 2772:0 @!@!@
<CorruptMessage line 172, col 1 to line 172, col 20 of module blackchannel_1>: 0:241
@!@!@ENDMSG 2772 @!@!@
@!@!@STARTMSG 2221:0 @!@!@
  line 172, col 28 to line 172, col 54 of module blackchannel_1: 1405
@!@!@ENDMSG 2221 @!@!@
@!@!@STARTMSG 2221:0 @!@!@
  |line 172, col 28 to line 172, col 35 of module blackchannel_1: 1164
@!@!@ENDMSG 2221 @!@!@
@!@!@STARTMSG 2221:0 @!@!@
  line 173, col 28 to line 173, col 31 of module blackchannel_1: 241
@!@!@ENDMSG 2221 @!@!@
@!@!@STARTMSG 2221:0 @!@!@
  line 174, col 28 to line 174, col 78 of module blackchannel_1: 241
@!@!@ENDMSG 2221 @!@!@
@!@!@STARTMSG 2221:0 @!@!@
  line 175, col 28 to line 177, col 55 of module blackchannel_1: 241
@!@!@ENDMSG 2221 @!@!@
@!@!@STARTMSG 2772:0 @!@!@
<ChangeMessageOrder line 179, col 1 to line 179, col 24 of module blackchannel_1>: 0:241
@!@!@ENDMSG 2772 @!@!@
@!@!@STARTMSG 2221:0 @!@!@
  line 179, col 32 to line 179, col 62 of module blackchannel_1: 1405
@!@!@ENDMSG 2221 @!@!@
@!@!@STARTMSG 2221:0 @!@!@
  |line 179, col 32 to line 179, col 39 of module blackchannel_1: 1164
@!@!@ENDMSG 2221 @!@!@
@!@!@STARTMSG 2221:0 @!@!@
  line 180, col 32 to line 180, col 35 of module blackchannel_1: 241
@!@!@ENDMSG 2221 @!@!@
@!@!@STARTMSG 2221:0 @!@!@
  line 181, col 32 to line 181, col 82 of module blackchannel_1: 241
@!@!@ENDMSG 2221 @!@!@
@!@!@STARTMSG 2221:0 @!@!@
  line 182, col 32 to line 184, col 76 of module blackchannel_1: 241
@!@!@ENDMSG 2221 @!@!@
@!@!@STARTMSG 2774:0 @!@!@
<inv_164608387946458000 line 10, col 1 to line 10, col 22 of module MC>
@!@!@ENDMSG 2774 @!@!@
@!@!@STARTMSG 2221:0 @!@!@
  line 11, col 1 to line 11, col 28 of module MC: 2144
@!@!@ENDMSG 2221 @!@!@
@!@!@STARTMSG 2202:0 @!@!@
End of statistics.
@!@!@ENDMSG 2202 @!@!@
@!@!@STARTMSG 2200:0 @!@!@
Progress(12) at 2022-02-28 22:31:21: 6.187 states generated (181.259 s/min), 2.144 distinct states found (62.812 ds/min), 976 states left on queue.
@!@!@ENDMSG 2200 @!@!@
@!@!@STARTMSG 2199:0 @!@!@
6187 states generated, 2144 distinct states found, 976 states left on queue.
@!@!@ENDMSG 2199 @!@!@
@!@!@STARTMSG 2194:0 @!@!@
The depth of the complete state graph search is 12.
@!@!@ENDMSG 2194 @!@!@
@!@!@STARTMSG 2268:0 @!@!@
The average outdegree of the complete state graph is 2 (minimum is 0, the maximum 6 and the 95th percentile is 6).
@!@!@ENDMSG 2268 @!@!@
@!@!@STARTMSG 2186:0 @!@!@
Finished in 2066ms at (2022-02-28 22:31:21)
@!@!@ENDMSG 2186 @!@!@
