@!@!@STARTMSG 2262:0 @!@!@
TLC2 Version 2.16 of 31 December 2020 (rev: cdddf55)
@!@!@ENDMSG 2262 @!@!@
@!@!@STARTMSG 2187:0 @!@!@
Running breadth-first search Model-Checking with fp 123 and seed 727782708872691132 with 5 workers on 10 cores with 2428MB heap and 5460MB offheap memory [pid: 85145] (Mac OS X 10.16 x86_64, AdoptOpenJDK 14.0.1 x86_64, OffHeapDiskFPSet, DiskStateQueue).
@!@!@ENDMSG 2187 @!@!@
@!@!@STARTMSG 2220:0 @!@!@
Starting SANY...
@!@!@ENDMSG 2220 @!@!@
Parsing file /Users/dirk-janswagerman/.tlaplus/tlaplus/protocols/black_channel_corrupted_acknowledgement.toolbox/Model_1/MC.tla
Parsing file /Users/dirk-janswagerman/.tlaplus/tlaplus/protocols/black_channel_corrupted_acknowledgement.toolbox/Model_1/black_channel_corrupted_acknowledgement.tla
Parsing file /private/var/folders/sy/rhv1w43j3bscfpls8nxgbl1m0000gn/T/AppTranslocation/B51B7C6A-254C-4B0B-931B-A41F6CB0774B/d/TLA+ Toolbox.app/Contents/Eclipse/plugins/org.lamport.tlatools_1.0.0.202012311918/tla2sany/StandardModules/TLC.tla
Parsing file /private/var/folders/sy/rhv1w43j3bscfpls8nxgbl1m0000gn/T/AppTranslocation/B51B7C6A-254C-4B0B-931B-A41F6CB0774B/d/TLA+ Toolbox.app/Contents/Eclipse/plugins/org.lamport.tlatools_1.0.0.202012311918/tla2sany/StandardModules/Integers.tla
Parsing file /private/var/folders/sy/rhv1w43j3bscfpls8nxgbl1m0000gn/T/AppTranslocation/B51B7C6A-254C-4B0B-931B-A41F6CB0774B/d/TLA+ Toolbox.app/Contents/Eclipse/plugins/org.lamport.tlatools_1.0.0.202012311918/tla2sany/StandardModules/Naturals.tla
Parsing file /private/var/folders/sy/rhv1w43j3bscfpls8nxgbl1m0000gn/T/AppTranslocation/B51B7C6A-254C-4B0B-931B-A41F6CB0774B/d/TLA+ Toolbox.app/Contents/Eclipse/plugins/org.lamport.tlatools_1.0.0.202012311918/tla2sany/StandardModules/Sequences.tla
Parsing file /private/var/folders/sy/rhv1w43j3bscfpls8nxgbl1m0000gn/T/AppTranslocation/B51B7C6A-254C-4B0B-931B-A41F6CB0774B/d/TLA+ Toolbox.app/Contents/Eclipse/plugins/org.lamport.tlatools_1.0.0.202012311918/tla2sany/StandardModules/FiniteSets.tla
Semantic processing of module Naturals
Semantic processing of module Integers
Semantic processing of module Sequences
Semantic processing of module FiniteSets
Semantic processing of module TLC
Semantic processing of module black_channel_corrupted_acknowledgement
Semantic processing of module MC
@!@!@STARTMSG 2219:0 @!@!@
SANY finished.
@!@!@ENDMSG 2219 @!@!@
@!@!@STARTMSG 2185:0 @!@!@
Starting... (2022-03-24 19:38:10)
@!@!@ENDMSG 2185 @!@!@
@!@!@STARTMSG 2189:0 @!@!@
Computing initial states...
@!@!@ENDMSG 2189 @!@!@
@!@!@STARTMSG 2190:0 @!@!@
Finished computing initial states: 1 distinct state generated at 2022-03-24 19:38:11.
@!@!@ENDMSG 2190 @!@!@
@!@!@STARTMSG 2114:1 @!@!@
Deadlock reached.
@!@!@ENDMSG 2114 @!@!@
@!@!@STARTMSG 2121:1 @!@!@
The behavior up to this point is:
@!@!@ENDMSG 2121 @!@!@
@!@!@STARTMSG 2217:4 @!@!@
1: <Initial predicate>
/\ createMessageCounter = 0
/\ corruptionCounter = 0
/\ pc = [MC |-> "startMessageCorrupter", S |-> "startSender", R |-> "startReceiver"]
/\ sendMessage = [S |-> <<>>]
/\ receivedMessage = [R |-> <<>>]
/\ randomNumber = [MC |-> defaultInitValue]
/\ currentMessageCounter = 1
/\ acknowledgedMessage = [S |-> <<>>]
/\ acknowledgedMessages = <<>>
/\ acknowledgeChannel = <<>>
/\ sendMessages = <<>>
/\ message = [counter |-> 0, content |-> <<>>, checksum |-> 0]
/\ messageChannel = <<>>

@!@!@ENDMSG 2217 @!@!@
@!@!@STARTMSG 2217:4 @!@!@
2: <startSender line 154, col 22 to line 166, col 52 of module black_channel_corrupted_acknowledgement>
/\ createMessageCounter = 0
/\ corruptionCounter = 0
/\ pc = [MC |-> "startMessageCorrupter", S |-> "CreateMessage", R |-> "startReceiver"]
/\ sendMessage = [S |-> <<>>]
/\ receivedMessage = [R |-> <<>>]
/\ randomNumber = [MC |-> defaultInitValue]
/\ currentMessageCounter = 1
/\ acknowledgedMessage = [S |-> <<>>]
/\ acknowledgedMessages = <<>>
/\ acknowledgeChannel = <<>>
/\ sendMessages = <<>>
/\ message = [counter |-> 0, content |-> <<>>, checksum |-> 0]
/\ messageChannel = <<>>

@!@!@ENDMSG 2217 @!@!@
@!@!@STARTMSG 2217:4 @!@!@
3: <CreateMessage line 168, col 24 to line 179, col 71 of module black_channel_corrupted_acknowledgement>
/\ createMessageCounter = 1
/\ corruptionCounter = 0
/\ pc = [MC |-> "startMessageCorrupter", S |-> "startSender", R |-> "startReceiver"]
/\ sendMessage = [S |-> <<>>]
/\ receivedMessage = [R |-> <<>>]
/\ randomNumber = [MC |-> defaultInitValue]
/\ currentMessageCounter = 1
/\ acknowledgedMessage = [S |-> <<>>]
/\ acknowledgedMessages = <<>>
/\ acknowledgeChannel = <<>>
/\ sendMessages = <<[counter |-> 1, content |-> "a", checksum |-> 0]>>
/\ message = [counter |-> 1, content |-> "a", checksum |-> 0]
/\ messageChannel = <<>>

@!@!@ENDMSG 2217 @!@!@
@!@!@STARTMSG 2217:4 @!@!@
4: <startSender line 154, col 22 to line 166, col 52 of module black_channel_corrupted_acknowledgement>
/\ createMessageCounter = 1
/\ corruptionCounter = 0
/\ pc = [MC |-> "startMessageCorrupter", S |-> "CreateMessage", R |-> "startReceiver"]
/\ sendMessage = [S |-> <<>>]
/\ receivedMessage = [R |-> <<>>]
/\ randomNumber = [MC |-> defaultInitValue]
/\ currentMessageCounter = 1
/\ acknowledgedMessage = [S |-> <<>>]
/\ acknowledgedMessages = <<>>
/\ acknowledgeChannel = <<>>
/\ sendMessages = <<[counter |-> 1, content |-> "a", checksum |-> 0]>>
/\ message = [counter |-> 1, content |-> "a", checksum |-> 0]
/\ messageChannel = <<>>

@!@!@ENDMSG 2217 @!@!@
@!@!@STARTMSG 2217:4 @!@!@
5: <CreateMessage line 168, col 24 to line 179, col 71 of module black_channel_corrupted_acknowledgement>
/\ createMessageCounter = 2
/\ corruptionCounter = 0
/\ pc = [MC |-> "startMessageCorrupter", S |-> "startSender", R |-> "startReceiver"]
/\ sendMessage = [S |-> <<>>]
/\ receivedMessage = [R |-> <<>>]
/\ randomNumber = [MC |-> defaultInitValue]
/\ currentMessageCounter = 1
/\ acknowledgedMessage = [S |-> <<>>]
/\ acknowledgedMessages = <<>>
/\ acknowledgeChannel = <<>>
/\ sendMessages = << [counter |-> 1, content |-> "a", checksum |-> 0],
   [counter |-> 2, content |-> "a", checksum |-> 0] >>
/\ message = [counter |-> 2, content |-> "a", checksum |-> 0]
/\ messageChannel = <<>>

@!@!@ENDMSG 2217 @!@!@
@!@!@STARTMSG 2217:4 @!@!@
6: <startSender line 154, col 22 to line 166, col 52 of module black_channel_corrupted_acknowledgement>
/\ createMessageCounter = 2
/\ corruptionCounter = 0
/\ pc = [MC |-> "startMessageCorrupter", S |-> "SendMessage", R |-> "startReceiver"]
/\ sendMessage = [S |-> <<>>]
/\ receivedMessage = [R |-> <<>>]
/\ randomNumber = [MC |-> defaultInitValue]
/\ currentMessageCounter = 1
/\ acknowledgedMessage = [S |-> <<>>]
/\ acknowledgedMessages = <<>>
/\ acknowledgeChannel = <<>>
/\ sendMessages = << [counter |-> 1, content |-> "a", checksum |-> 0],
   [counter |-> 2, content |-> "a", checksum |-> 0] >>
/\ message = [counter |-> 2, content |-> "a", checksum |-> 0]
/\ messageChannel = <<>>

@!@!@ENDMSG 2217 @!@!@
@!@!@STARTMSG 2217:4 @!@!@
7: <SendMessage line 181, col 22 to line 189, col 69 of module black_channel_corrupted_acknowledgement>
/\ createMessageCounter = 2
/\ corruptionCounter = 0
/\ pc = [MC |-> "startMessageCorrupter", S |-> "startSender", R |-> "startReceiver"]
/\ sendMessage = [S |-> <<>>]
/\ receivedMessage = [R |-> <<>>]
/\ randomNumber = [MC |-> defaultInitValue]
/\ currentMessageCounter = 2
/\ acknowledgedMessage = [S |-> <<>>]
/\ acknowledgedMessages = <<>>
/\ acknowledgeChannel = <<>>
/\ sendMessages = << [counter |-> 1, content |-> "a", checksum |-> 0],
   [counter |-> 2, content |-> "a", checksum |-> 0] >>
/\ message = [counter |-> 2, content |-> "a", checksum |-> 0]
/\ messageChannel = <<[counter |-> 1, content |-> "a", checksum |-> 0]>>

@!@!@ENDMSG 2217 @!@!@
@!@!@STARTMSG 2217:4 @!@!@
8: <startSender line 154, col 22 to line 166, col 52 of module black_channel_corrupted_acknowledgement>
/\ createMessageCounter = 2
/\ corruptionCounter = 0
/\ pc = [MC |-> "startMessageCorrupter", S |-> "SendMessage", R |-> "startReceiver"]
/\ sendMessage = [S |-> <<>>]
/\ receivedMessage = [R |-> <<>>]
/\ randomNumber = [MC |-> defaultInitValue]
/\ currentMessageCounter = 2
/\ acknowledgedMessage = [S |-> <<>>]
/\ acknowledgedMessages = <<>>
/\ acknowledgeChannel = <<>>
/\ sendMessages = << [counter |-> 1, content |-> "a", checksum |-> 0],
   [counter |-> 2, content |-> "a", checksum |-> 0] >>
/\ message = [counter |-> 2, content |-> "a", checksum |-> 0]
/\ messageChannel = <<[counter |-> 1, content |-> "a", checksum |-> 0]>>

@!@!@ENDMSG 2217 @!@!@
@!@!@STARTMSG 2217:4 @!@!@
9: <startReceiver line 211, col 24 to line 221, col 71 of module black_channel_corrupted_acknowledgement>
/\ createMessageCounter = 2
/\ corruptionCounter = 0
/\ pc = [MC |-> "startMessageCorrupter", S |-> "SendMessage", R |-> "ReceiveMessage"]
/\ sendMessage = [S |-> <<>>]
/\ receivedMessage = [R |-> <<>>]
/\ randomNumber = [MC |-> defaultInitValue]
/\ currentMessageCounter = 2
/\ acknowledgedMessage = [S |-> <<>>]
/\ acknowledgedMessages = <<>>
/\ acknowledgeChannel = <<>>
/\ sendMessages = << [counter |-> 1, content |-> "a", checksum |-> 0],
   [counter |-> 2, content |-> "a", checksum |-> 0] >>
/\ message = [counter |-> 2, content |-> "a", checksum |-> 0]
/\ messageChannel = <<[counter |-> 1, content |-> "a", checksum |-> 0]>>

@!@!@ENDMSG 2217 @!@!@
@!@!@STARTMSG 2217:4 @!@!@
10: <ReceiveMessage line 223, col 25 to line 234, col 55 of module black_channel_corrupted_acknowledgement>
/\ createMessageCounter = 2
/\ corruptionCounter = 0
/\ pc = [MC |-> "startMessageCorrupter", S |-> "SendMessage", R |-> "startReceiver"]
/\ sendMessage = [S |-> <<>>]
/\ receivedMessage = [R |-> [counter |-> 1, content |-> "a", checksum |-> 0]]
/\ randomNumber = [MC |-> defaultInitValue]
/\ currentMessageCounter = 2
/\ acknowledgedMessage = [S |-> <<>>]
/\ acknowledgedMessages = <<>>
/\ acknowledgeChannel = <<[counter |-> 1, content |-> "a", checksum |-> 0]>>
/\ sendMessages = << [counter |-> 1, content |-> "a", checksum |-> 0],
   [counter |-> 2, content |-> "a", checksum |-> 0] >>
/\ message = [counter |-> 2, content |-> "a", checksum |-> 0]
/\ messageChannel = <<>>

@!@!@ENDMSG 2217 @!@!@
@!@!@STARTMSG 2217:4 @!@!@
11: <SendMessage line 181, col 22 to line 189, col 69 of module black_channel_corrupted_acknowledgement>
/\ createMessageCounter = 2
/\ corruptionCounter = 0
/\ pc = [MC |-> "startMessageCorrupter", S |-> "startSender", R |-> "startReceiver"]
/\ sendMessage = [S |-> <<>>]
/\ receivedMessage = [R |-> [counter |-> 1, content |-> "a", checksum |-> 0]]
/\ randomNumber = [MC |-> defaultInitValue]
/\ currentMessageCounter = 3
/\ acknowledgedMessage = [S |-> <<>>]
/\ acknowledgedMessages = <<>>
/\ acknowledgeChannel = <<[counter |-> 1, content |-> "a", checksum |-> 0]>>
/\ sendMessages = << [counter |-> 1, content |-> "a", checksum |-> 0],
   [counter |-> 2, content |-> "a", checksum |-> 0] >>
/\ message = [counter |-> 2, content |-> "a", checksum |-> 0]
/\ messageChannel = <<[counter |-> 2, content |-> "a", checksum |-> 0]>>

@!@!@ENDMSG 2217 @!@!@
@!@!@STARTMSG 2217:4 @!@!@
12: <startSender line 154, col 22 to line 166, col 52 of module black_channel_corrupted_acknowledgement>
/\ createMessageCounter = 2
/\ corruptionCounter = 0
/\ pc = [ MC |-> "startMessageCorrupter",
  S |-> "AcknowledgeMessage",
  R |-> "startReceiver" ]
/\ sendMessage = [S |-> <<>>]
/\ receivedMessage = [R |-> [counter |-> 1, content |-> "a", checksum |-> 0]]
/\ randomNumber = [MC |-> defaultInitValue]
/\ currentMessageCounter = 3
/\ acknowledgedMessage = [S |-> <<>>]
/\ acknowledgedMessages = <<>>
/\ acknowledgeChannel = <<[counter |-> 1, content |-> "a", checksum |-> 0]>>
/\ sendMessages = << [counter |-> 1, content |-> "a", checksum |-> 0],
   [counter |-> 2, content |-> "a", checksum |-> 0] >>
/\ message = [counter |-> 2, content |-> "a", checksum |-> 0]
/\ messageChannel = <<[counter |-> 2, content |-> "a", checksum |-> 0]>>

@!@!@ENDMSG 2217 @!@!@
@!@!@STARTMSG 2217:4 @!@!@
13: <startReceiver line 211, col 24 to line 221, col 71 of module black_channel_corrupted_acknowledgement>
/\ createMessageCounter = 2
/\ corruptionCounter = 0
/\ pc = [ MC |-> "startMessageCorrupter",
  S |-> "AcknowledgeMessage",
  R |-> "RemoveAcknowledgement" ]
/\ sendMessage = [S |-> <<>>]
/\ receivedMessage = [R |-> [counter |-> 1, content |-> "a", checksum |-> 0]]
/\ randomNumber = [MC |-> defaultInitValue]
/\ currentMessageCounter = 3
/\ acknowledgedMessage = [S |-> <<>>]
/\ acknowledgedMessages = <<>>
/\ acknowledgeChannel = <<[counter |-> 1, content |-> "a", checksum |-> 0]>>
/\ sendMessages = << [counter |-> 1, content |-> "a", checksum |-> 0],
   [counter |-> 2, content |-> "a", checksum |-> 0] >>
/\ message = [counter |-> 2, content |-> "a", checksum |-> 0]
/\ messageChannel = <<[counter |-> 2, content |-> "a", checksum |-> 0]>>

@!@!@ENDMSG 2217 @!@!@
@!@!@STARTMSG 2217:4 @!@!@
14: <RemoveAcknowledgement line 236, col 32 to line 248, col 62 of module black_channel_corrupted_acknowledgement>
/\ createMessageCounter = 2
/\ corruptionCounter = 1
/\ pc = [ MC |-> "startMessageCorrupter",
  S |-> "AcknowledgeMessage",
  R |-> "startReceiver" ]
/\ sendMessage = [S |-> <<>>]
/\ receivedMessage = [R |-> [counter |-> 1, content |-> "a", checksum |-> 0]]
/\ randomNumber = [MC |-> defaultInitValue]
/\ currentMessageCounter = 3
/\ acknowledgedMessage = [S |-> <<>>]
/\ acknowledgedMessages = <<>>
/\ acknowledgeChannel = << >>
/\ sendMessages = << [counter |-> 1, content |-> "a", checksum |-> 0],
   [counter |-> 2, content |-> "a", checksum |-> 0] >>
/\ message = [counter |-> 2, content |-> "a", checksum |-> 0]
/\ messageChannel = <<[counter |-> 2, content |-> "a", checksum |-> 0]>>

@!@!@ENDMSG 2217 @!@!@
@!@!@STARTMSG 2217:4 @!@!@
15: <startMessageCorrupter line 253, col 32 to line 265, col 62 of module black_channel_corrupted_acknowledgement>
/\ createMessageCounter = 2
/\ corruptionCounter = 1
/\ pc = [MC |-> "RemoveMessage", S |-> "AcknowledgeMessage", R |-> "startReceiver"]
/\ sendMessage = [S |-> <<>>]
/\ receivedMessage = [R |-> [counter |-> 1, content |-> "a", checksum |-> 0]]
/\ randomNumber = [MC |-> defaultInitValue]
/\ currentMessageCounter = 3
/\ acknowledgedMessage = [S |-> <<>>]
/\ acknowledgedMessages = <<>>
/\ acknowledgeChannel = << >>
/\ sendMessages = << [counter |-> 1, content |-> "a", checksum |-> 0],
   [counter |-> 2, content |-> "a", checksum |-> 0] >>
/\ message = [counter |-> 2, content |-> "a", checksum |-> 0]
/\ messageChannel = <<[counter |-> 2, content |-> "a", checksum |-> 0]>>

@!@!@ENDMSG 2217 @!@!@
@!@!@STARTMSG 2217:4 @!@!@
16: <RemoveMessage line 267, col 24 to line 276, col 54 of module black_channel_corrupted_acknowledgement>
/\ createMessageCounter = 2
/\ corruptionCounter = 2
/\ pc = [ MC |-> "startMessageCorrupter",
  S |-> "AcknowledgeMessage",
  R |-> "startReceiver" ]
/\ sendMessage = [S |-> <<>>]
/\ receivedMessage = [R |-> [counter |-> 1, content |-> "a", checksum |-> 0]]
/\ randomNumber = [MC |-> defaultInitValue]
/\ currentMessageCounter = 3
/\ acknowledgedMessage = [S |-> <<>>]
/\ acknowledgedMessages = <<>>
/\ acknowledgeChannel = << >>
/\ sendMessages = << [counter |-> 1, content |-> "a", checksum |-> 0],
   [counter |-> 2, content |-> "a", checksum |-> 0] >>
/\ message = [counter |-> 2, content |-> "a", checksum |-> 0]
/\ messageChannel = << >>

@!@!@ENDMSG 2217 @!@!@
@!@!@STARTMSG 2217:4 @!@!@
17: <startReceiver line 211, col 24 to line 221, col 71 of module black_channel_corrupted_acknowledgement>
/\ createMessageCounter = 2
/\ corruptionCounter = 2
/\ pc = [ MC |-> "startMessageCorrupter",
  S |-> "AcknowledgeMessage",
  R |-> "RemoveAcknowledgement" ]
/\ sendMessage = [S |-> <<>>]
/\ receivedMessage = [R |-> [counter |-> 1, content |-> "a", checksum |-> 0]]
/\ randomNumber = [MC |-> defaultInitValue]
/\ currentMessageCounter = 3
/\ acknowledgedMessage = [S |-> <<>>]
/\ acknowledgedMessages = <<>>
/\ acknowledgeChannel = << >>
/\ sendMessages = << [counter |-> 1, content |-> "a", checksum |-> 0],
   [counter |-> 2, content |-> "a", checksum |-> 0] >>
/\ message = [counter |-> 2, content |-> "a", checksum |-> 0]
/\ messageChannel = << >>

@!@!@ENDMSG 2217 @!@!@
@!@!@STARTMSG 2201:0 @!@!@
The coverage statistics at 2022-03-24 19:38:11
@!@!@ENDMSG 2201 @!@!@
@!@!@STARTMSG 2773:0 @!@!@
<Init line 134, col 1 to line 134, col 4 of module black_channel_corrupted_acknowledgement>: 2:2
@!@!@ENDMSG 2773 @!@!@
@!@!@STARTMSG 2221:0 @!@!@
  line 135, col 9 to line 152, col 86 of module black_channel_corrupted_acknowledgement: 2
@!@!@ENDMSG 2221 @!@!@
@!@!@STARTMSG 2772:0 @!@!@
<startSender line 154, col 1 to line 154, col 17 of module black_channel_corrupted_acknowledgement>: 2929:9657
@!@!@ENDMSG 2772 @!@!@
@!@!@STARTMSG 2221:0 @!@!@
  line 154, col 25 to line 154, col 48 of module black_channel_corrupted_acknowledgement: 15843
@!@!@ENDMSG 2221 @!@!@
@!@!@STARTMSG 2221:0 @!@!@
  |line 154, col 25 to line 154, col 32 of module black_channel_corrupted_acknowledgement: 11029
@!@!@ENDMSG 2221 @!@!@
@!@!@STARTMSG 2221:0 @!@!@
  line 155, col 28 to line 155, col 73 of module black_channel_corrupted_acknowledgement: 4814
@!@!@ENDMSG 2221 @!@!@
@!@!@STARTMSG 2221:0 @!@!@
  line 156, col 31 to line 156, col 72 of module black_channel_corrupted_acknowledgement: 3888
@!@!@ENDMSG 2221 @!@!@
@!@!@STARTMSG 2221:0 @!@!@
  |line 156, col 31 to line 156, col 50 of module black_channel_corrupted_acknowledgement: 4814
@!@!@ENDMSG 2221 @!@!@
@!@!@STARTMSG 2221:0 @!@!@
  |line 156, col 54 to line 156, col 72 of module black_channel_corrupted_acknowledgement: 4814
@!@!@ENDMSG 2221 @!@!@
@!@!@STARTMSG 2221:0 @!@!@
  line 156, col 77 to line 156, col 119 of module black_channel_corrupted_acknowledgement: 3888
@!@!@ENDMSG 2221 @!@!@
@!@!@STARTMSG 2221:0 @!@!@
  |line 156, col 77 to line 156, col 97 of module black_channel_corrupted_acknowledgement: 4631
@!@!@ENDMSG 2221 @!@!@
@!@!@STARTMSG 2221:0 @!@!@
  |line 156, col 102 to line 156, col 119 of module black_channel_corrupted_acknowledgement: 4631
@!@!@ENDMSG 2221 @!@!@
@!@!@STARTMSG 2221:0 @!@!@
  line 157, col 31 to line 157, col 71 of module black_channel_corrupted_acknowledgement: 3888
@!@!@ENDMSG 2221 @!@!@
@!@!@STARTMSG 2221:0 @!@!@
  line 158, col 31 to line 158, col 58 of module black_channel_corrupted_acknowledgement: 955
@!@!@ENDMSG 2221 @!@!@
@!@!@STARTMSG 2221:0 @!@!@
  |line 158, col 31 to line 158, col 54 of module black_channel_corrupted_acknowledgement: 4814
@!@!@ENDMSG 2221 @!@!@
@!@!@STARTMSG 2221:0 @!@!@
  line 159, col 31 to line 159, col 78 of module black_channel_corrupted_acknowledgement: 955
@!@!@ENDMSG 2221 @!@!@
@!@!@STARTMSG 2221:0 @!@!@
  line 160, col 25 to line 166, col 52 of module black_channel_corrupted_acknowledgement: 9657
@!@!@ENDMSG 2221 @!@!@
@!@!@STARTMSG 2772:0 @!@!@
<CreateMessage line 168, col 1 to line 168, col 19 of module black_channel_corrupted_acknowledgement>: 1210:6200
@!@!@ENDMSG 2772 @!@!@
@!@!@STARTMSG 2221:0 @!@!@
  line 168, col 27 to line 168, col 52 of module black_channel_corrupted_acknowledgement: 14124
@!@!@ENDMSG 2221 @!@!@
@!@!@STARTMSG 2221:0 @!@!@
  |line 168, col 27 to line 168, col 34 of module black_channel_corrupted_acknowledgement: 11024
@!@!@ENDMSG 2221 @!@!@
@!@!@STARTMSG 2221:0 @!@!@
  line 169, col 27 to line 169, col 74 of module black_channel_corrupted_acknowledgement: 3100
@!@!@ENDMSG 2221 @!@!@
@!@!@STARTMSG 2221:0 @!@!@
  line 171, col 29 to line 173, col 78 of module black_channel_corrupted_acknowledgement: 6200
@!@!@ENDMSG 2221 @!@!@
@!@!@STARTMSG 2221:0 @!@!@
  line 170, col 36 to line 170, col 38 of module black_channel_corrupted_acknowledgement: 3100
@!@!@ENDMSG 2221 @!@!@
@!@!@STARTMSG 2221:0 @!@!@
  line 174, col 27 to line 174, col 67 of module black_channel_corrupted_acknowledgement: 6200
@!@!@ENDMSG 2221 @!@!@
@!@!@STARTMSG 2221:0 @!@!@
  line 175, col 27 to line 179, col 71 of module black_channel_corrupted_acknowledgement: 6200
@!@!@ENDMSG 2221 @!@!@
@!@!@STARTMSG 2772:0 @!@!@
<SendMessage line 181, col 1 to line 181, col 17 of module black_channel_corrupted_acknowledgement>: 399:2481
@!@!@ENDMSG 2772 @!@!@
@!@!@STARTMSG 2221:0 @!@!@
  line 181, col 25 to line 181, col 48 of module black_channel_corrupted_acknowledgement: 13503
@!@!@ENDMSG 2221 @!@!@
@!@!@STARTMSG 2221:0 @!@!@
  |line 181, col 25 to line 181, col 32 of module black_channel_corrupted_acknowledgement: 11022
@!@!@ENDMSG 2221 @!@!@
@!@!@STARTMSG 2221:0 @!@!@
  line 182, col 25 to line 182, col 104 of module black_channel_corrupted_acknowledgement: 2481
@!@!@ENDMSG 2221 @!@!@
@!@!@STARTMSG 2221:0 @!@!@
  line 183, col 25 to line 183, col 74 of module black_channel_corrupted_acknowledgement: 2481
@!@!@ENDMSG 2221 @!@!@
@!@!@STARTMSG 2221:0 @!@!@
  line 184, col 25 to line 184, col 65 of module black_channel_corrupted_acknowledgement: 2481
@!@!@ENDMSG 2221 @!@!@
@!@!@STARTMSG 2221:0 @!@!@
  line 185, col 25 to line 189, col 69 of module black_channel_corrupted_acknowledgement: 2481
@!@!@ENDMSG 2221 @!@!@
@!@!@STARTMSG 2772:0 @!@!@
<AcknowledgeMessage line 191, col 1 to line 191, col 24 of module black_channel_corrupted_acknowledgement>: 314:580
@!@!@ENDMSG 2772 @!@!@
@!@!@STARTMSG 2221:0 @!@!@
  line 191, col 32 to line 191, col 62 of module black_channel_corrupted_acknowledgement: 11600
@!@!@ENDMSG 2221 @!@!@
@!@!@STARTMSG 2221:0 @!@!@
  |line 191, col 32 to line 191, col 39 of module black_channel_corrupted_acknowledgement: 11020
@!@!@ENDMSG 2221 @!@!@
@!@!@STARTMSG 2221:0 @!@!@
  line 192, col 32 to line 192, col 58 of module black_channel_corrupted_acknowledgement: 580
@!@!@ENDMSG 2221 @!@!@
@!@!@STARTMSG 2221:0 @!@!@
  |line 192, col 32 to line 192, col 54 of module black_channel_corrupted_acknowledgement: 634
@!@!@ENDMSG 2221 @!@!@
@!@!@STARTMSG 2221:0 @!@!@
  line 193, col 32 to line 193, col 118 of module black_channel_corrupted_acknowledgement: 580
@!@!@ENDMSG 2221 @!@!@
@!@!@STARTMSG 2221:0 @!@!@
  line 194, col 32 to line 194, col 78 of module black_channel_corrupted_acknowledgement: 580
@!@!@ENDMSG 2221 @!@!@
@!@!@STARTMSG 2221:0 @!@!@
  line 195, col 36 to line 195, col 93 of module black_channel_corrupted_acknowledgement: 580
@!@!@ENDMSG 2221 @!@!@
@!@!@STARTMSG 2221:0 @!@!@
  line 196, col 43 to line 196, col 92 of module black_channel_corrupted_acknowledgement: 0
@!@!@ENDMSG 2221 @!@!@
@!@!@STARTMSG 2221:0 @!@!@
  line 197, col 43 to line 197, col 123 of module black_channel_corrupted_acknowledgement: 0
@!@!@ENDMSG 2221 @!@!@
@!@!@STARTMSG 2221:0 @!@!@
  line 198, col 43 to line 198, col 46 of module black_channel_corrupted_acknowledgement: 580
@!@!@ENDMSG 2221 @!@!@
@!@!@STARTMSG 2221:0 @!@!@
  line 199, col 43 to line 200, col 78 of module black_channel_corrupted_acknowledgement: 580
@!@!@ENDMSG 2221 @!@!@
@!@!@STARTMSG 2221:0 @!@!@
  line 201, col 32 to line 201, col 72 of module black_channel_corrupted_acknowledgement: 580
@!@!@ENDMSG 2221 @!@!@
@!@!@STARTMSG 2221:0 @!@!@
  line 202, col 32 to line 206, col 59 of module black_channel_corrupted_acknowledgement: 580
@!@!@ENDMSG 2221 @!@!@
@!@!@STARTMSG 2772:0 @!@!@
<startReceiver line 211, col 1 to line 211, col 19 of module black_channel_corrupted_acknowledgement>: 4540:8279
@!@!@ENDMSG 2772 @!@!@
@!@!@STARTMSG 2221:0 @!@!@
  line 211, col 27 to line 211, col 52 of module black_channel_corrupted_acknowledgement: 16483
@!@!@ENDMSG 2221 @!@!@
@!@!@STARTMSG 2221:0 @!@!@
  |line 211, col 27 to line 211, col 34 of module black_channel_corrupted_acknowledgement: 11020
@!@!@ENDMSG 2221 @!@!@
@!@!@STARTMSG 2221:0 @!@!@
  line 212, col 33 to line 212, col 56 of module black_channel_corrupted_acknowledgement: 2816
@!@!@ENDMSG 2221 @!@!@
@!@!@STARTMSG 2221:0 @!@!@
  |line 212, col 33 to line 212, col 52 of module black_channel_corrupted_acknowledgement: 5463
@!@!@ENDMSG 2221 @!@!@
@!@!@STARTMSG 2221:0 @!@!@
  line 213, col 33 to line 213, col 76 of module black_channel_corrupted_acknowledgement: 2816
@!@!@ENDMSG 2221 @!@!@
@!@!@STARTMSG 2221:0 @!@!@
  line 214, col 30 to line 214, col 83 of module black_channel_corrupted_acknowledgement: 5463
@!@!@ENDMSG 2221 @!@!@
@!@!@STARTMSG 2221:0 @!@!@
  line 215, col 27 to line 221, col 71 of module black_channel_corrupted_acknowledgement: 8279
@!@!@ENDMSG 2221 @!@!@
@!@!@STARTMSG 2772:0 @!@!@
<ReceiveMessage line 223, col 1 to line 223, col 20 of module black_channel_corrupted_acknowledgement>: 1348:1767
@!@!@ENDMSG 2772 @!@!@
@!@!@STARTMSG 2221:0 @!@!@
  line 223, col 28 to line 223, col 54 of module black_channel_corrupted_acknowledgement: 12784
@!@!@ENDMSG 2221 @!@!@
@!@!@STARTMSG 2221:0 @!@!@
  |line 223, col 28 to line 223, col 35 of module black_channel_corrupted_acknowledgement: 11017
@!@!@ENDMSG 2221 @!@!@
@!@!@STARTMSG 2221:0 @!@!@
  line 224, col 28 to line 224, col 50 of module black_channel_corrupted_acknowledgement: 1767
@!@!@ENDMSG 2221 @!@!@
@!@!@STARTMSG 2221:0 @!@!@
  |line 224, col 28 to line 224, col 46 of module black_channel_corrupted_acknowledgement: 2082
@!@!@ENDMSG 2221 @!@!@
@!@!@STARTMSG 2221:0 @!@!@
  line 225, col 28 to line 225, col 102 of module black_channel_corrupted_acknowledgement: 1767
@!@!@ENDMSG 2221 @!@!@
@!@!@STARTMSG 2221:0 @!@!@
  line 226, col 28 to line 226, col 66 of module black_channel_corrupted_acknowledgement: 1767
@!@!@ENDMSG 2221 @!@!@
@!@!@STARTMSG 2221:0 @!@!@
  line 227, col 28 to line 227, col 100 of module black_channel_corrupted_acknowledgement: 1767
@!@!@ENDMSG 2221 @!@!@
@!@!@STARTMSG 2221:0 @!@!@
  line 228, col 28 to line 228, col 70 of module black_channel_corrupted_acknowledgement: 1767
@!@!@ENDMSG 2221 @!@!@
@!@!@STARTMSG 2221:0 @!@!@
  line 229, col 28 to line 234, col 55 of module black_channel_corrupted_acknowledgement: 1767
@!@!@ENDMSG 2221 @!@!@
@!@!@STARTMSG 2772:0 @!@!@
<RemoveAcknowledgement line 236, col 1 to line 236, col 27 of module black_channel_corrupted_acknowledgement>: 1226:1767
@!@!@ENDMSG 2772 @!@!@
@!@!@STARTMSG 2221:0 @!@!@
  line 236, col 35 to line 236, col 68 of module black_channel_corrupted_acknowledgement: 12783
@!@!@ENDMSG 2221 @!@!@
@!@!@STARTMSG 2221:0 @!@!@
  |line 236, col 35 to line 236, col 42 of module black_channel_corrupted_acknowledgement: 11016
@!@!@ENDMSG 2221 @!@!@
@!@!@STARTMSG 2221:0 @!@!@
  line 237, col 35 to line 237, col 58 of module black_channel_corrupted_acknowledgement: 1767
@!@!@ENDMSG 2221 @!@!@
@!@!@STARTMSG 2221:0 @!@!@
  |line 237, col 35 to line 237, col 54 of module black_channel_corrupted_acknowledgement: 3475
@!@!@ENDMSG 2221 @!@!@
@!@!@STARTMSG 2221:0 @!@!@
  line 238, col 35 to line 238, col 116 of module black_channel_corrupted_acknowledgement: 1767
@!@!@ENDMSG 2221 @!@!@
@!@!@STARTMSG 2221:0 @!@!@
  line 239, col 35 to line 239, col 76 of module black_channel_corrupted_acknowledgement: 1767
@!@!@ENDMSG 2221 @!@!@
@!@!@STARTMSG 2221:0 @!@!@
  line 240, col 35 to line 240, col 77 of module black_channel_corrupted_acknowledgement: 1767
@!@!@ENDMSG 2221 @!@!@
@!@!@STARTMSG 2221:0 @!@!@
  line 241, col 35 to line 248, col 62 of module black_channel_corrupted_acknowledgement: 1767
@!@!@ENDMSG 2221 @!@!@
@!@!@STARTMSG 2772:0 @!@!@
<startMessageCorrupter line 253, col 1 to line 253, col 27 of module black_channel_corrupted_acknowledgement>: 2617:3896
@!@!@ENDMSG 2772 @!@!@
@!@!@STARTMSG 2221:0 @!@!@
  line 253, col 35 to line 253, col 68 of module black_channel_corrupted_acknowledgement: 14911
@!@!@ENDMSG 2221 @!@!@
@!@!@STARTMSG 2221:0 @!@!@
  |line 253, col 35 to line 253, col 42 of module black_channel_corrupted_acknowledgement: 11015
@!@!@ENDMSG 2221 @!@!@
@!@!@STARTMSG 2221:0 @!@!@
  line 254, col 35 to line 254, col 58 of module black_channel_corrupted_acknowledgement: 3896
@!@!@ENDMSG 2221 @!@!@
@!@!@STARTMSG 2221:0 @!@!@
  |line 254, col 35 to line 254, col 54 of module black_channel_corrupted_acknowledgement: 7749
@!@!@ENDMSG 2221 @!@!@
@!@!@STARTMSG 2221:0 @!@!@
  line 255, col 35 to line 255, col 77 of module black_channel_corrupted_acknowledgement: 3896
@!@!@ENDMSG 2221 @!@!@
@!@!@STARTMSG 2221:0 @!@!@
  line 256, col 35 to line 265, col 62 of module black_channel_corrupted_acknowledgement: 3896
@!@!@ENDMSG 2221 @!@!@
@!@!@STARTMSG 2772:0 @!@!@
<RemoveMessage line 267, col 1 to line 267, col 19 of module black_channel_corrupted_acknowledgement>: 2570:3266
@!@!@ENDMSG 2772 @!@!@
@!@!@STARTMSG 2221:0 @!@!@
  line 267, col 27 to line 267, col 52 of module black_channel_corrupted_acknowledgement: 14280
@!@!@ENDMSG 2221 @!@!@
@!@!@STARTMSG 2221:0 @!@!@
  |line 267, col 27 to line 267, col 34 of module black_channel_corrupted_acknowledgement: 11014
@!@!@ENDMSG 2221 @!@!@
@!@!@STARTMSG 2221:0 @!@!@
  line 268, col 27 to line 268, col 96 of module black_channel_corrupted_acknowledgement: 3266
@!@!@ENDMSG 2221 @!@!@
@!@!@STARTMSG 2221:0 @!@!@
  |line 268, col 45 to line 268, col 96 of module black_channel_corrupted_acknowledgement: 3266
@!@!@ENDMSG 2221 @!@!@
@!@!@STARTMSG 2775:0 @!@!@
  ||line 6, col 21 to line 10, col 37 of module black_channel_corrupted_acknowledgement: 3266:2664
@!@!@ENDMSG 2775 @!@!@
@!@!@STARTMSG 2221:0 @!@!@
  ||line 268, col 53 to line 268, col 79 of module black_channel_corrupted_acknowledgement: 640
@!@!@ENDMSG 2221 @!@!@
@!@!@STARTMSG 2221:0 @!@!@
  ||line 268, col 82 to line 268, col 95 of module black_channel_corrupted_acknowledgement: 3266
@!@!@ENDMSG 2221 @!@!@
@!@!@STARTMSG 2221:0 @!@!@
  line 269, col 27 to line 269, col 68 of module black_channel_corrupted_acknowledgement: 3266
@!@!@ENDMSG 2221 @!@!@
@!@!@STARTMSG 2221:0 @!@!@
  line 270, col 27 to line 270, col 77 of module black_channel_corrupted_acknowledgement: 3266
@!@!@ENDMSG 2221 @!@!@
@!@!@STARTMSG 2221:0 @!@!@
  line 271, col 27 to line 276, col 54 of module black_channel_corrupted_acknowledgement: 3266
@!@!@ENDMSG 2221 @!@!@
@!@!@STARTMSG 2202:0 @!@!@
End of statistics.
@!@!@ENDMSG 2202 @!@!@
@!@!@STARTMSG 2200:0 @!@!@
Progress(18) at 2022-03-24 19:38:11: 37.862 states generated (894.730 s/min), 17.154 distinct states found (405.372 ds/min), 6.141 states left on queue.
@!@!@ENDMSG 2200 @!@!@
@!@!@STARTMSG 2199:0 @!@!@
37862 states generated, 17154 distinct states found, 6141 states left on queue.
@!@!@ENDMSG 2199 @!@!@
@!@!@STARTMSG 2194:0 @!@!@
The depth of the complete state graph search is 18.
@!@!@ENDMSG 2194 @!@!@
@!@!@STARTMSG 2268:0 @!@!@
The average outdegree of the complete state graph is 2 (minimum is 0, the maximum 6 and the 95th percentile is 4).
@!@!@ENDMSG 2268 @!@!@
@!@!@STARTMSG 2186:0 @!@!@
Finished in 2557ms at (2022-03-24 19:38:11)
@!@!@ENDMSG 2186 @!@!@
