@!@!@STARTMSG 2262:0 @!@!@
TLC2 Version 2.16 of 31 December 2020 (rev: cdddf55)
@!@!@ENDMSG 2262 @!@!@
@!@!@STARTMSG 2187:0 @!@!@
Running breadth-first search Model-Checking with fp 120 and seed -7809514282461751370 with 5 workers on 10 cores with 2428MB heap and 5460MB offheap memory [pid: 12515] (Mac OS X 10.16 x86_64, AdoptOpenJDK 14.0.1 x86_64, OffHeapDiskFPSet, DiskStateQueue).
@!@!@ENDMSG 2187 @!@!@
@!@!@STARTMSG 2220:0 @!@!@
Starting SANY...
@!@!@ENDMSG 2220 @!@!@
Parsing file /Users/dirk-janswagerman/Projects/TLA+/tlaplus/5_vending_machine_datastructure.toolbox/Model_1/MC.tla
Parsing file /Users/dirk-janswagerman/Projects/TLA+/tlaplus/5_vending_machine_datastructure.toolbox/Model_1/5_vending_machine_datastructure.tla
Parsing file /private/var/folders/sy/rhv1w43j3bscfpls8nxgbl1m0000gn/T/AppTranslocation/4ED877E4-CC96-4556-85BE-99F87D06BC29/d/TLA+ Toolbox.app/Contents/Eclipse/plugins/org.lamport.tlatools_1.0.0.202012311918/tla2sany/StandardModules/TLC.tla
Parsing file /private/var/folders/sy/rhv1w43j3bscfpls8nxgbl1m0000gn/T/AppTranslocation/4ED877E4-CC96-4556-85BE-99F87D06BC29/d/TLA+ Toolbox.app/Contents/Eclipse/plugins/org.lamport.tlatools_1.0.0.202012311918/tla2sany/StandardModules/Naturals.tla
Parsing file /private/var/folders/sy/rhv1w43j3bscfpls8nxgbl1m0000gn/T/AppTranslocation/4ED877E4-CC96-4556-85BE-99F87D06BC29/d/TLA+ Toolbox.app/Contents/Eclipse/plugins/org.lamport.tlatools_1.0.0.202012311918/tla2sany/StandardModules/Sequences.tla
Parsing file /private/var/folders/sy/rhv1w43j3bscfpls8nxgbl1m0000gn/T/AppTranslocation/4ED877E4-CC96-4556-85BE-99F87D06BC29/d/TLA+ Toolbox.app/Contents/Eclipse/plugins/org.lamport.tlatools_1.0.0.202012311918/tla2sany/StandardModules/FiniteSets.tla
Semantic processing of module Naturals
Semantic processing of module Sequences
Semantic processing of module FiniteSets
Semantic processing of module TLC
Semantic processing of module 5_vending_machine_datastructure
Semantic processing of module MC
@!@!@STARTMSG 2219:0 @!@!@
SANY finished.
@!@!@ENDMSG 2219 @!@!@
@!@!@STARTMSG 2185:0 @!@!@
Starting... (2022-05-17 08:14:00)
@!@!@ENDMSG 2185 @!@!@
@!@!@STARTMSG 2189:0 @!@!@
Computing initial states...
@!@!@ENDMSG 2189 @!@!@
@!@!@STARTMSG 2190:0 @!@!@
Finished computing initial states: 1 distinct state generated at 2022-05-17 08:14:01.
@!@!@ENDMSG 2190 @!@!@
[saffron_sky |-> 150, desert_white |-> 175, ocean_blue |-> 100]
{25, 50, 100}
(25 :> 1 @@ 50 :> 1 @@ 100 :> 1)
@!@!@STARTMSG 2109:1 @!@!@
Successor state is not completely specified by the next-state action. The following variables are not assigned: cointypes, products, wallet.

@!@!@ENDMSG 2109 @!@!@
@!@!@STARTMSG 2121:1 @!@!@
The behavior up to this point is:
@!@!@ENDMSG 2121 @!@!@
@!@!@STARTMSG 2217:4 @!@!@
1: <Initial predicate>
/\ products = [saffron_sky |-> 150, desert_white |-> 175, ocean_blue |-> 100]
/\ wallet = (25 :> 1 @@ 50 :> 1 @@ 100 :> 1)
/\ cointypes = {25, 50, 100}

@!@!@ENDMSG 2217 @!@!@
[saffron_sky |-> 150, desert_white |-> 175, ocean_blue |-> 100]
{25, 50, 100}
(25 :> 1 @@ 50 :> 1 @@ 100 :> 1)
@!@!@STARTMSG 2217:4 @!@!@
2: <Next line 16, col 13 to line 18, col 30 of module 5_vending_machine_datastructure>
/\ products = null
/\ wallet = null
/\ cointypes = null

@!@!@ENDMSG 2217 @!@!@
@!@!@STARTMSG 2201:0 @!@!@
The coverage statistics at 2022-05-17 08:14:01
@!@!@ENDMSG 2201 @!@!@
@!@!@STARTMSG 2773:0 @!@!@
<Init line 10, col 1 to line 10, col 4 of module 5_vending_machine_datastructure>: 1:1
@!@!@ENDMSG 2773 @!@!@
@!@!@STARTMSG 2221:0 @!@!@
  line 11, col 16 to line 11, col 89 of module 5_vending_machine_datastructure: 1
@!@!@ENDMSG 2221 @!@!@
@!@!@STARTMSG 2221:0 @!@!@
  line 12, col 16 to line 12, col 38 of module 5_vending_machine_datastructure: 1
@!@!@ENDMSG 2221 @!@!@
@!@!@STARTMSG 2221:0 @!@!@
  line 13, col 16 to line 13, col 94 of module 5_vending_machine_datastructure: 1
@!@!@ENDMSG 2221 @!@!@
@!@!@STARTMSG 2221:0 @!@!@
  |line 13, col 25 to line 13, col 94 of module 5_vending_machine_datastructure: 1
@!@!@ENDMSG 2221 @!@!@
@!@!@STARTMSG 2221:0 @!@!@
  ||line 13, col 60 to line 13, col 94 of module 5_vending_machine_datastructure: 32
@!@!@ENDMSG 2221 @!@!@
@!@!@STARTMSG 2221:0 @!@!@
  |||line 13, col 84 to line 13, col 94 of module 5_vending_machine_datastructure: 41
@!@!@ENDMSG 2221 @!@!@
@!@!@STARTMSG 2221:0 @!@!@
  |||line 13, col 72 to line 13, col 80 of module 5_vending_machine_datastructure: 32
@!@!@ENDMSG 2221 @!@!@
@!@!@STARTMSG 2775:0 @!@!@
  ||line 13, col 38 to line 13, col 56 of module 5_vending_machine_datastructure: 1:532
@!@!@ENDMSG 2775 @!@!@
@!@!@STARTMSG 2772:0 @!@!@
<Next line 15, col 1 to line 15, col 4 of module 5_vending_machine_datastructure>: 0:2
@!@!@ENDMSG 2772 @!@!@
@!@!@STARTMSG 2221:0 @!@!@
  line 16, col 16 to line 16, col 32 of module 5_vending_machine_datastructure: 1
@!@!@ENDMSG 2221 @!@!@
@!@!@STARTMSG 2221:0 @!@!@
  |line 16, col 24 to line 16, col 31 of module 5_vending_machine_datastructure: 2
@!@!@ENDMSG 2221 @!@!@
@!@!@STARTMSG 2221:0 @!@!@
  line 17, col 16 to line 17, col 33 of module 5_vending_machine_datastructure: 1
@!@!@ENDMSG 2221 @!@!@
@!@!@STARTMSG 2221:0 @!@!@
  |line 17, col 24 to line 17, col 32 of module 5_vending_machine_datastructure: 2
@!@!@ENDMSG 2221 @!@!@
@!@!@STARTMSG 2221:0 @!@!@
  line 18, col 16 to line 18, col 30 of module 5_vending_machine_datastructure: 1
@!@!@ENDMSG 2221 @!@!@
@!@!@STARTMSG 2221:0 @!@!@
  |line 18, col 24 to line 18, col 29 of module 5_vending_machine_datastructure: 2
@!@!@ENDMSG 2221 @!@!@
@!@!@STARTMSG 2202:0 @!@!@
End of statistics.
@!@!@ENDMSG 2202 @!@!@
@!@!@STARTMSG 2200:0 @!@!@
Progress(1) at 2022-05-17 08:14:01: 2 states generated (62 s/min), 1 distinct states found (31 ds/min), 0 states left on queue.
@!@!@ENDMSG 2200 @!@!@
@!@!@STARTMSG 2199:0 @!@!@
2 states generated, 1 distinct states found, 0 states left on queue.
@!@!@ENDMSG 2199 @!@!@
@!@!@STARTMSG 2194:0 @!@!@
The depth of the complete state graph search is 1.
@!@!@ENDMSG 2194 @!@!@
@!@!@STARTMSG 2186:0 @!@!@
Finished in 1940ms at (2022-05-17 08:14:01)
@!@!@ENDMSG 2186 @!@!@
