@!@!@STARTMSG 2262:0 @!@!@
TLC2 Version 2.16 of 31 December 2020 (rev: cdddf55)
@!@!@ENDMSG 2262 @!@!@
@!@!@STARTMSG 2187:0 @!@!@
Running breadth-first search Model-Checking with fp 67 and seed -8233657638514278342 with 5 workers on 10 cores with 2428MB heap and 5460MB offheap memory [pid: 1852] (Mac OS X 10.16 x86_64, AdoptOpenJDK 14.0.1 x86_64, OffHeapDiskFPSet, DiskStateQueue).
@!@!@ENDMSG 2187 @!@!@
@!@!@STARTMSG 2220:0 @!@!@
Starting SANY...
@!@!@ENDMSG 2220 @!@!@
Parsing file /Users/dirk-janswagerman/Projects/TLA+/tlaplus/13_deliver_products_finalspec.toolbox/Model_1/MC.tla
Parsing file /Users/dirk-janswagerman/Projects/TLA+/tlaplus/13_deliver_products_finalspec.toolbox/Model_1/13_deliver_products_finalspec.tla
Parsing file /private/var/folders/sy/rhv1w43j3bscfpls8nxgbl1m0000gn/T/AppTranslocation/9C9A1684-5D4E-493A-B117-5DC00FD82CF9/d/TLA+ Toolbox.app/Contents/Eclipse/plugins/org.lamport.tlatools_1.0.0.202012311918/tla2sany/StandardModules/TLC.tla
Parsing file /private/var/folders/sy/rhv1w43j3bscfpls8nxgbl1m0000gn/T/AppTranslocation/9C9A1684-5D4E-493A-B117-5DC00FD82CF9/d/TLA+ Toolbox.app/Contents/Eclipse/plugins/org.lamport.tlatools_1.0.0.202012311918/tla2sany/StandardModules/Naturals.tla
Parsing file /private/var/folders/sy/rhv1w43j3bscfpls8nxgbl1m0000gn/T/AppTranslocation/9C9A1684-5D4E-493A-B117-5DC00FD82CF9/d/TLA+ Toolbox.app/Contents/Eclipse/plugins/org.lamport.tlatools_1.0.0.202012311918/tla2sany/StandardModules/Sequences.tla
Parsing file /private/var/folders/sy/rhv1w43j3bscfpls8nxgbl1m0000gn/T/AppTranslocation/9C9A1684-5D4E-493A-B117-5DC00FD82CF9/d/TLA+ Toolbox.app/Contents/Eclipse/plugins/org.lamport.tlatools_1.0.0.202012311918/tla2sany/StandardModules/FiniteSets.tla
Semantic processing of module Naturals
Semantic processing of module Sequences
Semantic processing of module FiniteSets
Semantic processing of module TLC
Semantic processing of module 13_deliver_products_finalspec
Semantic processing of module MC
@!@!@STARTMSG 2219:0 @!@!@
SANY finished.
@!@!@ENDMSG 2219 @!@!@
@!@!@STARTMSG 2185:0 @!@!@
Starting... (2022-05-17 16:00:41)
@!@!@ENDMSG 2185 @!@!@
@!@!@STARTMSG 2189:0 @!@!@
Computing initial states...
@!@!@ENDMSG 2189 @!@!@
@!@!@STARTMSG 2190:0 @!@!@
Finished computing initial states: 1 distinct state generated at 2022-05-17 16:00:42.
@!@!@ENDMSG 2190 @!@!@
@!@!@STARTMSG 2200:0 @!@!@
Progress(9) at 2022-05-17 16:00:45: 13.465 states generated (13.465 s/min), 568 distinct states found (568 ds/min), 256 states left on queue.
@!@!@ENDMSG 2200 @!@!@
@!@!@STARTMSG 2110:1 @!@!@
Invariant inv_1652796039918382000 is violated.
@!@!@ENDMSG 2110 @!@!@
@!@!@STARTMSG 2121:1 @!@!@
The behavior up to this point is:
@!@!@ENDMSG 2121 @!@!@
@!@!@STARTMSG 2217:4 @!@!@
1: <Initial predicate>
/\ state = "operational"
/\ vending_machines = [v1 |-> [assets |-> [product |-> [saffron_sky |-> 2, desert_white |-> 2, ocean_blue |-> 2], credit |-> (25 :> 0 @@ 50 :> 0 @@ 100 :> 0), bank |-> (25 :> 0 @@ 50 :> 0 @@ 100 :> 0)]]]
/\ selected_product = ""
/\ customers = [c1 |-> [assets |-> [product |-> [saffron_sky |-> 0, desert_white |-> 0, ocean_blue |-> 0], credit |-> (25 :> 2 @@ 50 :> 3 @@ 100 :> 8), bank |-> (25 :> 0 @@ 50 :> 0 @@ 100 :> 0)]]]

@!@!@ENDMSG 2217 @!@!@
@!@!@STARTMSG 2217:4 @!@!@
2: <InsertCredit line 63, col 33 to line 65, col 72 of module 13_deliver_products_finalspec>
/\ state = "operational"
/\ vending_machines = [v1 |-> [assets |-> [product |-> [saffron_sky |-> 2, desert_white |-> 2, ocean_blue |-> 2], credit |-> (25 :> 0 @@ 50 :> 0 @@ 100 :> 1), bank |-> (25 :> 0 @@ 50 :> 0 @@ 100 :> 0)]]]
/\ selected_product = ""
/\ customers = [c1 |-> [assets |-> [product |-> [saffron_sky |-> 0, desert_white |-> 0, ocean_blue |-> 0], credit |-> (25 :> 2 @@ 50 :> 3 @@ 100 :> 7), bank |-> (25 :> 0 @@ 50 :> 0 @@ 100 :> 0)]]]

@!@!@ENDMSG 2217 @!@!@
@!@!@STARTMSG 2217:4 @!@!@
3: <InsertCredit line 63, col 33 to line 65, col 72 of module 13_deliver_products_finalspec>
/\ state = "operational"
/\ vending_machines = [v1 |-> [assets |-> [product |-> [saffron_sky |-> 2, desert_white |-> 2, ocean_blue |-> 2], credit |-> (25 :> 0 @@ 50 :> 0 @@ 100 :> 2), bank |-> (25 :> 0 @@ 50 :> 0 @@ 100 :> 0)]]]
/\ selected_product = ""
/\ customers = [c1 |-> [assets |-> [product |-> [saffron_sky |-> 0, desert_white |-> 0, ocean_blue |-> 0], credit |-> (25 :> 2 @@ 50 :> 3 @@ 100 :> 6), bank |-> (25 :> 0 @@ 50 :> 0 @@ 100 :> 0)]]]

@!@!@ENDMSG 2217 @!@!@
@!@!@STARTMSG 2217:4 @!@!@
4: <InsertCredit line 63, col 33 to line 65, col 72 of module 13_deliver_products_finalspec>
/\ state = "operational"
/\ vending_machines = [v1 |-> [assets |-> [product |-> [saffron_sky |-> 2, desert_white |-> 2, ocean_blue |-> 2], credit |-> (25 :> 0 @@ 50 :> 0 @@ 100 :> 3), bank |-> (25 :> 0 @@ 50 :> 0 @@ 100 :> 0)]]]
/\ selected_product = ""
/\ customers = [c1 |-> [assets |-> [product |-> [saffron_sky |-> 0, desert_white |-> 0, ocean_blue |-> 0], credit |-> (25 :> 2 @@ 50 :> 3 @@ 100 :> 5), bank |-> (25 :> 0 @@ 50 :> 0 @@ 100 :> 0)]]]

@!@!@ENDMSG 2217 @!@!@
@!@!@STARTMSG 2217:4 @!@!@
5: <SelectProduct line 107, col 37 to line 108, col 87 of module 13_deliver_products_finalspec>
/\ state = "operational"
/\ vending_machines = [v1 |-> [assets |-> [product |-> [saffron_sky |-> 2, desert_white |-> 2, ocean_blue |-> 2], credit |-> (25 :> 0 @@ 50 :> 0 @@ 100 :> 3), bank |-> (25 :> 0 @@ 50 :> 0 @@ 100 :> 0)]]]
/\ selected_product = "ocean_blue"
/\ customers = [c1 |-> [assets |-> [product |-> [saffron_sky |-> 0, desert_white |-> 0, ocean_blue |-> 0], credit |-> (25 :> 2 @@ 50 :> 3 @@ 100 :> 5), bank |-> (25 :> 0 @@ 50 :> 0 @@ 100 :> 0)]]]

@!@!@ENDMSG 2217 @!@!@
@!@!@STARTMSG 2217:4 @!@!@
6: <DeliverProduct line 161, col 36 to line 161, col 105 of module 13_deliver_products_finalspec>
/\ state = "operational"
/\ vending_machines = [v1 |-> [assets |-> [product |-> [saffron_sky |-> 2, desert_white |-> 2, ocean_blue |-> 1], credit |-> (25 :> 0 @@ 50 :> 0 @@ 100 :> 2), bank |-> (25 :> 0 @@ 50 :> 0 @@ 100 :> 1)]]]
/\ selected_product = ""
/\ customers = [c1 |-> [assets |-> [product |-> [saffron_sky |-> 0, desert_white |-> 0, ocean_blue |-> 1], credit |-> (25 :> 2 @@ 50 :> 3 @@ 100 :> 5), bank |-> (25 :> 0 @@ 50 :> 0 @@ 100 :> 0)]]]

@!@!@ENDMSG 2217 @!@!@
@!@!@STARTMSG 2217:4 @!@!@
7: <SelectProduct line 107, col 37 to line 108, col 87 of module 13_deliver_products_finalspec>
/\ state = "operational"
/\ vending_machines = [v1 |-> [assets |-> [product |-> [saffron_sky |-> 2, desert_white |-> 2, ocean_blue |-> 1], credit |-> (25 :> 0 @@ 50 :> 0 @@ 100 :> 2), bank |-> (25 :> 0 @@ 50 :> 0 @@ 100 :> 1)]]]
/\ selected_product = "ocean_blue"
/\ customers = [c1 |-> [assets |-> [product |-> [saffron_sky |-> 0, desert_white |-> 0, ocean_blue |-> 1], credit |-> (25 :> 2 @@ 50 :> 3 @@ 100 :> 5), bank |-> (25 :> 0 @@ 50 :> 0 @@ 100 :> 0)]]]

@!@!@ENDMSG 2217 @!@!@
@!@!@STARTMSG 2217:4 @!@!@
8: <DeliverProduct line 161, col 36 to line 161, col 105 of module 13_deliver_products_finalspec>
/\ state = "operational"
/\ vending_machines = [v1 |-> [assets |-> [product |-> [saffron_sky |-> 2, desert_white |-> 2, ocean_blue |-> 0], credit |-> (25 :> 0 @@ 50 :> 0 @@ 100 :> 1), bank |-> (25 :> 0 @@ 50 :> 0 @@ 100 :> 2)]]]
/\ selected_product = ""
/\ customers = [c1 |-> [assets |-> [product |-> [saffron_sky |-> 0, desert_white |-> 0, ocean_blue |-> 2], credit |-> (25 :> 2 @@ 50 :> 3 @@ 100 :> 5), bank |-> (25 :> 0 @@ 50 :> 0 @@ 100 :> 0)]]]

@!@!@ENDMSG 2217 @!@!@
@!@!@STARTMSG 2217:4 @!@!@
9: <SelectProduct line 107, col 37 to line 108, col 87 of module 13_deliver_products_finalspec>
/\ state = "operational"
/\ vending_machines = [v1 |-> [assets |-> [product |-> [saffron_sky |-> 2, desert_white |-> 2, ocean_blue |-> 0], credit |-> (25 :> 0 @@ 50 :> 0 @@ 100 :> 1), bank |-> (25 :> 0 @@ 50 :> 0 @@ 100 :> 2)]]]
/\ selected_product = "ocean_blue"
/\ customers = [c1 |-> [assets |-> [product |-> [saffron_sky |-> 0, desert_white |-> 0, ocean_blue |-> 2], credit |-> (25 :> 2 @@ 50 :> 3 @@ 100 :> 5), bank |-> (25 :> 0 @@ 50 :> 0 @@ 100 :> 0)]]]

@!@!@ENDMSG 2217 @!@!@
@!@!@STARTMSG 2217:4 @!@!@
10: <DeliverProduct line 161, col 36 to line 161, col 105 of module 13_deliver_products_finalspec>
/\ state = "operational"
/\ vending_machines = [v1 |-> [assets |-> [product |-> [saffron_sky |-> 2, desert_white |-> 2, ocean_blue |-> -1], credit |-> (25 :> 0 @@ 50 :> 0 @@ 100 :> 0), bank |-> (25 :> 0 @@ 50 :> 0 @@ 100 :> 3)]]]
/\ selected_product = ""
/\ customers = [c1 |-> [assets |-> [product |-> [saffron_sky |-> 0, desert_white |-> 0, ocean_blue |-> 3], credit |-> (25 :> 2 @@ 50 :> 3 @@ 100 :> 5), bank |-> (25 :> 0 @@ 50 :> 0 @@ 100 :> 0)]]]

@!@!@ENDMSG 2217 @!@!@
@!@!@STARTMSG 2201:0 @!@!@
The coverage statistics at 2022-05-17 16:00:52
@!@!@ENDMSG 2201 @!@!@
@!@!@STARTMSG 2773:0 @!@!@
<Init line 80, col 1 to line 80, col 4 of module 13_deliver_products_finalspec>: 2:2
@!@!@ENDMSG 2773 @!@!@
@!@!@STARTMSG 2221:0 @!@!@
  line 81, col 33 to line 104, col 56 of module 13_deliver_products_finalspec: 2
@!@!@ENDMSG 2221 @!@!@
@!@!@STARTMSG 2772:0 @!@!@
<InsertCredit line 62, col 1 to line 62, col 50 of module 13_deliver_products_finalspec>: 192:18651
@!@!@ENDMSG 2772 @!@!@
@!@!@STARTMSG 2221:0 @!@!@
  line 63, col 36 to line 63, col 57 of module 13_deliver_products_finalspec: 19793
@!@!@ENDMSG 2221 @!@!@
@!@!@STARTMSG 2221:0 @!@!@
  |line 63, col 36 to line 63, col 40 of module 13_deliver_products_finalspec: 11845
@!@!@ENDMSG 2221 @!@!@
@!@!@STARTMSG 2221:0 @!@!@
  line 56, col 36 to line 56, col 85 of module 13_deliver_products_finalspec: 18651
@!@!@ENDMSG 2221 @!@!@
@!@!@STARTMSG 2221:0 @!@!@
  |line 56, col 36 to line 56, col 81 of module 13_deliver_products_finalspec: 23844
@!@!@ENDMSG 2221 @!@!@
@!@!@STARTMSG 2221:0 @!@!@
  line 57, col 36 to line 57, col 98 of module 13_deliver_products_finalspec: 18651
@!@!@ENDMSG 2221 @!@!@
@!@!@STARTMSG 2221:0 @!@!@
  line 58, col 36 to line 58, col 120 of module 13_deliver_products_finalspec: 18651
@!@!@ENDMSG 2221 @!@!@
@!@!@STARTMSG 2221:0 @!@!@
  line 59, col 36 to line 59, col 120 of module 13_deliver_products_finalspec: 18651
@!@!@ENDMSG 2221 @!@!@
@!@!@STARTMSG 2221:0 @!@!@
  line 64, col 74 to line 64, col 82 of module 13_deliver_products_finalspec: 23844
@!@!@ENDMSG 2221 @!@!@
@!@!@STARTMSG 2221:0 @!@!@
  line 64, col 85 to line 64, col 100 of module 13_deliver_products_finalspec: 18651
@!@!@ENDMSG 2221 @!@!@
@!@!@STARTMSG 2221:0 @!@!@
  line 64, col 103 to line 64, col 115 of module 13_deliver_products_finalspec: 23844
@!@!@ENDMSG 2221 @!@!@
@!@!@STARTMSG 2221:0 @!@!@
  line 64, col 118 to line 64, col 137 of module 13_deliver_products_finalspec: 18651
@!@!@ENDMSG 2221 @!@!@
@!@!@STARTMSG 2221:0 @!@!@
  line 64, col 140 to line 64, col 143 of module 13_deliver_products_finalspec: 23844
@!@!@ENDMSG 2221 @!@!@
@!@!@STARTMSG 2221:0 @!@!@
  line 64, col 48 to line 64, col 56 of module 13_deliver_products_finalspec: 7948
@!@!@ENDMSG 2221 @!@!@
@!@!@STARTMSG 2221:0 @!@!@
  line 65, col 36 to line 65, col 72 of module 13_deliver_products_finalspec: 18651
@!@!@ENDMSG 2221 @!@!@
@!@!@STARTMSG 2772:0 @!@!@
<ReturnCredit line 68, col 1 to line 68, col 50 of module 13_deliver_products_finalspec (70 37 73 69)>: 118:20113
@!@!@ENDMSG 2772 @!@!@
@!@!@STARTMSG 2221:0 @!@!@
  line 70, col 40 to line 70, col 118 of module 13_deliver_products_finalspec: 10879
@!@!@ENDMSG 2221 @!@!@
@!@!@STARTMSG 2221:0 @!@!@
  |line 70, col 40 to line 70, col 114 of module 13_deliver_products_finalspec: 11842
@!@!@ENDMSG 2221 @!@!@
@!@!@STARTMSG 2221:0 @!@!@
  ||line 24, col 33 to line 25, col 125 of module 13_deliver_products_finalspec: 47368
@!@!@ENDMSG 2221 @!@!@
@!@!@STARTMSG 2221:0 @!@!@
  |||line 24, col 36 to line 24, col 42 of module 13_deliver_products_finalspec: 47368
@!@!@ENDMSG 2221 @!@!@
@!@!@STARTMSG 2221:0 @!@!@
  |||line 25, col 38 to line 25, col 125 of module 13_deliver_products_finalspec: 35526
@!@!@ENDMSG 2221 @!@!@
@!@!@STARTMSG 2221:0 @!@!@
  ||||line 25, col 38 to line 25, col 76 of module 13_deliver_products_finalspec: 35526
@!@!@ENDMSG 2221 @!@!@
@!@!@STARTMSG 2221:0 @!@!@
  ||||line 25, col 80 to line 25, col 125 of module 13_deliver_products_finalspec: 35526
@!@!@ENDMSG 2221 @!@!@
@!@!@STARTMSG 2221:0 @!@!@
  |||||line 25, col 91 to line 25, col 91 of module 13_deliver_products_finalspec: 23684
@!@!@ENDMSG 2221 @!@!@
@!@!@STARTMSG 2221:0 @!@!@
  |||||line 25, col 94 to line 25, col 124 of module 13_deliver_products_finalspec: 35526
@!@!@ENDMSG 2221 @!@!@
@!@!@STARTMSG 2221:0 @!@!@
  ||line 70, col 51 to line 70, col 102 of module 13_deliver_products_finalspec: 11842
@!@!@ENDMSG 2221 @!@!@
@!@!@STARTMSG 2221:0 @!@!@
  ||line 70, col 105 to line 70, col 113 of module 13_deliver_products_finalspec: 11842
@!@!@ENDMSG 2221 @!@!@
@!@!@STARTMSG 2221:0 @!@!@
  line 56, col 36 to line 56, col 85 of module 13_deliver_products_finalspec: 20113
@!@!@ENDMSG 2221 @!@!@
@!@!@STARTMSG 2221:0 @!@!@
  |line 56, col 36 to line 56, col 81 of module 13_deliver_products_finalspec: 32637
@!@!@ENDMSG 2221 @!@!@
@!@!@STARTMSG 2221:0 @!@!@
  line 57, col 36 to line 57, col 98 of module 13_deliver_products_finalspec: 20113
@!@!@ENDMSG 2221 @!@!@
@!@!@STARTMSG 2221:0 @!@!@
  line 58, col 36 to line 58, col 120 of module 13_deliver_products_finalspec: 20113
@!@!@ENDMSG 2221 @!@!@
@!@!@STARTMSG 2221:0 @!@!@
  line 59, col 36 to line 59, col 120 of module 13_deliver_products_finalspec: 20113
@!@!@ENDMSG 2221 @!@!@
@!@!@STARTMSG 2221:0 @!@!@
  line 71, col 78 to line 71, col 93 of module 13_deliver_products_finalspec: 32637
@!@!@ENDMSG 2221 @!@!@
@!@!@STARTMSG 2221:0 @!@!@
  line 71, col 96 to line 71, col 104 of module 13_deliver_products_finalspec: 20113
@!@!@ENDMSG 2221 @!@!@
@!@!@STARTMSG 2221:0 @!@!@
  line 71, col 107 to line 71, col 126 of module 13_deliver_products_finalspec: 32637
@!@!@ENDMSG 2221 @!@!@
@!@!@STARTMSG 2221:0 @!@!@
  line 71, col 129 to line 71, col 141 of module 13_deliver_products_finalspec: 20113
@!@!@ENDMSG 2221 @!@!@
@!@!@STARTMSG 2221:0 @!@!@
  line 71, col 144 to line 71, col 147 of module 13_deliver_products_finalspec: 32637
@!@!@ENDMSG 2221 @!@!@
@!@!@STARTMSG 2221:0 @!@!@
  line 71, col 52 to line 71, col 60 of module 13_deliver_products_finalspec: 10879
@!@!@ENDMSG 2221 @!@!@
@!@!@STARTMSG 2221:0 @!@!@
  line 72, col 40 to line 72, col 67 of module 13_deliver_products_finalspec: 20113
@!@!@ENDMSG 2221 @!@!@
@!@!@STARTMSG 2221:0 @!@!@
  line 73, col 40 to line 73, col 69 of module 13_deliver_products_finalspec: 20113
@!@!@ENDMSG 2221 @!@!@
@!@!@STARTMSG 2772:0 @!@!@
<ReturnCredit line 68, col 1 to line 68, col 50 of module 13_deliver_products_finalspec (75 37 78 98)>: 0:369
@!@!@ENDMSG 2772 @!@!@
@!@!@STARTMSG 2221:0 @!@!@
  line 75, col 40 to line 75, col 118 of module 13_deliver_products_finalspec: 12211
@!@!@ENDMSG 2221 @!@!@
@!@!@STARTMSG 2221:0 @!@!@
  |line 75, col 40 to line 75, col 114 of module 13_deliver_products_finalspec: 11842
@!@!@ENDMSG 2221 @!@!@
@!@!@STARTMSG 2221:0 @!@!@
  ||line 24, col 33 to line 25, col 125 of module 13_deliver_products_finalspec: 47368
@!@!@ENDMSG 2221 @!@!@
@!@!@STARTMSG 2221:0 @!@!@
  |||line 24, col 36 to line 24, col 42 of module 13_deliver_products_finalspec: 47368
@!@!@ENDMSG 2221 @!@!@
@!@!@STARTMSG 2221:0 @!@!@
  |||line 25, col 38 to line 25, col 125 of module 13_deliver_products_finalspec: 35526
@!@!@ENDMSG 2221 @!@!@
@!@!@STARTMSG 2221:0 @!@!@
  ||||line 25, col 38 to line 25, col 76 of module 13_deliver_products_finalspec: 35526
@!@!@ENDMSG 2221 @!@!@
@!@!@STARTMSG 2221:0 @!@!@
  ||||line 25, col 80 to line 25, col 125 of module 13_deliver_products_finalspec: 35526
@!@!@ENDMSG 2221 @!@!@
@!@!@STARTMSG 2221:0 @!@!@
  |||||line 25, col 91 to line 25, col 91 of module 13_deliver_products_finalspec: 23684
@!@!@ENDMSG 2221 @!@!@
@!@!@STARTMSG 2221:0 @!@!@
  |||||line 25, col 94 to line 25, col 124 of module 13_deliver_products_finalspec: 35526
@!@!@ENDMSG 2221 @!@!@
@!@!@STARTMSG 2221:0 @!@!@
  ||line 75, col 51 to line 75, col 102 of module 13_deliver_products_finalspec: 11842
@!@!@ENDMSG 2221 @!@!@
@!@!@STARTMSG 2221:0 @!@!@
  ||line 75, col 105 to line 75, col 113 of module 13_deliver_products_finalspec: 11842
@!@!@ENDMSG 2221 @!@!@
@!@!@STARTMSG 2221:0 @!@!@
  line 76, col 40 to line 76, col 65 of module 13_deliver_products_finalspec: 1332
@!@!@ENDMSG 2221 @!@!@
@!@!@STARTMSG 2221:0 @!@!@
  |line 76, col 40 to line 76, col 44 of module 13_deliver_products_finalspec: 963
@!@!@ENDMSG 2221 @!@!@
@!@!@STARTMSG 2221:0 @!@!@
  line 77, col 40 to line 77, col 62 of module 13_deliver_products_finalspec: 369
@!@!@ENDMSG 2221 @!@!@
@!@!@STARTMSG 2221:0 @!@!@
  line 78, col 40 to line 78, col 98 of module 13_deliver_products_finalspec: 369
@!@!@ENDMSG 2221 @!@!@
@!@!@STARTMSG 2772:0 @!@!@
<SelectProduct line 106, col 1 to line 106, col 60 of module 13_deliver_products_finalspec>: 1299:11842
@!@!@ENDMSG 2772 @!@!@
@!@!@STARTMSG 2221:0 @!@!@
  line 107, col 37 to line 107, col 63 of module 13_deliver_products_finalspec: 11842
@!@!@ENDMSG 2221 @!@!@
@!@!@STARTMSG 2221:0 @!@!@
  line 108, col 40 to line 108, col 87 of module 13_deliver_products_finalspec: 11842
@!@!@ENDMSG 2221 @!@!@
@!@!@STARTMSG 2772:0 @!@!@
<DeliverProduct line 136, col 1 to line 136, col 61 of module 13_deliver_products_finalspec (161 36 161 105)>: 323:4936
@!@!@ENDMSG 2772 @!@!@
@!@!@STARTMSG 2221:0 @!@!@
  line 137, col 36 to line 137, col 47 of module 13_deliver_products_finalspec: 15487
@!@!@ENDMSG 2221 @!@!@
@!@!@STARTMSG 2221:0 @!@!@
  |line 137, col 36 to line 137, col 42 of module 13_deliver_products_finalspec: 11839
@!@!@ENDMSG 2221 @!@!@
@!@!@STARTMSG 2221:0 @!@!@
  line 115, col 36 to line 115, col 131 of module 13_deliver_products_finalspec: 3648
@!@!@ENDMSG 2221 @!@!@
@!@!@STARTMSG 2221:0 @!@!@
  |line 115, col 36 to line 115, col 110 of module 13_deliver_products_finalspec: 7888
@!@!@ENDMSG 2221 @!@!@
@!@!@STARTMSG 2221:0 @!@!@
  ||line 24, col 33 to line 25, col 125 of module 13_deliver_products_finalspec: 31552
@!@!@ENDMSG 2221 @!@!@
@!@!@STARTMSG 2221:0 @!@!@
  |||line 24, col 36 to line 24, col 42 of module 13_deliver_products_finalspec: 31552
@!@!@ENDMSG 2221 @!@!@
@!@!@STARTMSG 2221:0 @!@!@
  |||line 25, col 38 to line 25, col 125 of module 13_deliver_products_finalspec: 23664
@!@!@ENDMSG 2221 @!@!@
@!@!@STARTMSG 2221:0 @!@!@
  ||||line 25, col 38 to line 25, col 76 of module 13_deliver_products_finalspec: 23664
@!@!@ENDMSG 2221 @!@!@
@!@!@STARTMSG 2221:0 @!@!@
  ||||line 25, col 80 to line 25, col 125 of module 13_deliver_products_finalspec: 23664
@!@!@ENDMSG 2221 @!@!@
@!@!@STARTMSG 2221:0 @!@!@
  |||||line 25, col 91 to line 25, col 91 of module 13_deliver_products_finalspec: 15776
@!@!@ENDMSG 2221 @!@!@
@!@!@STARTMSG 2221:0 @!@!@
  |||||line 25, col 94 to line 25, col 124 of module 13_deliver_products_finalspec: 23664
@!@!@ENDMSG 2221 @!@!@
@!@!@STARTMSG 2221:0 @!@!@
  ||line 115, col 47 to line 115, col 98 of module 13_deliver_products_finalspec: 7888
@!@!@ENDMSG 2221 @!@!@
@!@!@STARTMSG 2221:0 @!@!@
  ||line 115, col 101 to line 115, col 109 of module 13_deliver_products_finalspec: 7888
@!@!@ENDMSG 2221 @!@!@
@!@!@STARTMSG 2221:0 @!@!@
  |line 115, col 115 to line 115, col 131 of module 13_deliver_products_finalspec: 7888
@!@!@ENDMSG 2221 @!@!@
@!@!@STARTMSG 2221:0 @!@!@
  line 139, col 67 to line 139, col 86 of module 13_deliver_products_finalspec: 7888
@!@!@ENDMSG 2221 @!@!@
@!@!@STARTMSG 2221:0 @!@!@
  line 139, col 89 to line 139, col 95 of module 13_deliver_products_finalspec: 7888
@!@!@ENDMSG 2221 @!@!@
@!@!@STARTMSG 2221:0 @!@!@
  line 119, col 40 to line 119, col 83 of module 13_deliver_products_finalspec: 6369779
@!@!@ENDMSG 2221 @!@!@
@!@!@STARTMSG 2221:0 @!@!@
  |line 119, col 40 to line 119, col 63 of module 13_deliver_products_finalspec: 6364844
@!@!@ENDMSG 2221 @!@!@
@!@!@STARTMSG 2221:0 @!@!@
  ||line 24, col 33 to line 25, col 125 of module 13_deliver_products_finalspec: 25459376
@!@!@ENDMSG 2221 @!@!@
@!@!@STARTMSG 2221:0 @!@!@
  |||line 24, col 36 to line 24, col 42 of module 13_deliver_products_finalspec: 25459376
@!@!@ENDMSG 2221 @!@!@
@!@!@STARTMSG 2221:0 @!@!@
  |||line 25, col 38 to line 25, col 125 of module 13_deliver_products_finalspec: 19094532
@!@!@ENDMSG 2221 @!@!@
@!@!@STARTMSG 2221:0 @!@!@
  ||||line 25, col 38 to line 25, col 76 of module 13_deliver_products_finalspec: 19094532
@!@!@ENDMSG 2221 @!@!@
@!@!@STARTMSG 2221:0 @!@!@
  ||||line 25, col 80 to line 25, col 125 of module 13_deliver_products_finalspec: 19094532
@!@!@ENDMSG 2221 @!@!@
@!@!@STARTMSG 2221:0 @!@!@
  |||||line 25, col 91 to line 25, col 91 of module 13_deliver_products_finalspec: 12729688
@!@!@ENDMSG 2221 @!@!@
@!@!@STARTMSG 2221:0 @!@!@
  |||||line 25, col 94 to line 25, col 124 of module 13_deliver_products_finalspec: 19094532
@!@!@ENDMSG 2221 @!@!@
@!@!@STARTMSG 2221:0 @!@!@
  ||line 119, col 51 to line 119, col 51 of module 13_deliver_products_finalspec: 6364844
@!@!@ENDMSG 2221 @!@!@
@!@!@STARTMSG 2221:0 @!@!@
  ||line 119, col 54 to line 119, col 62 of module 13_deliver_products_finalspec: 6364844
@!@!@ENDMSG 2221 @!@!@
@!@!@STARTMSG 2221:0 @!@!@
  |line 119, col 67 to line 119, col 83 of module 13_deliver_products_finalspec: 6364844
@!@!@ENDMSG 2221 @!@!@
@!@!@STARTMSG 2221:0 @!@!@
  line 120, col 65 to line 120, col 133 of module 13_deliver_products_finalspec: 14805
@!@!@ENDMSG 2221 @!@!@
@!@!@STARTMSG 2221:0 @!@!@
  |line 120, col 65 to line 120, col 71 of module 13_deliver_products_finalspec: 44046
@!@!@ENDMSG 2221 @!@!@
@!@!@STARTMSG 2221:0 @!@!@
  |line 120, col 76 to line 120, col 133 of module 13_deliver_products_finalspec: 44046
@!@!@ENDMSG 2221 @!@!@
@!@!@STARTMSG 2221:0 @!@!@
  line 120, col 53 to line 120, col 61 of module 13_deliver_products_finalspec: 24781
@!@!@ENDMSG 2221 @!@!@
@!@!@STARTMSG 2775:0 @!@!@
  line 118, col 45 to line 118, col 87 of module 13_deliver_products_finalspec: 4783:19094535
@!@!@ENDMSG 2775 @!@!@
@!@!@STARTMSG 2221:0 @!@!@
  |line 118, col 46 to line 118, col 54 of module 13_deliver_products_finalspec: 4783
@!@!@ENDMSG 2221 @!@!@
@!@!@STARTMSG 2775:0 @!@!@
  |line 118, col 59 to line 118, col 86 of module 13_deliver_products_finalspec: 4783:7641642
@!@!@ENDMSG 2775 @!@!@
@!@!@STARTMSG 2221:0 @!@!@
  ||line 118, col 60 to line 118, col 60 of module 13_deliver_products_finalspec: 52613
@!@!@ENDMSG 2221 @!@!@
@!@!@STARTMSG 2221:0 @!@!@
  ||line 118, col 69 to line 118, col 85 of module 13_deliver_products_finalspec: 4783
@!@!@ENDMSG 2221 @!@!@
@!@!@STARTMSG 2221:0 @!@!@
  line 140, col 70 to line 140, col 89 of module 13_deliver_products_finalspec: 4783
@!@!@ENDMSG 2221 @!@!@
@!@!@STARTMSG 2221:0 @!@!@
  line 140, col 92 to line 140, col 98 of module 13_deliver_products_finalspec: 4783
@!@!@ENDMSG 2221 @!@!@
@!@!@STARTMSG 2221:0 @!@!@
  line 141, col 36 to line 149, col 57 of module 13_deliver_products_finalspec: 4935
@!@!@ENDMSG 2221 @!@!@
@!@!@STARTMSG 2221:0 @!@!@
  |line 141, col 57 to line 149, col 57 of module 13_deliver_products_finalspec: 4936
@!@!@ENDMSG 2221 @!@!@
@!@!@STARTMSG 2221:0 @!@!@
  ||line 141, col 58 to line 147, col 57 of module 13_deliver_products_finalspec: 4936
@!@!@ENDMSG 2221 @!@!@
@!@!@STARTMSG 2221:0 @!@!@
  |||line 141, col 59 to line 144, col 57 of module 13_deliver_products_finalspec: 4936
@!@!@ENDMSG 2221 @!@!@
@!@!@STARTMSG 2221:0 @!@!@
  ||||line 141, col 63 to line 141, col 78 of module 13_deliver_products_finalspec: 4936
@!@!@ENDMSG 2221 @!@!@
@!@!@STARTMSG 2221:0 @!@!@
  ||||line 142, col 72 to line 143, col 229 of module 13_deliver_products_finalspec: 4936
@!@!@ENDMSG 2221 @!@!@
@!@!@STARTMSG 2221:0 @!@!@
  ||||line 143, col 73 to line 143, col 229 of module 13_deliver_products_finalspec: 4936
@!@!@ENDMSG 2221 @!@!@
@!@!@STARTMSG 2221:0 @!@!@
  |||||line 123, col 33 to line 124, col 99 of module 13_deliver_products_finalspec: 4936
@!@!@ENDMSG 2221 @!@!@
@!@!@STARTMSG 2221:0 @!@!@
  ||||||line 124, col 37 to line 124, col 99 of module 13_deliver_products_finalspec: 576376
@!@!@ENDMSG 2221 @!@!@
@!@!@STARTMSG 2221:0 @!@!@
  |||||||line 124, col 61 to line 124, col 99 of module 13_deliver_products_finalspec: 646464
@!@!@ENDMSG 2221 @!@!@
@!@!@STARTMSG 2221:0 @!@!@
  |||||||line 124, col 49 to line 124, col 57 of module 13_deliver_products_finalspec: 576376
@!@!@ENDMSG 2221 @!@!@
@!@!@STARTMSG 2775:0 @!@!@
  ||||||line 123, col 46 to line 123, col 88 of module 13_deliver_products_finalspec: 4936:26855640
@!@!@ENDMSG 2775 @!@!@
@!@!@STARTMSG 2221:0 @!@!@
  |||||||line 123, col 47 to line 123, col 55 of module 13_deliver_products_finalspec: 4936
@!@!@ENDMSG 2221 @!@!@
@!@!@STARTMSG 2775:0 @!@!@
  |||||||line 123, col 60 to line 123, col 87 of module 13_deliver_products_finalspec: 4936:7887728
@!@!@ENDMSG 2775 @!@!@
@!@!@STARTMSG 2221:0 @!@!@
  ||||||||line 123, col 61 to line 123, col 61 of module 13_deliver_products_finalspec: 54296
@!@!@ENDMSG 2221 @!@!@
@!@!@STARTMSG 2221:0 @!@!@
  ||||||||line 123, col 70 to line 123, col 86 of module 13_deliver_products_finalspec: 4936
@!@!@ENDMSG 2221 @!@!@
@!@!@STARTMSG 2221:0 @!@!@
  |||||line 143, col 90 to line 143, col 174 of module 13_deliver_products_finalspec: 4936
@!@!@ENDMSG 2221 @!@!@
@!@!@STARTMSG 2221:0 @!@!@
  ||||||line 131, col 33 to line 133, col 86 of module 13_deliver_products_finalspec: 4936
@!@!@ENDMSG 2221 @!@!@
@!@!@STARTMSG 2221:0 @!@!@
  |||||||line 132, col 37 to line 133, col 86 of module 13_deliver_products_finalspec: 181556
@!@!@ENDMSG 2221 @!@!@
@!@!@STARTMSG 2221:0 @!@!@
  ||||||||line 132, col 40 to line 132, col 71 of module 13_deliver_products_finalspec: 181556
@!@!@ENDMSG 2221 @!@!@
@!@!@STARTMSG 2221:0 @!@!@
  |||||||||line 132, col 40 to line 132, col 63 of module 13_deliver_products_finalspec: 181556
@!@!@ENDMSG 2221 @!@!@
@!@!@STARTMSG 2221:0 @!@!@
  ||||||||||line 24, col 33 to line 25, col 125 of module 13_deliver_products_finalspec: 726224
@!@!@ENDMSG 2221 @!@!@
@!@!@STARTMSG 2221:0 @!@!@
  |||||||||||line 24, col 36 to line 24, col 42 of module 13_deliver_products_finalspec: 726224
@!@!@ENDMSG 2221 @!@!@
@!@!@STARTMSG 2221:0 @!@!@
  |||||||||||line 25, col 38 to line 25, col 125 of module 13_deliver_products_finalspec: 544668
@!@!@ENDMSG 2221 @!@!@
@!@!@STARTMSG 2221:0 @!@!@
  ||||||||||||line 25, col 38 to line 25, col 76 of module 13_deliver_products_finalspec: 544668
@!@!@ENDMSG 2221 @!@!@
@!@!@STARTMSG 2221:0 @!@!@
  ||||||||||||line 25, col 80 to line 25, col 125 of module 13_deliver_products_finalspec: 544668
@!@!@ENDMSG 2221 @!@!@
@!@!@STARTMSG 2221:0 @!@!@
  |||||||||||||line 25, col 91 to line 25, col 91 of module 13_deliver_products_finalspec: 363112
@!@!@ENDMSG 2221 @!@!@
@!@!@STARTMSG 2221:0 @!@!@
  |||||||||||||line 25, col 94 to line 25, col 124 of module 13_deliver_products_finalspec: 544668
@!@!@ENDMSG 2221 @!@!@
@!@!@STARTMSG 2221:0 @!@!@
  ||||||||||line 132, col 51 to line 132, col 51 of module 13_deliver_products_finalspec: 181556
@!@!@ENDMSG 2221 @!@!@
@!@!@STARTMSG 2221:0 @!@!@
  ||||||||||line 132, col 54 to line 132, col 62 of module 13_deliver_products_finalspec: 181556
@!@!@ENDMSG 2221 @!@!@
@!@!@STARTMSG 2221:0 @!@!@
  |||||||||line 132, col 67 to line 132, col 71 of module 13_deliver_products_finalspec: 181556
@!@!@ENDMSG 2221 @!@!@
@!@!@STARTMSG 2221:0 @!@!@
  ||||||||line 133, col 40 to line 133, col 86 of module 13_deliver_products_finalspec: 5980
@!@!@ENDMSG 2221 @!@!@
@!@!@STARTMSG 2221:0 @!@!@
  |||||||||line 133, col 64 to line 133, col 86 of module 13_deliver_products_finalspec: 17508
@!@!@ENDMSG 2221 @!@!@
@!@!@STARTMSG 2221:0 @!@!@
  |||||||||line 133, col 52 to line 133, col 60 of module 13_deliver_products_finalspec: 5980
@!@!@ENDMSG 2221 @!@!@
@!@!@STARTMSG 2775:0 @!@!@
  |||||||line 131, col 46 to line 131, col 88 of module 13_deliver_products_finalspec: 4936:26460820
@!@!@ENDMSG 2775 @!@!@
@!@!@STARTMSG 2221:0 @!@!@
  ||||||||line 131, col 47 to line 131, col 55 of module 13_deliver_products_finalspec: 4936
@!@!@ENDMSG 2221 @!@!@
@!@!@STARTMSG 2775:0 @!@!@
  ||||||||line 131, col 60 to line 131, col 87 of module 13_deliver_products_finalspec: 4936:7887728
@!@!@ENDMSG 2775 @!@!@
@!@!@STARTMSG 2221:0 @!@!@
  |||||||||line 131, col 61 to line 131, col 61 of module 13_deliver_products_finalspec: 54296
@!@!@ENDMSG 2221 @!@!@
@!@!@STARTMSG 2221:0 @!@!@
  |||||||||line 131, col 70 to line 131, col 86 of module 13_deliver_products_finalspec: 4936
@!@!@ENDMSG 2221 @!@!@
@!@!@STARTMSG 2221:0 @!@!@
  ||||||line 143, col 103 to line 143, col 154 of module 13_deliver_products_finalspec: 4936
@!@!@ENDMSG 2221 @!@!@
@!@!@STARTMSG 2221:0 @!@!@
  ||||||line 143, col 157 to line 143, col 173 of module 13_deliver_products_finalspec: 4936
@!@!@ENDMSG 2221 @!@!@
@!@!@STARTMSG 2221:0 @!@!@
  |||||line 143, col 177 to line 143, col 228 of module 13_deliver_products_finalspec: 4936
@!@!@ENDMSG 2221 @!@!@
@!@!@STARTMSG 2221:0 @!@!@
  |||line 145, col 72 to line 146, col 221 of module 13_deliver_products_finalspec: 4936
@!@!@ENDMSG 2221 @!@!@
@!@!@STARTMSG 2221:0 @!@!@
  |||line 146, col 73 to line 146, col 221 of module 13_deliver_products_finalspec: 4936
@!@!@ENDMSG 2221 @!@!@
@!@!@STARTMSG 2221:0 @!@!@
  ||||line 127, col 33 to line 128, col 99 of module 13_deliver_products_finalspec: 4936
@!@!@ENDMSG 2221 @!@!@
@!@!@STARTMSG 2221:0 @!@!@
  |||||line 128, col 37 to line 128, col 99 of module 13_deliver_products_finalspec: 276610
@!@!@ENDMSG 2221 @!@!@
@!@!@STARTMSG 2221:0 @!@!@
  ||||||line 128, col 61 to line 128, col 99 of module 13_deliver_products_finalspec: 346017
@!@!@ENDMSG 2221 @!@!@
@!@!@STARTMSG 2221:0 @!@!@
  ||||||line 128, col 49 to line 128, col 57 of module 13_deliver_products_finalspec: 276610
@!@!@ENDMSG 2221 @!@!@
@!@!@STARTMSG 2775:0 @!@!@
  |||||line 127, col 46 to line 127, col 88 of module 13_deliver_products_finalspec: 4936:26555874
@!@!@ENDMSG 2775 @!@!@
@!@!@STARTMSG 2221:0 @!@!@
  ||||||line 127, col 47 to line 127, col 55 of module 13_deliver_products_finalspec: 4936
@!@!@ENDMSG 2221 @!@!@
@!@!@STARTMSG 2775:0 @!@!@
  ||||||line 127, col 60 to line 127, col 87 of module 13_deliver_products_finalspec: 4936:7887728
@!@!@ENDMSG 2775 @!@!@
@!@!@STARTMSG 2221:0 @!@!@
  |||||||line 127, col 61 to line 127, col 61 of module 13_deliver_products_finalspec: 54296
@!@!@ENDMSG 2221 @!@!@
@!@!@STARTMSG 2221:0 @!@!@
  |||||||line 127, col 70 to line 127, col 86 of module 13_deliver_products_finalspec: 4936
@!@!@ENDMSG 2221 @!@!@
@!@!@STARTMSG 2221:0 @!@!@
  ||||line 146, col 84 to line 146, col 168 of module 13_deliver_products_finalspec: 4936
@!@!@ENDMSG 2221 @!@!@
@!@!@STARTMSG 2221:0 @!@!@
  |||||line 131, col 33 to line 133, col 86 of module 13_deliver_products_finalspec: 4936
@!@!@ENDMSG 2221 @!@!@
@!@!@STARTMSG 2221:0 @!@!@
  ||||||line 132, col 37 to line 133, col 86 of module 13_deliver_products_finalspec: 181556
@!@!@ENDMSG 2221 @!@!@
@!@!@STARTMSG 2221:0 @!@!@
  |||||||line 132, col 40 to line 132, col 71 of module 13_deliver_products_finalspec: 181556
@!@!@ENDMSG 2221 @!@!@
@!@!@STARTMSG 2221:0 @!@!@
  ||||||||line 132, col 40 to line 132, col 63 of module 13_deliver_products_finalspec: 181556
@!@!@ENDMSG 2221 @!@!@
@!@!@STARTMSG 2221:0 @!@!@
  |||||||||line 24, col 33 to line 25, col 125 of module 13_deliver_products_finalspec: 726224
@!@!@ENDMSG 2221 @!@!@
@!@!@STARTMSG 2221:0 @!@!@
  ||||||||||line 24, col 36 to line 24, col 42 of module 13_deliver_products_finalspec: 726224
@!@!@ENDMSG 2221 @!@!@
@!@!@STARTMSG 2221:0 @!@!@
  ||||||||||line 25, col 38 to line 25, col 125 of module 13_deliver_products_finalspec: 544668
@!@!@ENDMSG 2221 @!@!@
@!@!@STARTMSG 2221:0 @!@!@
  |||||||||||line 25, col 38 to line 25, col 76 of module 13_deliver_products_finalspec: 544668
@!@!@ENDMSG 2221 @!@!@
@!@!@STARTMSG 2221:0 @!@!@
  |||||||||||line 25, col 80 to line 25, col 125 of module 13_deliver_products_finalspec: 544668
@!@!@ENDMSG 2221 @!@!@
@!@!@STARTMSG 2221:0 @!@!@
  ||||||||||||line 25, col 91 to line 25, col 91 of module 13_deliver_products_finalspec: 363112
@!@!@ENDMSG 2221 @!@!@
@!@!@STARTMSG 2221:0 @!@!@
  ||||||||||||line 25, col 94 to line 25, col 124 of module 13_deliver_products_finalspec: 544668
@!@!@ENDMSG 2221 @!@!@
@!@!@STARTMSG 2221:0 @!@!@
  |||||||||line 132, col 51 to line 132, col 51 of module 13_deliver_products_finalspec: 181556
@!@!@ENDMSG 2221 @!@!@
@!@!@STARTMSG 2221:0 @!@!@
  |||||||||line 132, col 54 to line 132, col 62 of module 13_deliver_products_finalspec: 181556
@!@!@ENDMSG 2221 @!@!@
@!@!@STARTMSG 2221:0 @!@!@
  ||||||||line 132, col 67 to line 132, col 71 of module 13_deliver_products_finalspec: 181556
@!@!@ENDMSG 2221 @!@!@
@!@!@STARTMSG 2221:0 @!@!@
  |||||||line 133, col 40 to line 133, col 86 of module 13_deliver_products_finalspec: 5980
@!@!@ENDMSG 2221 @!@!@
@!@!@STARTMSG 2221:0 @!@!@
  ||||||||line 133, col 64 to line 133, col 86 of module 13_deliver_products_finalspec: 17508
@!@!@ENDMSG 2221 @!@!@
@!@!@STARTMSG 2221:0 @!@!@
  ||||||||line 133, col 52 to line 133, col 60 of module 13_deliver_products_finalspec: 5980
@!@!@ENDMSG 2221 @!@!@
@!@!@STARTMSG 2775:0 @!@!@
  ||||||line 131, col 46 to line 131, col 88 of module 13_deliver_products_finalspec: 4936:26460820
@!@!@ENDMSG 2775 @!@!@
@!@!@STARTMSG 2221:0 @!@!@
  |||||||line 131, col 47 to line 131, col 55 of module 13_deliver_products_finalspec: 4936
@!@!@ENDMSG 2221 @!@!@
@!@!@STARTMSG 2775:0 @!@!@
  |||||||line 131, col 60 to line 131, col 87 of module 13_deliver_products_finalspec: 4936:7887728
@!@!@ENDMSG 2775 @!@!@
@!@!@STARTMSG 2221:0 @!@!@
  ||||||||line 131, col 61 to line 131, col 61 of module 13_deliver_products_finalspec: 54296
@!@!@ENDMSG 2221 @!@!@
@!@!@STARTMSG 2221:0 @!@!@
  ||||||||line 131, col 70 to line 131, col 86 of module 13_deliver_products_finalspec: 4936
@!@!@ENDMSG 2221 @!@!@
@!@!@STARTMSG 2221:0 @!@!@
  |||||line 146, col 97 to line 146, col 148 of module 13_deliver_products_finalspec: 4936
@!@!@ENDMSG 2221 @!@!@
@!@!@STARTMSG 2221:0 @!@!@
  |||||line 146, col 151 to line 146, col 167 of module 13_deliver_products_finalspec: 4936
@!@!@ENDMSG 2221 @!@!@
@!@!@STARTMSG 2221:0 @!@!@
  ||||line 146, col 171 to line 146, col 220 of module 13_deliver_products_finalspec: 4936
@!@!@ENDMSG 2221 @!@!@
@!@!@STARTMSG 2221:0 @!@!@
  ||line 148, col 72 to line 148, col 126 of module 13_deliver_products_finalspec: 4936
@!@!@ENDMSG 2221 @!@!@
@!@!@STARTMSG 2221:0 @!@!@
  line 150, col 36 to line 152, col 53 of module 13_deliver_products_finalspec: 4935
@!@!@ENDMSG 2221 @!@!@
@!@!@STARTMSG 2221:0 @!@!@
  |line 150, col 53 to line 152, col 53 of module 13_deliver_products_finalspec: 4936
@!@!@ENDMSG 2221 @!@!@
@!@!@STARTMSG 2221:0 @!@!@
  line 153, col 36 to line 153, col 48 of module 13_deliver_products_finalspec: 4935
@!@!@ENDMSG 2221 @!@!@
@!@!@STARTMSG 2221:0 @!@!@
  line 154, col 36 to line 154, col 54 of module 13_deliver_products_finalspec: 4935
@!@!@ENDMSG 2221 @!@!@
@!@!@STARTMSG 2221:0 @!@!@
  line 161, col 52 to line 161, col 64 of module 13_deliver_products_finalspec: 3649
@!@!@ENDMSG 2221 @!@!@
@!@!@STARTMSG 2221:0 @!@!@
  line 161, col 67 to line 161, col 86 of module 13_deliver_products_finalspec: 7888
@!@!@ENDMSG 2221 @!@!@
@!@!@STARTMSG 2221:0 @!@!@
  line 161, col 89 to line 161, col 104 of module 13_deliver_products_finalspec: 11839
@!@!@ENDMSG 2221 @!@!@
@!@!@STARTMSG 2774:0 @!@!@
<inv_1652796039918382000 line 50, col 1 to line 50, col 23 of module MC>
@!@!@ENDMSG 2774 @!@!@
@!@!@STARTMSG 2221:0 @!@!@
  line 51, col 1 to line 51, col 73 of module MC: 1933
@!@!@ENDMSG 2221 @!@!@
@!@!@STARTMSG 2221:0 @!@!@
  |line 51, col 28 to line 51, col 73 of module MC: 5799
@!@!@ENDMSG 2221 @!@!@
@!@!@STARTMSG 2221:0 @!@!@
  |line 51, col 10 to line 51, col 24 of module MC: 1933
@!@!@ENDMSG 2221 @!@!@
@!@!@STARTMSG 2202:0 @!@!@
End of statistics.
@!@!@ENDMSG 2202 @!@!@
@!@!@STARTMSG 2200:0 @!@!@
Progress(12) at 2022-05-17 16:00:52: 55.780 states generated (262.411 s/min), 1.933 distinct states found (9.093 ds/min), 618 states left on queue.
@!@!@ENDMSG 2200 @!@!@
@!@!@STARTMSG 2199:0 @!@!@
55780 states generated, 1933 distinct states found, 618 states left on queue.
@!@!@ENDMSG 2199 @!@!@
@!@!@STARTMSG 2194:0 @!@!@
The depth of the complete state graph search is 12.
@!@!@ENDMSG 2194 @!@!@
@!@!@STARTMSG 2268:0 @!@!@
The average outdegree of the complete state graph is 1 (minimum is 0, the maximum 7 and the 95th percentile is 5).
@!@!@ENDMSG 2268 @!@!@
@!@!@STARTMSG 2186:0 @!@!@
Finished in 12761ms at (2022-05-17 16:00:52)
@!@!@ENDMSG 2186 @!@!@
