@!@!@STARTMSG 2262:0 @!@!@
TLC2 Version 2.16 of 31 December 2020 (rev: cdddf55)
@!@!@ENDMSG 2262 @!@!@
@!@!@STARTMSG 2187:0 @!@!@
Running breadth-first search Model-Checking with fp 50 and seed 6135362230886612812 with 5 workers on 10 cores with 2428MB heap and 5460MB offheap memory [pid: 81358] (Mac OS X 10.16 x86_64, AdoptOpenJDK 14.0.1 x86_64, OffHeapDiskFPSet, DiskStateQueue).
@!@!@ENDMSG 2187 @!@!@
@!@!@STARTMSG 2220:0 @!@!@
Starting SANY...
@!@!@ENDMSG 2220 @!@!@
Parsing file /Users/dirk-janswagerman/.tlaplus/tlaplus/protocols/blackchannel_4.toolbox/Model_2/MC.tla
Parsing file /Users/dirk-janswagerman/.tlaplus/tlaplus/protocols/blackchannel_4.toolbox/Model_2/blackchannel_4.tla
Parsing file /private/var/folders/sy/rhv1w43j3bscfpls8nxgbl1m0000gn/T/AppTranslocation/41E0ED45-5CF6-46D8-A570-D6B4A09D6F7B/d/TLA+ Toolbox.app/Contents/Eclipse/plugins/org.lamport.tlatools_1.0.0.202012311918/tla2sany/StandardModules/TLC.tla
Parsing file /private/var/folders/sy/rhv1w43j3bscfpls8nxgbl1m0000gn/T/AppTranslocation/41E0ED45-5CF6-46D8-A570-D6B4A09D6F7B/d/TLA+ Toolbox.app/Contents/Eclipse/plugins/org.lamport.tlatools_1.0.0.202012311918/tla2sany/StandardModules/Integers.tla
Parsing file /private/var/folders/sy/rhv1w43j3bscfpls8nxgbl1m0000gn/T/AppTranslocation/41E0ED45-5CF6-46D8-A570-D6B4A09D6F7B/d/TLA+ Toolbox.app/Contents/Eclipse/plugins/org.lamport.tlatools_1.0.0.202012311918/tla2sany/StandardModules/Naturals.tla
Parsing file /private/var/folders/sy/rhv1w43j3bscfpls8nxgbl1m0000gn/T/AppTranslocation/41E0ED45-5CF6-46D8-A570-D6B4A09D6F7B/d/TLA+ Toolbox.app/Contents/Eclipse/plugins/org.lamport.tlatools_1.0.0.202012311918/tla2sany/StandardModules/Sequences.tla
Parsing file /private/var/folders/sy/rhv1w43j3bscfpls8nxgbl1m0000gn/T/AppTranslocation/41E0ED45-5CF6-46D8-A570-D6B4A09D6F7B/d/TLA+ Toolbox.app/Contents/Eclipse/plugins/org.lamport.tlatools_1.0.0.202012311918/tla2sany/StandardModules/FiniteSets.tla
Semantic processing of module Naturals
Semantic processing of module Integers
Semantic processing of module Sequences
Semantic processing of module FiniteSets
Semantic processing of module TLC
Semantic processing of module blackchannel_4
Semantic processing of module MC
@!@!@STARTMSG 2219:0 @!@!@
SANY finished.
@!@!@ENDMSG 2219 @!@!@
@!@!@STARTMSG 2185:0 @!@!@
Starting... (2022-03-23 15:50:03)
@!@!@ENDMSG 2185 @!@!@
@!@!@STARTMSG 2189:0 @!@!@
Computing initial states...
@!@!@ENDMSG 2189 @!@!@
@!@!@STARTMSG 2190:0 @!@!@
Finished computing initial states: 1 distinct state generated at 2022-03-23 15:50:04.
@!@!@ENDMSG 2190 @!@!@
@!@!@STARTMSG 2114:1 @!@!@
Deadlock reached.
@!@!@ENDMSG 2114 @!@!@
@!@!@STARTMSG 2121:1 @!@!@
The behavior up to this point is:
@!@!@ENDMSG 2121 @!@!@
@!@!@STARTMSG 2217:4 @!@!@
1: <Initial predicate>
/\ createMessageCounter = 0
/\ corruptionCounter = 0
/\ pc = [S |-> "startSender", R |-> "startReceiver"]
/\ sendMessage = [S |-> <<>>]
/\ receivedMessage = [R |-> <<>>]
/\ currentMessageCounter = 1
/\ acknowledgedMessage = [S |-> <<>>]
/\ sendCount = 0
/\ sendQueue = <<>>
/\ acknowledgedMessages = <<>>
/\ acknowledgeChannel = <<>>
/\ sendMessages = <<>>
/\ receiveCount = 0
/\ message = [counter |-> 0, content |-> <<>>, checksum |-> 0]
/\ messageChannel = <<>>

@!@!@ENDMSG 2217 @!@!@
@!@!@STARTMSG 2217:4 @!@!@
2: <startSender line 140, col 22 to line 153, col 55 of module blackchannel_4>
/\ createMessageCounter = 0
/\ corruptionCounter = 0
/\ pc = [S |-> "SendMessage", R |-> "startReceiver"]
/\ sendMessage = [S |-> <<>>]
/\ receivedMessage = [R |-> <<>>]
/\ currentMessageCounter = 1
/\ acknowledgedMessage = [S |-> <<>>]
/\ sendCount = 0
/\ sendQueue = <<>>
/\ acknowledgedMessages = <<>>
/\ acknowledgeChannel = <<>>
/\ sendMessages = <<>>
/\ receiveCount = 0
/\ message = [counter |-> 0, content |-> <<>>, checksum |-> 0]
/\ messageChannel = <<>>

@!@!@ENDMSG 2217 @!@!@
@!@!@STARTMSG 2217:4 @!@!@
3: <startReceiver line 204, col 24 to line 215, col 57 of module blackchannel_4>
/\ createMessageCounter = 0
/\ corruptionCounter = 0
/\ pc = [S |-> "SendMessage", R |-> "ReceiveMessage"]
/\ sendMessage = [S |-> <<>>]
/\ receivedMessage = [R |-> <<>>]
/\ currentMessageCounter = 1
/\ acknowledgedMessage = [S |-> <<>>]
/\ sendCount = 0
/\ sendQueue = <<>>
/\ acknowledgedMessages = <<>>
/\ acknowledgeChannel = <<>>
/\ sendMessages = <<>>
/\ receiveCount = 0
/\ message = [counter |-> 0, content |-> <<>>, checksum |-> 0]
/\ messageChannel = <<>>

@!@!@ENDMSG 2217 @!@!@
@!@!@STARTMSG 2201:0 @!@!@
The coverage statistics at 2022-03-23 15:50:04
@!@!@ENDMSG 2201 @!@!@
@!@!@STARTMSG 2773:0 @!@!@
<Init line 120, col 1 to line 120, col 4 of module blackchannel_4>: 2:2
@!@!@ENDMSG 2773 @!@!@
@!@!@STARTMSG 2221:0 @!@!@
  line 121, col 9 to line 138, col 77 of module blackchannel_4: 2
@!@!@ENDMSG 2221 @!@!@
@!@!@STARTMSG 2772:0 @!@!@
<startSender line 140, col 1 to line 140, col 17 of module blackchannel_4>: 16:28
@!@!@ENDMSG 2772 @!@!@
@!@!@STARTMSG 2221:0 @!@!@
  line 140, col 25 to line 140, col 48 of module blackchannel_4: 27
@!@!@ENDMSG 2221 @!@!@
@!@!@STARTMSG 2221:0 @!@!@
  |line 140, col 25 to line 140, col 32 of module blackchannel_4: 20
@!@!@ENDMSG 2221 @!@!@
@!@!@STARTMSG 2221:0 @!@!@
  line 141, col 25 to line 145, col 71 of module blackchannel_4: 7
@!@!@ENDMSG 2221 @!@!@
@!@!@STARTMSG 2221:0 @!@!@
  line 146, col 25 to line 153, col 55 of module blackchannel_4: 28
@!@!@ENDMSG 2221 @!@!@
@!@!@STARTMSG 2772:0 @!@!@
<CreateMessage line 155, col 1 to line 155, col 19 of module blackchannel_4>: 4:4
@!@!@ENDMSG 2772 @!@!@
@!@!@STARTMSG 2221:0 @!@!@
  line 155, col 27 to line 155, col 52 of module blackchannel_4: 21
@!@!@ENDMSG 2221 @!@!@
@!@!@STARTMSG 2221:0 @!@!@
  |line 155, col 27 to line 155, col 34 of module blackchannel_4: 19
@!@!@ENDMSG 2221 @!@!@
@!@!@STARTMSG 2221:0 @!@!@
  line 156, col 27 to line 156, col 70 of module blackchannel_4: 2
@!@!@ENDMSG 2221 @!@!@
@!@!@STARTMSG 2221:0 @!@!@
  |line 156, col 27 to line 156, col 46 of module blackchannel_4: 5
@!@!@ENDMSG 2221 @!@!@
@!@!@STARTMSG 2221:0 @!@!@
  |line 156, col 50 to line 156, col 70 of module blackchannel_4: 5
@!@!@ENDMSG 2221 @!@!@
@!@!@STARTMSG 2221:0 @!@!@
  line 157, col 27 to line 157, col 74 of module blackchannel_4: 2
@!@!@ENDMSG 2221 @!@!@
@!@!@STARTMSG 2221:0 @!@!@
  line 159, col 29 to line 161, col 78 of module blackchannel_4: 4
@!@!@ENDMSG 2221 @!@!@
@!@!@STARTMSG 2221:0 @!@!@
  line 158, col 36 to line 158, col 38 of module blackchannel_4: 2
@!@!@ENDMSG 2221 @!@!@
@!@!@STARTMSG 2221:0 @!@!@
  line 162, col 27 to line 162, col 67 of module blackchannel_4: 4
@!@!@ENDMSG 2221 @!@!@
@!@!@STARTMSG 2221:0 @!@!@
  line 163, col 27 to line 169, col 57 of module blackchannel_4: 4
@!@!@ENDMSG 2221 @!@!@
@!@!@STARTMSG 2772:0 @!@!@
<SendMessage line 171, col 1 to line 171, col 17 of module blackchannel_4>: 2:2
@!@!@ENDMSG 2772 @!@!@
@!@!@STARTMSG 2221:0 @!@!@
  line 171, col 25 to line 171, col 48 of module blackchannel_4: 21
@!@!@ENDMSG 2221 @!@!@
@!@!@STARTMSG 2221:0 @!@!@
  |line 171, col 25 to line 171, col 32 of module blackchannel_4: 19
@!@!@ENDMSG 2221 @!@!@
@!@!@STARTMSG 2221:0 @!@!@
  line 172, col 26 to line 172, col 49 of module blackchannel_4: 2
@!@!@ENDMSG 2221 @!@!@
@!@!@STARTMSG 2221:0 @!@!@
  |line 172, col 26 to line 172, col 45 of module blackchannel_4: 5
@!@!@ENDMSG 2221 @!@!@
@!@!@STARTMSG 2221:0 @!@!@
  line 172, col 56 to line 172, col 98 of module blackchannel_4: 2
@!@!@ENDMSG 2221 @!@!@
@!@!@STARTMSG 2221:0 @!@!@
  line 172, col 104 to line 172, col 144 of module blackchannel_4: 2
@!@!@ENDMSG 2221 @!@!@
@!@!@STARTMSG 2221:0 @!@!@
  line 173, col 25 to line 173, col 104 of module blackchannel_4: 2
@!@!@ENDMSG 2221 @!@!@
@!@!@STARTMSG 2221:0 @!@!@
  line 174, col 25 to line 174, col 65 of module blackchannel_4: 2
@!@!@ENDMSG 2221 @!@!@
@!@!@STARTMSG 2221:0 @!@!@
  line 175, col 25 to line 181, col 55 of module blackchannel_4: 2
@!@!@ENDMSG 2221 @!@!@
@!@!@STARTMSG 2772:0 @!@!@
<AcknowledgeMessage line 183, col 1 to line 183, col 24 of module blackchannel_4>: 0:0
@!@!@ENDMSG 2772 @!@!@
@!@!@STARTMSG 2221:0 @!@!@
  line 183, col 32 to line 183, col 62 of module blackchannel_4: 19
@!@!@ENDMSG 2221 @!@!@
@!@!@STARTMSG 2221:0 @!@!@
  line 184, col 32 to line 184, col 58 of module blackchannel_4: 3
@!@!@ENDMSG 2221 @!@!@
@!@!@STARTMSG 2221:0 @!@!@
  line 185, col 32 to line 185, col 118 of module blackchannel_4: 0
@!@!@ENDMSG 2221 @!@!@
@!@!@STARTMSG 2221:0 @!@!@
  line 186, col 32 to line 186, col 78 of module blackchannel_4: 0
@!@!@ENDMSG 2221 @!@!@
@!@!@STARTMSG 2221:0 @!@!@
  line 188, col 43 to line 188, col 92 of module blackchannel_4: 0
@!@!@ENDMSG 2221 @!@!@
@!@!@STARTMSG 2221:0 @!@!@
  line 189, col 43 to line 189, col 123 of module blackchannel_4: 0
@!@!@ENDMSG 2221 @!@!@
@!@!@STARTMSG 2221:0 @!@!@
  line 191, col 43 to line 192, col 78 of module blackchannel_4: 0
@!@!@ENDMSG 2221 @!@!@
@!@!@STARTMSG 2221:0 @!@!@
  line 193, col 32 to line 193, col 72 of module blackchannel_4: 0
@!@!@ENDMSG 2221 @!@!@
@!@!@STARTMSG 2221:0 @!@!@
  line 194, col 32 to line 199, col 62 of module blackchannel_4: 0
@!@!@ENDMSG 2221 @!@!@
@!@!@STARTMSG 2772:0 @!@!@
<startReceiver line 204, col 1 to line 204, col 19 of module blackchannel_4>: 3:18
@!@!@ENDMSG 2772 @!@!@
@!@!@STARTMSG 2221:0 @!@!@
  line 204, col 27 to line 204, col 52 of module blackchannel_4: 28
@!@!@ENDMSG 2221 @!@!@
@!@!@STARTMSG 2221:0 @!@!@
  |line 204, col 27 to line 204, col 34 of module blackchannel_4: 19
@!@!@ENDMSG 2221 @!@!@
@!@!@STARTMSG 2221:0 @!@!@
  line 205, col 27 to line 207, col 75 of module blackchannel_4: 9
@!@!@ENDMSG 2221 @!@!@
@!@!@STARTMSG 2221:0 @!@!@
  line 208, col 27 to line 215, col 57 of module blackchannel_4: 18
@!@!@ENDMSG 2221 @!@!@
@!@!@STARTMSG 2772:0 @!@!@
<ReceiveMessage line 217, col 1 to line 217, col 20 of module blackchannel_4>: 0:0
@!@!@ENDMSG 2772 @!@!@
@!@!@STARTMSG 2221:0 @!@!@
  line 217, col 28 to line 217, col 54 of module blackchannel_4: 18
@!@!@ENDMSG 2221 @!@!@
@!@!@STARTMSG 2221:0 @!@!@
  line 218, col 28 to line 218, col 50 of module blackchannel_4: 10
@!@!@ENDMSG 2221 @!@!@
@!@!@STARTMSG 2221:0 @!@!@
  line 219, col 28 to line 219, col 102 of module blackchannel_4: 0
@!@!@ENDMSG 2221 @!@!@
@!@!@STARTMSG 2221:0 @!@!@
  line 220, col 28 to line 220, col 66 of module blackchannel_4: 0
@!@!@ENDMSG 2221 @!@!@
@!@!@STARTMSG 2221:0 @!@!@
  line 221, col 28 to line 221, col 100 of module blackchannel_4: 0
@!@!@ENDMSG 2221 @!@!@
@!@!@STARTMSG 2221:0 @!@!@
  line 222, col 28 to line 222, col 70 of module blackchannel_4: 0
@!@!@ENDMSG 2221 @!@!@
@!@!@STARTMSG 2221:0 @!@!@
  line 223, col 28 to line 228, col 75 of module blackchannel_4: 0
@!@!@ENDMSG 2221 @!@!@
@!@!@STARTMSG 2202:0 @!@!@
End of statistics.
@!@!@ENDMSG 2202 @!@!@
@!@!@STARTMSG 2200:0 @!@!@
Progress(6) at 2022-03-23 15:50:04: 47 states generated (1.472 s/min), 26 distinct states found (814 ds/min), 8 states left on queue.
@!@!@ENDMSG 2200 @!@!@
@!@!@STARTMSG 2199:0 @!@!@
47 states generated, 26 distinct states found, 8 states left on queue.
@!@!@ENDMSG 2199 @!@!@
@!@!@STARTMSG 2194:0 @!@!@
The depth of the complete state graph search is 6.
@!@!@ENDMSG 2194 @!@!@
@!@!@STARTMSG 2268:0 @!@!@
The average outdegree of the complete state graph is 1 (minimum is 0, the maximum 4 and the 95th percentile is 4).
@!@!@ENDMSG 2268 @!@!@
@!@!@STARTMSG 2186:0 @!@!@
Finished in 1930ms at (2022-03-23 15:50:04)
@!@!@ENDMSG 2186 @!@!@
