@!@!@STARTMSG 2262:0 @!@!@
TLC2 Version 2.16 of 31 December 2020 (rev: cdddf55)
@!@!@ENDMSG 2262 @!@!@
@!@!@STARTMSG 2187:0 @!@!@
Running breadth-first search Model-Checking with fp 76 and seed 6378092420491781134 with 4 workers on 8 cores with 1214MB heap and 2730MB offheap memory [pid: 3633] (Mac OS X 10.16 x86_64, AdoptOpenJDK 14.0.1 x86_64, OffHeapDiskFPSet, DiskStateQueue).
@!@!@ENDMSG 2187 @!@!@
@!@!@STARTMSG 2220:0 @!@!@
Starting SANY...
@!@!@ENDMSG 2220 @!@!@
Parsing file /Users/dirk-janswagerman/Projects/TLA+/QWAN Intro TLA+/1_sequences_and_sets.toolbox/Model_1/MC.tla
Parsing file /Users/dirk-janswagerman/Projects/TLA+/QWAN Intro TLA+/1_sequences_and_sets.toolbox/Model_1/1_sequences_and_sets.tla
Parsing file /Applications/TLA+ Toolbox.app/Contents/Eclipse/plugins/org.lamport.tlatools_1.0.0.202012311918/tla2sany/StandardModules/TLC.tla
Parsing file /Applications/TLA+ Toolbox.app/Contents/Eclipse/plugins/org.lamport.tlatools_1.0.0.202012311918/tla2sany/StandardModules/FiniteSets.tla
Parsing file /Applications/TLA+ Toolbox.app/Contents/Eclipse/plugins/org.lamport.tlatools_1.0.0.202012311918/tla2sany/StandardModules/Sequences.tla
Parsing file /Applications/TLA+ Toolbox.app/Contents/Eclipse/plugins/org.lamport.tlatools_1.0.0.202012311918/tla2sany/StandardModules/Naturals.tla
Semantic processing of module Naturals
Semantic processing of module Sequences
Semantic processing of module FiniteSets
Semantic processing of module TLC
Semantic processing of module 1_sequences_and_sets
Semantic processing of module MC
@!@!@STARTMSG 2219:0 @!@!@
SANY finished.
@!@!@ENDMSG 2219 @!@!@
@!@!@STARTMSG 2185:0 @!@!@
Starting... (2022-05-16 16:44:45)
@!@!@ENDMSG 2185 @!@!@
@!@!@STARTMSG 2189:0 @!@!@
Computing initial states...
@!@!@ENDMSG 2189 @!@!@
"chars1 \\union chars2"
{"d", "f", "a", "b", "c"}
"chars1 \\intersect chars2"
{"c"}
"chars1 \\ chars2"
{"a", "b"}
"chars1 \\union numbers2"
@!@!@STARTMSG 1000:1 @!@!@
Attempted to check equality of string "a" with non-string:
3
@!@!@ENDMSG 1000 @!@!@
"chars1 \\union chars2"
{"d", "f", "a", "b", "c"}
"chars1 \\intersect chars2"
{"c"}
"chars1 \\ chars2"
{"a", "b"}
"chars1 \\union numbers2"
@!@!@STARTMSG 2147:1 @!@!@
TLC was unable to fingerprint.

Fingerprint Stack Trace:
0) line 11, col 17 to line 11, col 31 of module 1_sequences_and_sets

Reason:
Attempted to check equality of string "a" with non-string:
3
@!@!@ENDMSG 2147 @!@!@
@!@!@STARTMSG 2200:0 @!@!@
Progress(1) at 2022-05-16 16:44:46: 0 states generated (0 s/min), 0 distinct states found (0 ds/min), 0 states left on queue.
@!@!@ENDMSG 2200 @!@!@
@!@!@STARTMSG 2199:0 @!@!@
0 states generated, 0 distinct states found, 0 states left on queue.
@!@!@ENDMSG 2199 @!@!@
@!@!@STARTMSG 2186:0 @!@!@
Finished in 1894ms at (2022-05-16 16:44:46)
@!@!@ENDMSG 2186 @!@!@
