@!@!@STARTMSG 2262:0 @!@!@
TLC2 Version 2.16 of 31 December 2020 (rev: cdddf55)
@!@!@ENDMSG 2262 @!@!@
@!@!@STARTMSG 2187:0 @!@!@
Running breadth-first search Model-Checking with fp 56 and seed 9019818601209085481 with 4 workers on 8 cores with 1214MB heap and 2730MB offheap memory [pid: 3876] (Mac OS X 10.16 x86_64, AdoptOpenJDK 14.0.1 x86_64, OffHeapDiskFPSet, DiskStateQueue).
@!@!@ENDMSG 2187 @!@!@
@!@!@STARTMSG 2220:0 @!@!@
Starting SANY...
@!@!@ENDMSG 2220 @!@!@
Parsing file /Users/dirk-janswagerman/Projects/TLA+/QWAN Intro TLA+/1_sequences_and_sets.toolbox/Model_1/MC.tla
Parsing file /Users/dirk-janswagerman/Projects/TLA+/QWAN Intro TLA+/1_sequences_and_sets.toolbox/Model_1/1_sequences_and_sets.tla
Parsing file /Applications/TLA+ Toolbox.app/Contents/Eclipse/plugins/org.lamport.tlatools_1.0.0.202012311918/tla2sany/StandardModules/TLC.tla
Parsing file /Applications/TLA+ Toolbox.app/Contents/Eclipse/plugins/org.lamport.tlatools_1.0.0.202012311918/tla2sany/StandardModules/FiniteSets.tla
Parsing file /Applications/TLA+ Toolbox.app/Contents/Eclipse/plugins/org.lamport.tlatools_1.0.0.202012311918/tla2sany/StandardModules/Sequences.tla
Parsing file /Applications/TLA+ Toolbox.app/Contents/Eclipse/plugins/org.lamport.tlatools_1.0.0.202012311918/tla2sany/StandardModules/Naturals.tla
Semantic processing of module Naturals
Semantic processing of module Sequences
Semantic processing of module FiniteSets
Semantic processing of module TLC
Semantic processing of module 1_sequences_and_sets
Semantic processing of module MC
@!@!@STARTMSG 2219:0 @!@!@
SANY finished.
@!@!@ENDMSG 2219 @!@!@
@!@!@STARTMSG 2185:0 @!@!@
Starting... (2022-05-16 17:05:19)
@!@!@ENDMSG 2185 @!@!@
@!@!@STARTMSG 2189:0 @!@!@
Computing initial states...
@!@!@ENDMSG 2189 @!@!@
"chars1 \\union chars2"
{"d", "f", "a", "b", "c"}
"chars1 \\intersect chars2"
{"c"}
"chars1 \\ chars2"
{"a", "b"}
"chars1 \\X numbers2"
{<<"a", 3>>, <<"a", 4>>, <<"b", 3>>, <<"b", 4>>, <<"c", 3>>, <<"c", 4>>}
"SUBSET numbers1"
{{}, {1}, {2}, {1, 2}}
@!@!@STARTMSG 2190:0 @!@!@
Finished computing initial states: 1 distinct state generated at 2022-05-16 17:05:20.
@!@!@ENDMSG 2190 @!@!@
@!@!@STARTMSG 2115:1 @!@!@
No next state actions defined to generate successor states from.
@!@!@ENDMSG 2115 @!@!@
@!@!@STARTMSG 2186:0 @!@!@
Finished in 1794ms at (2022-05-16 17:05:20)
@!@!@ENDMSG 2186 @!@!@
