@!@!@STARTMSG 2262:0 @!@!@
TLC2 Version 2.16 of 31 December 2020 (rev: cdddf55)
@!@!@ENDMSG 2262 @!@!@
@!@!@STARTMSG 2187:0 @!@!@
Running breadth-first search Model-Checking with fp 117 and seed -8496052276044812943 with 5 workers on 10 cores with 2428MB heap and 5460MB offheap memory [pid: 1749] (Mac OS X 10.16 x86_64, AdoptOpenJDK 14.0.1 x86_64, OffHeapDiskFPSet, DiskStateQueue).
@!@!@ENDMSG 2187 @!@!@
@!@!@STARTMSG 2220:0 @!@!@
Starting SANY...
@!@!@ENDMSG 2220 @!@!@
Parsing file /Users/dirk-janswagerman/Projects/TLA+/tlaplus/13_deliver_products_finalspec.toolbox/Model_1/MC.tla
Parsing file /Users/dirk-janswagerman/Projects/TLA+/tlaplus/13_deliver_products_finalspec.toolbox/Model_1/13_deliver_products_finalspec.tla
Parsing file /private/var/folders/sy/rhv1w43j3bscfpls8nxgbl1m0000gn/T/AppTranslocation/9C9A1684-5D4E-493A-B117-5DC00FD82CF9/d/TLA+ Toolbox.app/Contents/Eclipse/plugins/org.lamport.tlatools_1.0.0.202012311918/tla2sany/StandardModules/TLC.tla
Parsing file /private/var/folders/sy/rhv1w43j3bscfpls8nxgbl1m0000gn/T/AppTranslocation/9C9A1684-5D4E-493A-B117-5DC00FD82CF9/d/TLA+ Toolbox.app/Contents/Eclipse/plugins/org.lamport.tlatools_1.0.0.202012311918/tla2sany/StandardModules/Naturals.tla
Parsing file /private/var/folders/sy/rhv1w43j3bscfpls8nxgbl1m0000gn/T/AppTranslocation/9C9A1684-5D4E-493A-B117-5DC00FD82CF9/d/TLA+ Toolbox.app/Contents/Eclipse/plugins/org.lamport.tlatools_1.0.0.202012311918/tla2sany/StandardModules/Sequences.tla
Parsing file /private/var/folders/sy/rhv1w43j3bscfpls8nxgbl1m0000gn/T/AppTranslocation/9C9A1684-5D4E-493A-B117-5DC00FD82CF9/d/TLA+ Toolbox.app/Contents/Eclipse/plugins/org.lamport.tlatools_1.0.0.202012311918/tla2sany/StandardModules/FiniteSets.tla
Semantic processing of module Naturals
Semantic processing of module Sequences
Semantic processing of module FiniteSets
Semantic processing of module TLC
Semantic processing of module 13_deliver_products_finalspec
Semantic processing of module MC
@!@!@STARTMSG 2219:0 @!@!@
SANY finished.
@!@!@ENDMSG 2219 @!@!@
@!@!@STARTMSG 2185:0 @!@!@
Starting... (2022-05-17 15:45:30)
@!@!@ENDMSG 2185 @!@!@
@!@!@STARTMSG 2189:0 @!@!@
Computing initial states...
@!@!@ENDMSG 2189 @!@!@
@!@!@STARTMSG 2190:0 @!@!@
Finished computing initial states: 1 distinct state generated at 2022-05-17 15:45:32.
@!@!@ENDMSG 2190 @!@!@
@!@!@STARTMSG 2200:0 @!@!@
Progress(8) at 2022-05-17 15:45:35: 9.667 states generated (9.667 s/min), 435 distinct states found (435 ds/min), 212 states left on queue.
@!@!@ENDMSG 2200 @!@!@
@!@!@STARTMSG 2200:0 @!@!@
Progress(17) at 2022-05-17 15:46:35: 277.835 states generated (268.168 s/min), 8.085 distinct states found (7.650 ds/min), 1.361 states left on queue.
@!@!@ENDMSG 2200 @!@!@
@!@!@STARTMSG 2200:0 @!@!@
Progress(22) at 2022-05-17 15:47:35: 510.947 states generated (233.112 s/min), 13.921 distinct states found (5.836 ds/min), 1.168 states left on queue.
@!@!@ENDMSG 2200 @!@!@
@!@!@STARTMSG 2200:0 @!@!@
Progress(31) at 2022-05-17 15:48:35: 756.829 states generated (245.882 s/min), 20.045 distinct states found (6.124 ds/min), 308 states left on queue.
@!@!@ENDMSG 2200 @!@!@
@!@!@STARTMSG 2201:0 @!@!@
The coverage statistics at 2022-05-17 15:48:35
@!@!@ENDMSG 2201 @!@!@
@!@!@STARTMSG 2773:0 @!@!@
<Init line 80, col 1 to line 80, col 4 of module 13_deliver_products_finalspec>: 1:1
@!@!@ENDMSG 2773 @!@!@
@!@!@STARTMSG 2221:0 @!@!@
  line 81, col 33 to line 104, col 56 of module 13_deliver_products_finalspec: 1
@!@!@ENDMSG 2221 @!@!@
@!@!@STARTMSG 2772:0 @!@!@
<InsertCredit line 62, col 1 to line 62, col 50 of module 13_deliver_products_finalspec>: 843:166563
@!@!@ENDMSG 2772 @!@!@
@!@!@STARTMSG 2221:0 @!@!@
  line 63, col 36 to line 63, col 57 of module 13_deliver_products_finalspec: 265402
@!@!@ENDMSG 2221 @!@!@
@!@!@STARTMSG 2221:0 @!@!@
  |line 63, col 36 to line 63, col 40 of module 13_deliver_products_finalspec: 177643
@!@!@ENDMSG 2221 @!@!@
@!@!@STARTMSG 2221:0 @!@!@
  line 56, col 36 to line 56, col 85 of module 13_deliver_products_finalspec: 166563
@!@!@ENDMSG 2221 @!@!@
@!@!@STARTMSG 2221:0 @!@!@
  |line 56, col 36 to line 56, col 81 of module 13_deliver_products_finalspec: 276669
@!@!@ENDMSG 2221 @!@!@
@!@!@STARTMSG 2221:0 @!@!@
  line 57, col 36 to line 57, col 98 of module 13_deliver_products_finalspec: 166563
@!@!@ENDMSG 2221 @!@!@
@!@!@STARTMSG 2221:0 @!@!@
  line 58, col 36 to line 58, col 120 of module 13_deliver_products_finalspec: 166563
@!@!@ENDMSG 2221 @!@!@
@!@!@STARTMSG 2221:0 @!@!@
  line 59, col 36 to line 59, col 120 of module 13_deliver_products_finalspec: 166563
@!@!@ENDMSG 2221 @!@!@
@!@!@STARTMSG 2221:0 @!@!@
  line 64, col 74 to line 64, col 82 of module 13_deliver_products_finalspec: 276669
@!@!@ENDMSG 2221 @!@!@
@!@!@STARTMSG 2221:0 @!@!@
  line 64, col 85 to line 64, col 100 of module 13_deliver_products_finalspec: 166563
@!@!@ENDMSG 2221 @!@!@
@!@!@STARTMSG 2221:0 @!@!@
  line 64, col 103 to line 64, col 115 of module 13_deliver_products_finalspec: 276669
@!@!@ENDMSG 2221 @!@!@
@!@!@STARTMSG 2221:0 @!@!@
  line 64, col 118 to line 64, col 137 of module 13_deliver_products_finalspec: 166563
@!@!@ENDMSG 2221 @!@!@
@!@!@STARTMSG 2221:0 @!@!@
  line 64, col 140 to line 64, col 143 of module 13_deliver_products_finalspec: 276669
@!@!@ENDMSG 2221 @!@!@
@!@!@STARTMSG 2221:0 @!@!@
  line 64, col 48 to line 64, col 56 of module 13_deliver_products_finalspec: 92223
@!@!@ENDMSG 2221 @!@!@
@!@!@STARTMSG 2221:0 @!@!@
  line 65, col 36 to line 65, col 72 of module 13_deliver_products_finalspec: 166563
@!@!@ENDMSG 2221 @!@!@
@!@!@STARTMSG 2772:0 @!@!@
<ReturnCredit line 68, col 1 to line 68, col 50 of module 13_deliver_products_finalspec (70 37 73 69)>: 721:317892
@!@!@ENDMSG 2772 @!@!@
@!@!@STARTMSG 2221:0 @!@!@
  line 70, col 40 to line 70, col 118 of module 13_deliver_products_finalspec: 168103
@!@!@ENDMSG 2221 @!@!@
@!@!@STARTMSG 2221:0 @!@!@
  |line 70, col 40 to line 70, col 114 of module 13_deliver_products_finalspec: 177643
@!@!@ENDMSG 2221 @!@!@
@!@!@STARTMSG 2221:0 @!@!@
  ||line 24, col 33 to line 25, col 125 of module 13_deliver_products_finalspec: 710580
@!@!@ENDMSG 2221 @!@!@
@!@!@STARTMSG 2221:0 @!@!@
  |||line 24, col 36 to line 24, col 42 of module 13_deliver_products_finalspec: 710588
@!@!@ENDMSG 2221 @!@!@
@!@!@STARTMSG 2221:0 @!@!@
  |||line 25, col 38 to line 25, col 125 of module 13_deliver_products_finalspec: 532941
@!@!@ENDMSG 2221 @!@!@
@!@!@STARTMSG 2221:0 @!@!@
  ||||line 25, col 38 to line 25, col 76 of module 13_deliver_products_finalspec: 532941
@!@!@ENDMSG 2221 @!@!@
@!@!@STARTMSG 2221:0 @!@!@
  ||||line 25, col 80 to line 25, col 125 of module 13_deliver_products_finalspec: 532941
@!@!@ENDMSG 2221 @!@!@
@!@!@STARTMSG 2221:0 @!@!@
  |||||line 25, col 91 to line 25, col 91 of module 13_deliver_products_finalspec: 355294
@!@!@ENDMSG 2221 @!@!@
@!@!@STARTMSG 2221:0 @!@!@
  |||||line 25, col 94 to line 25, col 124 of module 13_deliver_products_finalspec: 532941
@!@!@ENDMSG 2221 @!@!@
@!@!@STARTMSG 2221:0 @!@!@
  ||line 70, col 51 to line 70, col 102 of module 13_deliver_products_finalspec: 177647
@!@!@ENDMSG 2221 @!@!@
@!@!@STARTMSG 2221:0 @!@!@
  ||line 70, col 105 to line 70, col 113 of module 13_deliver_products_finalspec: 177647
@!@!@ENDMSG 2221 @!@!@
@!@!@STARTMSG 2221:0 @!@!@
  line 56, col 36 to line 56, col 85 of module 13_deliver_products_finalspec: 317900
@!@!@ENDMSG 2221 @!@!@
@!@!@STARTMSG 2221:0 @!@!@
  |line 56, col 36 to line 56, col 81 of module 13_deliver_products_finalspec: 504321
@!@!@ENDMSG 2221 @!@!@
@!@!@STARTMSG 2221:0 @!@!@
  line 57, col 36 to line 57, col 98 of module 13_deliver_products_finalspec: 317900
@!@!@ENDMSG 2221 @!@!@
@!@!@STARTMSG 2221:0 @!@!@
  line 58, col 36 to line 58, col 120 of module 13_deliver_products_finalspec: 317900
@!@!@ENDMSG 2221 @!@!@
@!@!@STARTMSG 2221:0 @!@!@
  line 59, col 36 to line 59, col 120 of module 13_deliver_products_finalspec: 317900
@!@!@ENDMSG 2221 @!@!@
@!@!@STARTMSG 2221:0 @!@!@
  line 71, col 78 to line 71, col 93 of module 13_deliver_products_finalspec: 504321
@!@!@ENDMSG 2221 @!@!@
@!@!@STARTMSG 2221:0 @!@!@
  line 71, col 96 to line 71, col 104 of module 13_deliver_products_finalspec: 317900
@!@!@ENDMSG 2221 @!@!@
@!@!@STARTMSG 2221:0 @!@!@
  line 71, col 107 to line 71, col 126 of module 13_deliver_products_finalspec: 504321
@!@!@ENDMSG 2221 @!@!@
@!@!@STARTMSG 2221:0 @!@!@
  line 71, col 129 to line 71, col 141 of module 13_deliver_products_finalspec: 317900
@!@!@ENDMSG 2221 @!@!@
@!@!@STARTMSG 2221:0 @!@!@
  line 71, col 144 to line 71, col 147 of module 13_deliver_products_finalspec: 504321
@!@!@ENDMSG 2221 @!@!@
@!@!@STARTMSG 2221:0 @!@!@
  line 71, col 52 to line 71, col 60 of module 13_deliver_products_finalspec: 168107
@!@!@ENDMSG 2221 @!@!@
@!@!@STARTMSG 2221:0 @!@!@
  line 72, col 40 to line 72, col 67 of module 13_deliver_products_finalspec: 317900
@!@!@ENDMSG 2221 @!@!@
@!@!@STARTMSG 2221:0 @!@!@
  line 73, col 40 to line 73, col 69 of module 13_deliver_products_finalspec: 317892
@!@!@ENDMSG 2221 @!@!@
@!@!@STARTMSG 2772:0 @!@!@
<ReturnCredit line 68, col 1 to line 68, col 50 of module 13_deliver_products_finalspec (75 37 78 98)>: 0:4563
@!@!@ENDMSG 2772 @!@!@
@!@!@STARTMSG 2221:0 @!@!@
  line 75, col 40 to line 75, col 118 of module 13_deliver_products_finalspec: 182211
@!@!@ENDMSG 2221 @!@!@
@!@!@STARTMSG 2221:0 @!@!@
  |line 75, col 40 to line 75, col 114 of module 13_deliver_products_finalspec: 177648
@!@!@ENDMSG 2221 @!@!@
@!@!@STARTMSG 2221:0 @!@!@
  ||line 24, col 33 to line 25, col 125 of module 13_deliver_products_finalspec: 710592
@!@!@ENDMSG 2221 @!@!@
@!@!@STARTMSG 2221:0 @!@!@
  |||line 24, col 36 to line 24, col 42 of module 13_deliver_products_finalspec: 710592
@!@!@ENDMSG 2221 @!@!@
@!@!@STARTMSG 2221:0 @!@!@
  |||line 25, col 38 to line 25, col 125 of module 13_deliver_products_finalspec: 532944
@!@!@ENDMSG 2221 @!@!@
@!@!@STARTMSG 2221:0 @!@!@
  ||||line 25, col 38 to line 25, col 76 of module 13_deliver_products_finalspec: 532944
@!@!@ENDMSG 2221 @!@!@
@!@!@STARTMSG 2221:0 @!@!@
  ||||line 25, col 80 to line 25, col 125 of module 13_deliver_products_finalspec: 532944
@!@!@ENDMSG 2221 @!@!@
@!@!@STARTMSG 2221:0 @!@!@
  |||||line 25, col 91 to line 25, col 91 of module 13_deliver_products_finalspec: 355296
@!@!@ENDMSG 2221 @!@!@
@!@!@STARTMSG 2221:0 @!@!@
  |||||line 25, col 94 to line 25, col 124 of module 13_deliver_products_finalspec: 532944
@!@!@ENDMSG 2221 @!@!@
@!@!@STARTMSG 2221:0 @!@!@
  ||line 75, col 51 to line 75, col 102 of module 13_deliver_products_finalspec: 177648
@!@!@ENDMSG 2221 @!@!@
@!@!@STARTMSG 2221:0 @!@!@
  ||line 75, col 105 to line 75, col 113 of module 13_deliver_products_finalspec: 177648
@!@!@ENDMSG 2221 @!@!@
@!@!@STARTMSG 2221:0 @!@!@
  line 76, col 40 to line 76, col 65 of module 13_deliver_products_finalspec: 14103
@!@!@ENDMSG 2221 @!@!@
@!@!@STARTMSG 2221:0 @!@!@
  |line 76, col 40 to line 76, col 44 of module 13_deliver_products_finalspec: 9540
@!@!@ENDMSG 2221 @!@!@
@!@!@STARTMSG 2221:0 @!@!@
  line 77, col 40 to line 77, col 62 of module 13_deliver_products_finalspec: 4563
@!@!@ENDMSG 2221 @!@!@
@!@!@STARTMSG 2221:0 @!@!@
  line 78, col 40 to line 78, col 98 of module 13_deliver_products_finalspec: 4563
@!@!@ENDMSG 2221 @!@!@
@!@!@STARTMSG 2772:0 @!@!@
<SelectProduct line 106, col 1 to line 106, col 60 of module 13_deliver_products_finalspec>: 14948:177648
@!@!@ENDMSG 2772 @!@!@
@!@!@STARTMSG 2221:0 @!@!@
  line 107, col 37 to line 107, col 63 of module 13_deliver_products_finalspec: 177648
@!@!@ENDMSG 2221 @!@!@
@!@!@STARTMSG 2221:0 @!@!@
  line 108, col 40 to line 108, col 87 of module 13_deliver_products_finalspec: 177648
@!@!@ENDMSG 2221 @!@!@
@!@!@STARTMSG 2772:0 @!@!@
<DeliverProduct line 136, col 1 to line 136, col 61 of module 13_deliver_products_finalspec (161 36 161 105)>: 3533:90258
@!@!@ENDMSG 2772 @!@!@
@!@!@STARTMSG 2221:0 @!@!@
  line 137, col 36 to line 137, col 47 of module 13_deliver_products_finalspec: 246851
@!@!@ENDMSG 2221 @!@!@
@!@!@STARTMSG 2221:0 @!@!@
  |line 137, col 36 to line 137, col 42 of module 13_deliver_products_finalspec: 177655
@!@!@ENDMSG 2221 @!@!@
@!@!@STARTMSG 2221:0 @!@!@
  line 115, col 36 to line 115, col 131 of module 13_deliver_products_finalspec: 69196
@!@!@ENDMSG 2221 @!@!@
@!@!@STARTMSG 2221:0 @!@!@
  |line 115, col 36 to line 115, col 110 of module 13_deliver_products_finalspec: 132673
@!@!@ENDMSG 2221 @!@!@
@!@!@STARTMSG 2221:0 @!@!@
  ||line 24, col 33 to line 25, col 125 of module 13_deliver_products_finalspec: 530692
@!@!@ENDMSG 2221 @!@!@
@!@!@STARTMSG 2221:0 @!@!@
  |||line 24, col 36 to line 24, col 42 of module 13_deliver_products_finalspec: 530692
@!@!@ENDMSG 2221 @!@!@
@!@!@STARTMSG 2221:0 @!@!@
  |||line 25, col 38 to line 25, col 125 of module 13_deliver_products_finalspec: 398019
@!@!@ENDMSG 2221 @!@!@
@!@!@STARTMSG 2221:0 @!@!@
  ||||line 25, col 38 to line 25, col 76 of module 13_deliver_products_finalspec: 398019
@!@!@ENDMSG 2221 @!@!@
@!@!@STARTMSG 2221:0 @!@!@
  ||||line 25, col 80 to line 25, col 125 of module 13_deliver_products_finalspec: 398019
@!@!@ENDMSG 2221 @!@!@
@!@!@STARTMSG 2221:0 @!@!@
  |||||line 25, col 91 to line 25, col 91 of module 13_deliver_products_finalspec: 265346
@!@!@ENDMSG 2221 @!@!@
@!@!@STARTMSG 2221:0 @!@!@
  |||||line 25, col 94 to line 25, col 124 of module 13_deliver_products_finalspec: 398019
@!@!@ENDMSG 2221 @!@!@
@!@!@STARTMSG 2221:0 @!@!@
  ||line 115, col 47 to line 115, col 98 of module 13_deliver_products_finalspec: 132673
@!@!@ENDMSG 2221 @!@!@
@!@!@STARTMSG 2221:0 @!@!@
  ||line 115, col 101 to line 115, col 109 of module 13_deliver_products_finalspec: 132673
@!@!@ENDMSG 2221 @!@!@
@!@!@STARTMSG 2221:0 @!@!@
  |line 115, col 115 to line 115, col 131 of module 13_deliver_products_finalspec: 132673
@!@!@ENDMSG 2221 @!@!@
@!@!@STARTMSG 2221:0 @!@!@
  line 139, col 67 to line 139, col 86 of module 13_deliver_products_finalspec: 132675
@!@!@ENDMSG 2221 @!@!@
@!@!@STARTMSG 2221:0 @!@!@
  line 139, col 89 to line 139, col 95 of module 13_deliver_products_finalspec: 132675
@!@!@ENDMSG 2221 @!@!@
@!@!@STARTMSG 2221:0 @!@!@
  line 119, col 40 to line 119, col 83 of module 13_deliver_products_finalspec: 133722971
@!@!@ENDMSG 2221 @!@!@
@!@!@STARTMSG 2221:0 @!@!@
  |line 119, col 40 to line 119, col 63 of module 13_deliver_products_finalspec: 133632886
@!@!@ENDMSG 2221 @!@!@
@!@!@STARTMSG 2221:0 @!@!@
  ||line 24, col 33 to line 25, col 125 of module 13_deliver_products_finalspec: 534532529
@!@!@ENDMSG 2221 @!@!@
@!@!@STARTMSG 2221:0 @!@!@
  |||line 24, col 36 to line 24, col 42 of module 13_deliver_products_finalspec: 534532825
@!@!@ENDMSG 2221 @!@!@
@!@!@STARTMSG 2221:0 @!@!@
  ||||line 24, col 36 to line 24, col 37 of module 13_deliver_products_finalspec: 534533090
@!@!@ENDMSG 2221 @!@!@
@!@!@STARTMSG 2221:0 @!@!@
  ||||line 24, col 41 to line 24, col 42 of module 13_deliver_products_finalspec: 534533832
@!@!@ENDMSG 2221 @!@!@
@!@!@STARTMSG 2221:0 @!@!@
  |||line 25, col 38 to line 25, col 125 of module 13_deliver_products_finalspec: 400900577
@!@!@ENDMSG 2221 @!@!@
@!@!@STARTMSG 2221:0 @!@!@
  ||||line 25, col 38 to line 25, col 76 of module 13_deliver_products_finalspec: 400900644
@!@!@ENDMSG 2221 @!@!@
@!@!@STARTMSG 2221:0 @!@!@
  |||||line 17, col 33 to line 17, col 46 of module 13_deliver_products_finalspec: 400900689
@!@!@ENDMSG 2221 @!@!@
@!@!@STARTMSG 2221:0 @!@!@
  ||||||line 17, col 33 to line 17, col 39 of module 13_deliver_products_finalspec: 400900731
@!@!@ENDMSG 2221 @!@!@
@!@!@STARTMSG 2221:0 @!@!@
  |||||||line 17, col 33 to line 17, col 33 of module 13_deliver_products_finalspec: 400900834
@!@!@ENDMSG 2221 @!@!@
@!@!@STARTMSG 2221:0 @!@!@
  |||||||line 17, col 35 to line 17, col 38 of module 13_deliver_products_finalspec: 400900883
@!@!@ENDMSG 2221 @!@!@
@!@!@STARTMSG 2221:0 @!@!@
  ||||||line 17, col 43 to line 17, col 46 of module 13_deliver_products_finalspec: 400900914
@!@!@ENDMSG 2221 @!@!@
@!@!@STARTMSG 2221:0 @!@!@
  |||||line 25, col 49 to line 25, col 49 of module 13_deliver_products_finalspec: 400900944
@!@!@ENDMSG 2221 @!@!@
@!@!@STARTMSG 2221:0 @!@!@
  |||||line 25, col 52 to line 25, col 75 of module 13_deliver_products_finalspec: 400901012
@!@!@ENDMSG 2221 @!@!@
@!@!@STARTMSG 2221:0 @!@!@
  ||||||line 25, col 72 to line 25, col 75 of module 13_deliver_products_finalspec: 400901039
@!@!@ENDMSG 2221 @!@!@
@!@!@STARTMSG 2221:0 @!@!@
  ||||||line 25, col 68 to line 25, col 69 of module 13_deliver_products_finalspec: 400901063
@!@!@ENDMSG 2221 @!@!@
@!@!@STARTMSG 2221:0 @!@!@
  ||||line 25, col 80 to line 25, col 125 of module 13_deliver_products_finalspec: 400901085
@!@!@ENDMSG 2221 @!@!@
@!@!@STARTMSG 2221:0 @!@!@
  |||||line 25, col 91 to line 25, col 91 of module 13_deliver_products_finalspec: 267267428
@!@!@ENDMSG 2221 @!@!@
@!@!@STARTMSG 2221:0 @!@!@
  |||||line 25, col 94 to line 25, col 124 of module 13_deliver_products_finalspec: 400901167
@!@!@ENDMSG 2221 @!@!@
@!@!@STARTMSG 2221:0 @!@!@
  ||||||line 25, col 94 to line 25, col 95 of module 13_deliver_products_finalspec: 400901195
@!@!@ENDMSG 2221 @!@!@
@!@!@STARTMSG 2221:0 @!@!@
  ||||||line 25, col 99 to line 25, col 124 of module 13_deliver_products_finalspec: 400901218
@!@!@ENDMSG 2221 @!@!@
@!@!@STARTMSG 2221:0 @!@!@
  |||||||line 25, col 100 to line 25, col 123 of module 13_deliver_products_finalspec: 400901629
@!@!@ENDMSG 2221 @!@!@
@!@!@STARTMSG 2221:0 @!@!@
  ||||||||line 25, col 120 to line 25, col 123 of module 13_deliver_products_finalspec: 400902311
@!@!@ENDMSG 2221 @!@!@
@!@!@STARTMSG 2221:0 @!@!@
  ||||||||line 25, col 116 to line 25, col 117 of module 13_deliver_products_finalspec: 400902446
@!@!@ENDMSG 2221 @!@!@
@!@!@STARTMSG 2221:0 @!@!@
  ||line 119, col 51 to line 119, col 51 of module 13_deliver_products_finalspec: 133634207
@!@!@ENDMSG 2221 @!@!@
@!@!@STARTMSG 2221:0 @!@!@
  ||line 119, col 54 to line 119, col 62 of module 13_deliver_products_finalspec: 133635190
@!@!@ENDMSG 2221 @!@!@
@!@!@STARTMSG 2775:0 @!@!@
  |||line 36, col 1 to line 36, col 13 of module MC: 133636410:801818454
@!@!@ENDMSG 2775 @!@!@
@!@!@STARTMSG 2221:0 @!@!@
  |line 119, col 67 to line 119, col 83 of module 13_deliver_products_finalspec: 133639062
@!@!@ENDMSG 2221 @!@!@
@!@!@STARTMSG 2221:0 @!@!@
  ||line 119, col 67 to line 119, col 74 of module 13_deliver_products_finalspec: 133639143
@!@!@ENDMSG 2221 @!@!@
@!@!@STARTMSG 2221:0 @!@!@
  |||line 11, col 1 to line 11, col 63 of module MC: 133639162
@!@!@ENDMSG 2221 @!@!@
@!@!@STARTMSG 2221:0 @!@!@
  ||line 119, col 76 to line 119, col 82 of module 13_deliver_products_finalspec: 133639233
@!@!@ENDMSG 2221 @!@!@
@!@!@STARTMSG 2221:0 @!@!@
  line 120, col 65 to line 120, col 133 of module 13_deliver_products_finalspec: 270819
@!@!@ENDMSG 2221 @!@!@
@!@!@STARTMSG 2221:0 @!@!@
  |line 120, col 65 to line 120, col 71 of module 13_deliver_products_finalspec: 907379
@!@!@ENDMSG 2221 @!@!@
@!@!@STARTMSG 2221:0 @!@!@
  |line 120, col 76 to line 120, col 133 of module 13_deliver_products_finalspec: 907379
@!@!@ENDMSG 2221 @!@!@
@!@!@STARTMSG 2221:0 @!@!@
  line 120, col 53 to line 120, col 61 of module 13_deliver_products_finalspec: 527084
@!@!@ENDMSG 2221 @!@!@
@!@!@STARTMSG 2775:0 @!@!@
  line 118, col 45 to line 118, col 87 of module 13_deliver_products_finalspec: 100407:400917948
@!@!@ENDMSG 2775 @!@!@
@!@!@STARTMSG 2221:0 @!@!@
  |line 118, col 46 to line 118, col 54 of module 13_deliver_products_finalspec: 100407
@!@!@ENDMSG 2221 @!@!@
@!@!@STARTMSG 2775:0 @!@!@
  |line 118, col 59 to line 118, col 86 of module 13_deliver_products_finalspec: 100408:160447907
@!@!@ENDMSG 2775 @!@!@
@!@!@STARTMSG 2221:0 @!@!@
  ||line 118, col 60 to line 118, col 60 of module 13_deliver_products_finalspec: 1104499
@!@!@ENDMSG 2221 @!@!@
@!@!@STARTMSG 2221:0 @!@!@
  ||line 118, col 69 to line 118, col 85 of module 13_deliver_products_finalspec: 100409
@!@!@ENDMSG 2221 @!@!@
@!@!@STARTMSG 2221:0 @!@!@
  line 140, col 70 to line 140, col 89 of module 13_deliver_products_finalspec: 100410
@!@!@ENDMSG 2221 @!@!@
@!@!@STARTMSG 2221:0 @!@!@
  line 140, col 92 to line 140, col 98 of module 13_deliver_products_finalspec: 100410
@!@!@ENDMSG 2221 @!@!@
@!@!@STARTMSG 2221:0 @!@!@
  line 141, col 36 to line 149, col 57 of module 13_deliver_products_finalspec: 90274
@!@!@ENDMSG 2221 @!@!@
@!@!@STARTMSG 2221:0 @!@!@
  |line 141, col 57 to line 149, col 57 of module 13_deliver_products_finalspec: 90275
@!@!@ENDMSG 2221 @!@!@
@!@!@STARTMSG 2221:0 @!@!@
  ||line 141, col 58 to line 147, col 57 of module 13_deliver_products_finalspec: 90277
@!@!@ENDMSG 2221 @!@!@
@!@!@STARTMSG 2221:0 @!@!@
  |||line 141, col 59 to line 144, col 57 of module 13_deliver_products_finalspec: 90278
@!@!@ENDMSG 2221 @!@!@
@!@!@STARTMSG 2221:0 @!@!@
  ||||line 141, col 63 to line 141, col 78 of module 13_deliver_products_finalspec: 90278
@!@!@ENDMSG 2221 @!@!@
@!@!@STARTMSG 2221:0 @!@!@
  ||||line 142, col 72 to line 143, col 229 of module 13_deliver_products_finalspec: 90262
@!@!@ENDMSG 2221 @!@!@
@!@!@STARTMSG 2221:0 @!@!@
  ||||line 143, col 73 to line 143, col 229 of module 13_deliver_products_finalspec: 90278
@!@!@ENDMSG 2221 @!@!@
@!@!@STARTMSG 2221:0 @!@!@
  |||||line 123, col 33 to line 124, col 99 of module 13_deliver_products_finalspec: 90278
@!@!@ENDMSG 2221 @!@!@
@!@!@STARTMSG 2221:0 @!@!@
  ||||||line 124, col 37 to line 124, col 99 of module 13_deliver_products_finalspec: 9417336
@!@!@ENDMSG 2221 @!@!@
@!@!@STARTMSG 2221:0 @!@!@
  |||||||line 124, col 61 to line 124, col 99 of module 13_deliver_products_finalspec: 10848556
@!@!@ENDMSG 2221 @!@!@
@!@!@STARTMSG 2221:0 @!@!@
  |||||||line 124, col 49 to line 124, col 57 of module 13_deliver_products_finalspec: 9417336
@!@!@ENDMSG 2221 @!@!@
@!@!@STARTMSG 2775:0 @!@!@
  ||||||line 123, col 46 to line 123, col 88 of module 13_deliver_products_finalspec: 90278:490057408
@!@!@ENDMSG 2775 @!@!@
@!@!@STARTMSG 2221:0 @!@!@
  |||||||line 123, col 47 to line 123, col 55 of module 13_deliver_products_finalspec: 90278
@!@!@ENDMSG 2221 @!@!@
@!@!@STARTMSG 2775:0 @!@!@
  |||||||line 123, col 60 to line 123, col 87 of module 13_deliver_products_finalspec: 90278:144264244
@!@!@ENDMSG 2775 @!@!@
@!@!@STARTMSG 2221:0 @!@!@
  ||||||||line 123, col 61 to line 123, col 61 of module 13_deliver_products_finalspec: 993058
@!@!@ENDMSG 2221 @!@!@
@!@!@STARTMSG 2221:0 @!@!@
  ||||||||line 123, col 70 to line 123, col 86 of module 13_deliver_products_finalspec: 90278
@!@!@ENDMSG 2221 @!@!@
@!@!@STARTMSG 2221:0 @!@!@
  |||||line 143, col 90 to line 143, col 174 of module 13_deliver_products_finalspec: 90278
@!@!@ENDMSG 2221 @!@!@
@!@!@STARTMSG 2221:0 @!@!@
  ||||||line 131, col 33 to line 133, col 86 of module 13_deliver_products_finalspec: 90278
@!@!@ENDMSG 2221 @!@!@
@!@!@STARTMSG 2221:0 @!@!@
  |||||||line 132, col 37 to line 133, col 86 of module 13_deliver_products_finalspec: 2819788
@!@!@ENDMSG 2221 @!@!@
@!@!@STARTMSG 2221:0 @!@!@
  ||||||||line 132, col 40 to line 132, col 71 of module 13_deliver_products_finalspec: 2819788
@!@!@ENDMSG 2221 @!@!@
@!@!@STARTMSG 2221:0 @!@!@
  |||||||||line 132, col 40 to line 132, col 63 of module 13_deliver_products_finalspec: 2819788
@!@!@ENDMSG 2221 @!@!@
@!@!@STARTMSG 2221:0 @!@!@
  ||||||||||line 24, col 33 to line 25, col 125 of module 13_deliver_products_finalspec: 11279152
@!@!@ENDMSG 2221 @!@!@
@!@!@STARTMSG 2221:0 @!@!@
  |||||||||||line 24, col 36 to line 24, col 42 of module 13_deliver_products_finalspec: 11279152
@!@!@ENDMSG 2221 @!@!@
@!@!@STARTMSG 2221:0 @!@!@
  |||||||||||line 25, col 38 to line 25, col 125 of module 13_deliver_products_finalspec: 8459364
@!@!@ENDMSG 2221 @!@!@
@!@!@STARTMSG 2221:0 @!@!@
  ||||||||||||line 25, col 38 to line 25, col 76 of module 13_deliver_products_finalspec: 8459364
@!@!@ENDMSG 2221 @!@!@
@!@!@STARTMSG 2221:0 @!@!@
  ||||||||||||line 25, col 80 to line 25, col 125 of module 13_deliver_products_finalspec: 8459364
@!@!@ENDMSG 2221 @!@!@
@!@!@STARTMSG 2221:0 @!@!@
  |||||||||||||line 25, col 91 to line 25, col 91 of module 13_deliver_products_finalspec: 5639576
@!@!@ENDMSG 2221 @!@!@
@!@!@STARTMSG 2221:0 @!@!@
  |||||||||||||line 25, col 94 to line 25, col 124 of module 13_deliver_products_finalspec: 8459364
@!@!@ENDMSG 2221 @!@!@
@!@!@STARTMSG 2221:0 @!@!@
  ||||||||||line 132, col 51 to line 132, col 51 of module 13_deliver_products_finalspec: 2819788
@!@!@ENDMSG 2221 @!@!@
@!@!@STARTMSG 2221:0 @!@!@
  ||||||||||line 132, col 54 to line 132, col 62 of module 13_deliver_products_finalspec: 2819788
@!@!@ENDMSG 2221 @!@!@
@!@!@STARTMSG 2221:0 @!@!@
  |||||||||line 132, col 67 to line 132, col 71 of module 13_deliver_products_finalspec: 2819788
@!@!@ENDMSG 2221 @!@!@
@!@!@STARTMSG 2221:0 @!@!@
  ||||||||line 133, col 40 to line 133, col 86 of module 13_deliver_products_finalspec: 101232
@!@!@ENDMSG 2221 @!@!@
@!@!@STARTMSG 2221:0 @!@!@
  |||||||||line 133, col 64 to line 133, col 86 of module 13_deliver_products_finalspec: 297071
@!@!@ENDMSG 2221 @!@!@
@!@!@STARTMSG 2221:0 @!@!@
  |||||||||line 133, col 52 to line 133, col 60 of module 13_deliver_products_finalspec: 101232
@!@!@ENDMSG 2221 @!@!@
@!@!@STARTMSG 2775:0 @!@!@
  |||||||line 131, col 46 to line 131, col 88 of module 13_deliver_products_finalspec: 90279:483465190
@!@!@ENDMSG 2775 @!@!@
@!@!@STARTMSG 2221:0 @!@!@
  ||||||||line 131, col 47 to line 131, col 55 of module 13_deliver_products_finalspec: 90279
@!@!@ENDMSG 2221 @!@!@
@!@!@STARTMSG 2775:0 @!@!@
  ||||||||line 131, col 60 to line 131, col 87 of module 13_deliver_products_finalspec: 90279:144265842
@!@!@ENDMSG 2775 @!@!@
@!@!@STARTMSG 2221:0 @!@!@
  |||||||||line 131, col 61 to line 131, col 61 of module 13_deliver_products_finalspec: 993069
@!@!@ENDMSG 2221 @!@!@
@!@!@STARTMSG 2221:0 @!@!@
  |||||||||line 131, col 70 to line 131, col 86 of module 13_deliver_products_finalspec: 90279
@!@!@ENDMSG 2221 @!@!@
@!@!@STARTMSG 2221:0 @!@!@
  ||||||line 143, col 103 to line 143, col 154 of module 13_deliver_products_finalspec: 90279
@!@!@ENDMSG 2221 @!@!@
@!@!@STARTMSG 2221:0 @!@!@
  ||||||line 143, col 157 to line 143, col 173 of module 13_deliver_products_finalspec: 90279
@!@!@ENDMSG 2221 @!@!@
@!@!@STARTMSG 2221:0 @!@!@
  |||||line 143, col 177 to line 143, col 228 of module 13_deliver_products_finalspec: 90279
@!@!@ENDMSG 2221 @!@!@
@!@!@STARTMSG 2221:0 @!@!@
  |||line 145, col 72 to line 146, col 221 of module 13_deliver_products_finalspec: 90262
@!@!@ENDMSG 2221 @!@!@
@!@!@STARTMSG 2221:0 @!@!@
  |||line 146, col 73 to line 146, col 221 of module 13_deliver_products_finalspec: 90279
@!@!@ENDMSG 2221 @!@!@
@!@!@STARTMSG 2221:0 @!@!@
  ||||line 127, col 33 to line 128, col 99 of module 13_deliver_products_finalspec: 90279
@!@!@ENDMSG 2221 @!@!@
@!@!@STARTMSG 2221:0 @!@!@
  |||||line 128, col 37 to line 128, col 99 of module 13_deliver_products_finalspec: 9175853
@!@!@ENDMSG 2221 @!@!@
@!@!@STARTMSG 2221:0 @!@!@
  ||||||line 128, col 61 to line 128, col 99 of module 13_deliver_products_finalspec: 11453127
@!@!@ENDMSG 2221 @!@!@
@!@!@STARTMSG 2221:0 @!@!@
  ||||||line 128, col 49 to line 128, col 57 of module 13_deliver_products_finalspec: 9175853
@!@!@ENDMSG 2221 @!@!@
@!@!@STARTMSG 2775:0 @!@!@
  |||||line 127, col 46 to line 127, col 88 of module 13_deliver_products_finalspec: 90279:489821249
@!@!@ENDMSG 2775 @!@!@
@!@!@STARTMSG 2221:0 @!@!@
  ||||||line 127, col 47 to line 127, col 55 of module 13_deliver_products_finalspec: 90279
@!@!@ENDMSG 2221 @!@!@
@!@!@STARTMSG 2775:0 @!@!@
  ||||||line 127, col 60 to line 127, col 87 of module 13_deliver_products_finalspec: 90279:144265842
@!@!@ENDMSG 2775 @!@!@
@!@!@STARTMSG 2221:0 @!@!@
  |||||||line 127, col 61 to line 127, col 61 of module 13_deliver_products_finalspec: 993069
@!@!@ENDMSG 2221 @!@!@
@!@!@STARTMSG 2221:0 @!@!@
  |||||||line 127, col 70 to line 127, col 86 of module 13_deliver_products_finalspec: 90279
@!@!@ENDMSG 2221 @!@!@
@!@!@STARTMSG 2221:0 @!@!@
  ||||line 146, col 84 to line 146, col 168 of module 13_deliver_products_finalspec: 90279
@!@!@ENDMSG 2221 @!@!@
@!@!@STARTMSG 2221:0 @!@!@
  |||||line 131, col 33 to line 133, col 86 of module 13_deliver_products_finalspec: 90279
@!@!@ENDMSG 2221 @!@!@
@!@!@STARTMSG 2221:0 @!@!@
  ||||||line 132, col 37 to line 133, col 86 of module 13_deliver_products_finalspec: 2819801
@!@!@ENDMSG 2221 @!@!@
@!@!@STARTMSG 2221:0 @!@!@
  |||||||line 132, col 40 to line 132, col 71 of module 13_deliver_products_finalspec: 2819801
@!@!@ENDMSG 2221 @!@!@
@!@!@STARTMSG 2221:0 @!@!@
  ||||||||line 132, col 40 to line 132, col 63 of module 13_deliver_products_finalspec: 2819801
@!@!@ENDMSG 2221 @!@!@
@!@!@STARTMSG 2221:0 @!@!@
  |||||||||line 24, col 33 to line 25, col 125 of module 13_deliver_products_finalspec: 11279204
@!@!@ENDMSG 2221 @!@!@
@!@!@STARTMSG 2221:0 @!@!@
  ||||||||||line 24, col 36 to line 24, col 42 of module 13_deliver_products_finalspec: 11279204
@!@!@ENDMSG 2221 @!@!@
@!@!@STARTMSG 2221:0 @!@!@
  ||||||||||line 25, col 38 to line 25, col 125 of module 13_deliver_products_finalspec: 8459403
@!@!@ENDMSG 2221 @!@!@
@!@!@STARTMSG 2221:0 @!@!@
  |||||||||||line 25, col 38 to line 25, col 76 of module 13_deliver_products_finalspec: 8459403
@!@!@ENDMSG 2221 @!@!@
@!@!@STARTMSG 2221:0 @!@!@
  |||||||||||line 25, col 80 to line 25, col 125 of module 13_deliver_products_finalspec: 8459403
@!@!@ENDMSG 2221 @!@!@
@!@!@STARTMSG 2221:0 @!@!@
  ||||||||||||line 25, col 91 to line 25, col 91 of module 13_deliver_products_finalspec: 5639602
@!@!@ENDMSG 2221 @!@!@
@!@!@STARTMSG 2221:0 @!@!@
  ||||||||||||line 25, col 94 to line 25, col 124 of module 13_deliver_products_finalspec: 8459403
@!@!@ENDMSG 2221 @!@!@
@!@!@STARTMSG 2221:0 @!@!@
  |||||||||line 132, col 51 to line 132, col 51 of module 13_deliver_products_finalspec: 2819801
@!@!@ENDMSG 2221 @!@!@
@!@!@STARTMSG 2221:0 @!@!@
  |||||||||line 132, col 54 to line 132, col 62 of module 13_deliver_products_finalspec: 2819801
@!@!@ENDMSG 2221 @!@!@
@!@!@STARTMSG 2221:0 @!@!@
  ||||||||line 132, col 67 to line 132, col 71 of module 13_deliver_products_finalspec: 2819801
@!@!@ENDMSG 2221 @!@!@
@!@!@STARTMSG 2221:0 @!@!@
  |||||||line 133, col 40 to line 133, col 86 of module 13_deliver_products_finalspec: 101233
@!@!@ENDMSG 2221 @!@!@
@!@!@STARTMSG 2221:0 @!@!@
  ||||||||line 133, col 64 to line 133, col 86 of module 13_deliver_products_finalspec: 297074
@!@!@ENDMSG 2221 @!@!@
@!@!@STARTMSG 2221:0 @!@!@
  ||||||||line 133, col 52 to line 133, col 60 of module 13_deliver_products_finalspec: 101233
@!@!@ENDMSG 2221 @!@!@
@!@!@STARTMSG 2775:0 @!@!@
  ||||||line 131, col 46 to line 131, col 88 of module 13_deliver_products_finalspec: 90279:483465197
@!@!@ENDMSG 2775 @!@!@
@!@!@STARTMSG 2221:0 @!@!@
  |||||||line 131, col 47 to line 131, col 55 of module 13_deliver_products_finalspec: 90279
@!@!@ENDMSG 2221 @!@!@
@!@!@STARTMSG 2775:0 @!@!@
  |||||||line 131, col 60 to line 131, col 87 of module 13_deliver_products_finalspec: 90279:144265842
@!@!@ENDMSG 2775 @!@!@
@!@!@STARTMSG 2221:0 @!@!@
  ||||||||line 131, col 61 to line 131, col 61 of module 13_deliver_products_finalspec: 993069
@!@!@ENDMSG 2221 @!@!@
@!@!@STARTMSG 2221:0 @!@!@
  ||||||||line 131, col 70 to line 131, col 86 of module 13_deliver_products_finalspec: 90279
@!@!@ENDMSG 2221 @!@!@
@!@!@STARTMSG 2221:0 @!@!@
  |||||line 146, col 97 to line 146, col 148 of module 13_deliver_products_finalspec: 90279
@!@!@ENDMSG 2221 @!@!@
@!@!@STARTMSG 2221:0 @!@!@
  |||||line 146, col 151 to line 146, col 167 of module 13_deliver_products_finalspec: 90279
@!@!@ENDMSG 2221 @!@!@
@!@!@STARTMSG 2221:0 @!@!@
  ||||line 146, col 171 to line 146, col 220 of module 13_deliver_products_finalspec: 90279
@!@!@ENDMSG 2221 @!@!@
@!@!@STARTMSG 2221:0 @!@!@
  ||line 148, col 72 to line 148, col 126 of module 13_deliver_products_finalspec: 90262
@!@!@ENDMSG 2221 @!@!@
@!@!@STARTMSG 2221:0 @!@!@
  line 150, col 36 to line 152, col 53 of module 13_deliver_products_finalspec: 90279
@!@!@ENDMSG 2221 @!@!@
@!@!@STARTMSG 2221:0 @!@!@
  line 153, col 36 to line 153, col 48 of module 13_deliver_products_finalspec: 90279
@!@!@ENDMSG 2221 @!@!@
@!@!@STARTMSG 2221:0 @!@!@
  line 154, col 36 to line 154, col 54 of module 13_deliver_products_finalspec: 90262
@!@!@ENDMSG 2221 @!@!@
@!@!@STARTMSG 2221:0 @!@!@
  line 161, col 52 to line 161, col 64 of module 13_deliver_products_finalspec: 69211
@!@!@ENDMSG 2221 @!@!@
@!@!@STARTMSG 2221:0 @!@!@
  line 161, col 67 to line 161, col 86 of module 13_deliver_products_finalspec: 132688
@!@!@ENDMSG 2221 @!@!@
@!@!@STARTMSG 2221:0 @!@!@
  line 161, col 89 to line 161, col 104 of module 13_deliver_products_finalspec: 177670
@!@!@ENDMSG 2221 @!@!@
@!@!@STARTMSG 2202:0 @!@!@
End of statistics.
@!@!@ENDMSG 2202 @!@!@
@!@!@STARTMSG 2193:0 @!@!@
Model checking completed. No error has been found.
  Estimates of the probability that TLC did not check all reachable states
  because two distinct states had the same fingerprint:
  calculated (optimistic):  val = 8.3E-10
  based on the actual fingerprints:  val = 3.6E-11
@!@!@ENDMSG 2193 @!@!@
@!@!@STARTMSG 2201:0 @!@!@
The coverage statistics at 2022-05-17 15:48:38
@!@!@ENDMSG 2201 @!@!@
@!@!@STARTMSG 2773:0 @!@!@
<Init line 80, col 1 to line 80, col 4 of module 13_deliver_products_finalspec>: 1:1
@!@!@ENDMSG 2773 @!@!@
@!@!@STARTMSG 2221:0 @!@!@
  line 81, col 33 to line 104, col 56 of module 13_deliver_products_finalspec: 1
@!@!@ENDMSG 2221 @!@!@
@!@!@STARTMSG 2772:0 @!@!@
<InsertCredit line 62, col 1 to line 62, col 50 of module 13_deliver_products_finalspec>: 847:168012
@!@!@ENDMSG 2772 @!@!@
@!@!@STARTMSG 2221:0 @!@!@
  line 63, col 36 to line 63, col 57 of module 13_deliver_products_finalspec: 272880
@!@!@ENDMSG 2221 @!@!@
@!@!@STARTMSG 2221:0 @!@!@
  |line 63, col 36 to line 63, col 40 of module 13_deliver_products_finalspec: 183744
@!@!@ENDMSG 2221 @!@!@
@!@!@STARTMSG 2221:0 @!@!@
  line 56, col 36 to line 56, col 85 of module 13_deliver_products_finalspec: 168012
@!@!@ENDMSG 2221 @!@!@
@!@!@STARTMSG 2221:0 @!@!@
  |line 56, col 36 to line 56, col 81 of module 13_deliver_products_finalspec: 283824
@!@!@ENDMSG 2221 @!@!@
@!@!@STARTMSG 2221:0 @!@!@
  line 57, col 36 to line 57, col 98 of module 13_deliver_products_finalspec: 168012
@!@!@ENDMSG 2221 @!@!@
@!@!@STARTMSG 2221:0 @!@!@
  line 58, col 36 to line 58, col 120 of module 13_deliver_products_finalspec: 168012
@!@!@ENDMSG 2221 @!@!@
@!@!@STARTMSG 2221:0 @!@!@
  line 59, col 36 to line 59, col 120 of module 13_deliver_products_finalspec: 168012
@!@!@ENDMSG 2221 @!@!@
@!@!@STARTMSG 2221:0 @!@!@
  line 64, col 74 to line 64, col 82 of module 13_deliver_products_finalspec: 283824
@!@!@ENDMSG 2221 @!@!@
@!@!@STARTMSG 2221:0 @!@!@
  line 64, col 85 to line 64, col 100 of module 13_deliver_products_finalspec: 168012
@!@!@ENDMSG 2221 @!@!@
@!@!@STARTMSG 2221:0 @!@!@
  line 64, col 103 to line 64, col 115 of module 13_deliver_products_finalspec: 283824
@!@!@ENDMSG 2221 @!@!@
@!@!@STARTMSG 2221:0 @!@!@
  line 64, col 118 to line 64, col 137 of module 13_deliver_products_finalspec: 168012
@!@!@ENDMSG 2221 @!@!@
@!@!@STARTMSG 2221:0 @!@!@
  line 64, col 140 to line 64, col 143 of module 13_deliver_products_finalspec: 283824
@!@!@ENDMSG 2221 @!@!@
@!@!@STARTMSG 2221:0 @!@!@
  line 64, col 48 to line 64, col 56 of module 13_deliver_products_finalspec: 94608
@!@!@ENDMSG 2221 @!@!@
@!@!@STARTMSG 2221:0 @!@!@
  line 65, col 36 to line 65, col 72 of module 13_deliver_products_finalspec: 168012
@!@!@ENDMSG 2221 @!@!@
@!@!@STARTMSG 2772:0 @!@!@
<ReturnCredit line 68, col 1 to line 68, col 50 of module 13_deliver_products_finalspec (70 37 73 69)>: 730:325080
@!@!@ENDMSG 2772 @!@!@
@!@!@STARTMSG 2221:0 @!@!@
  line 70, col 40 to line 70, col 118 of module 13_deliver_products_finalspec: 172944
@!@!@ENDMSG 2221 @!@!@
@!@!@STARTMSG 2221:0 @!@!@
  |line 70, col 40 to line 70, col 114 of module 13_deliver_products_finalspec: 183744
@!@!@ENDMSG 2221 @!@!@
@!@!@STARTMSG 2221:0 @!@!@
  ||line 24, col 33 to line 25, col 125 of module 13_deliver_products_finalspec: 734976
@!@!@ENDMSG 2221 @!@!@
@!@!@STARTMSG 2221:0 @!@!@
  |||line 24, col 36 to line 24, col 42 of module 13_deliver_products_finalspec: 734976
@!@!@ENDMSG 2221 @!@!@
@!@!@STARTMSG 2221:0 @!@!@
  |||line 25, col 38 to line 25, col 125 of module 13_deliver_products_finalspec: 551232
@!@!@ENDMSG 2221 @!@!@
@!@!@STARTMSG 2221:0 @!@!@
  ||||line 25, col 38 to line 25, col 76 of module 13_deliver_products_finalspec: 551232
@!@!@ENDMSG 2221 @!@!@
@!@!@STARTMSG 2221:0 @!@!@
  ||||line 25, col 80 to line 25, col 125 of module 13_deliver_products_finalspec: 551232
@!@!@ENDMSG 2221 @!@!@
@!@!@STARTMSG 2221:0 @!@!@
  |||||line 25, col 91 to line 25, col 91 of module 13_deliver_products_finalspec: 367488
@!@!@ENDMSG 2221 @!@!@
@!@!@STARTMSG 2221:0 @!@!@
  |||||line 25, col 94 to line 25, col 124 of module 13_deliver_products_finalspec: 551232
@!@!@ENDMSG 2221 @!@!@
@!@!@STARTMSG 2221:0 @!@!@
  ||line 70, col 51 to line 70, col 102 of module 13_deliver_products_finalspec: 183744
@!@!@ENDMSG 2221 @!@!@
@!@!@STARTMSG 2221:0 @!@!@
  ||line 70, col 105 to line 70, col 113 of module 13_deliver_products_finalspec: 183744
@!@!@ENDMSG 2221 @!@!@
@!@!@STARTMSG 2221:0 @!@!@
  line 56, col 36 to line 56, col 85 of module 13_deliver_products_finalspec: 325080
@!@!@ENDMSG 2221 @!@!@
@!@!@STARTMSG 2221:0 @!@!@
  |line 56, col 36 to line 56, col 81 of module 13_deliver_products_finalspec: 518832
@!@!@ENDMSG 2221 @!@!@
@!@!@STARTMSG 2221:0 @!@!@
  line 57, col 36 to line 57, col 98 of module 13_deliver_products_finalspec: 325080
@!@!@ENDMSG 2221 @!@!@
@!@!@STARTMSG 2221:0 @!@!@
  line 58, col 36 to line 58, col 120 of module 13_deliver_products_finalspec: 325080
@!@!@ENDMSG 2221 @!@!@
@!@!@STARTMSG 2221:0 @!@!@
  line 59, col 36 to line 59, col 120 of module 13_deliver_products_finalspec: 325080
@!@!@ENDMSG 2221 @!@!@
@!@!@STARTMSG 2221:0 @!@!@
  line 71, col 78 to line 71, col 93 of module 13_deliver_products_finalspec: 518832
@!@!@ENDMSG 2221 @!@!@
@!@!@STARTMSG 2221:0 @!@!@
  line 71, col 96 to line 71, col 104 of module 13_deliver_products_finalspec: 325080
@!@!@ENDMSG 2221 @!@!@
@!@!@STARTMSG 2221:0 @!@!@
  line 71, col 107 to line 71, col 126 of module 13_deliver_products_finalspec: 518832
@!@!@ENDMSG 2221 @!@!@
@!@!@STARTMSG 2221:0 @!@!@
  line 71, col 129 to line 71, col 141 of module 13_deliver_products_finalspec: 325080
@!@!@ENDMSG 2221 @!@!@
@!@!@STARTMSG 2221:0 @!@!@
  line 71, col 144 to line 71, col 147 of module 13_deliver_products_finalspec: 518832
@!@!@ENDMSG 2221 @!@!@
@!@!@STARTMSG 2221:0 @!@!@
  line 71, col 52 to line 71, col 60 of module 13_deliver_products_finalspec: 172944
@!@!@ENDMSG 2221 @!@!@
@!@!@STARTMSG 2221:0 @!@!@
  line 72, col 40 to line 72, col 67 of module 13_deliver_products_finalspec: 325080
@!@!@ENDMSG 2221 @!@!@
@!@!@STARTMSG 2221:0 @!@!@
  line 73, col 40 to line 73, col 69 of module 13_deliver_products_finalspec: 325080
@!@!@ENDMSG 2221 @!@!@
@!@!@STARTMSG 2772:0 @!@!@
<ReturnCredit line 68, col 1 to line 68, col 50 of module 13_deliver_products_finalspec (75 37 78 98)>: 0:5328
@!@!@ENDMSG 2772 @!@!@
@!@!@STARTMSG 2221:0 @!@!@
  line 75, col 40 to line 75, col 118 of module 13_deliver_products_finalspec: 189072
@!@!@ENDMSG 2221 @!@!@
@!@!@STARTMSG 2221:0 @!@!@
  |line 75, col 40 to line 75, col 114 of module 13_deliver_products_finalspec: 183744
@!@!@ENDMSG 2221 @!@!@
@!@!@STARTMSG 2221:0 @!@!@
  ||line 24, col 33 to line 25, col 125 of module 13_deliver_products_finalspec: 734976
@!@!@ENDMSG 2221 @!@!@
@!@!@STARTMSG 2221:0 @!@!@
  |||line 24, col 36 to line 24, col 42 of module 13_deliver_products_finalspec: 734976
@!@!@ENDMSG 2221 @!@!@
@!@!@STARTMSG 2221:0 @!@!@
  |||line 25, col 38 to line 25, col 125 of module 13_deliver_products_finalspec: 551232
@!@!@ENDMSG 2221 @!@!@
@!@!@STARTMSG 2221:0 @!@!@
  ||||line 25, col 38 to line 25, col 76 of module 13_deliver_products_finalspec: 551232
@!@!@ENDMSG 2221 @!@!@
@!@!@STARTMSG 2221:0 @!@!@
  ||||line 25, col 80 to line 25, col 125 of module 13_deliver_products_finalspec: 551232
@!@!@ENDMSG 2221 @!@!@
@!@!@STARTMSG 2221:0 @!@!@
  |||||line 25, col 91 to line 25, col 91 of module 13_deliver_products_finalspec: 367488
@!@!@ENDMSG 2221 @!@!@
@!@!@STARTMSG 2221:0 @!@!@
  |||||line 25, col 94 to line 25, col 124 of module 13_deliver_products_finalspec: 551232
@!@!@ENDMSG 2221 @!@!@
@!@!@STARTMSG 2221:0 @!@!@
  ||line 75, col 51 to line 75, col 102 of module 13_deliver_products_finalspec: 183744
@!@!@ENDMSG 2221 @!@!@
@!@!@STARTMSG 2221:0 @!@!@
  ||line 75, col 105 to line 75, col 113 of module 13_deliver_products_finalspec: 183744
@!@!@ENDMSG 2221 @!@!@
@!@!@STARTMSG 2221:0 @!@!@
  line 76, col 40 to line 76, col 65 of module 13_deliver_products_finalspec: 16128
@!@!@ENDMSG 2221 @!@!@
@!@!@STARTMSG 2221:0 @!@!@
  |line 76, col 40 to line 76, col 44 of module 13_deliver_products_finalspec: 10800
@!@!@ENDMSG 2221 @!@!@
@!@!@STARTMSG 2221:0 @!@!@
  line 77, col 40 to line 77, col 62 of module 13_deliver_products_finalspec: 5328
@!@!@ENDMSG 2221 @!@!@
@!@!@STARTMSG 2221:0 @!@!@
  line 78, col 40 to line 78, col 98 of module 13_deliver_products_finalspec: 5328
@!@!@ENDMSG 2221 @!@!@
@!@!@STARTMSG 2772:0 @!@!@
<SelectProduct line 106, col 1 to line 106, col 60 of module 13_deliver_products_finalspec>: 15265:183744
@!@!@ENDMSG 2772 @!@!@
@!@!@STARTMSG 2221:0 @!@!@
  line 107, col 37 to line 107, col 63 of module 13_deliver_products_finalspec: 183744
@!@!@ENDMSG 2221 @!@!@
@!@!@STARTMSG 2221:0 @!@!@
  line 108, col 40 to line 108, col 87 of module 13_deliver_products_finalspec: 183744
@!@!@ENDMSG 2221 @!@!@
@!@!@STARTMSG 2772:0 @!@!@
<DeliverProduct line 136, col 1 to line 136, col 61 of module 13_deliver_products_finalspec (161 36 161 105)>: 3573:91773
@!@!@ENDMSG 2772 @!@!@
@!@!@STARTMSG 2221:0 @!@!@
  line 137, col 36 to line 137, col 47 of module 13_deliver_products_finalspec: 254223
@!@!@ENDMSG 2221 @!@!@
@!@!@STARTMSG 2221:0 @!@!@
  |line 137, col 36 to line 137, col 42 of module 13_deliver_products_finalspec: 183744
@!@!@ENDMSG 2221 @!@!@
@!@!@STARTMSG 2221:0 @!@!@
  line 115, col 36 to line 115, col 131 of module 13_deliver_products_finalspec: 70479
@!@!@ENDMSG 2221 @!@!@
@!@!@STARTMSG 2221:0 @!@!@
  |line 115, col 36 to line 115, col 110 of module 13_deliver_products_finalspec: 137808
@!@!@ENDMSG 2221 @!@!@
@!@!@STARTMSG 2221:0 @!@!@
  ||line 24, col 33 to line 25, col 125 of module 13_deliver_products_finalspec: 551232
@!@!@ENDMSG 2221 @!@!@
@!@!@STARTMSG 2221:0 @!@!@
  |||line 24, col 36 to line 24, col 42 of module 13_deliver_products_finalspec: 551232
@!@!@ENDMSG 2221 @!@!@
@!@!@STARTMSG 2221:0 @!@!@
  |||line 25, col 38 to line 25, col 125 of module 13_deliver_products_finalspec: 413424
@!@!@ENDMSG 2221 @!@!@
@!@!@STARTMSG 2221:0 @!@!@
  ||||line 25, col 38 to line 25, col 76 of module 13_deliver_products_finalspec: 413424
@!@!@ENDMSG 2221 @!@!@
@!@!@STARTMSG 2221:0 @!@!@
  ||||line 25, col 80 to line 25, col 125 of module 13_deliver_products_finalspec: 413424
@!@!@ENDMSG 2221 @!@!@
@!@!@STARTMSG 2221:0 @!@!@
  |||||line 25, col 91 to line 25, col 91 of module 13_deliver_products_finalspec: 275616
@!@!@ENDMSG 2221 @!@!@
@!@!@STARTMSG 2221:0 @!@!@
  |||||line 25, col 94 to line 25, col 124 of module 13_deliver_products_finalspec: 413424
@!@!@ENDMSG 2221 @!@!@
@!@!@STARTMSG 2221:0 @!@!@
  ||line 115, col 47 to line 115, col 98 of module 13_deliver_products_finalspec: 137808
@!@!@ENDMSG 2221 @!@!@
@!@!@STARTMSG 2221:0 @!@!@
  ||line 115, col 101 to line 115, col 109 of module 13_deliver_products_finalspec: 137808
@!@!@ENDMSG 2221 @!@!@
@!@!@STARTMSG 2221:0 @!@!@
  |line 115, col 115 to line 115, col 131 of module 13_deliver_products_finalspec: 137808
@!@!@ENDMSG 2221 @!@!@
@!@!@STARTMSG 2221:0 @!@!@
  line 139, col 67 to line 139, col 86 of module 13_deliver_products_finalspec: 137808
@!@!@ENDMSG 2221 @!@!@
@!@!@STARTMSG 2221:0 @!@!@
  line 139, col 89 to line 139, col 95 of module 13_deliver_products_finalspec: 137808
@!@!@ENDMSG 2221 @!@!@
@!@!@STARTMSG 2221:0 @!@!@
  line 119, col 40 to line 119, col 83 of module 13_deliver_products_finalspec: 135610200
@!@!@ENDMSG 2221 @!@!@
@!@!@STARTMSG 2221:0 @!@!@
  |line 119, col 40 to line 119, col 63 of module 13_deliver_products_finalspec: 135518427
@!@!@ENDMSG 2221 @!@!@
@!@!@STARTMSG 2221:0 @!@!@
  ||line 24, col 33 to line 25, col 125 of module 13_deliver_products_finalspec: 542073708
@!@!@ENDMSG 2221 @!@!@
@!@!@STARTMSG 2221:0 @!@!@
  |||line 24, col 36 to line 24, col 42 of module 13_deliver_products_finalspec: 542073708
@!@!@ENDMSG 2221 @!@!@
@!@!@STARTMSG 2221:0 @!@!@
  |||line 25, col 38 to line 25, col 125 of module 13_deliver_products_finalspec: 406555281
@!@!@ENDMSG 2221 @!@!@
@!@!@STARTMSG 2221:0 @!@!@
  ||||line 25, col 38 to line 25, col 76 of module 13_deliver_products_finalspec: 406555281
@!@!@ENDMSG 2221 @!@!@
@!@!@STARTMSG 2221:0 @!@!@
  ||||line 25, col 80 to line 25, col 125 of module 13_deliver_products_finalspec: 406555281
@!@!@ENDMSG 2221 @!@!@
@!@!@STARTMSG 2221:0 @!@!@
  |||||line 25, col 91 to line 25, col 91 of module 13_deliver_products_finalspec: 271036854
@!@!@ENDMSG 2221 @!@!@
@!@!@STARTMSG 2221:0 @!@!@
  |||||line 25, col 94 to line 25, col 124 of module 13_deliver_products_finalspec: 406555281
@!@!@ENDMSG 2221 @!@!@
@!@!@STARTMSG 2221:0 @!@!@
  ||line 119, col 51 to line 119, col 51 of module 13_deliver_products_finalspec: 135518427
@!@!@ENDMSG 2221 @!@!@
@!@!@STARTMSG 2221:0 @!@!@
  ||line 119, col 54 to line 119, col 62 of module 13_deliver_products_finalspec: 135518427
@!@!@ENDMSG 2221 @!@!@
@!@!@STARTMSG 2221:0 @!@!@
  |line 119, col 67 to line 119, col 83 of module 13_deliver_products_finalspec: 135518427
@!@!@ENDMSG 2221 @!@!@
@!@!@STARTMSG 2221:0 @!@!@
  line 120, col 65 to line 120, col 133 of module 13_deliver_products_finalspec: 275319
@!@!@ENDMSG 2221 @!@!@
@!@!@STARTMSG 2221:0 @!@!@
  |line 120, col 65 to line 120, col 71 of module 13_deliver_products_finalspec: 920034
@!@!@ENDMSG 2221 @!@!@
@!@!@STARTMSG 2221:0 @!@!@
  |line 120, col 76 to line 120, col 133 of module 13_deliver_products_finalspec: 920034
@!@!@ENDMSG 2221 @!@!@
@!@!@STARTMSG 2221:0 @!@!@
  line 120, col 53 to line 120, col 61 of module 13_deliver_products_finalspec: 533934
@!@!@ENDMSG 2221 @!@!@
@!@!@STARTMSG 2775:0 @!@!@
  line 118, col 45 to line 118, col 87 of module 13_deliver_products_finalspec: 101817:406555281
@!@!@ENDMSG 2775 @!@!@
@!@!@STARTMSG 2221:0 @!@!@
  |line 118, col 46 to line 118, col 54 of module 13_deliver_products_finalspec: 101817
@!@!@ENDMSG 2221 @!@!@
@!@!@STARTMSG 2775:0 @!@!@
  |line 118, col 59 to line 118, col 86 of module 13_deliver_products_finalspec: 101817:162703566
@!@!@ENDMSG 2775 @!@!@
@!@!@STARTMSG 2221:0 @!@!@
  ||line 118, col 60 to line 118, col 60 of module 13_deliver_products_finalspec: 1119987
@!@!@ENDMSG 2221 @!@!@
@!@!@STARTMSG 2221:0 @!@!@
  ||line 118, col 69 to line 118, col 85 of module 13_deliver_products_finalspec: 101817
@!@!@ENDMSG 2221 @!@!@
@!@!@STARTMSG 2221:0 @!@!@
  line 140, col 70 to line 140, col 89 of module 13_deliver_products_finalspec: 101817
@!@!@ENDMSG 2221 @!@!@
@!@!@STARTMSG 2221:0 @!@!@
  line 140, col 92 to line 140, col 98 of module 13_deliver_products_finalspec: 101817
@!@!@ENDMSG 2221 @!@!@
@!@!@STARTMSG 2221:0 @!@!@
  line 141, col 36 to line 149, col 57 of module 13_deliver_products_finalspec: 91773
@!@!@ENDMSG 2221 @!@!@
@!@!@STARTMSG 2221:0 @!@!@
  |line 141, col 57 to line 149, col 57 of module 13_deliver_products_finalspec: 91773
@!@!@ENDMSG 2221 @!@!@
@!@!@STARTMSG 2221:0 @!@!@
  ||line 141, col 58 to line 147, col 57 of module 13_deliver_products_finalspec: 91773
@!@!@ENDMSG 2221 @!@!@
@!@!@STARTMSG 2221:0 @!@!@
  |||line 141, col 59 to line 144, col 57 of module 13_deliver_products_finalspec: 91773
@!@!@ENDMSG 2221 @!@!@
@!@!@STARTMSG 2221:0 @!@!@
  ||||line 141, col 63 to line 141, col 78 of module 13_deliver_products_finalspec: 91773
@!@!@ENDMSG 2221 @!@!@
@!@!@STARTMSG 2221:0 @!@!@
  ||||line 142, col 72 to line 143, col 229 of module 13_deliver_products_finalspec: 91773
@!@!@ENDMSG 2221 @!@!@
@!@!@STARTMSG 2221:0 @!@!@
  ||||line 143, col 73 to line 143, col 229 of module 13_deliver_products_finalspec: 91773
@!@!@ENDMSG 2221 @!@!@
@!@!@STARTMSG 2221:0 @!@!@
  |||||line 123, col 33 to line 124, col 99 of module 13_deliver_products_finalspec: 91773
@!@!@ENDMSG 2221 @!@!@
@!@!@STARTMSG 2221:0 @!@!@
  ||||||line 124, col 37 to line 124, col 99 of module 13_deliver_products_finalspec: 9552699
@!@!@ENDMSG 2221 @!@!@
@!@!@STARTMSG 2221:0 @!@!@
  |||||||line 124, col 61 to line 124, col 99 of module 13_deliver_products_finalspec: 10994319
@!@!@ENDMSG 2221 @!@!@
@!@!@STARTMSG 2221:0 @!@!@
  |||||||line 124, col 49 to line 124, col 57 of module 13_deliver_products_finalspec: 9552699
@!@!@ENDMSG 2221 @!@!@
@!@!@STARTMSG 2775:0 @!@!@
  ||||||line 123, col 46 to line 123, col 88 of module 13_deliver_products_finalspec: 91773:498152151
@!@!@ENDMSG 2775 @!@!@
@!@!@STARTMSG 2221:0 @!@!@
  |||||||line 123, col 47 to line 123, col 55 of module 13_deliver_products_finalspec: 91773
@!@!@ENDMSG 2221 @!@!@
@!@!@STARTMSG 2775:0 @!@!@
  |||||||line 123, col 60 to line 123, col 87 of module 13_deliver_products_finalspec: 91773:146653254
@!@!@ENDMSG 2775 @!@!@
@!@!@STARTMSG 2221:0 @!@!@
  ||||||||line 123, col 61 to line 123, col 61 of module 13_deliver_products_finalspec: 1009503
@!@!@ENDMSG 2221 @!@!@
@!@!@STARTMSG 2221:0 @!@!@
  ||||||||line 123, col 70 to line 123, col 86 of module 13_deliver_products_finalspec: 91773
@!@!@ENDMSG 2221 @!@!@
@!@!@STARTMSG 2221:0 @!@!@
  |||||line 143, col 90 to line 143, col 174 of module 13_deliver_products_finalspec: 91773
@!@!@ENDMSG 2221 @!@!@
@!@!@STARTMSG 2221:0 @!@!@
  ||||||line 131, col 33 to line 133, col 86 of module 13_deliver_products_finalspec: 91773
@!@!@ENDMSG 2221 @!@!@
@!@!@STARTMSG 2221:0 @!@!@
  |||||||line 132, col 37 to line 133, col 86 of module 13_deliver_products_finalspec: 2892915
@!@!@ENDMSG 2221 @!@!@
@!@!@STARTMSG 2221:0 @!@!@
  ||||||||line 132, col 40 to line 132, col 71 of module 13_deliver_products_finalspec: 2892915
@!@!@ENDMSG 2221 @!@!@
@!@!@STARTMSG 2221:0 @!@!@
  |||||||||line 132, col 40 to line 132, col 63 of module 13_deliver_products_finalspec: 2892915
@!@!@ENDMSG 2221 @!@!@
@!@!@STARTMSG 2221:0 @!@!@
  ||||||||||line 24, col 33 to line 25, col 125 of module 13_deliver_products_finalspec: 11571660
@!@!@ENDMSG 2221 @!@!@
@!@!@STARTMSG 2221:0 @!@!@
  |||||||||||line 24, col 36 to line 24, col 42 of module 13_deliver_products_finalspec: 11571660
@!@!@ENDMSG 2221 @!@!@
@!@!@STARTMSG 2221:0 @!@!@
  |||||||||||line 25, col 38 to line 25, col 125 of module 13_deliver_products_finalspec: 8678745
@!@!@ENDMSG 2221 @!@!@
@!@!@STARTMSG 2221:0 @!@!@
  ||||||||||||line 25, col 38 to line 25, col 76 of module 13_deliver_products_finalspec: 8678745
@!@!@ENDMSG 2221 @!@!@
@!@!@STARTMSG 2221:0 @!@!@
  ||||||||||||line 25, col 80 to line 25, col 125 of module 13_deliver_products_finalspec: 8678745
@!@!@ENDMSG 2221 @!@!@
@!@!@STARTMSG 2221:0 @!@!@
  |||||||||||||line 25, col 91 to line 25, col 91 of module 13_deliver_products_finalspec: 5785830
@!@!@ENDMSG 2221 @!@!@
@!@!@STARTMSG 2221:0 @!@!@
  |||||||||||||line 25, col 94 to line 25, col 124 of module 13_deliver_products_finalspec: 8678745
@!@!@ENDMSG 2221 @!@!@
@!@!@STARTMSG 2221:0 @!@!@
  ||||||||||line 132, col 51 to line 132, col 51 of module 13_deliver_products_finalspec: 2892915
@!@!@ENDMSG 2221 @!@!@
@!@!@STARTMSG 2221:0 @!@!@
  ||||||||||line 132, col 54 to line 132, col 62 of module 13_deliver_products_finalspec: 2892915
@!@!@ENDMSG 2221 @!@!@
@!@!@STARTMSG 2221:0 @!@!@
  |||||||||line 132, col 67 to line 132, col 71 of module 13_deliver_products_finalspec: 2892915
@!@!@ENDMSG 2221 @!@!@
@!@!@STARTMSG 2221:0 @!@!@
  ||||||||line 133, col 40 to line 133, col 86 of module 13_deliver_products_finalspec: 103518
@!@!@ENDMSG 2221 @!@!@
@!@!@STARTMSG 2221:0 @!@!@
  |||||||||line 133, col 64 to line 133, col 86 of module 13_deliver_products_finalspec: 303723
@!@!@ENDMSG 2221 @!@!@
@!@!@STARTMSG 2221:0 @!@!@
  |||||||||line 133, col 52 to line 133, col 60 of module 13_deliver_products_finalspec: 103518
@!@!@ENDMSG 2221 @!@!@
@!@!@STARTMSG 2775:0 @!@!@
  |||||||line 131, col 46 to line 131, col 88 of module 13_deliver_products_finalspec: 91773:491492367
@!@!@ENDMSG 2775 @!@!@
@!@!@STARTMSG 2221:0 @!@!@
  ||||||||line 131, col 47 to line 131, col 55 of module 13_deliver_products_finalspec: 91773
@!@!@ENDMSG 2221 @!@!@
@!@!@STARTMSG 2775:0 @!@!@
  ||||||||line 131, col 60 to line 131, col 87 of module 13_deliver_products_finalspec: 91773:146653254
@!@!@ENDMSG 2775 @!@!@
@!@!@STARTMSG 2221:0 @!@!@
  |||||||||line 131, col 61 to line 131, col 61 of module 13_deliver_products_finalspec: 1009503
@!@!@ENDMSG 2221 @!@!@
@!@!@STARTMSG 2221:0 @!@!@
  |||||||||line 131, col 70 to line 131, col 86 of module 13_deliver_products_finalspec: 91773
@!@!@ENDMSG 2221 @!@!@
@!@!@STARTMSG 2221:0 @!@!@
  ||||||line 143, col 103 to line 143, col 154 of module 13_deliver_products_finalspec: 91773
@!@!@ENDMSG 2221 @!@!@
@!@!@STARTMSG 2221:0 @!@!@
  ||||||line 143, col 157 to line 143, col 173 of module 13_deliver_products_finalspec: 91773
@!@!@ENDMSG 2221 @!@!@
@!@!@STARTMSG 2221:0 @!@!@
  |||||line 143, col 177 to line 143, col 228 of module 13_deliver_products_finalspec: 91773
@!@!@ENDMSG 2221 @!@!@
@!@!@STARTMSG 2221:0 @!@!@
  |||line 145, col 72 to line 146, col 221 of module 13_deliver_products_finalspec: 91773
@!@!@ENDMSG 2221 @!@!@
@!@!@STARTMSG 2221:0 @!@!@
  |||line 146, col 73 to line 146, col 221 of module 13_deliver_products_finalspec: 91773
@!@!@ENDMSG 2221 @!@!@
@!@!@STARTMSG 2221:0 @!@!@
  ||||line 127, col 33 to line 128, col 99 of module 13_deliver_products_finalspec: 91773
@!@!@ENDMSG 2221 @!@!@
@!@!@STARTMSG 2221:0 @!@!@
  |||||line 128, col 37 to line 128, col 99 of module 13_deliver_products_finalspec: 9390438
@!@!@ENDMSG 2221 @!@!@
@!@!@STARTMSG 2221:0 @!@!@
  ||||||line 128, col 61 to line 128, col 99 of module 13_deliver_products_finalspec: 11730285
@!@!@ENDMSG 2221 @!@!@
@!@!@STARTMSG 2221:0 @!@!@
  ||||||line 128, col 49 to line 128, col 57 of module 13_deliver_products_finalspec: 9390438
@!@!@ENDMSG 2221 @!@!@
@!@!@STARTMSG 2775:0 @!@!@
  |||||line 127, col 46 to line 127, col 88 of module 13_deliver_products_finalspec: 91773:497989890
@!@!@ENDMSG 2775 @!@!@
@!@!@STARTMSG 2221:0 @!@!@
  ||||||line 127, col 47 to line 127, col 55 of module 13_deliver_products_finalspec: 91773
@!@!@ENDMSG 2221 @!@!@
@!@!@STARTMSG 2775:0 @!@!@
  ||||||line 127, col 60 to line 127, col 87 of module 13_deliver_products_finalspec: 91773:146653254
@!@!@ENDMSG 2775 @!@!@
@!@!@STARTMSG 2221:0 @!@!@
  |||||||line 127, col 61 to line 127, col 61 of module 13_deliver_products_finalspec: 1009503
@!@!@ENDMSG 2221 @!@!@
@!@!@STARTMSG 2221:0 @!@!@
  |||||||line 127, col 70 to line 127, col 86 of module 13_deliver_products_finalspec: 91773
@!@!@ENDMSG 2221 @!@!@
@!@!@STARTMSG 2221:0 @!@!@
  ||||line 146, col 84 to line 146, col 168 of module 13_deliver_products_finalspec: 91773
@!@!@ENDMSG 2221 @!@!@
@!@!@STARTMSG 2221:0 @!@!@
  |||||line 131, col 33 to line 133, col 86 of module 13_deliver_products_finalspec: 91773
@!@!@ENDMSG 2221 @!@!@
@!@!@STARTMSG 2221:0 @!@!@
  ||||||line 132, col 37 to line 133, col 86 of module 13_deliver_products_finalspec: 2892915
@!@!@ENDMSG 2221 @!@!@
@!@!@STARTMSG 2221:0 @!@!@
  |||||||line 132, col 40 to line 132, col 71 of module 13_deliver_products_finalspec: 2892915
@!@!@ENDMSG 2221 @!@!@
@!@!@STARTMSG 2221:0 @!@!@
  ||||||||line 132, col 40 to line 132, col 63 of module 13_deliver_products_finalspec: 2892915
@!@!@ENDMSG 2221 @!@!@
@!@!@STARTMSG 2221:0 @!@!@
  |||||||||line 24, col 33 to line 25, col 125 of module 13_deliver_products_finalspec: 11571660
@!@!@ENDMSG 2221 @!@!@
@!@!@STARTMSG 2221:0 @!@!@
  ||||||||||line 24, col 36 to line 24, col 42 of module 13_deliver_products_finalspec: 11571660
@!@!@ENDMSG 2221 @!@!@
@!@!@STARTMSG 2221:0 @!@!@
  ||||||||||line 25, col 38 to line 25, col 125 of module 13_deliver_products_finalspec: 8678745
@!@!@ENDMSG 2221 @!@!@
@!@!@STARTMSG 2221:0 @!@!@
  |||||||||||line 25, col 38 to line 25, col 76 of module 13_deliver_products_finalspec: 8678745
@!@!@ENDMSG 2221 @!@!@
@!@!@STARTMSG 2221:0 @!@!@
  |||||||||||line 25, col 80 to line 25, col 125 of module 13_deliver_products_finalspec: 8678745
@!@!@ENDMSG 2221 @!@!@
@!@!@STARTMSG 2221:0 @!@!@
  ||||||||||||line 25, col 91 to line 25, col 91 of module 13_deliver_products_finalspec: 5785830
@!@!@ENDMSG 2221 @!@!@
@!@!@STARTMSG 2221:0 @!@!@
  ||||||||||||line 25, col 94 to line 25, col 124 of module 13_deliver_products_finalspec: 8678745
@!@!@ENDMSG 2221 @!@!@
@!@!@STARTMSG 2221:0 @!@!@
  |||||||||line 132, col 51 to line 132, col 51 of module 13_deliver_products_finalspec: 2892915
@!@!@ENDMSG 2221 @!@!@
@!@!@STARTMSG 2221:0 @!@!@
  |||||||||line 132, col 54 to line 132, col 62 of module 13_deliver_products_finalspec: 2892915
@!@!@ENDMSG 2221 @!@!@
@!@!@STARTMSG 2221:0 @!@!@
  ||||||||line 132, col 67 to line 132, col 71 of module 13_deliver_products_finalspec: 2892915
@!@!@ENDMSG 2221 @!@!@
@!@!@STARTMSG 2221:0 @!@!@
  |||||||line 133, col 40 to line 133, col 86 of module 13_deliver_products_finalspec: 103518
@!@!@ENDMSG 2221 @!@!@
@!@!@STARTMSG 2221:0 @!@!@
  ||||||||line 133, col 64 to line 133, col 86 of module 13_deliver_products_finalspec: 303723
@!@!@ENDMSG 2221 @!@!@
@!@!@STARTMSG 2221:0 @!@!@
  ||||||||line 133, col 52 to line 133, col 60 of module 13_deliver_products_finalspec: 103518
@!@!@ENDMSG 2221 @!@!@
@!@!@STARTMSG 2775:0 @!@!@
  ||||||line 131, col 46 to line 131, col 88 of module 13_deliver_products_finalspec: 91773:491492367
@!@!@ENDMSG 2775 @!@!@
@!@!@STARTMSG 2221:0 @!@!@
  |||||||line 131, col 47 to line 131, col 55 of module 13_deliver_products_finalspec: 91773
@!@!@ENDMSG 2221 @!@!@
@!@!@STARTMSG 2775:0 @!@!@
  |||||||line 131, col 60 to line 131, col 87 of module 13_deliver_products_finalspec: 91773:146653254
@!@!@ENDMSG 2775 @!@!@
@!@!@STARTMSG 2221:0 @!@!@
  ||||||||line 131, col 61 to line 131, col 61 of module 13_deliver_products_finalspec: 1009503
@!@!@ENDMSG 2221 @!@!@
@!@!@STARTMSG 2221:0 @!@!@
  ||||||||line 131, col 70 to line 131, col 86 of module 13_deliver_products_finalspec: 91773
@!@!@ENDMSG 2221 @!@!@
@!@!@STARTMSG 2221:0 @!@!@
  |||||line 146, col 97 to line 146, col 148 of module 13_deliver_products_finalspec: 91773
@!@!@ENDMSG 2221 @!@!@
@!@!@STARTMSG 2221:0 @!@!@
  |||||line 146, col 151 to line 146, col 167 of module 13_deliver_products_finalspec: 91773
@!@!@ENDMSG 2221 @!@!@
@!@!@STARTMSG 2221:0 @!@!@
  ||||line 146, col 171 to line 146, col 220 of module 13_deliver_products_finalspec: 91773
@!@!@ENDMSG 2221 @!@!@
@!@!@STARTMSG 2221:0 @!@!@
  ||line 148, col 72 to line 148, col 126 of module 13_deliver_products_finalspec: 91773
@!@!@ENDMSG 2221 @!@!@
@!@!@STARTMSG 2221:0 @!@!@
  line 150, col 36 to line 152, col 53 of module 13_deliver_products_finalspec: 91773
@!@!@ENDMSG 2221 @!@!@
@!@!@STARTMSG 2221:0 @!@!@
  line 153, col 36 to line 153, col 48 of module 13_deliver_products_finalspec: 91773
@!@!@ENDMSG 2221 @!@!@
@!@!@STARTMSG 2221:0 @!@!@
  line 154, col 36 to line 154, col 54 of module 13_deliver_products_finalspec: 91773
@!@!@ENDMSG 2221 @!@!@
@!@!@STARTMSG 2221:0 @!@!@
  line 161, col 52 to line 161, col 64 of module 13_deliver_products_finalspec: 70479
@!@!@ENDMSG 2221 @!@!@
@!@!@STARTMSG 2221:0 @!@!@
  line 161, col 67 to line 161, col 86 of module 13_deliver_products_finalspec: 137808
@!@!@ENDMSG 2221 @!@!@
@!@!@STARTMSG 2221:0 @!@!@
  line 161, col 89 to line 161, col 104 of module 13_deliver_products_finalspec: 183744
@!@!@ENDMSG 2221 @!@!@
@!@!@STARTMSG 2202:0 @!@!@
End of statistics.
@!@!@ENDMSG 2202 @!@!@
@!@!@STARTMSG 2200:0 @!@!@
Progress(35) at 2022-05-17 15:48:38: 773.938 states generated (245.845 s/min), 20.416 distinct states found (6.485 ds/min), 0 states left on queue.
@!@!@ENDMSG 2200 @!@!@
@!@!@STARTMSG 2199:0 @!@!@
773938 states generated, 20416 distinct states found, 0 states left on queue.
@!@!@ENDMSG 2199 @!@!@
@!@!@STARTMSG 2194:0 @!@!@
The depth of the complete state graph search is 35.
@!@!@ENDMSG 2194 @!@!@
@!@!@STARTMSG 2268:0 @!@!@
The average outdegree of the complete state graph is 1 (minimum is 0, the maximum 7 and the 95th percentile is 3).
@!@!@ENDMSG 2268 @!@!@
@!@!@STARTMSG 2186:0 @!@!@
Finished in 188891ms at (2022-05-17 15:48:38)
@!@!@ENDMSG 2186 @!@!@
