@!@!@STARTMSG 2262:0 @!@!@
TLC2 Version 2.16 of 31 December 2020 (rev: cdddf55)
@!@!@ENDMSG 2262 @!@!@
@!@!@STARTMSG 2187:0 @!@!@
Running breadth-first search Model-Checking with fp 34 and seed -6095390755557667770 with 5 workers on 10 cores with 2428MB heap and 5460MB offheap memory [pid: 1720] (Mac OS X 10.16 x86_64, AdoptOpenJDK 14.0.1 x86_64, OffHeapDiskFPSet, DiskStateQueue).
@!@!@ENDMSG 2187 @!@!@
@!@!@STARTMSG 2220:0 @!@!@
Starting SANY...
@!@!@ENDMSG 2220 @!@!@
Parsing file /Users/dirk-janswagerman/Projects/TLA+/tlaplus/13_deliver_products_finalspec.toolbox/Model_1/MC.tla
Parsing file /Users/dirk-janswagerman/Projects/TLA+/tlaplus/13_deliver_products_finalspec.toolbox/Model_1/13_deliver_products_finalspec.tla
Parsing file /private/var/folders/sy/rhv1w43j3bscfpls8nxgbl1m0000gn/T/AppTranslocation/9C9A1684-5D4E-493A-B117-5DC00FD82CF9/d/TLA+ Toolbox.app/Contents/Eclipse/plugins/org.lamport.tlatools_1.0.0.202012311918/tla2sany/StandardModules/TLC.tla
Parsing file /private/var/folders/sy/rhv1w43j3bscfpls8nxgbl1m0000gn/T/AppTranslocation/9C9A1684-5D4E-493A-B117-5DC00FD82CF9/d/TLA+ Toolbox.app/Contents/Eclipse/plugins/org.lamport.tlatools_1.0.0.202012311918/tla2sany/StandardModules/Naturals.tla
Parsing file /private/var/folders/sy/rhv1w43j3bscfpls8nxgbl1m0000gn/T/AppTranslocation/9C9A1684-5D4E-493A-B117-5DC00FD82CF9/d/TLA+ Toolbox.app/Contents/Eclipse/plugins/org.lamport.tlatools_1.0.0.202012311918/tla2sany/StandardModules/Sequences.tla
Parsing file /private/var/folders/sy/rhv1w43j3bscfpls8nxgbl1m0000gn/T/AppTranslocation/9C9A1684-5D4E-493A-B117-5DC00FD82CF9/d/TLA+ Toolbox.app/Contents/Eclipse/plugins/org.lamport.tlatools_1.0.0.202012311918/tla2sany/StandardModules/FiniteSets.tla
Semantic processing of module Naturals
Semantic processing of module Sequences
Semantic processing of module FiniteSets
Semantic processing of module TLC
Semantic processing of module 13_deliver_products_finalspec
Semantic processing of module MC
@!@!@STARTMSG 2219:0 @!@!@
SANY finished.
@!@!@ENDMSG 2219 @!@!@
@!@!@STARTMSG 2185:0 @!@!@
Starting... (2022-05-17 15:43:22)
@!@!@ENDMSG 2185 @!@!@
@!@!@STARTMSG 2189:0 @!@!@
Computing initial states...
@!@!@ENDMSG 2189 @!@!@
@!@!@STARTMSG 2190:0 @!@!@
Finished computing initial states: 1 distinct state generated at 2022-05-17 15:43:24.
@!@!@ENDMSG 2190 @!@!@
@!@!@STARTMSG 2200:0 @!@!@
Progress(9) at 2022-05-17 15:43:27: 13.106 states generated (13.106 s/min), 559 distinct states found (559 ds/min), 237 states left on queue.
@!@!@ENDMSG 2200 @!@!@
@!@!@STARTMSG 2193:0 @!@!@
Model checking completed. No error has been found.
  Estimates of the probability that TLC did not check all reachable states
  because two distinct states had the same fingerprint:
  calculated (optimistic):  val = 1.3E-10
  based on the actual fingerprints:  val = 1.7E-12
@!@!@ENDMSG 2193 @!@!@
@!@!@STARTMSG 2201:0 @!@!@
The coverage statistics at 2022-05-17 15:44:23
@!@!@ENDMSG 2201 @!@!@
@!@!@STARTMSG 2773:0 @!@!@
<Init line 80, col 1 to line 80, col 4 of module 13_deliver_products_finalspec>: 1:1
@!@!@ENDMSG 2773 @!@!@
@!@!@STARTMSG 2221:0 @!@!@
  line 81, col 33 to line 104, col 56 of module 13_deliver_products_finalspec: 1
@!@!@ENDMSG 2221 @!@!@
@!@!@STARTMSG 2772:0 @!@!@
<InsertCredit line 62, col 1 to line 62, col 50 of module 13_deliver_products_finalspec>: 283:65196
@!@!@ENDMSG 2772 @!@!@
@!@!@STARTMSG 2221:0 @!@!@
  line 63, col 36 to line 63, col 57 of module 13_deliver_products_finalspec: 111492
@!@!@ENDMSG 2221 @!@!@
@!@!@STARTMSG 2221:0 @!@!@
  |line 63, col 36 to line 63, col 40 of module 13_deliver_products_finalspec: 75312
@!@!@ENDMSG 2221 @!@!@
@!@!@STARTMSG 2221:0 @!@!@
  line 56, col 36 to line 56, col 85 of module 13_deliver_products_finalspec: 65196
@!@!@ENDMSG 2221 @!@!@
@!@!@STARTMSG 2221:0 @!@!@
  |line 56, col 36 to line 56, col 81 of module 13_deliver_products_finalspec: 117396
@!@!@ENDMSG 2221 @!@!@
@!@!@STARTMSG 2221:0 @!@!@
  line 57, col 36 to line 57, col 98 of module 13_deliver_products_finalspec: 65196
@!@!@ENDMSG 2221 @!@!@
@!@!@STARTMSG 2221:0 @!@!@
  line 58, col 36 to line 58, col 120 of module 13_deliver_products_finalspec: 65196
@!@!@ENDMSG 2221 @!@!@
@!@!@STARTMSG 2221:0 @!@!@
  line 59, col 36 to line 59, col 120 of module 13_deliver_products_finalspec: 65196
@!@!@ENDMSG 2221 @!@!@
@!@!@STARTMSG 2221:0 @!@!@
  line 64, col 74 to line 64, col 82 of module 13_deliver_products_finalspec: 117396
@!@!@ENDMSG 2221 @!@!@
@!@!@STARTMSG 2221:0 @!@!@
  line 64, col 85 to line 64, col 100 of module 13_deliver_products_finalspec: 65196
@!@!@ENDMSG 2221 @!@!@
@!@!@STARTMSG 2221:0 @!@!@
  line 64, col 103 to line 64, col 115 of module 13_deliver_products_finalspec: 117396
@!@!@ENDMSG 2221 @!@!@
@!@!@STARTMSG 2221:0 @!@!@
  line 64, col 118 to line 64, col 137 of module 13_deliver_products_finalspec: 65196
@!@!@ENDMSG 2221 @!@!@
@!@!@STARTMSG 2221:0 @!@!@
  line 64, col 140 to line 64, col 143 of module 13_deliver_products_finalspec: 117396
@!@!@ENDMSG 2221 @!@!@
@!@!@STARTMSG 2221:0 @!@!@
  line 64, col 48 to line 64, col 56 of module 13_deliver_products_finalspec: 39132
@!@!@ENDMSG 2221 @!@!@
@!@!@STARTMSG 2221:0 @!@!@
  line 65, col 36 to line 65, col 72 of module 13_deliver_products_finalspec: 65196
@!@!@ENDMSG 2221 @!@!@
@!@!@STARTMSG 2772:0 @!@!@
<ReturnCredit line 68, col 1 to line 68, col 50 of module 13_deliver_products_finalspec (70 37 73 69)>: 248:124812
@!@!@ENDMSG 2772 @!@!@
@!@!@STARTMSG 2221:0 @!@!@
  line 70, col 40 to line 70, col 118 of module 13_deliver_products_finalspec: 69516
@!@!@ENDMSG 2221 @!@!@
@!@!@STARTMSG 2221:0 @!@!@
  |line 70, col 40 to line 70, col 114 of module 13_deliver_products_finalspec: 75312
@!@!@ENDMSG 2221 @!@!@
@!@!@STARTMSG 2221:0 @!@!@
  ||line 24, col 33 to line 25, col 125 of module 13_deliver_products_finalspec: 301248
@!@!@ENDMSG 2221 @!@!@
@!@!@STARTMSG 2221:0 @!@!@
  |||line 24, col 36 to line 24, col 42 of module 13_deliver_products_finalspec: 301248
@!@!@ENDMSG 2221 @!@!@
@!@!@STARTMSG 2221:0 @!@!@
  |||line 25, col 38 to line 25, col 125 of module 13_deliver_products_finalspec: 225936
@!@!@ENDMSG 2221 @!@!@
@!@!@STARTMSG 2221:0 @!@!@
  ||||line 25, col 38 to line 25, col 76 of module 13_deliver_products_finalspec: 225936
@!@!@ENDMSG 2221 @!@!@
@!@!@STARTMSG 2221:0 @!@!@
  ||||line 25, col 80 to line 25, col 125 of module 13_deliver_products_finalspec: 225936
@!@!@ENDMSG 2221 @!@!@
@!@!@STARTMSG 2221:0 @!@!@
  |||||line 25, col 91 to line 25, col 91 of module 13_deliver_products_finalspec: 150624
@!@!@ENDMSG 2221 @!@!@
@!@!@STARTMSG 2221:0 @!@!@
  |||||line 25, col 94 to line 25, col 124 of module 13_deliver_products_finalspec: 225936
@!@!@ENDMSG 2221 @!@!@
@!@!@STARTMSG 2221:0 @!@!@
  ||line 70, col 51 to line 70, col 102 of module 13_deliver_products_finalspec: 75312
@!@!@ENDMSG 2221 @!@!@
@!@!@STARTMSG 2221:0 @!@!@
  ||line 70, col 105 to line 70, col 113 of module 13_deliver_products_finalspec: 75312
@!@!@ENDMSG 2221 @!@!@
@!@!@STARTMSG 2221:0 @!@!@
  line 56, col 36 to line 56, col 85 of module 13_deliver_products_finalspec: 124812
@!@!@ENDMSG 2221 @!@!@
@!@!@STARTMSG 2221:0 @!@!@
  |line 56, col 36 to line 56, col 81 of module 13_deliver_products_finalspec: 208548
@!@!@ENDMSG 2221 @!@!@
@!@!@STARTMSG 2221:0 @!@!@
  line 57, col 36 to line 57, col 98 of module 13_deliver_products_finalspec: 124812
@!@!@ENDMSG 2221 @!@!@
@!@!@STARTMSG 2221:0 @!@!@
  line 58, col 36 to line 58, col 120 of module 13_deliver_products_finalspec: 124812
@!@!@ENDMSG 2221 @!@!@
@!@!@STARTMSG 2221:0 @!@!@
  line 59, col 36 to line 59, col 120 of module 13_deliver_products_finalspec: 124812
@!@!@ENDMSG 2221 @!@!@
@!@!@STARTMSG 2221:0 @!@!@
  line 71, col 78 to line 71, col 93 of module 13_deliver_products_finalspec: 208548
@!@!@ENDMSG 2221 @!@!@
@!@!@STARTMSG 2221:0 @!@!@
  line 71, col 96 to line 71, col 104 of module 13_deliver_products_finalspec: 124812
@!@!@ENDMSG 2221 @!@!@
@!@!@STARTMSG 2221:0 @!@!@
  line 71, col 107 to line 71, col 126 of module 13_deliver_products_finalspec: 208548
@!@!@ENDMSG 2221 @!@!@
@!@!@STARTMSG 2221:0 @!@!@
  line 71, col 129 to line 71, col 141 of module 13_deliver_products_finalspec: 124812
@!@!@ENDMSG 2221 @!@!@
@!@!@STARTMSG 2221:0 @!@!@
  line 71, col 144 to line 71, col 147 of module 13_deliver_products_finalspec: 208548
@!@!@ENDMSG 2221 @!@!@
@!@!@STARTMSG 2221:0 @!@!@
  line 71, col 52 to line 71, col 60 of module 13_deliver_products_finalspec: 69516
@!@!@ENDMSG 2221 @!@!@
@!@!@STARTMSG 2221:0 @!@!@
  line 72, col 40 to line 72, col 67 of module 13_deliver_products_finalspec: 124812
@!@!@ENDMSG 2221 @!@!@
@!@!@STARTMSG 2221:0 @!@!@
  line 73, col 40 to line 73, col 69 of module 13_deliver_products_finalspec: 124812
@!@!@ENDMSG 2221 @!@!@
@!@!@STARTMSG 2772:0 @!@!@
<ReturnCredit line 68, col 1 to line 68, col 50 of module 13_deliver_products_finalspec (75 37 78 98)>: 0:2844
@!@!@ENDMSG 2772 @!@!@
@!@!@STARTMSG 2221:0 @!@!@
  line 75, col 40 to line 75, col 118 of module 13_deliver_products_finalspec: 78156
@!@!@ENDMSG 2221 @!@!@
@!@!@STARTMSG 2221:0 @!@!@
  |line 75, col 40 to line 75, col 114 of module 13_deliver_products_finalspec: 75312
@!@!@ENDMSG 2221 @!@!@
@!@!@STARTMSG 2221:0 @!@!@
  ||line 24, col 33 to line 25, col 125 of module 13_deliver_products_finalspec: 301248
@!@!@ENDMSG 2221 @!@!@
@!@!@STARTMSG 2221:0 @!@!@
  |||line 24, col 36 to line 24, col 42 of module 13_deliver_products_finalspec: 301248
@!@!@ENDMSG 2221 @!@!@
@!@!@STARTMSG 2221:0 @!@!@
  |||line 25, col 38 to line 25, col 125 of module 13_deliver_products_finalspec: 225936
@!@!@ENDMSG 2221 @!@!@
@!@!@STARTMSG 2221:0 @!@!@
  ||||line 25, col 38 to line 25, col 76 of module 13_deliver_products_finalspec: 225936
@!@!@ENDMSG 2221 @!@!@
@!@!@STARTMSG 2221:0 @!@!@
  ||||line 25, col 80 to line 25, col 125 of module 13_deliver_products_finalspec: 225936
@!@!@ENDMSG 2221 @!@!@
@!@!@STARTMSG 2221:0 @!@!@
  |||||line 25, col 91 to line 25, col 91 of module 13_deliver_products_finalspec: 150624
@!@!@ENDMSG 2221 @!@!@
@!@!@STARTMSG 2221:0 @!@!@
  |||||line 25, col 94 to line 25, col 124 of module 13_deliver_products_finalspec: 225936
@!@!@ENDMSG 2221 @!@!@
@!@!@STARTMSG 2221:0 @!@!@
  ||line 75, col 51 to line 75, col 102 of module 13_deliver_products_finalspec: 75312
@!@!@ENDMSG 2221 @!@!@
@!@!@STARTMSG 2221:0 @!@!@
  ||line 75, col 105 to line 75, col 113 of module 13_deliver_products_finalspec: 75312
@!@!@ENDMSG 2221 @!@!@
@!@!@STARTMSG 2221:0 @!@!@
  line 76, col 40 to line 76, col 65 of module 13_deliver_products_finalspec: 8640
@!@!@ENDMSG 2221 @!@!@
@!@!@STARTMSG 2221:0 @!@!@
  |line 76, col 40 to line 76, col 44 of module 13_deliver_products_finalspec: 5796
@!@!@ENDMSG 2221 @!@!@
@!@!@STARTMSG 2221:0 @!@!@
  line 77, col 40 to line 77, col 62 of module 13_deliver_products_finalspec: 2844
@!@!@ENDMSG 2221 @!@!@
@!@!@STARTMSG 2221:0 @!@!@
  line 78, col 40 to line 78, col 98 of module 13_deliver_products_finalspec: 2844
@!@!@ENDMSG 2221 @!@!@
@!@!@STARTMSG 2772:0 @!@!@
<SelectProduct line 106, col 1 to line 106, col 60 of module 13_deliver_products_finalspec>: 6253:75312
@!@!@ENDMSG 2772 @!@!@
@!@!@STARTMSG 2221:0 @!@!@
  line 107, col 37 to line 107, col 63 of module 13_deliver_products_finalspec: 75312
@!@!@ENDMSG 2221 @!@!@
@!@!@STARTMSG 2221:0 @!@!@
  line 108, col 40 to line 108, col 87 of module 13_deliver_products_finalspec: 75312
@!@!@ENDMSG 2221 @!@!@
@!@!@STARTMSG 2772:0 @!@!@
<DeliverProduct line 136, col 1 to line 136, col 61 of module 13_deliver_products_finalspec (161 36 161 105)>: 1583:30645
@!@!@ENDMSG 2772 @!@!@
@!@!@STARTMSG 2221:0 @!@!@
  line 137, col 36 to line 137, col 47 of module 13_deliver_products_finalspec: 101070
@!@!@ENDMSG 2221 @!@!@
@!@!@STARTMSG 2221:0 @!@!@
  |line 137, col 36 to line 137, col 42 of module 13_deliver_products_finalspec: 75312
@!@!@ENDMSG 2221 @!@!@
@!@!@STARTMSG 2221:0 @!@!@
  line 115, col 36 to line 115, col 131 of module 13_deliver_products_finalspec: 25758
@!@!@ENDMSG 2221 @!@!@
@!@!@STARTMSG 2221:0 @!@!@
  |line 115, col 36 to line 115, col 110 of module 13_deliver_products_finalspec: 56484
@!@!@ENDMSG 2221 @!@!@
@!@!@STARTMSG 2221:0 @!@!@
  ||line 24, col 33 to line 25, col 125 of module 13_deliver_products_finalspec: 225936
@!@!@ENDMSG 2221 @!@!@
@!@!@STARTMSG 2221:0 @!@!@
  |||line 24, col 36 to line 24, col 42 of module 13_deliver_products_finalspec: 225936
@!@!@ENDMSG 2221 @!@!@
@!@!@STARTMSG 2221:0 @!@!@
  |||line 25, col 38 to line 25, col 125 of module 13_deliver_products_finalspec: 169452
@!@!@ENDMSG 2221 @!@!@
@!@!@STARTMSG 2221:0 @!@!@
  ||||line 25, col 38 to line 25, col 76 of module 13_deliver_products_finalspec: 169452
@!@!@ENDMSG 2221 @!@!@
@!@!@STARTMSG 2221:0 @!@!@
  ||||line 25, col 80 to line 25, col 125 of module 13_deliver_products_finalspec: 169452
@!@!@ENDMSG 2221 @!@!@
@!@!@STARTMSG 2221:0 @!@!@
  |||||line 25, col 91 to line 25, col 91 of module 13_deliver_products_finalspec: 112968
@!@!@ENDMSG 2221 @!@!@
@!@!@STARTMSG 2221:0 @!@!@
  |||||line 25, col 94 to line 25, col 124 of module 13_deliver_products_finalspec: 169452
@!@!@ENDMSG 2221 @!@!@
@!@!@STARTMSG 2221:0 @!@!@
  ||line 115, col 47 to line 115, col 98 of module 13_deliver_products_finalspec: 56484
@!@!@ENDMSG 2221 @!@!@
@!@!@STARTMSG 2221:0 @!@!@
  ||line 115, col 101 to line 115, col 109 of module 13_deliver_products_finalspec: 56484
@!@!@ENDMSG 2221 @!@!@
@!@!@STARTMSG 2221:0 @!@!@
  |line 115, col 115 to line 115, col 131 of module 13_deliver_products_finalspec: 56484
@!@!@ENDMSG 2221 @!@!@
@!@!@STARTMSG 2221:0 @!@!@
  line 139, col 67 to line 139, col 86 of module 13_deliver_products_finalspec: 56484
@!@!@ENDMSG 2221 @!@!@
@!@!@STARTMSG 2221:0 @!@!@
  line 139, col 89 to line 139, col 95 of module 13_deliver_products_finalspec: 56484
@!@!@ENDMSG 2221 @!@!@
@!@!@STARTMSG 2221:0 @!@!@
  line 119, col 40 to line 119, col 83 of module 13_deliver_products_finalspec: 51492429
@!@!@ENDMSG 2221 @!@!@
@!@!@STARTMSG 2221:0 @!@!@
  |line 119, col 40 to line 119, col 63 of module 13_deliver_products_finalspec: 51461784
@!@!@ENDMSG 2221 @!@!@
@!@!@STARTMSG 2221:0 @!@!@
  ||line 24, col 33 to line 25, col 125 of module 13_deliver_products_finalspec: 205847136
@!@!@ENDMSG 2221 @!@!@
@!@!@STARTMSG 2221:0 @!@!@
  |||line 24, col 36 to line 24, col 42 of module 13_deliver_products_finalspec: 205847136
@!@!@ENDMSG 2221 @!@!@
@!@!@STARTMSG 2221:0 @!@!@
  |||line 25, col 38 to line 25, col 125 of module 13_deliver_products_finalspec: 154385352
@!@!@ENDMSG 2221 @!@!@
@!@!@STARTMSG 2221:0 @!@!@
  ||||line 25, col 38 to line 25, col 76 of module 13_deliver_products_finalspec: 154385352
@!@!@ENDMSG 2221 @!@!@
@!@!@STARTMSG 2221:0 @!@!@
  ||||line 25, col 80 to line 25, col 125 of module 13_deliver_products_finalspec: 154385352
@!@!@ENDMSG 2221 @!@!@
@!@!@STARTMSG 2221:0 @!@!@
  |||||line 25, col 91 to line 25, col 91 of module 13_deliver_products_finalspec: 102923568
@!@!@ENDMSG 2221 @!@!@
@!@!@STARTMSG 2221:0 @!@!@
  |||||line 25, col 94 to line 25, col 124 of module 13_deliver_products_finalspec: 154385352
@!@!@ENDMSG 2221 @!@!@
@!@!@STARTMSG 2221:0 @!@!@
  ||line 119, col 51 to line 119, col 51 of module 13_deliver_products_finalspec: 51461784
@!@!@ENDMSG 2221 @!@!@
@!@!@STARTMSG 2221:0 @!@!@
  ||line 119, col 54 to line 119, col 62 of module 13_deliver_products_finalspec: 51461784
@!@!@ENDMSG 2221 @!@!@
@!@!@STARTMSG 2221:0 @!@!@
  |line 119, col 67 to line 119, col 83 of module 13_deliver_products_finalspec: 51461784
@!@!@ENDMSG 2221 @!@!@
@!@!@STARTMSG 2221:0 @!@!@
  line 120, col 65 to line 120, col 133 of module 13_deliver_products_finalspec: 91935
@!@!@ENDMSG 2221 @!@!@
@!@!@STARTMSG 2221:0 @!@!@
  |line 120, col 65 to line 120, col 71 of module 13_deliver_products_finalspec: 351765
@!@!@ENDMSG 2221 @!@!@
@!@!@STARTMSG 2221:0 @!@!@
  |line 120, col 76 to line 120, col 133 of module 13_deliver_products_finalspec: 351765
@!@!@ENDMSG 2221 @!@!@
@!@!@STARTMSG 2221:0 @!@!@
  line 120, col 53 to line 120, col 61 of module 13_deliver_products_finalspec: 202014
@!@!@ENDMSG 2221 @!@!@
@!@!@STARTMSG 2775:0 @!@!@
  line 118, col 45 to line 118, col 87 of module 13_deliver_products_finalspec: 38664:154385352
@!@!@ENDMSG 2775 @!@!@
@!@!@STARTMSG 2221:0 @!@!@
  |line 118, col 46 to line 118, col 54 of module 13_deliver_products_finalspec: 38664
@!@!@ENDMSG 2221 @!@!@
@!@!@STARTMSG 2775:0 @!@!@
  |line 118, col 59 to line 118, col 86 of module 13_deliver_products_finalspec: 38664:61785072
@!@!@ENDMSG 2775 @!@!@
@!@!@STARTMSG 2221:0 @!@!@
  ||line 118, col 60 to line 118, col 60 of module 13_deliver_products_finalspec: 425304
@!@!@ENDMSG 2221 @!@!@
@!@!@STARTMSG 2221:0 @!@!@
  ||line 118, col 69 to line 118, col 85 of module 13_deliver_products_finalspec: 38664
@!@!@ENDMSG 2221 @!@!@
@!@!@STARTMSG 2221:0 @!@!@
  line 140, col 70 to line 140, col 89 of module 13_deliver_products_finalspec: 38664
@!@!@ENDMSG 2221 @!@!@
@!@!@STARTMSG 2221:0 @!@!@
  line 140, col 92 to line 140, col 98 of module 13_deliver_products_finalspec: 38664
@!@!@ENDMSG 2221 @!@!@
@!@!@STARTMSG 2221:0 @!@!@
  line 141, col 36 to line 149, col 57 of module 13_deliver_products_finalspec: 30645
@!@!@ENDMSG 2221 @!@!@
@!@!@STARTMSG 2221:0 @!@!@
  |line 141, col 57 to line 149, col 57 of module 13_deliver_products_finalspec: 30645
@!@!@ENDMSG 2221 @!@!@
@!@!@STARTMSG 2221:0 @!@!@
  ||line 141, col 58 to line 147, col 57 of module 13_deliver_products_finalspec: 30645
@!@!@ENDMSG 2221 @!@!@
@!@!@STARTMSG 2221:0 @!@!@
  |||line 141, col 59 to line 144, col 57 of module 13_deliver_products_finalspec: 30645
@!@!@ENDMSG 2221 @!@!@
@!@!@STARTMSG 2221:0 @!@!@
  ||||line 141, col 63 to line 141, col 78 of module 13_deliver_products_finalspec: 30645
@!@!@ENDMSG 2221 @!@!@
@!@!@STARTMSG 2221:0 @!@!@
  ||||line 142, col 72 to line 143, col 229 of module 13_deliver_products_finalspec: 30645
@!@!@ENDMSG 2221 @!@!@
@!@!@STARTMSG 2221:0 @!@!@
  ||||line 143, col 73 to line 143, col 229 of module 13_deliver_products_finalspec: 30645
@!@!@ENDMSG 2221 @!@!@
@!@!@STARTMSG 2221:0 @!@!@
  |||||line 123, col 33 to line 124, col 99 of module 13_deliver_products_finalspec: 30645
@!@!@ENDMSG 2221 @!@!@
@!@!@STARTMSG 2221:0 @!@!@
  ||||||line 124, col 37 to line 124, col 99 of module 13_deliver_products_finalspec: 3068424
@!@!@ENDMSG 2221 @!@!@
@!@!@STARTMSG 2221:0 @!@!@
  |||||||line 124, col 61 to line 124, col 99 of module 13_deliver_products_finalspec: 3419316
@!@!@ENDMSG 2221 @!@!@
@!@!@STARTMSG 2221:0 @!@!@
  |||||||line 124, col 49 to line 124, col 57 of module 13_deliver_products_finalspec: 3068424
@!@!@ENDMSG 2221 @!@!@
@!@!@STARTMSG 2775:0 @!@!@
  ||||||line 123, col 46 to line 123, col 88 of module 13_deliver_products_finalspec: 30645:166222404
@!@!@ENDMSG 2775 @!@!@
@!@!@STARTMSG 2221:0 @!@!@
  |||||||line 123, col 47 to line 123, col 55 of module 13_deliver_products_finalspec: 30645
@!@!@ENDMSG 2221 @!@!@
@!@!@STARTMSG 2775:0 @!@!@
  |||||||line 123, col 60 to line 123, col 87 of module 13_deliver_products_finalspec: 30645:48970710
@!@!@ENDMSG 2775 @!@!@
@!@!@STARTMSG 2221:0 @!@!@
  ||||||||line 123, col 61 to line 123, col 61 of module 13_deliver_products_finalspec: 337095
@!@!@ENDMSG 2221 @!@!@
@!@!@STARTMSG 2221:0 @!@!@
  ||||||||line 123, col 70 to line 123, col 86 of module 13_deliver_products_finalspec: 30645
@!@!@ENDMSG 2221 @!@!@
@!@!@STARTMSG 2221:0 @!@!@
  |||||line 143, col 90 to line 143, col 174 of module 13_deliver_products_finalspec: 30645
@!@!@ENDMSG 2221 @!@!@
@!@!@STARTMSG 2221:0 @!@!@
  ||||||line 131, col 33 to line 133, col 86 of module 13_deliver_products_finalspec: 30645
@!@!@ENDMSG 2221 @!@!@
@!@!@STARTMSG 2221:0 @!@!@
  |||||||line 132, col 37 to line 133, col 86 of module 13_deliver_products_finalspec: 1030617
@!@!@ENDMSG 2221 @!@!@
@!@!@STARTMSG 2221:0 @!@!@
  ||||||||line 132, col 40 to line 132, col 71 of module 13_deliver_products_finalspec: 1030617
@!@!@ENDMSG 2221 @!@!@
@!@!@STARTMSG 2221:0 @!@!@
  |||||||||line 132, col 40 to line 132, col 63 of module 13_deliver_products_finalspec: 1030617
@!@!@ENDMSG 2221 @!@!@
@!@!@STARTMSG 2221:0 @!@!@
  ||||||||||line 24, col 33 to line 25, col 125 of module 13_deliver_products_finalspec: 4122468
@!@!@ENDMSG 2221 @!@!@
@!@!@STARTMSG 2221:0 @!@!@
  |||||||||||line 24, col 36 to line 24, col 42 of module 13_deliver_products_finalspec: 4122468
@!@!@ENDMSG 2221 @!@!@
@!@!@STARTMSG 2221:0 @!@!@
  |||||||||||line 25, col 38 to line 25, col 125 of module 13_deliver_products_finalspec: 3091851
@!@!@ENDMSG 2221 @!@!@
@!@!@STARTMSG 2221:0 @!@!@
  ||||||||||||line 25, col 38 to line 25, col 76 of module 13_deliver_products_finalspec: 3091851
@!@!@ENDMSG 2221 @!@!@
@!@!@STARTMSG 2221:0 @!@!@
  ||||||||||||line 25, col 80 to line 25, col 125 of module 13_deliver_products_finalspec: 3091851
@!@!@ENDMSG 2221 @!@!@
@!@!@STARTMSG 2221:0 @!@!@
  |||||||||||||line 25, col 91 to line 25, col 91 of module 13_deliver_products_finalspec: 2061234
@!@!@ENDMSG 2221 @!@!@
@!@!@STARTMSG 2221:0 @!@!@
  |||||||||||||line 25, col 94 to line 25, col 124 of module 13_deliver_products_finalspec: 3091851
@!@!@ENDMSG 2221 @!@!@
@!@!@STARTMSG 2221:0 @!@!@
  ||||||||||line 132, col 51 to line 132, col 51 of module 13_deliver_products_finalspec: 1030617
@!@!@ENDMSG 2221 @!@!@
@!@!@STARTMSG 2221:0 @!@!@
  ||||||||||line 132, col 54 to line 132, col 62 of module 13_deliver_products_finalspec: 1030617
@!@!@ENDMSG 2221 @!@!@
@!@!@STARTMSG 2221:0 @!@!@
  |||||||||line 132, col 67 to line 132, col 71 of module 13_deliver_products_finalspec: 1030617
@!@!@ENDMSG 2221 @!@!@
@!@!@STARTMSG 2221:0 @!@!@
  ||||||||line 133, col 40 to line 133, col 86 of module 13_deliver_products_finalspec: 35343
@!@!@ENDMSG 2221 @!@!@
@!@!@STARTMSG 2221:0 @!@!@
  |||||||||line 133, col 64 to line 133, col 86 of module 13_deliver_products_finalspec: 102537
@!@!@ENDMSG 2221 @!@!@
@!@!@STARTMSG 2221:0 @!@!@
  |||||||||line 133, col 52 to line 133, col 60 of module 13_deliver_products_finalspec: 35343
@!@!@ENDMSG 2221 @!@!@
@!@!@STARTMSG 2775:0 @!@!@
  |||||||line 131, col 46 to line 131, col 88 of module 13_deliver_products_finalspec: 30645:164184597
@!@!@ENDMSG 2775 @!@!@
@!@!@STARTMSG 2221:0 @!@!@
  ||||||||line 131, col 47 to line 131, col 55 of module 13_deliver_products_finalspec: 30645
@!@!@ENDMSG 2221 @!@!@
@!@!@STARTMSG 2775:0 @!@!@
  ||||||||line 131, col 60 to line 131, col 87 of module 13_deliver_products_finalspec: 30645:48970710
@!@!@ENDMSG 2775 @!@!@
@!@!@STARTMSG 2221:0 @!@!@
  |||||||||line 131, col 61 to line 131, col 61 of module 13_deliver_products_finalspec: 337095
@!@!@ENDMSG 2221 @!@!@
@!@!@STARTMSG 2221:0 @!@!@
  |||||||||line 131, col 70 to line 131, col 86 of module 13_deliver_products_finalspec: 30645
@!@!@ENDMSG 2221 @!@!@
@!@!@STARTMSG 2221:0 @!@!@
  ||||||line 143, col 103 to line 143, col 154 of module 13_deliver_products_finalspec: 30645
@!@!@ENDMSG 2221 @!@!@
@!@!@STARTMSG 2221:0 @!@!@
  ||||||line 143, col 157 to line 143, col 173 of module 13_deliver_products_finalspec: 30645
@!@!@ENDMSG 2221 @!@!@
@!@!@STARTMSG 2221:0 @!@!@
  |||||line 143, col 177 to line 143, col 228 of module 13_deliver_products_finalspec: 30645
@!@!@ENDMSG 2221 @!@!@
@!@!@STARTMSG 2221:0 @!@!@
  |||line 145, col 72 to line 146, col 221 of module 13_deliver_products_finalspec: 30645
@!@!@ENDMSG 2221 @!@!@
@!@!@STARTMSG 2221:0 @!@!@
  |||line 146, col 73 to line 146, col 221 of module 13_deliver_products_finalspec: 30645
@!@!@ENDMSG 2221 @!@!@
@!@!@STARTMSG 2221:0 @!@!@
  ||||line 127, col 33 to line 128, col 99 of module 13_deliver_products_finalspec: 30645
@!@!@ENDMSG 2221 @!@!@
@!@!@STARTMSG 2221:0 @!@!@
  |||||line 128, col 37 to line 128, col 99 of module 13_deliver_products_finalspec: 2905155
@!@!@ENDMSG 2221 @!@!@
@!@!@STARTMSG 2221:0 @!@!@
  ||||||line 128, col 61 to line 128, col 99 of module 13_deliver_products_finalspec: 3506877
@!@!@ENDMSG 2221 @!@!@
@!@!@STARTMSG 2221:0 @!@!@
  ||||||line 128, col 49 to line 128, col 57 of module 13_deliver_products_finalspec: 2905155
@!@!@ENDMSG 2221 @!@!@
@!@!@STARTMSG 2775:0 @!@!@
  |||||line 127, col 46 to line 127, col 88 of module 13_deliver_products_finalspec: 30645:166059135
@!@!@ENDMSG 2775 @!@!@
@!@!@STARTMSG 2221:0 @!@!@
  ||||||line 127, col 47 to line 127, col 55 of module 13_deliver_products_finalspec: 30645
@!@!@ENDMSG 2221 @!@!@
@!@!@STARTMSG 2775:0 @!@!@
  ||||||line 127, col 60 to line 127, col 87 of module 13_deliver_products_finalspec: 30645:48970710
@!@!@ENDMSG 2775 @!@!@
@!@!@STARTMSG 2221:0 @!@!@
  |||||||line 127, col 61 to line 127, col 61 of module 13_deliver_products_finalspec: 337095
@!@!@ENDMSG 2221 @!@!@
@!@!@STARTMSG 2221:0 @!@!@
  |||||||line 127, col 70 to line 127, col 86 of module 13_deliver_products_finalspec: 30645
@!@!@ENDMSG 2221 @!@!@
@!@!@STARTMSG 2221:0 @!@!@
  ||||line 146, col 84 to line 146, col 168 of module 13_deliver_products_finalspec: 30645
@!@!@ENDMSG 2221 @!@!@
@!@!@STARTMSG 2221:0 @!@!@
  |||||line 131, col 33 to line 133, col 86 of module 13_deliver_products_finalspec: 30645
@!@!@ENDMSG 2221 @!@!@
@!@!@STARTMSG 2221:0 @!@!@
  ||||||line 132, col 37 to line 133, col 86 of module 13_deliver_products_finalspec: 1030617
@!@!@ENDMSG 2221 @!@!@
@!@!@STARTMSG 2221:0 @!@!@
  |||||||line 132, col 40 to line 132, col 71 of module 13_deliver_products_finalspec: 1030617
@!@!@ENDMSG 2221 @!@!@
@!@!@STARTMSG 2221:0 @!@!@
  ||||||||line 132, col 40 to line 132, col 63 of module 13_deliver_products_finalspec: 1030617
@!@!@ENDMSG 2221 @!@!@
@!@!@STARTMSG 2221:0 @!@!@
  |||||||||line 24, col 33 to line 25, col 125 of module 13_deliver_products_finalspec: 4122468
@!@!@ENDMSG 2221 @!@!@
@!@!@STARTMSG 2221:0 @!@!@
  ||||||||||line 24, col 36 to line 24, col 42 of module 13_deliver_products_finalspec: 4122468
@!@!@ENDMSG 2221 @!@!@
@!@!@STARTMSG 2221:0 @!@!@
  ||||||||||line 25, col 38 to line 25, col 125 of module 13_deliver_products_finalspec: 3091851
@!@!@ENDMSG 2221 @!@!@
@!@!@STARTMSG 2221:0 @!@!@
  |||||||||||line 25, col 38 to line 25, col 76 of module 13_deliver_products_finalspec: 3091851
@!@!@ENDMSG 2221 @!@!@
@!@!@STARTMSG 2221:0 @!@!@
  |||||||||||line 25, col 80 to line 25, col 125 of module 13_deliver_products_finalspec: 3091851
@!@!@ENDMSG 2221 @!@!@
@!@!@STARTMSG 2221:0 @!@!@
  ||||||||||||line 25, col 91 to line 25, col 91 of module 13_deliver_products_finalspec: 2061234
@!@!@ENDMSG 2221 @!@!@
@!@!@STARTMSG 2221:0 @!@!@
  ||||||||||||line 25, col 94 to line 25, col 124 of module 13_deliver_products_finalspec: 3091851
@!@!@ENDMSG 2221 @!@!@
@!@!@STARTMSG 2221:0 @!@!@
  |||||||||line 132, col 51 to line 132, col 51 of module 13_deliver_products_finalspec: 1030617
@!@!@ENDMSG 2221 @!@!@
@!@!@STARTMSG 2221:0 @!@!@
  |||||||||line 132, col 54 to line 132, col 62 of module 13_deliver_products_finalspec: 1030617
@!@!@ENDMSG 2221 @!@!@
@!@!@STARTMSG 2221:0 @!@!@
  ||||||||line 132, col 67 to line 132, col 71 of module 13_deliver_products_finalspec: 1030617
@!@!@ENDMSG 2221 @!@!@
@!@!@STARTMSG 2221:0 @!@!@
  |||||||line 133, col 40 to line 133, col 86 of module 13_deliver_products_finalspec: 35343
@!@!@ENDMSG 2221 @!@!@
@!@!@STARTMSG 2221:0 @!@!@
  ||||||||line 133, col 64 to line 133, col 86 of module 13_deliver_products_finalspec: 102537
@!@!@ENDMSG 2221 @!@!@
@!@!@STARTMSG 2221:0 @!@!@
  ||||||||line 133, col 52 to line 133, col 60 of module 13_deliver_products_finalspec: 35343
@!@!@ENDMSG 2221 @!@!@
@!@!@STARTMSG 2775:0 @!@!@
  ||||||line 131, col 46 to line 131, col 88 of module 13_deliver_products_finalspec: 30645:164184597
@!@!@ENDMSG 2775 @!@!@
@!@!@STARTMSG 2221:0 @!@!@
  |||||||line 131, col 47 to line 131, col 55 of module 13_deliver_products_finalspec: 30645
@!@!@ENDMSG 2221 @!@!@
@!@!@STARTMSG 2775:0 @!@!@
  |||||||line 131, col 60 to line 131, col 87 of module 13_deliver_products_finalspec: 30645:48970710
@!@!@ENDMSG 2775 @!@!@
@!@!@STARTMSG 2221:0 @!@!@
  ||||||||line 131, col 61 to line 131, col 61 of module 13_deliver_products_finalspec: 337095
@!@!@ENDMSG 2221 @!@!@
@!@!@STARTMSG 2221:0 @!@!@
  ||||||||line 131, col 70 to line 131, col 86 of module 13_deliver_products_finalspec: 30645
@!@!@ENDMSG 2221 @!@!@
@!@!@STARTMSG 2221:0 @!@!@
  |||||line 146, col 97 to line 146, col 148 of module 13_deliver_products_finalspec: 30645
@!@!@ENDMSG 2221 @!@!@
@!@!@STARTMSG 2221:0 @!@!@
  |||||line 146, col 151 to line 146, col 167 of module 13_deliver_products_finalspec: 30645
@!@!@ENDMSG 2221 @!@!@
@!@!@STARTMSG 2221:0 @!@!@
  ||||line 146, col 171 to line 146, col 220 of module 13_deliver_products_finalspec: 30645
@!@!@ENDMSG 2221 @!@!@
@!@!@STARTMSG 2221:0 @!@!@
  ||line 148, col 72 to line 148, col 126 of module 13_deliver_products_finalspec: 30645
@!@!@ENDMSG 2221 @!@!@
@!@!@STARTMSG 2221:0 @!@!@
  line 150, col 36 to line 152, col 53 of module 13_deliver_products_finalspec: 30645
@!@!@ENDMSG 2221 @!@!@
@!@!@STARTMSG 2221:0 @!@!@
  line 153, col 36 to line 153, col 48 of module 13_deliver_products_finalspec: 30645
@!@!@ENDMSG 2221 @!@!@
@!@!@STARTMSG 2221:0 @!@!@
  line 154, col 36 to line 154, col 54 of module 13_deliver_products_finalspec: 30645
@!@!@ENDMSG 2221 @!@!@
@!@!@STARTMSG 2221:0 @!@!@
  line 161, col 52 to line 161, col 64 of module 13_deliver_products_finalspec: 25758
@!@!@ENDMSG 2221 @!@!@
@!@!@STARTMSG 2221:0 @!@!@
  line 161, col 67 to line 161, col 86 of module 13_deliver_products_finalspec: 56484
@!@!@ENDMSG 2221 @!@!@
@!@!@STARTMSG 2221:0 @!@!@
  line 161, col 89 to line 161, col 104 of module 13_deliver_products_finalspec: 75312
@!@!@ENDMSG 2221 @!@!@
@!@!@STARTMSG 2202:0 @!@!@
End of statistics.
@!@!@ENDMSG 2202 @!@!@
@!@!@STARTMSG 2200:0 @!@!@
Progress(30) at 2022-05-17 15:44:23: 298.810 states generated (292.535 s/min), 8.368 distinct states found (8.192 ds/min), 0 states left on queue.
@!@!@ENDMSG 2200 @!@!@
@!@!@STARTMSG 2199:0 @!@!@
298810 states generated, 8368 distinct states found, 0 states left on queue.
@!@!@ENDMSG 2199 @!@!@
@!@!@STARTMSG 2194:0 @!@!@
The depth of the complete state graph search is 30.
@!@!@ENDMSG 2194 @!@!@
@!@!@STARTMSG 2268:0 @!@!@
The average outdegree of the complete state graph is 1 (minimum is 0, the maximum 7 and the 95th percentile is 3).
@!@!@ENDMSG 2268 @!@!@
@!@!@STARTMSG 2186:0 @!@!@
Finished in 61291ms at (2022-05-17 15:44:23)
@!@!@ENDMSG 2186 @!@!@
