@!@!@STARTMSG 2262:0 @!@!@
TLC2 Version 2.16 of 31 December 2020 (rev: cdddf55)
@!@!@ENDMSG 2262 @!@!@
@!@!@STARTMSG 2187:0 @!@!@
Running breadth-first search Model-Checking with fp 74 and seed -6130827568745309453 with 5 workers on 10 cores with 2428MB heap and 5460MB offheap memory [pid: 1549] (Mac OS X 10.16 x86_64, AdoptOpenJDK 14.0.1 x86_64, OffHeapDiskFPSet, DiskStateQueue).
@!@!@ENDMSG 2187 @!@!@
@!@!@STARTMSG 2220:0 @!@!@
Starting SANY...
@!@!@ENDMSG 2220 @!@!@
Parsing file /Users/dirk-janswagerman/Projects/TLA+/tlaplus/12_deliver_products_with_checks.toolbox/Model_1/MC.tla
Parsing file /Users/dirk-janswagerman/Projects/TLA+/tlaplus/12_deliver_products_with_checks.toolbox/Model_1/12_deliver_products_with_checks.tla
Parsing file /private/var/folders/sy/rhv1w43j3bscfpls8nxgbl1m0000gn/T/AppTranslocation/9C9A1684-5D4E-493A-B117-5DC00FD82CF9/d/TLA+ Toolbox.app/Contents/Eclipse/plugins/org.lamport.tlatools_1.0.0.202012311918/tla2sany/StandardModules/TLC.tla
Parsing file /private/var/folders/sy/rhv1w43j3bscfpls8nxgbl1m0000gn/T/AppTranslocation/9C9A1684-5D4E-493A-B117-5DC00FD82CF9/d/TLA+ Toolbox.app/Contents/Eclipse/plugins/org.lamport.tlatools_1.0.0.202012311918/tla2sany/StandardModules/Naturals.tla
Parsing file /private/var/folders/sy/rhv1w43j3bscfpls8nxgbl1m0000gn/T/AppTranslocation/9C9A1684-5D4E-493A-B117-5DC00FD82CF9/d/TLA+ Toolbox.app/Contents/Eclipse/plugins/org.lamport.tlatools_1.0.0.202012311918/tla2sany/StandardModules/Sequences.tla
Parsing file /private/var/folders/sy/rhv1w43j3bscfpls8nxgbl1m0000gn/T/AppTranslocation/9C9A1684-5D4E-493A-B117-5DC00FD82CF9/d/TLA+ Toolbox.app/Contents/Eclipse/plugins/org.lamport.tlatools_1.0.0.202012311918/tla2sany/StandardModules/FiniteSets.tla
Semantic processing of module Naturals
Semantic processing of module Sequences
Semantic processing of module FiniteSets
Semantic processing of module TLC
Semantic processing of module 12_deliver_products_with_checks
Semantic processing of module MC
@!@!@STARTMSG 2219:0 @!@!@
SANY finished.
@!@!@ENDMSG 2219 @!@!@
@!@!@STARTMSG 2185:0 @!@!@
Starting... (2022-05-17 15:16:11)
@!@!@ENDMSG 2185 @!@!@
@!@!@STARTMSG 2189:0 @!@!@
Computing initial states...
@!@!@ENDMSG 2189 @!@!@
@!@!@STARTMSG 2190:0 @!@!@
Finished computing initial states: 1 distinct state generated at 2022-05-17 15:16:13.
@!@!@ENDMSG 2190 @!@!@
@!@!@STARTMSG 2193:0 @!@!@
Model checking completed. No error has been found.
  Estimates of the probability that TLC did not check all reachable states
  because two distinct states had the same fingerprint:
  calculated (optimistic):  val = 3.2E-12
@!@!@ENDMSG 2193 @!@!@
@!@!@STARTMSG 2201:0 @!@!@
The coverage statistics at 2022-05-17 15:16:16
@!@!@ENDMSG 2201 @!@!@
@!@!@STARTMSG 2773:0 @!@!@
<Init line 71, col 1 to line 71, col 4 of module 12_deliver_products_with_checks>: 1:1
@!@!@ENDMSG 2773 @!@!@
@!@!@STARTMSG 2221:0 @!@!@
  line 72, col 33 to line 95, col 56 of module 12_deliver_products_with_checks: 1
@!@!@ENDMSG 2221 @!@!@
@!@!@STARTMSG 2772:0 @!@!@
<InsertCredit line 53, col 1 to line 53, col 50 of module 12_deliver_products_with_checks>: 114:9036
@!@!@ENDMSG 2772 @!@!@
@!@!@STARTMSG 2221:0 @!@!@
  line 54, col 36 to line 54, col 57 of module 12_deliver_products_with_checks: 18864
@!@!@ENDMSG 2221 @!@!@
@!@!@STARTMSG 2221:0 @!@!@
  |line 54, col 36 to line 54, col 40 of module 12_deliver_products_with_checks: 13068
@!@!@ENDMSG 2221 @!@!@
@!@!@STARTMSG 2221:0 @!@!@
  line 47, col 36 to line 47, col 85 of module 12_deliver_products_with_checks: 9036
@!@!@ENDMSG 2221 @!@!@
@!@!@STARTMSG 2221:0 @!@!@
  |line 47, col 36 to line 47, col 81 of module 12_deliver_products_with_checks: 21816
@!@!@ENDMSG 2221 @!@!@
@!@!@STARTMSG 2221:0 @!@!@
  line 48, col 36 to line 48, col 98 of module 12_deliver_products_with_checks: 9036
@!@!@ENDMSG 2221 @!@!@
@!@!@STARTMSG 2221:0 @!@!@
  line 49, col 36 to line 49, col 120 of module 12_deliver_products_with_checks: 9036
@!@!@ENDMSG 2221 @!@!@
@!@!@STARTMSG 2221:0 @!@!@
  line 50, col 36 to line 50, col 120 of module 12_deliver_products_with_checks: 9036
@!@!@ENDMSG 2221 @!@!@
@!@!@STARTMSG 2221:0 @!@!@
  line 55, col 74 to line 55, col 82 of module 12_deliver_products_with_checks: 21816
@!@!@ENDMSG 2221 @!@!@
@!@!@STARTMSG 2221:0 @!@!@
  line 55, col 85 to line 55, col 100 of module 12_deliver_products_with_checks: 9036
@!@!@ENDMSG 2221 @!@!@
@!@!@STARTMSG 2221:0 @!@!@
  line 55, col 103 to line 55, col 115 of module 12_deliver_products_with_checks: 21816
@!@!@ENDMSG 2221 @!@!@
@!@!@STARTMSG 2221:0 @!@!@
  line 55, col 118 to line 55, col 137 of module 12_deliver_products_with_checks: 9036
@!@!@ENDMSG 2221 @!@!@
@!@!@STARTMSG 2221:0 @!@!@
  line 55, col 140 to line 55, col 143 of module 12_deliver_products_with_checks: 21816
@!@!@ENDMSG 2221 @!@!@
@!@!@STARTMSG 2221:0 @!@!@
  line 55, col 48 to line 55, col 56 of module 12_deliver_products_with_checks: 7272
@!@!@ENDMSG 2221 @!@!@
@!@!@STARTMSG 2221:0 @!@!@
  line 56, col 36 to line 56, col 72 of module 12_deliver_products_with_checks: 9036
@!@!@ENDMSG 2221 @!@!@
@!@!@STARTMSG 2772:0 @!@!@
<ReturnCredit line 59, col 1 to line 59, col 50 of module 12_deliver_products_with_checks (61 37 64 69)>: 81:15948
@!@!@ENDMSG 2772 @!@!@
@!@!@STARTMSG 2221:0 @!@!@
  line 61, col 40 to line 61, col 118 of module 12_deliver_products_with_checks: 10296
@!@!@ENDMSG 2221 @!@!@
@!@!@STARTMSG 2221:0 @!@!@
  |line 61, col 40 to line 61, col 114 of module 12_deliver_products_with_checks: 13068
@!@!@ENDMSG 2221 @!@!@
@!@!@STARTMSG 2221:0 @!@!@
  ||line 24, col 33 to line 25, col 125 of module 12_deliver_products_with_checks: 52272
@!@!@ENDMSG 2221 @!@!@
@!@!@STARTMSG 2221:0 @!@!@
  |||line 24, col 36 to line 24, col 42 of module 12_deliver_products_with_checks: 52272
@!@!@ENDMSG 2221 @!@!@
@!@!@STARTMSG 2221:0 @!@!@
  |||line 25, col 38 to line 25, col 125 of module 12_deliver_products_with_checks: 39204
@!@!@ENDMSG 2221 @!@!@
@!@!@STARTMSG 2221:0 @!@!@
  ||||line 25, col 38 to line 25, col 76 of module 12_deliver_products_with_checks: 39204
@!@!@ENDMSG 2221 @!@!@
@!@!@STARTMSG 2221:0 @!@!@
  ||||line 25, col 80 to line 25, col 125 of module 12_deliver_products_with_checks: 39204
@!@!@ENDMSG 2221 @!@!@
@!@!@STARTMSG 2221:0 @!@!@
  |||||line 25, col 91 to line 25, col 91 of module 12_deliver_products_with_checks: 26136
@!@!@ENDMSG 2221 @!@!@
@!@!@STARTMSG 2221:0 @!@!@
  |||||line 25, col 94 to line 25, col 124 of module 12_deliver_products_with_checks: 39204
@!@!@ENDMSG 2221 @!@!@
@!@!@STARTMSG 2221:0 @!@!@
  ||line 61, col 51 to line 61, col 102 of module 12_deliver_products_with_checks: 13068
@!@!@ENDMSG 2221 @!@!@
@!@!@STARTMSG 2221:0 @!@!@
  ||line 61, col 105 to line 61, col 113 of module 12_deliver_products_with_checks: 13068
@!@!@ENDMSG 2221 @!@!@
@!@!@STARTMSG 2221:0 @!@!@
  line 47, col 36 to line 47, col 85 of module 12_deliver_products_with_checks: 15948
@!@!@ENDMSG 2221 @!@!@
@!@!@STARTMSG 2221:0 @!@!@
  |line 47, col 36 to line 47, col 81 of module 12_deliver_products_with_checks: 30888
@!@!@ENDMSG 2221 @!@!@
@!@!@STARTMSG 2221:0 @!@!@
  line 48, col 36 to line 48, col 98 of module 12_deliver_products_with_checks: 15948
@!@!@ENDMSG 2221 @!@!@
@!@!@STARTMSG 2221:0 @!@!@
  line 49, col 36 to line 49, col 120 of module 12_deliver_products_with_checks: 15948
@!@!@ENDMSG 2221 @!@!@
@!@!@STARTMSG 2221:0 @!@!@
  line 50, col 36 to line 50, col 120 of module 12_deliver_products_with_checks: 15948
@!@!@ENDMSG 2221 @!@!@
@!@!@STARTMSG 2221:0 @!@!@
  line 62, col 78 to line 62, col 93 of module 12_deliver_products_with_checks: 30888
@!@!@ENDMSG 2221 @!@!@
@!@!@STARTMSG 2221:0 @!@!@
  line 62, col 96 to line 62, col 104 of module 12_deliver_products_with_checks: 15948
@!@!@ENDMSG 2221 @!@!@
@!@!@STARTMSG 2221:0 @!@!@
  line 62, col 107 to line 62, col 126 of module 12_deliver_products_with_checks: 30888
@!@!@ENDMSG 2221 @!@!@
@!@!@STARTMSG 2221:0 @!@!@
  line 62, col 129 to line 62, col 141 of module 12_deliver_products_with_checks: 15948
@!@!@ENDMSG 2221 @!@!@
@!@!@STARTMSG 2221:0 @!@!@
  line 62, col 144 to line 62, col 147 of module 12_deliver_products_with_checks: 30888
@!@!@ENDMSG 2221 @!@!@
@!@!@STARTMSG 2221:0 @!@!@
  line 62, col 52 to line 62, col 60 of module 12_deliver_products_with_checks: 10296
@!@!@ENDMSG 2221 @!@!@
@!@!@STARTMSG 2221:0 @!@!@
  line 63, col 40 to line 63, col 67 of module 12_deliver_products_with_checks: 15948
@!@!@ENDMSG 2221 @!@!@
@!@!@STARTMSG 2221:0 @!@!@
  line 64, col 40 to line 64, col 69 of module 12_deliver_products_with_checks: 15948
@!@!@ENDMSG 2221 @!@!@
@!@!@STARTMSG 2772:0 @!@!@
<ReturnCredit line 59, col 1 to line 59, col 50 of module 12_deliver_products_with_checks (66 37 69 98)>: 10:1296
@!@!@ENDMSG 2772 @!@!@
@!@!@STARTMSG 2221:0 @!@!@
  line 66, col 40 to line 66, col 118 of module 12_deliver_products_with_checks: 14364
@!@!@ENDMSG 2221 @!@!@
@!@!@STARTMSG 2221:0 @!@!@
  |line 66, col 40 to line 66, col 114 of module 12_deliver_products_with_checks: 13068
@!@!@ENDMSG 2221 @!@!@
@!@!@STARTMSG 2221:0 @!@!@
  ||line 24, col 33 to line 25, col 125 of module 12_deliver_products_with_checks: 52272
@!@!@ENDMSG 2221 @!@!@
@!@!@STARTMSG 2221:0 @!@!@
  |||line 24, col 36 to line 24, col 42 of module 12_deliver_products_with_checks: 52272
@!@!@ENDMSG 2221 @!@!@
@!@!@STARTMSG 2221:0 @!@!@
  |||line 25, col 38 to line 25, col 125 of module 12_deliver_products_with_checks: 39204
@!@!@ENDMSG 2221 @!@!@
@!@!@STARTMSG 2221:0 @!@!@
  ||||line 25, col 38 to line 25, col 76 of module 12_deliver_products_with_checks: 39204
@!@!@ENDMSG 2221 @!@!@
@!@!@STARTMSG 2221:0 @!@!@
  ||||line 25, col 80 to line 25, col 125 of module 12_deliver_products_with_checks: 39204
@!@!@ENDMSG 2221 @!@!@
@!@!@STARTMSG 2221:0 @!@!@
  |||||line 25, col 91 to line 25, col 91 of module 12_deliver_products_with_checks: 26136
@!@!@ENDMSG 2221 @!@!@
@!@!@STARTMSG 2221:0 @!@!@
  |||||line 25, col 94 to line 25, col 124 of module 12_deliver_products_with_checks: 39204
@!@!@ENDMSG 2221 @!@!@
@!@!@STARTMSG 2221:0 @!@!@
  ||line 66, col 51 to line 66, col 102 of module 12_deliver_products_with_checks: 13068
@!@!@ENDMSG 2221 @!@!@
@!@!@STARTMSG 2221:0 @!@!@
  ||line 66, col 105 to line 66, col 113 of module 12_deliver_products_with_checks: 13068
@!@!@ENDMSG 2221 @!@!@
@!@!@STARTMSG 2221:0 @!@!@
  line 67, col 40 to line 67, col 65 of module 12_deliver_products_with_checks: 4068
@!@!@ENDMSG 2221 @!@!@
@!@!@STARTMSG 2221:0 @!@!@
  |line 67, col 40 to line 67, col 44 of module 12_deliver_products_with_checks: 2772
@!@!@ENDMSG 2221 @!@!@
@!@!@STARTMSG 2221:0 @!@!@
  line 68, col 40 to line 68, col 62 of module 12_deliver_products_with_checks: 1296
@!@!@ENDMSG 2221 @!@!@
@!@!@STARTMSG 2221:0 @!@!@
  line 69, col 40 to line 69, col 98 of module 12_deliver_products_with_checks: 1296
@!@!@ENDMSG 2221 @!@!@
@!@!@STARTMSG 2772:0 @!@!@
<SelectProduct line 97, col 1 to line 97, col 60 of module 12_deliver_products_with_checks>: 1060:13068
@!@!@ENDMSG 2772 @!@!@
@!@!@STARTMSG 2221:0 @!@!@
  line 98, col 37 to line 98, col 63 of module 12_deliver_products_with_checks: 13068
@!@!@ENDMSG 2221 @!@!@
@!@!@STARTMSG 2221:0 @!@!@
  line 99, col 40 to line 99, col 87 of module 12_deliver_products_with_checks: 13068
@!@!@ENDMSG 2221 @!@!@
@!@!@STARTMSG 2772:0 @!@!@
<DeliverProduct line 111, col 1 to line 111, col 61 of module 12_deliver_products_with_checks (142 36 142 105)>: 186:3060
@!@!@ENDMSG 2772 @!@!@
@!@!@STARTMSG 2221:0 @!@!@
  line 112, col 36 to line 112, col 47 of module 12_deliver_products_with_checks: 15687
@!@!@ENDMSG 2221 @!@!@
@!@!@STARTMSG 2221:0 @!@!@
  |line 112, col 36 to line 112, col 42 of module 12_deliver_products_with_checks: 13068
@!@!@ENDMSG 2221 @!@!@
@!@!@STARTMSG 2221:0 @!@!@
  line 103, col 36 to line 103, col 131 of module 12_deliver_products_with_checks: 2619
@!@!@ENDMSG 2221 @!@!@
@!@!@STARTMSG 2221:0 @!@!@
  |line 103, col 36 to line 103, col 110 of module 12_deliver_products_with_checks: 9801
@!@!@ENDMSG 2221 @!@!@
@!@!@STARTMSG 2221:0 @!@!@
  ||line 24, col 33 to line 25, col 125 of module 12_deliver_products_with_checks: 39204
@!@!@ENDMSG 2221 @!@!@
@!@!@STARTMSG 2221:0 @!@!@
  |||line 24, col 36 to line 24, col 42 of module 12_deliver_products_with_checks: 39204
@!@!@ENDMSG 2221 @!@!@
@!@!@STARTMSG 2221:0 @!@!@
  |||line 25, col 38 to line 25, col 125 of module 12_deliver_products_with_checks: 29403
@!@!@ENDMSG 2221 @!@!@
@!@!@STARTMSG 2221:0 @!@!@
  ||||line 25, col 38 to line 25, col 76 of module 12_deliver_products_with_checks: 29403
@!@!@ENDMSG 2221 @!@!@
@!@!@STARTMSG 2221:0 @!@!@
  ||||line 25, col 80 to line 25, col 125 of module 12_deliver_products_with_checks: 29403
@!@!@ENDMSG 2221 @!@!@
@!@!@STARTMSG 2221:0 @!@!@
  |||||line 25, col 91 to line 25, col 91 of module 12_deliver_products_with_checks: 19602
@!@!@ENDMSG 2221 @!@!@
@!@!@STARTMSG 2221:0 @!@!@
  |||||line 25, col 94 to line 25, col 124 of module 12_deliver_products_with_checks: 29403
@!@!@ENDMSG 2221 @!@!@
@!@!@STARTMSG 2221:0 @!@!@
  ||line 103, col 47 to line 103, col 98 of module 12_deliver_products_with_checks: 9801
@!@!@ENDMSG 2221 @!@!@
@!@!@STARTMSG 2221:0 @!@!@
  ||line 103, col 101 to line 103, col 109 of module 12_deliver_products_with_checks: 9801
@!@!@ENDMSG 2221 @!@!@
@!@!@STARTMSG 2221:0 @!@!@
  |line 103, col 115 to line 103, col 131 of module 12_deliver_products_with_checks: 9801
@!@!@ENDMSG 2221 @!@!@
@!@!@STARTMSG 2221:0 @!@!@
  line 113, col 67 to line 113, col 86 of module 12_deliver_products_with_checks: 9801
@!@!@ENDMSG 2221 @!@!@
@!@!@STARTMSG 2221:0 @!@!@
  line 113, col 89 to line 113, col 95 of module 12_deliver_products_with_checks: 9801
@!@!@ENDMSG 2221 @!@!@
@!@!@STARTMSG 2221:0 @!@!@
  line 107, col 40 to line 107, col 83 of module 12_deliver_products_with_checks: 679572
@!@!@ENDMSG 2221 @!@!@
@!@!@STARTMSG 2221:0 @!@!@
  |line 107, col 40 to line 107, col 63 of module 12_deliver_products_with_checks: 676512
@!@!@ENDMSG 2221 @!@!@
@!@!@STARTMSG 2221:0 @!@!@
  ||line 24, col 33 to line 25, col 125 of module 12_deliver_products_with_checks: 2706048
@!@!@ENDMSG 2221 @!@!@
@!@!@STARTMSG 2221:0 @!@!@
  |||line 24, col 36 to line 24, col 42 of module 12_deliver_products_with_checks: 2706048
@!@!@ENDMSG 2221 @!@!@
@!@!@STARTMSG 2221:0 @!@!@
  |||line 25, col 38 to line 25, col 125 of module 12_deliver_products_with_checks: 2029536
@!@!@ENDMSG 2221 @!@!@
@!@!@STARTMSG 2221:0 @!@!@
  ||||line 25, col 38 to line 25, col 76 of module 12_deliver_products_with_checks: 2029536
@!@!@ENDMSG 2221 @!@!@
@!@!@STARTMSG 2221:0 @!@!@
  ||||line 25, col 80 to line 25, col 125 of module 12_deliver_products_with_checks: 2029536
@!@!@ENDMSG 2221 @!@!@
@!@!@STARTMSG 2221:0 @!@!@
  |||||line 25, col 91 to line 25, col 91 of module 12_deliver_products_with_checks: 1353024
@!@!@ENDMSG 2221 @!@!@
@!@!@STARTMSG 2221:0 @!@!@
  |||||line 25, col 94 to line 25, col 124 of module 12_deliver_products_with_checks: 2029536
@!@!@ENDMSG 2221 @!@!@
@!@!@STARTMSG 2221:0 @!@!@
  ||line 107, col 51 to line 107, col 51 of module 12_deliver_products_with_checks: 676512
@!@!@ENDMSG 2221 @!@!@
@!@!@STARTMSG 2221:0 @!@!@
  ||line 107, col 54 to line 107, col 62 of module 12_deliver_products_with_checks: 676512
@!@!@ENDMSG 2221 @!@!@
@!@!@STARTMSG 2221:0 @!@!@
  |line 107, col 67 to line 107, col 83 of module 12_deliver_products_with_checks: 676512
@!@!@ENDMSG 2221 @!@!@
@!@!@STARTMSG 2221:0 @!@!@
  line 108, col 65 to line 108, col 133 of module 12_deliver_products_with_checks: 9180
@!@!@ENDMSG 2221 @!@!@
@!@!@STARTMSG 2221:0 @!@!@
  |line 108, col 65 to line 108, col 71 of module 12_deliver_products_with_checks: 27072
@!@!@ENDMSG 2221 @!@!@
@!@!@STARTMSG 2221:0 @!@!@
  |line 108, col 76 to line 108, col 133 of module 12_deliver_products_with_checks: 27072
@!@!@ENDMSG 2221 @!@!@
@!@!@STARTMSG 2221:0 @!@!@
  line 108, col 53 to line 108, col 61 of module 12_deliver_products_with_checks: 14004
@!@!@ENDMSG 2221 @!@!@
@!@!@STARTMSG 2775:0 @!@!@
  line 106, col 45 to line 106, col 87 of module 12_deliver_products_with_checks: 3132:2029536
@!@!@ENDMSG 2775 @!@!@
@!@!@STARTMSG 2221:0 @!@!@
  |line 106, col 46 to line 106, col 54 of module 12_deliver_products_with_checks: 3132
@!@!@ENDMSG 2221 @!@!@
@!@!@STARTMSG 2775:0 @!@!@
  |line 106, col 59 to line 106, col 86 of module 12_deliver_products_with_checks: 3132:948996
@!@!@ENDMSG 2775 @!@!@
@!@!@STARTMSG 2221:0 @!@!@
  ||line 106, col 60 to line 106, col 60 of module 12_deliver_products_with_checks: 18792
@!@!@ENDMSG 2221 @!@!@
@!@!@STARTMSG 2221:0 @!@!@
  ||line 106, col 69 to line 106, col 85 of module 12_deliver_products_with_checks: 3132
@!@!@ENDMSG 2221 @!@!@
@!@!@STARTMSG 2221:0 @!@!@
  line 114, col 70 to line 114, col 89 of module 12_deliver_products_with_checks: 3132
@!@!@ENDMSG 2221 @!@!@
@!@!@STARTMSG 2221:0 @!@!@
  line 114, col 92 to line 114, col 98 of module 12_deliver_products_with_checks: 3132
@!@!@ENDMSG 2221 @!@!@
@!@!@STARTMSG 2221:0 @!@!@
  line 115, col 36 to line 131, col 57 of module 12_deliver_products_with_checks: 3060
@!@!@ENDMSG 2221 @!@!@
@!@!@STARTMSG 2221:0 @!@!@
  |line 115, col 57 to line 131, col 57 of module 12_deliver_products_with_checks: 3060
@!@!@ENDMSG 2221 @!@!@
@!@!@STARTMSG 2221:0 @!@!@
  ||line 115, col 58 to line 128, col 57 of module 12_deliver_products_with_checks: 3060
@!@!@ENDMSG 2221 @!@!@
@!@!@STARTMSG 2221:0 @!@!@
  |||line 115, col 59 to line 123, col 57 of module 12_deliver_products_with_checks: 3060
@!@!@ENDMSG 2221 @!@!@
@!@!@STARTMSG 2221:0 @!@!@
  ||||line 115, col 63 to line 115, col 78 of module 12_deliver_products_with_checks: 3060
@!@!@ENDMSG 2221 @!@!@
@!@!@STARTMSG 2221:0 @!@!@
  ||||line 117, col 72 to line 121, col 168 of module 12_deliver_products_with_checks: 3060
@!@!@ENDMSG 2221 @!@!@
@!@!@STARTMSG 2221:0 @!@!@
  ||||line 118, col 69 to line 121, col 168 of module 12_deliver_products_with_checks: 3060
@!@!@ENDMSG 2221 @!@!@
@!@!@STARTMSG 2221:0 @!@!@
  |||||line 119, col 73 to line 121, col 168 of module 12_deliver_products_with_checks: 44127
@!@!@ENDMSG 2221 @!@!@
@!@!@STARTMSG 2221:0 @!@!@
  ||||||line 119, col 76 to line 120, col 175 of module 12_deliver_products_with_checks: 44127
@!@!@ENDMSG 2221 @!@!@
@!@!@STARTMSG 2221:0 @!@!@
  |||||||line 119, col 76 to line 119, col 99 of module 12_deliver_products_with_checks: 44127
@!@!@ENDMSG 2221 @!@!@
@!@!@STARTMSG 2221:0 @!@!@
  ||||||||line 24, col 33 to line 25, col 125 of module 12_deliver_products_with_checks: 176508
@!@!@ENDMSG 2221 @!@!@
@!@!@STARTMSG 2221:0 @!@!@
  |||||||||line 24, col 36 to line 24, col 42 of module 12_deliver_products_with_checks: 176508
@!@!@ENDMSG 2221 @!@!@
@!@!@STARTMSG 2221:0 @!@!@
  |||||||||line 25, col 38 to line 25, col 125 of module 12_deliver_products_with_checks: 132381
@!@!@ENDMSG 2221 @!@!@
@!@!@STARTMSG 2221:0 @!@!@
  ||||||||||line 25, col 38 to line 25, col 76 of module 12_deliver_products_with_checks: 132381
@!@!@ENDMSG 2221 @!@!@
@!@!@STARTMSG 2221:0 @!@!@
  ||||||||||line 25, col 80 to line 25, col 125 of module 12_deliver_products_with_checks: 132381
@!@!@ENDMSG 2221 @!@!@
@!@!@STARTMSG 2221:0 @!@!@
  |||||||||||line 25, col 91 to line 25, col 91 of module 12_deliver_products_with_checks: 88254
@!@!@ENDMSG 2221 @!@!@
@!@!@STARTMSG 2221:0 @!@!@
  |||||||||||line 25, col 94 to line 25, col 124 of module 12_deliver_products_with_checks: 132381
@!@!@ENDMSG 2221 @!@!@
@!@!@STARTMSG 2221:0 @!@!@
  ||||||||line 119, col 87 to line 119, col 87 of module 12_deliver_products_with_checks: 44127
@!@!@ENDMSG 2221 @!@!@
@!@!@STARTMSG 2221:0 @!@!@
  ||||||||line 119, col 90 to line 119, col 98 of module 12_deliver_products_with_checks: 44127
@!@!@ENDMSG 2221 @!@!@
@!@!@STARTMSG 2221:0 @!@!@
  |||||||line 120, col 81 to line 120, col 175 of module 12_deliver_products_with_checks: 44127
@!@!@ENDMSG 2221 @!@!@
@!@!@STARTMSG 2221:0 @!@!@
  ||||||||line 120, col 81 to line 120, col 155 of module 12_deliver_products_with_checks: 44127
@!@!@ENDMSG 2221 @!@!@
@!@!@STARTMSG 2221:0 @!@!@
  |||||||||line 24, col 33 to line 25, col 125 of module 12_deliver_products_with_checks: 176508
@!@!@ENDMSG 2221 @!@!@
@!@!@STARTMSG 2221:0 @!@!@
  ||||||||||line 24, col 36 to line 24, col 42 of module 12_deliver_products_with_checks: 176508
@!@!@ENDMSG 2221 @!@!@
@!@!@STARTMSG 2221:0 @!@!@
  ||||||||||line 25, col 38 to line 25, col 125 of module 12_deliver_products_with_checks: 132381
@!@!@ENDMSG 2221 @!@!@
@!@!@STARTMSG 2221:0 @!@!@
  |||||||||||line 25, col 38 to line 25, col 76 of module 12_deliver_products_with_checks: 132381
@!@!@ENDMSG 2221 @!@!@
@!@!@STARTMSG 2221:0 @!@!@
  |||||||||||line 25, col 80 to line 25, col 125 of module 12_deliver_products_with_checks: 132381
@!@!@ENDMSG 2221 @!@!@
@!@!@STARTMSG 2221:0 @!@!@
  ||||||||||||line 25, col 91 to line 25, col 91 of module 12_deliver_products_with_checks: 88254
@!@!@ENDMSG 2221 @!@!@
@!@!@STARTMSG 2221:0 @!@!@
  ||||||||||||line 25, col 94 to line 25, col 124 of module 12_deliver_products_with_checks: 132381
@!@!@ENDMSG 2221 @!@!@
@!@!@STARTMSG 2221:0 @!@!@
  |||||||||line 120, col 92 to line 120, col 143 of module 12_deliver_products_with_checks: 44127
@!@!@ENDMSG 2221 @!@!@
@!@!@STARTMSG 2221:0 @!@!@
  |||||||||line 120, col 146 to line 120, col 154 of module 12_deliver_products_with_checks: 44127
@!@!@ENDMSG 2221 @!@!@
@!@!@STARTMSG 2221:0 @!@!@
  ||||||||line 120, col 159 to line 120, col 175 of module 12_deliver_products_with_checks: 44127
@!@!@ENDMSG 2221 @!@!@
@!@!@STARTMSG 2221:0 @!@!@
  ||||||line 121, col 76 to line 121, col 168 of module 12_deliver_products_with_checks: 3240
@!@!@ENDMSG 2221 @!@!@
@!@!@STARTMSG 2221:0 @!@!@
  |||||||line 121, col 100 to line 121, col 168 of module 12_deliver_products_with_checks: 9540
@!@!@ENDMSG 2221 @!@!@
@!@!@STARTMSG 2221:0 @!@!@
  |||||||line 121, col 88 to line 121, col 96 of module 12_deliver_products_with_checks: 3240
@!@!@ENDMSG 2221 @!@!@
@!@!@STARTMSG 2775:0 @!@!@
  |||||line 118, col 82 to line 118, col 124 of module 12_deliver_products_with_checks: 3060:2687967
@!@!@ENDMSG 2775 @!@!@
@!@!@STARTMSG 2221:0 @!@!@
  ||||||line 118, col 83 to line 118, col 91 of module 12_deliver_products_with_checks: 3060
@!@!@ENDMSG 2221 @!@!@
@!@!@STARTMSG 2775:0 @!@!@
  ||||||line 118, col 96 to line 118, col 123 of module 12_deliver_products_with_checks: 3060:927180
@!@!@ENDMSG 2775 @!@!@
@!@!@STARTMSG 2221:0 @!@!@
  |||||||line 118, col 97 to line 118, col 97 of module 12_deliver_products_with_checks: 18360
@!@!@ENDMSG 2221 @!@!@
@!@!@STARTMSG 2221:0 @!@!@
  |||||||line 118, col 106 to line 118, col 122 of module 12_deliver_products_with_checks: 3060
@!@!@ENDMSG 2221 @!@!@
@!@!@STARTMSG 2221:0 @!@!@
  |||line 125, col 72 to line 127, col 227 of module 12_deliver_products_with_checks: 3060
@!@!@ENDMSG 2221 @!@!@
@!@!@STARTMSG 2221:0 @!@!@
  |||line 126, col 69 to line 127, col 227 of module 12_deliver_products_with_checks: 3060
@!@!@ENDMSG 2221 @!@!@
@!@!@STARTMSG 2221:0 @!@!@
  ||||line 126, col 128 to line 127, col 227 of module 12_deliver_products_with_checks: 66735
@!@!@ENDMSG 2221 @!@!@
@!@!@STARTMSG 2221:0 @!@!@
  |||||line 126, col 128 to line 126, col 247 of module 12_deliver_products_with_checks: 66735
@!@!@ENDMSG 2221 @!@!@
@!@!@STARTMSG 2221:0 @!@!@
  ||||||line 126, col 128 to line 126, col 151 of module 12_deliver_products_with_checks: 66735
@!@!@ENDMSG 2221 @!@!@
@!@!@STARTMSG 2221:0 @!@!@
  |||||||line 24, col 33 to line 25, col 125 of module 12_deliver_products_with_checks: 266940
@!@!@ENDMSG 2221 @!@!@
@!@!@STARTMSG 2221:0 @!@!@
  ||||||||line 24, col 36 to line 24, col 42 of module 12_deliver_products_with_checks: 266940
@!@!@ENDMSG 2221 @!@!@
@!@!@STARTMSG 2221:0 @!@!@
  ||||||||line 25, col 38 to line 25, col 125 of module 12_deliver_products_with_checks: 200205
@!@!@ENDMSG 2221 @!@!@
@!@!@STARTMSG 2221:0 @!@!@
  |||||||||line 25, col 38 to line 25, col 76 of module 12_deliver_products_with_checks: 200205
@!@!@ENDMSG 2221 @!@!@
@!@!@STARTMSG 2221:0 @!@!@
  |||||||||line 25, col 80 to line 25, col 125 of module 12_deliver_products_with_checks: 200205
@!@!@ENDMSG 2221 @!@!@
@!@!@STARTMSG 2221:0 @!@!@
  ||||||||||line 25, col 91 to line 25, col 91 of module 12_deliver_products_with_checks: 133470
@!@!@ENDMSG 2221 @!@!@
@!@!@STARTMSG 2221:0 @!@!@
  ||||||||||line 25, col 94 to line 25, col 124 of module 12_deliver_products_with_checks: 200205
@!@!@ENDMSG 2221 @!@!@
@!@!@STARTMSG 2221:0 @!@!@
  |||||||line 126, col 139 to line 126, col 139 of module 12_deliver_products_with_checks: 66735
@!@!@ENDMSG 2221 @!@!@
@!@!@STARTMSG 2221:0 @!@!@
  |||||||line 126, col 142 to line 126, col 150 of module 12_deliver_products_with_checks: 66735
@!@!@ENDMSG 2221 @!@!@
@!@!@STARTMSG 2221:0 @!@!@
  ||||||line 126, col 155 to line 126, col 247 of module 12_deliver_products_with_checks: 66735
@!@!@ENDMSG 2221 @!@!@
@!@!@STARTMSG 2221:0 @!@!@
  |||||||line 126, col 155 to line 126, col 227 of module 12_deliver_products_with_checks: 66735
@!@!@ENDMSG 2221 @!@!@
@!@!@STARTMSG 2221:0 @!@!@
  ||||||||line 24, col 33 to line 25, col 125 of module 12_deliver_products_with_checks: 266940
@!@!@ENDMSG 2221 @!@!@
@!@!@STARTMSG 2221:0 @!@!@
  |||||||||line 24, col 36 to line 24, col 42 of module 12_deliver_products_with_checks: 266940
@!@!@ENDMSG 2221 @!@!@
@!@!@STARTMSG 2221:0 @!@!@
  |||||||||line 25, col 38 to line 25, col 125 of module 12_deliver_products_with_checks: 200205
@!@!@ENDMSG 2221 @!@!@
@!@!@STARTMSG 2221:0 @!@!@
  ||||||||||line 25, col 38 to line 25, col 76 of module 12_deliver_products_with_checks: 200205
@!@!@ENDMSG 2221 @!@!@
@!@!@STARTMSG 2221:0 @!@!@
  ||||||||||line 25, col 80 to line 25, col 125 of module 12_deliver_products_with_checks: 200205
@!@!@ENDMSG 2221 @!@!@
@!@!@STARTMSG 2221:0 @!@!@
  |||||||||||line 25, col 91 to line 25, col 91 of module 12_deliver_products_with_checks: 133470
@!@!@ENDMSG 2221 @!@!@
@!@!@STARTMSG 2221:0 @!@!@
  |||||||||||line 25, col 94 to line 25, col 124 of module 12_deliver_products_with_checks: 200205
@!@!@ENDMSG 2221 @!@!@
@!@!@STARTMSG 2221:0 @!@!@
  ||||||||line 126, col 166 to line 126, col 215 of module 12_deliver_products_with_checks: 66735
@!@!@ENDMSG 2221 @!@!@
@!@!@STARTMSG 2221:0 @!@!@
  ||||||||line 126, col 218 to line 126, col 226 of module 12_deliver_products_with_checks: 66735
@!@!@ENDMSG 2221 @!@!@
@!@!@STARTMSG 2221:0 @!@!@
  |||||||line 126, col 231 to line 126, col 247 of module 12_deliver_products_with_checks: 66735
@!@!@ENDMSG 2221 @!@!@
@!@!@STARTMSG 2221:0 @!@!@
  |||||line 127, col 76 to line 127, col 227 of module 12_deliver_products_with_checks: 5067
@!@!@ENDMSG 2221 @!@!@
@!@!@STARTMSG 2221:0 @!@!@
  ||||||line 127, col 100 to line 127, col 227 of module 12_deliver_products_with_checks: 14292
@!@!@ENDMSG 2221 @!@!@
@!@!@STARTMSG 2221:0 @!@!@
  ||||||line 127, col 88 to line 127, col 96 of module 12_deliver_products_with_checks: 5067
@!@!@ENDMSG 2221 @!@!@
@!@!@STARTMSG 2775:0 @!@!@
  ||||line 126, col 82 to line 126, col 124 of module 12_deliver_products_with_checks: 3060:2710575
@!@!@ENDMSG 2775 @!@!@
@!@!@STARTMSG 2221:0 @!@!@
  |||||line 126, col 83 to line 126, col 91 of module 12_deliver_products_with_checks: 3060
@!@!@ENDMSG 2221 @!@!@
@!@!@STARTMSG 2775:0 @!@!@
  |||||line 126, col 96 to line 126, col 123 of module 12_deliver_products_with_checks: 3060:927180
@!@!@ENDMSG 2775 @!@!@
@!@!@STARTMSG 2221:0 @!@!@
  ||||||line 126, col 97 to line 126, col 97 of module 12_deliver_products_with_checks: 18360
@!@!@ENDMSG 2221 @!@!@
@!@!@STARTMSG 2221:0 @!@!@
  ||||||line 126, col 106 to line 126, col 122 of module 12_deliver_products_with_checks: 3060
@!@!@ENDMSG 2221 @!@!@
@!@!@STARTMSG 2221:0 @!@!@
  ||line 130, col 72 to line 130, col 126 of module 12_deliver_products_with_checks: 3060
@!@!@ENDMSG 2221 @!@!@
@!@!@STARTMSG 2221:0 @!@!@
  line 132, col 36 to line 134, col 53 of module 12_deliver_products_with_checks: 3060
@!@!@ENDMSG 2221 @!@!@
@!@!@STARTMSG 2221:0 @!@!@
  line 135, col 36 to line 135, col 48 of module 12_deliver_products_with_checks: 3060
@!@!@ENDMSG 2221 @!@!@
@!@!@STARTMSG 2221:0 @!@!@
  line 136, col 36 to line 136, col 54 of module 12_deliver_products_with_checks: 3060
@!@!@ENDMSG 2221 @!@!@
@!@!@STARTMSG 2221:0 @!@!@
  line 142, col 52 to line 142, col 64 of module 12_deliver_products_with_checks: 2619
@!@!@ENDMSG 2221 @!@!@
@!@!@STARTMSG 2221:0 @!@!@
  line 142, col 67 to line 142, col 86 of module 12_deliver_products_with_checks: 9801
@!@!@ENDMSG 2221 @!@!@
@!@!@STARTMSG 2221:0 @!@!@
  line 142, col 89 to line 142, col 104 of module 12_deliver_products_with_checks: 13068
@!@!@ENDMSG 2221 @!@!@
@!@!@STARTMSG 2202:0 @!@!@
End of statistics.
@!@!@ENDMSG 2202 @!@!@
@!@!@STARTMSG 2200:0 @!@!@
Progress(16) at 2022-05-17 15:16:16: 42.409 states generated (423.807 s/min), 1.452 distinct states found (14.510 ds/min), 0 states left on queue.
@!@!@ENDMSG 2200 @!@!@
@!@!@STARTMSG 2199:0 @!@!@
42409 states generated, 1452 distinct states found, 0 states left on queue.
@!@!@ENDMSG 2199 @!@!@
@!@!@STARTMSG 2194:0 @!@!@
The depth of the complete state graph search is 16.
@!@!@ENDMSG 2194 @!@!@
@!@!@STARTMSG 2268:0 @!@!@
The average outdegree of the complete state graph is 1 (minimum is 0, the maximum 7 and the 95th percentile is 4).
@!@!@ENDMSG 2268 @!@!@
@!@!@STARTMSG 2186:0 @!@!@
Finished in 6025ms at (2022-05-17 15:16:16)
@!@!@ENDMSG 2186 @!@!@
