@!@!@STARTMSG 2262:0 @!@!@
TLC2 Version 2.16 of 31 December 2020 (rev: cdddf55)
@!@!@ENDMSG 2262 @!@!@
@!@!@STARTMSG 2187:0 @!@!@
Running breadth-first search Model-Checking with fp 58 and seed 3855884770739162711 with 4 workers on 8 cores with 1214MB heap and 2730MB offheap memory [pid: 3707] (Mac OS X 10.16 x86_64, AdoptOpenJDK 14.0.1 x86_64, OffHeapDiskFPSet, DiskStateQueue).
@!@!@ENDMSG 2187 @!@!@
@!@!@STARTMSG 2220:0 @!@!@
Starting SANY...
@!@!@ENDMSG 2220 @!@!@
Parsing file /Users/dirk-janswagerman/Projects/TLA+/QWAN Intro TLA+/3_constraining_state_part_2.toolbox/Model_1/MC.tla
Parsing file /Users/dirk-janswagerman/Projects/TLA+/QWAN Intro TLA+/3_constraining_state_part_2.toolbox/Model_1/3_constraining_state_part_2.tla
Parsing file /Applications/TLA+ Toolbox.app/Contents/Eclipse/plugins/org.lamport.tlatools_1.0.0.202012311918/tla2sany/StandardModules/TLC.tla
Parsing file /Applications/TLA+ Toolbox.app/Contents/Eclipse/plugins/org.lamport.tlatools_1.0.0.202012311918/tla2sany/StandardModules/Naturals.tla
Parsing file /Applications/TLA+ Toolbox.app/Contents/Eclipse/plugins/org.lamport.tlatools_1.0.0.202012311918/tla2sany/StandardModules/Sequences.tla
Parsing file /Applications/TLA+ Toolbox.app/Contents/Eclipse/plugins/org.lamport.tlatools_1.0.0.202012311918/tla2sany/StandardModules/FiniteSets.tla
Semantic processing of module Naturals
Semantic processing of module 3_constraining_state_part_2
Semantic processing of module Sequences
Semantic processing of module FiniteSets
Semantic processing of module TLC
Semantic processing of module MC
@!@!@STARTMSG 2219:0 @!@!@
SANY finished.
@!@!@ENDMSG 2219 @!@!@
@!@!@STARTMSG 2185:0 @!@!@
Starting... (2022-05-16 16:56:36)
@!@!@ENDMSG 2185 @!@!@
@!@!@STARTMSG 2189:0 @!@!@
Computing initial states...
@!@!@ENDMSG 2189 @!@!@
@!@!@STARTMSG 2190:0 @!@!@
Finished computing initial states: 1 distinct state generated at 2022-05-16 16:56:37.
@!@!@ENDMSG 2190 @!@!@
@!@!@STARTMSG 2114:1 @!@!@
Deadlock reached.
@!@!@ENDMSG 2114 @!@!@
@!@!@STARTMSG 2121:1 @!@!@
The behavior up to this point is:
@!@!@ENDMSG 2121 @!@!@
@!@!@STARTMSG 2217:4 @!@!@
1: <Initial predicate>
x = 0

@!@!@ENDMSG 2217 @!@!@
@!@!@STARTMSG 2217:4 @!@!@
2: <Increment line 23, col 7 to line 23, col 19 of module 3_constraining_state_part_2>
x = 1

@!@!@ENDMSG 2217 @!@!@
@!@!@STARTMSG 2217:4 @!@!@
3: <Increment line 23, col 7 to line 23, col 19 of module 3_constraining_state_part_2>
x = 2

@!@!@ENDMSG 2217 @!@!@
@!@!@STARTMSG 2217:4 @!@!@
4: <Increment line 23, col 7 to line 23, col 19 of module 3_constraining_state_part_2>
x = 3

@!@!@ENDMSG 2217 @!@!@
@!@!@STARTMSG 2217:4 @!@!@
5: <Increment line 23, col 7 to line 23, col 19 of module 3_constraining_state_part_2>
x = 4

@!@!@ENDMSG 2217 @!@!@
@!@!@STARTMSG 2217:4 @!@!@
6: <Increment line 23, col 7 to line 23, col 19 of module 3_constraining_state_part_2>
x = 5

@!@!@ENDMSG 2217 @!@!@
@!@!@STARTMSG 2217:4 @!@!@
7: <Increment line 23, col 7 to line 23, col 19 of module 3_constraining_state_part_2>
x = 6

@!@!@ENDMSG 2217 @!@!@
@!@!@STARTMSG 2217:4 @!@!@
8: <Increment line 23, col 7 to line 23, col 19 of module 3_constraining_state_part_2>
x = 7

@!@!@ENDMSG 2217 @!@!@
@!@!@STARTMSG 2217:4 @!@!@
9: <Increment line 23, col 7 to line 23, col 19 of module 3_constraining_state_part_2>
x = 8

@!@!@ENDMSG 2217 @!@!@
@!@!@STARTMSG 2217:4 @!@!@
10: <Increment line 23, col 7 to line 23, col 19 of module 3_constraining_state_part_2>
x = 9

@!@!@ENDMSG 2217 @!@!@
@!@!@STARTMSG 2217:4 @!@!@
11: <Increment line 23, col 7 to line 23, col 19 of module 3_constraining_state_part_2>
x = 10

@!@!@ENDMSG 2217 @!@!@
@!@!@STARTMSG 2201:0 @!@!@
The coverage statistics at 2022-05-16 16:56:37
@!@!@ENDMSG 2201 @!@!@
@!@!@STARTMSG 2773:0 @!@!@
<Init line 19, col 1 to line 19, col 4 of module 3_constraining_state_part_2>: 2:2
@!@!@ENDMSG 2773 @!@!@
@!@!@STARTMSG 2221:0 @!@!@
  line 20, col 5 to line 20, col 12 of module 3_constraining_state_part_2: 2
@!@!@ENDMSG 2221 @!@!@
@!@!@STARTMSG 2772:0 @!@!@
<Increment line 11, col 1 to line 11, col 13 of module 3_constraining_state_part_2 (23 7 23 19)>: 10:20
@!@!@ENDMSG 2772 @!@!@
@!@!@STARTMSG 2221:0 @!@!@
  line 12, col 8 to line 12, col 20 of module 3_constraining_state_part_2: 20
@!@!@ENDMSG 2221 @!@!@
@!@!@STARTMSG 2221:0 @!@!@
  |line 12, col 8 to line 12, col 8 of module 3_constraining_state_part_2: 21
@!@!@ENDMSG 2221 @!@!@
@!@!@STARTMSG 2221:0 @!@!@
  |line 12, col 12 to line 12, col 20 of module 3_constraining_state_part_2: 21
@!@!@ENDMSG 2221 @!@!@
@!@!@STARTMSG 2221:0 @!@!@
  line 13, col 8 to line 13, col 17 of module 3_constraining_state_part_2: 20
@!@!@ENDMSG 2221 @!@!@
@!@!@STARTMSG 2221:0 @!@!@
  line 23, col 18 to line 23, col 18 of module 3_constraining_state_part_2: 21
@!@!@ENDMSG 2221 @!@!@
@!@!@STARTMSG 2772:0 @!@!@
<Decrement line 15, col 1 to line 15, col 13 of module 3_constraining_state_part_2 (24 7 24 19)>: 0:0
@!@!@ENDMSG 2772 @!@!@
@!@!@STARTMSG 2221:0 @!@!@
  line 16, col 8 to line 16, col 20 of module 3_constraining_state_part_2: 11
@!@!@ENDMSG 2221 @!@!@
@!@!@STARTMSG 2221:0 @!@!@
  line 17, col 8 to line 17, col 17 of module 3_constraining_state_part_2: 0
@!@!@ENDMSG 2221 @!@!@
@!@!@STARTMSG 2221:0 @!@!@
  line 24, col 18 to line 24, col 18 of module 3_constraining_state_part_2: 11
@!@!@ENDMSG 2221 @!@!@
@!@!@STARTMSG 2202:0 @!@!@
End of statistics.
@!@!@ENDMSG 2202 @!@!@
@!@!@STARTMSG 2200:0 @!@!@
Progress(11) at 2022-05-16 16:56:37: 11 states generated (347 s/min), 11 distinct states found (347 ds/min), 0 states left on queue.
@!@!@ENDMSG 2200 @!@!@
@!@!@STARTMSG 2199:0 @!@!@
11 states generated, 11 distinct states found, 0 states left on queue.
@!@!@ENDMSG 2199 @!@!@
@!@!@STARTMSG 2194:0 @!@!@
The depth of the complete state graph search is 11.
@!@!@ENDMSG 2194 @!@!@
@!@!@STARTMSG 2268:0 @!@!@
The average outdegree of the complete state graph is 1 (minimum is 0, the maximum 1 and the 95th percentile is 1).
@!@!@ENDMSG 2268 @!@!@
@!@!@STARTMSG 2186:0 @!@!@
Finished in 1925ms at (2022-05-16 16:56:37)
@!@!@ENDMSG 2186 @!@!@
