@!@!@STARTMSG 2262:0 @!@!@
TLC2 Version 2.16 of 31 December 2020 (rev: cdddf55)
@!@!@ENDMSG 2262 @!@!@
@!@!@STARTMSG 2187:0 @!@!@
Running breadth-first search Model-Checking with fp 124 and seed 6840261243984037782 with 5 workers on 10 cores with 2428MB heap and 5460MB offheap memory [pid: 1472] (Mac OS X 10.16 x86_64, AdoptOpenJDK 14.0.1 x86_64, OffHeapDiskFPSet, DiskStateQueue).
@!@!@ENDMSG 2187 @!@!@
@!@!@STARTMSG 2220:0 @!@!@
Starting SANY...
@!@!@ENDMSG 2220 @!@!@
Parsing file /Users/dirk-janswagerman/Projects/TLA+/tlaplus/10_select_product.toolbox/Model_1/MC.tla
Parsing file /Users/dirk-janswagerman/Projects/TLA+/tlaplus/10_select_product.toolbox/Model_1/10_select_product.tla
Parsing file /private/var/folders/sy/rhv1w43j3bscfpls8nxgbl1m0000gn/T/AppTranslocation/0289B094-3A8E-4919-B936-A54271B0D606/d/TLA+ Toolbox.app/Contents/Eclipse/plugins/org.lamport.tlatools_1.0.0.202012311918/tla2sany/StandardModules/TLC.tla
Parsing file /private/var/folders/sy/rhv1w43j3bscfpls8nxgbl1m0000gn/T/AppTranslocation/0289B094-3A8E-4919-B936-A54271B0D606/d/TLA+ Toolbox.app/Contents/Eclipse/plugins/org.lamport.tlatools_1.0.0.202012311918/tla2sany/StandardModules/Naturals.tla
Parsing file /private/var/folders/sy/rhv1w43j3bscfpls8nxgbl1m0000gn/T/AppTranslocation/0289B094-3A8E-4919-B936-A54271B0D606/d/TLA+ Toolbox.app/Contents/Eclipse/plugins/org.lamport.tlatools_1.0.0.202012311918/tla2sany/StandardModules/Sequences.tla
Parsing file /private/var/folders/sy/rhv1w43j3bscfpls8nxgbl1m0000gn/T/AppTranslocation/0289B094-3A8E-4919-B936-A54271B0D606/d/TLA+ Toolbox.app/Contents/Eclipse/plugins/org.lamport.tlatools_1.0.0.202012311918/tla2sany/StandardModules/FiniteSets.tla
Semantic processing of module Naturals
Semantic processing of module Sequences
Semantic processing of module FiniteSets
Semantic processing of module TLC
Semantic processing of module 10_select_product
Semantic processing of module MC
@!@!@STARTMSG 2219:0 @!@!@
SANY finished.
@!@!@ENDMSG 2219 @!@!@
@!@!@STARTMSG 2185:0 @!@!@
Starting... (2022-05-17 15:08:24)
@!@!@ENDMSG 2185 @!@!@
@!@!@STARTMSG 2189:0 @!@!@
Computing initial states...
@!@!@ENDMSG 2189 @!@!@
@!@!@STARTMSG 2190:0 @!@!@
Finished computing initial states: 1 distinct state generated at 2022-05-17 15:08:25.
@!@!@ENDMSG 2190 @!@!@
@!@!@STARTMSG 2110:1 @!@!@
Invariant inv_165279290357620000 is violated.
@!@!@ENDMSG 2110 @!@!@
@!@!@STARTMSG 2121:1 @!@!@
The behavior up to this point is:
@!@!@ENDMSG 2121 @!@!@
@!@!@STARTMSG 2217:4 @!@!@
1: <Initial predicate>
/\ state = "operational"
/\ selected_product = ""
/\ customers = [c1 |-> [assets |-> [credit |-> (25 :> 2 @@ 50 :> 2 @@ 100 :> 2), bank |-> (25 :> 0 @@ 50 :> 0 @@ 100 :> 0), product |-> [saffron_sky |-> 0, desert_white |-> 0, ocean_blue |-> 0]]]]
/\ vending_machines = [v1 |-> [assets |-> [credit |-> (25 :> 0 @@ 50 :> 0 @@ 100 :> 0), bank |-> (25 :> 0 @@ 50 :> 0 @@ 100 :> 0), product |-> [saffron_sky |-> 2, desert_white |-> 2, ocean_blue |-> 2]]]]

@!@!@ENDMSG 2217 @!@!@
@!@!@STARTMSG 2217:4 @!@!@
2: <InsertCredit line 53, col 33 to line 55, col 72 of module 10_select_product>
/\ state = "operational"
/\ selected_product = ""
/\ customers = [c1 |-> [assets |-> [credit |-> (25 :> 1 @@ 50 :> 2 @@ 100 :> 2), bank |-> (25 :> 0 @@ 50 :> 0 @@ 100 :> 0), product |-> [saffron_sky |-> 0, desert_white |-> 0, ocean_blue |-> 0]]]]
/\ vending_machines = [v1 |-> [assets |-> [credit |-> (25 :> 1 @@ 50 :> 0 @@ 100 :> 0), bank |-> (25 :> 0 @@ 50 :> 0 @@ 100 :> 0), product |-> [saffron_sky |-> 2, desert_white |-> 2, ocean_blue |-> 2]]]]

@!@!@ENDMSG 2217 @!@!@
@!@!@STARTMSG 2217:4 @!@!@
3: <InsertCredit line 53, col 33 to line 55, col 72 of module 10_select_product>
/\ state = "operational"
/\ selected_product = ""
/\ customers = [c1 |-> [assets |-> [credit |-> (25 :> 0 @@ 50 :> 2 @@ 100 :> 2), bank |-> (25 :> 0 @@ 50 :> 0 @@ 100 :> 0), product |-> [saffron_sky |-> 0, desert_white |-> 0, ocean_blue |-> 0]]]]
/\ vending_machines = [v1 |-> [assets |-> [credit |-> (25 :> 2 @@ 50 :> 0 @@ 100 :> 0), bank |-> (25 :> 0 @@ 50 :> 0 @@ 100 :> 0), product |-> [saffron_sky |-> 2, desert_white |-> 2, ocean_blue |-> 2]]]]

@!@!@ENDMSG 2217 @!@!@
@!@!@STARTMSG 2217:4 @!@!@
4: <SelectProduct line 97, col 37 to line 98, col 87 of module 10_select_product>
/\ state = "operational"
/\ selected_product = "ocean_blue"
/\ customers = [c1 |-> [assets |-> [credit |-> (25 :> 0 @@ 50 :> 2 @@ 100 :> 2), bank |-> (25 :> 0 @@ 50 :> 0 @@ 100 :> 0), product |-> [saffron_sky |-> 0, desert_white |-> 0, ocean_blue |-> 0]]]]
/\ vending_machines = [v1 |-> [assets |-> [credit |-> (25 :> 2 @@ 50 :> 0 @@ 100 :> 0), bank |-> (25 :> 0 @@ 50 :> 0 @@ 100 :> 0), product |-> [saffron_sky |-> 2, desert_white |-> 2, ocean_blue |-> 2]]]]

@!@!@ENDMSG 2217 @!@!@
@!@!@STARTMSG 2201:0 @!@!@
The coverage statistics at 2022-05-17 15:08:26
@!@!@ENDMSG 2201 @!@!@
@!@!@STARTMSG 2773:0 @!@!@
<Init line 70, col 1 to line 70, col 4 of module 10_select_product>: 2:2
@!@!@ENDMSG 2773 @!@!@
@!@!@STARTMSG 2221:0 @!@!@
  line 71, col 33 to line 94, col 56 of module 10_select_product: 2
@!@!@ENDMSG 2221 @!@!@
@!@!@STARTMSG 2772:0 @!@!@
<InsertCredit line 52, col 1 to line 52, col 50 of module 10_select_product>: 11:118
@!@!@ENDMSG 2772 @!@!@
@!@!@STARTMSG 2221:0 @!@!@
  line 53, col 36 to line 53, col 57 of module 10_select_product: 88
@!@!@ENDMSG 2221 @!@!@
@!@!@STARTMSG 2221:0 @!@!@
  |line 53, col 36 to line 53, col 40 of module 10_select_product: 44
@!@!@ENDMSG 2221 @!@!@
@!@!@STARTMSG 2221:0 @!@!@
  line 46, col 36 to line 46, col 85 of module 10_select_product: 118
@!@!@ENDMSG 2221 @!@!@
@!@!@STARTMSG 2221:0 @!@!@
  |line 46, col 36 to line 46, col 81 of module 10_select_product: 132
@!@!@ENDMSG 2221 @!@!@
@!@!@STARTMSG 2221:0 @!@!@
  line 47, col 36 to line 47, col 98 of module 10_select_product: 118
@!@!@ENDMSG 2221 @!@!@
@!@!@STARTMSG 2221:0 @!@!@
  line 48, col 36 to line 48, col 120 of module 10_select_product: 118
@!@!@ENDMSG 2221 @!@!@
@!@!@STARTMSG 2221:0 @!@!@
  line 49, col 36 to line 49, col 120 of module 10_select_product: 118
@!@!@ENDMSG 2221 @!@!@
@!@!@STARTMSG 2221:0 @!@!@
  line 54, col 74 to line 54, col 82 of module 10_select_product: 132
@!@!@ENDMSG 2221 @!@!@
@!@!@STARTMSG 2221:0 @!@!@
  line 54, col 85 to line 54, col 100 of module 10_select_product: 118
@!@!@ENDMSG 2221 @!@!@
@!@!@STARTMSG 2221:0 @!@!@
  line 54, col 103 to line 54, col 115 of module 10_select_product: 132
@!@!@ENDMSG 2221 @!@!@
@!@!@STARTMSG 2221:0 @!@!@
  line 54, col 118 to line 54, col 137 of module 10_select_product: 118
@!@!@ENDMSG 2221 @!@!@
@!@!@STARTMSG 2221:0 @!@!@
  line 54, col 140 to line 54, col 143 of module 10_select_product: 132
@!@!@ENDMSG 2221 @!@!@
@!@!@STARTMSG 2221:0 @!@!@
  line 54, col 48 to line 54, col 56 of module 10_select_product: 44
@!@!@ENDMSG 2221 @!@!@
@!@!@STARTMSG 2221:0 @!@!@
  line 55, col 36 to line 55, col 72 of module 10_select_product: 118
@!@!@ENDMSG 2221 @!@!@
@!@!@STARTMSG 2772:0 @!@!@
<ReturnCredit line 58, col 1 to line 58, col 50 of module 10_select_product (60 37 63 69)>: 2:35
@!@!@ENDMSG 2772 @!@!@
@!@!@STARTMSG 2221:0 @!@!@
  line 60, col 40 to line 60, col 118 of module 10_select_product: 35
@!@!@ENDMSG 2221 @!@!@
@!@!@STARTMSG 2221:0 @!@!@
  |line 60, col 40 to line 60, col 114 of module 10_select_product: 42
@!@!@ENDMSG 2221 @!@!@
@!@!@STARTMSG 2221:0 @!@!@
  ||line 23, col 33 to line 24, col 125 of module 10_select_product: 168
@!@!@ENDMSG 2221 @!@!@
@!@!@STARTMSG 2221:0 @!@!@
  |||line 23, col 36 to line 23, col 42 of module 10_select_product: 168
@!@!@ENDMSG 2221 @!@!@
@!@!@STARTMSG 2221:0 @!@!@
  |||line 24, col 38 to line 24, col 125 of module 10_select_product: 126
@!@!@ENDMSG 2221 @!@!@
@!@!@STARTMSG 2221:0 @!@!@
  ||||line 24, col 38 to line 24, col 76 of module 10_select_product: 126
@!@!@ENDMSG 2221 @!@!@
@!@!@STARTMSG 2221:0 @!@!@
  ||||line 24, col 80 to line 24, col 125 of module 10_select_product: 126
@!@!@ENDMSG 2221 @!@!@
@!@!@STARTMSG 2221:0 @!@!@
  |||||line 24, col 91 to line 24, col 91 of module 10_select_product: 84
@!@!@ENDMSG 2221 @!@!@
@!@!@STARTMSG 2221:0 @!@!@
  |||||line 24, col 94 to line 24, col 124 of module 10_select_product: 126
@!@!@ENDMSG 2221 @!@!@
@!@!@STARTMSG 2221:0 @!@!@
  ||line 60, col 51 to line 60, col 102 of module 10_select_product: 42
@!@!@ENDMSG 2221 @!@!@
@!@!@STARTMSG 2221:0 @!@!@
  ||line 60, col 105 to line 60, col 113 of module 10_select_product: 42
@!@!@ENDMSG 2221 @!@!@
@!@!@STARTMSG 2221:0 @!@!@
  line 46, col 36 to line 46, col 85 of module 10_select_product: 35
@!@!@ENDMSG 2221 @!@!@
@!@!@STARTMSG 2221:0 @!@!@
  |line 46, col 36 to line 46, col 81 of module 10_select_product: 105
@!@!@ENDMSG 2221 @!@!@
@!@!@STARTMSG 2221:0 @!@!@
  line 47, col 36 to line 47, col 98 of module 10_select_product: 35
@!@!@ENDMSG 2221 @!@!@
@!@!@STARTMSG 2221:0 @!@!@
  line 48, col 36 to line 48, col 120 of module 10_select_product: 35
@!@!@ENDMSG 2221 @!@!@
@!@!@STARTMSG 2221:0 @!@!@
  line 49, col 36 to line 49, col 120 of module 10_select_product: 35
@!@!@ENDMSG 2221 @!@!@
@!@!@STARTMSG 2221:0 @!@!@
  line 61, col 78 to line 61, col 93 of module 10_select_product: 105
@!@!@ENDMSG 2221 @!@!@
@!@!@STARTMSG 2221:0 @!@!@
  line 61, col 96 to line 61, col 104 of module 10_select_product: 35
@!@!@ENDMSG 2221 @!@!@
@!@!@STARTMSG 2221:0 @!@!@
  line 61, col 107 to line 61, col 126 of module 10_select_product: 105
@!@!@ENDMSG 2221 @!@!@
@!@!@STARTMSG 2221:0 @!@!@
  line 61, col 129 to line 61, col 141 of module 10_select_product: 35
@!@!@ENDMSG 2221 @!@!@
@!@!@STARTMSG 2221:0 @!@!@
  line 61, col 144 to line 61, col 147 of module 10_select_product: 105
@!@!@ENDMSG 2221 @!@!@
@!@!@STARTMSG 2221:0 @!@!@
  line 61, col 52 to line 61, col 60 of module 10_select_product: 35
@!@!@ENDMSG 2221 @!@!@
@!@!@STARTMSG 2221:0 @!@!@
  line 62, col 40 to line 62, col 67 of module 10_select_product: 35
@!@!@ENDMSG 2221 @!@!@
@!@!@STARTMSG 2221:0 @!@!@
  line 63, col 40 to line 63, col 69 of module 10_select_product: 35
@!@!@ENDMSG 2221 @!@!@
@!@!@STARTMSG 2772:0 @!@!@
<ReturnCredit line 58, col 1 to line 58, col 50 of module 10_select_product (65 37 68 98)>: 0:0
@!@!@ENDMSG 2772 @!@!@
@!@!@STARTMSG 2221:0 @!@!@
  line 65, col 40 to line 65, col 118 of module 10_select_product: 42
@!@!@ENDMSG 2221 @!@!@
@!@!@STARTMSG 2221:0 @!@!@
  |line 65, col 40 to line 65, col 114 of module 10_select_product: 42
@!@!@ENDMSG 2221 @!@!@
@!@!@STARTMSG 2221:0 @!@!@
  ||line 23, col 33 to line 24, col 125 of module 10_select_product: 168
@!@!@ENDMSG 2221 @!@!@
@!@!@STARTMSG 2221:0 @!@!@
  |||line 23, col 36 to line 23, col 42 of module 10_select_product: 168
@!@!@ENDMSG 2221 @!@!@
@!@!@STARTMSG 2221:0 @!@!@
  |||line 24, col 38 to line 24, col 125 of module 10_select_product: 126
@!@!@ENDMSG 2221 @!@!@
@!@!@STARTMSG 2221:0 @!@!@
  ||||line 24, col 38 to line 24, col 76 of module 10_select_product: 126
@!@!@ENDMSG 2221 @!@!@
@!@!@STARTMSG 2221:0 @!@!@
  ||||line 24, col 80 to line 24, col 125 of module 10_select_product: 126
@!@!@ENDMSG 2221 @!@!@
@!@!@STARTMSG 2221:0 @!@!@
  |||||line 24, col 91 to line 24, col 91 of module 10_select_product: 84
@!@!@ENDMSG 2221 @!@!@
@!@!@STARTMSG 2221:0 @!@!@
  |||||line 24, col 94 to line 24, col 124 of module 10_select_product: 126
@!@!@ENDMSG 2221 @!@!@
@!@!@STARTMSG 2221:0 @!@!@
  ||line 65, col 51 to line 65, col 102 of module 10_select_product: 42
@!@!@ENDMSG 2221 @!@!@
@!@!@STARTMSG 2221:0 @!@!@
  ||line 65, col 105 to line 65, col 113 of module 10_select_product: 42
@!@!@ENDMSG 2221 @!@!@
@!@!@STARTMSG 2221:0 @!@!@
  line 66, col 40 to line 66, col 65 of module 10_select_product: 7
@!@!@ENDMSG 2221 @!@!@
@!@!@STARTMSG 2221:0 @!@!@
  line 67, col 40 to line 67, col 62 of module 10_select_product: 0
@!@!@ENDMSG 2221 @!@!@
@!@!@STARTMSG 2221:0 @!@!@
  line 68, col 40 to line 68, col 98 of module 10_select_product: 0
@!@!@ENDMSG 2221 @!@!@
@!@!@STARTMSG 2772:0 @!@!@
<SelectProduct line 96, col 1 to line 96, col 60 of module 10_select_product>: 15:42
@!@!@ENDMSG 2772 @!@!@
@!@!@STARTMSG 2221:0 @!@!@
  line 97, col 37 to line 97, col 63 of module 10_select_product: 37
@!@!@ENDMSG 2221 @!@!@
@!@!@STARTMSG 2221:0 @!@!@
  |line 97, col 57 to line 97, col 63 of module 10_select_product: 42
@!@!@ENDMSG 2221 @!@!@
@!@!@STARTMSG 2221:0 @!@!@
  line 98, col 40 to line 98, col 87 of module 10_select_product: 37
@!@!@ENDMSG 2221 @!@!@
@!@!@STARTMSG 2774:0 @!@!@
<inv_165279290357620000 line 45, col 1 to line 45, col 22 of module MC>
@!@!@ENDMSG 2774 @!@!@
@!@!@STARTMSG 2221:0 @!@!@
  line 46, col 1 to line 46, col 31 of module MC: 29
@!@!@ENDMSG 2221 @!@!@
@!@!@STARTMSG 2202:0 @!@!@
End of statistics.
@!@!@ENDMSG 2202 @!@!@
@!@!@STARTMSG 2200:0 @!@!@
Progress(4) at 2022-05-17 15:08:26: 162 states generated (4.004 s/min), 29 distinct states found (716 ds/min), 19 states left on queue.
@!@!@ENDMSG 2200 @!@!@
@!@!@STARTMSG 2199:0 @!@!@
162 states generated, 29 distinct states found, 19 states left on queue.
@!@!@ENDMSG 2199 @!@!@
@!@!@STARTMSG 2194:0 @!@!@
The depth of the complete state graph search is 4.
@!@!@ENDMSG 2194 @!@!@
@!@!@STARTMSG 2186:0 @!@!@
Finished in 2453ms at (2022-05-17 15:08:26)
@!@!@ENDMSG 2186 @!@!@
