@!@!@STARTMSG 2262:0 @!@!@
TLC2 Version 2.16 of 31 December 2020 (rev: cdddf55)
@!@!@ENDMSG 2262 @!@!@
@!@!@STARTMSG 2187:0 @!@!@
Running breadth-first search Model-Checking with fp 70 and seed -3670333695774603966 with 5 workers on 10 cores with 2428MB heap and 5460MB offheap memory [pid: 12832] (Mac OS X 10.16 x86_64, AdoptOpenJDK 14.0.1 x86_64, OffHeapDiskFPSet, DiskStateQueue).
@!@!@ENDMSG 2187 @!@!@
@!@!@STARTMSG 2220:0 @!@!@
Starting SANY...
@!@!@ENDMSG 2220 @!@!@
Parsing file /Users/dirk-janswagerman/Projects/TLA+/tlaplus/7_first_action.toolbox/Model_1/MC.tla
Parsing file /Users/dirk-janswagerman/Projects/TLA+/tlaplus/7_first_action.toolbox/Model_1/7_first_action.tla
Parsing file /private/var/folders/sy/rhv1w43j3bscfpls8nxgbl1m0000gn/T/AppTranslocation/4ED877E4-CC96-4556-85BE-99F87D06BC29/d/TLA+ Toolbox.app/Contents/Eclipse/plugins/org.lamport.tlatools_1.0.0.202012311918/tla2sany/StandardModules/TLC.tla
Parsing file /private/var/folders/sy/rhv1w43j3bscfpls8nxgbl1m0000gn/T/AppTranslocation/4ED877E4-CC96-4556-85BE-99F87D06BC29/d/TLA+ Toolbox.app/Contents/Eclipse/plugins/org.lamport.tlatools_1.0.0.202012311918/tla2sany/StandardModules/Naturals.tla
Parsing file /private/var/folders/sy/rhv1w43j3bscfpls8nxgbl1m0000gn/T/AppTranslocation/4ED877E4-CC96-4556-85BE-99F87D06BC29/d/TLA+ Toolbox.app/Contents/Eclipse/plugins/org.lamport.tlatools_1.0.0.202012311918/tla2sany/StandardModules/Sequences.tla
Parsing file /private/var/folders/sy/rhv1w43j3bscfpls8nxgbl1m0000gn/T/AppTranslocation/4ED877E4-CC96-4556-85BE-99F87D06BC29/d/TLA+ Toolbox.app/Contents/Eclipse/plugins/org.lamport.tlatools_1.0.0.202012311918/tla2sany/StandardModules/FiniteSets.tla
Semantic processing of module Naturals
Semantic processing of module Sequences
Semantic processing of module FiniteSets
Semantic processing of module TLC
Semantic processing of module 7_first_action
Semantic processing of module MC
@!@!@STARTMSG 2219:0 @!@!@
SANY finished.
@!@!@ENDMSG 2219 @!@!@
@!@!@STARTMSG 2185:0 @!@!@
Starting... (2022-05-17 08:34:38)
@!@!@ENDMSG 2185 @!@!@
@!@!@STARTMSG 2189:0 @!@!@
Computing initial states...
@!@!@ENDMSG 2189 @!@!@
@!@!@STARTMSG 2190:0 @!@!@
Finished computing initial states: 1 distinct state generated at 2022-05-17 08:34:40.
@!@!@ENDMSG 2190 @!@!@
@!@!@STARTMSG 2112:1 @!@!@
Action property AssetValueIsConstant is violated.
@!@!@ENDMSG 2112 @!@!@
@!@!@STARTMSG 2121:1 @!@!@
The behavior up to this point is:
@!@!@ENDMSG 2121 @!@!@
@!@!@STARTMSG 2217:4 @!@!@
1: <Initial predicate>
/\ customers = [c1 |-> [assets |-> [credit |-> (25 :> 0 @@ 50 :> 0 @@ 100 :> 0), bank |-> (25 :> 0 @@ 50 :> 0 @@ 100 :> 0), product |-> [saffron_sky |-> 0, desert_white |-> 0, ocean_blue |-> 0]]]]
/\ vending_machines = [v1 |-> [assets |-> [credit |-> (25 :> 0 @@ 50 :> 0 @@ 100 :> 0), bank |-> (25 :> 0 @@ 50 :> 0 @@ 100 :> 0), product |-> [saffron_sky |-> 2, desert_white |-> 2, ocean_blue |-> 2]]]]

@!@!@ENDMSG 2217 @!@!@
@!@!@STARTMSG 2217:4 @!@!@
2: <InsertCredit line 68, col 33 to line 69, col 58 of module 7_first_action>
/\ customers = [c1 |-> [assets |-> [credit |-> (25 :> 0 @@ 50 :> 0 @@ 100 :> 0), bank |-> (25 :> 0 @@ 50 :> 0 @@ 100 :> 0), product |-> [saffron_sky |-> 0, desert_white |-> 0, ocean_blue |-> 0]]]]
/\ vending_machines = [v1 |-> [assets |-> [credit |-> (25 :> 1 @@ 50 :> 0 @@ 100 :> 0), bank |-> (25 :> 0 @@ 50 :> 0 @@ 100 :> 0), product |-> [saffron_sky |-> 2, desert_white |-> 2, ocean_blue |-> 2]]]]

@!@!@ENDMSG 2217 @!@!@
@!@!@STARTMSG 2201:0 @!@!@
The coverage statistics at 2022-05-17 08:34:40
@!@!@ENDMSG 2201 @!@!@
@!@!@STARTMSG 2773:0 @!@!@
<Init line 39, col 1 to line 39, col 4 of module 7_first_action>: 1:1
@!@!@ENDMSG 2773 @!@!@
@!@!@STARTMSG 2221:0 @!@!@
  line 40, col 33 to line 61, col 41 of module 7_first_action: 1
@!@!@ENDMSG 2221 @!@!@
@!@!@STARTMSG 2772:0 @!@!@
<InsertCredit line 67, col 1 to line 67, col 50 of module 7_first_action>: 1:4
@!@!@ENDMSG 2772 @!@!@
@!@!@STARTMSG 2221:0 @!@!@
  line 64, col 33 to line 64, col 129 of module 7_first_action: 3
@!@!@ENDMSG 2221 @!@!@
@!@!@STARTMSG 2221:0 @!@!@
  |line 64, col 53 to line 64, col 129 of module 7_first_action: 4
@!@!@ENDMSG 2221 @!@!@
@!@!@STARTMSG 2221:0 @!@!@
  line 68, col 72 to line 68, col 91 of module 7_first_action: 4
@!@!@ENDMSG 2221 @!@!@
@!@!@STARTMSG 2221:0 @!@!@
  line 68, col 94 to line 68, col 97 of module 7_first_action: 4
@!@!@ENDMSG 2221 @!@!@
@!@!@STARTMSG 2221:0 @!@!@
  line 68, col 48 to line 68, col 56 of module 7_first_action: 2
@!@!@ENDMSG 2221 @!@!@
@!@!@STARTMSG 2221:0 @!@!@
  line 69, col 36 to line 69, col 58 of module 7_first_action: 3
@!@!@ENDMSG 2221 @!@!@
@!@!@STARTMSG 2202:0 @!@!@
End of statistics.
@!@!@ENDMSG 2202 @!@!@
@!@!@STARTMSG 2200:0 @!@!@
Progress(2) at 2022-05-17 08:34:40: 2 states generated (59 s/min), 2 distinct states found (59 ds/min), 0 states left on queue.
@!@!@ENDMSG 2200 @!@!@
@!@!@STARTMSG 2199:0 @!@!@
2 states generated, 2 distinct states found, 0 states left on queue.
@!@!@ENDMSG 2199 @!@!@
@!@!@STARTMSG 2194:0 @!@!@
The depth of the complete state graph search is 2.
@!@!@ENDMSG 2194 @!@!@
@!@!@STARTMSG 2186:0 @!@!@
Finished in 2021ms at (2022-05-17 08:34:40)
@!@!@ENDMSG 2186 @!@!@
