@!@!@STARTMSG 2262:0 @!@!@
TLC2 Version 2.16 of 31 December 2020 (rev: cdddf55)
@!@!@ENDMSG 2262 @!@!@
@!@!@STARTMSG 2187:0 @!@!@
Running breadth-first search Model-Checking with fp 21 and seed -987179088695175447 with 5 workers on 10 cores with 2428MB heap and 5460MB offheap memory [pid: 12080] (Mac OS X 10.16 x86_64, AdoptOpenJDK 14.0.1 x86_64, OffHeapDiskFPSet, DiskStateQueue).
@!@!@ENDMSG 2187 @!@!@
@!@!@STARTMSG 2220:0 @!@!@
Starting SANY...
@!@!@ENDMSG 2220 @!@!@
Parsing file /Users/dirk-janswagerman/.tlaplus/tlaplus/protocols/blackchannel_3.toolbox/Model_1/MC.tla
Parsing file /Users/dirk-janswagerman/.tlaplus/tlaplus/protocols/blackchannel_3.toolbox/Model_1/blackchannel_3.tla
Warning: symbols were renamed.
Parsing file /private/var/folders/sy/rhv1w43j3bscfpls8nxgbl1m0000gn/T/AppTranslocation/DF2FA54E-66A9-4AAA-A1A8-1D9C95835450/d/TLA+ Toolbox.app/Contents/Eclipse/plugins/org.lamport.tlatools_1.0.0.202012311918/tla2sany/StandardModules/TLC.tla
Parsing file /private/var/folders/sy/rhv1w43j3bscfpls8nxgbl1m0000gn/T/AppTranslocation/DF2FA54E-66A9-4AAA-A1A8-1D9C95835450/d/TLA+ Toolbox.app/Contents/Eclipse/plugins/org.lamport.tlatools_1.0.0.202012311918/tla2sany/StandardModules/Integers.tla
Parsing file /private/var/folders/sy/rhv1w43j3bscfpls8nxgbl1m0000gn/T/AppTranslocation/DF2FA54E-66A9-4AAA-A1A8-1D9C95835450/d/TLA+ Toolbox.app/Contents/Eclipse/plugins/org.lamport.tlatools_1.0.0.202012311918/tla2sany/StandardModules/Naturals.tla
Parsing file /private/var/folders/sy/rhv1w43j3bscfpls8nxgbl1m0000gn/T/AppTranslocation/DF2FA54E-66A9-4AAA-A1A8-1D9C95835450/d/TLA+ Toolbox.app/Contents/Eclipse/plugins/org.lamport.tlatools_1.0.0.202012311918/tla2sany/StandardModules/Sequences.tla
Parsing file /private/var/folders/sy/rhv1w43j3bscfpls8nxgbl1m0000gn/T/AppTranslocation/DF2FA54E-66A9-4AAA-A1A8-1D9C95835450/d/TLA+ Toolbox.app/Contents/Eclipse/plugins/org.lamport.tlatools_1.0.0.202012311918/tla2sany/StandardModules/FiniteSets.tla
Semantic processing of module Naturals
Semantic processing of module Integers
Semantic processing of module Sequences
Semantic processing of module FiniteSets
Semantic processing of module TLC
Semantic processing of module blackchannel_3
Semantic processing of module MC
@!@!@STARTMSG 2219:0 @!@!@
SANY finished.
@!@!@ENDMSG 2219 @!@!@
@!@!@STARTMSG 2185:0 @!@!@
Starting... (2022-03-06 12:56:40)
@!@!@ENDMSG 2185 @!@!@
@!@!@STARTMSG 2189:0 @!@!@
Computing initial states...
@!@!@ENDMSG 2189 @!@!@
@!@!@STARTMSG 2190:0 @!@!@
Finished computing initial states: 1 distinct state generated at 2022-03-06 12:56:41.
@!@!@ENDMSG 2190 @!@!@
@!@!@STARTMSG 2110:1 @!@!@
Invariant inv_164656779936877000 is violated.
@!@!@ENDMSG 2110 @!@!@
@!@!@STARTMSG 2121:1 @!@!@
The behavior up to this point is:
@!@!@ENDMSG 2121 @!@!@
@!@!@STARTMSG 2217:4 @!@!@
1: <Initial predicate>
/\ receivedMessage_ = [S |-> <<>>]
/\ pc = [S |-> "startSender", R |-> "startReceiver", D |-> "startMessageCorrupter"]
/\ sendMessage = [S |-> <<>>]
/\ receivedMessage = [R |-> <<>>]
/\ randomNumber = [D |-> defaultInitValue]
/\ sendCount = 0
/\ sendQueue = [S |-> <<>>]
/\ acknowledged = [S |-> FALSE]
/\ acknowkledgeChannel = <<>>
/\ receiveCount = 0
/\ message = [content |-> <<>>, counter |-> 0, checksum |-> 0]
/\ messageChannel = <<>>

@!@!@ENDMSG 2217 @!@!@
@!@!@STARTMSG 2217:4 @!@!@
2: <startSender line 151, col 22 to line 163, col 52 of module blackchannel_3>
/\ receivedMessage_ = [S |-> <<>>]
/\ pc = [S |-> "PrepareMessage", R |-> "startReceiver", D |-> "startMessageCorrupter"]
/\ sendMessage = [S |-> <<>>]
/\ receivedMessage = [R |-> <<>>]
/\ randomNumber = [D |-> defaultInitValue]
/\ sendCount = 0
/\ sendQueue = [S |-> <<>>]
/\ acknowledged = [S |-> FALSE]
/\ acknowkledgeChannel = <<>>
/\ receiveCount = 0
/\ message = [content |-> <<>>, counter |-> 0, checksum |-> 0]
/\ messageChannel = <<>>

@!@!@ENDMSG 2217 @!@!@
@!@!@STARTMSG 2217:4 @!@!@
3: <PrepareMessage line 165, col 25 to line 174, col 55 of module blackchannel_3>
/\ receivedMessage_ = [S |-> <<>>]
/\ pc = [S |-> "startSender", R |-> "startReceiver", D |-> "startMessageCorrupter"]
/\ sendMessage = [S |-> <<>>]
/\ receivedMessage = [R |-> <<>>]
/\ randomNumber = [D |-> defaultInitValue]
/\ sendCount = 0
/\ sendQueue = [S |-> <<>>]
/\ acknowledged = [S |-> FALSE]
/\ acknowkledgeChannel = <<>>
/\ receiveCount = 0
/\ message = [content |-> <<"a">>, counter |-> 0, checksum |-> 0]
/\ messageChannel = <<>>

@!@!@ENDMSG 2217 @!@!@
@!@!@STARTMSG 2217:4 @!@!@
4: <startSender line 151, col 22 to line 163, col 52 of module blackchannel_3>
/\ receivedMessage_ = [S |-> <<>>]
/\ pc = [ S |-> "AddMessageToSendQueue",
  R |-> "startReceiver",
  D |-> "startMessageCorrupter" ]
/\ sendMessage = [S |-> <<>>]
/\ receivedMessage = [R |-> <<>>]
/\ randomNumber = [D |-> defaultInitValue]
/\ sendCount = 0
/\ sendQueue = [S |-> <<>>]
/\ acknowledged = [S |-> FALSE]
/\ acknowkledgeChannel = <<>>
/\ receiveCount = 0
/\ message = [content |-> <<"a">>, counter |-> 0, checksum |-> 0]
/\ messageChannel = <<>>

@!@!@ENDMSG 2217 @!@!@
@!@!@STARTMSG 2217:4 @!@!@
5: <AddMessageToSendQueue line 176, col 32 to line 185, col 79 of module blackchannel_3>
/\ receivedMessage_ = [S |-> <<>>]
/\ pc = [S |-> "startSender", R |-> "startReceiver", D |-> "startMessageCorrupter"]
/\ sendMessage = [S |-> <<>>]
/\ receivedMessage = [R |-> <<>>]
/\ randomNumber = [D |-> defaultInitValue]
/\ sendCount = 0
/\ sendQueue = [S |-> <<[content |-> <<"a">>, counter |-> 1, checksum |-> 0]>>]
/\ acknowledged = [S |-> FALSE]
/\ acknowkledgeChannel = <<>>
/\ receiveCount = 0
/\ message = [content |-> <<"a">>, counter |-> 1, checksum |-> 0]
/\ messageChannel = <<>>

@!@!@ENDMSG 2217 @!@!@
@!@!@STARTMSG 2217:4 @!@!@
6: <startSender line 151, col 22 to line 163, col 52 of module blackchannel_3>
/\ receivedMessage_ = [S |-> <<>>]
/\ pc = [S |-> "PickMessage", R |-> "startReceiver", D |-> "startMessageCorrupter"]
/\ sendMessage = [S |-> <<>>]
/\ receivedMessage = [R |-> <<>>]
/\ randomNumber = [D |-> defaultInitValue]
/\ sendCount = 0
/\ sendQueue = [S |-> <<[content |-> <<"a">>, counter |-> 1, checksum |-> 0]>>]
/\ acknowledged = [S |-> FALSE]
/\ acknowkledgeChannel = <<>>
/\ receiveCount = 0
/\ message = [content |-> <<"a">>, counter |-> 1, checksum |-> 0]
/\ messageChannel = <<>>

@!@!@ENDMSG 2217 @!@!@
@!@!@STARTMSG 2217:4 @!@!@
7: <PickMessage line 187, col 22 to line 195, col 69 of module blackchannel_3>
/\ receivedMessage_ = [S |-> <<>>]
/\ pc = [S |-> "startSender", R |-> "startReceiver", D |-> "startMessageCorrupter"]
/\ sendMessage = [S |-> [content |-> <<"a">>, counter |-> 1, checksum |-> 0]]
/\ receivedMessage = [R |-> <<>>]
/\ randomNumber = [D |-> defaultInitValue]
/\ sendCount = 0
/\ sendQueue = [S |-> <<>>]
/\ acknowledged = [S |-> FALSE]
/\ acknowkledgeChannel = <<>>
/\ receiveCount = 0
/\ message = [content |-> <<"a">>, counter |-> 1, checksum |-> 0]
/\ messageChannel = <<>>

@!@!@ENDMSG 2217 @!@!@
@!@!@STARTMSG 2217:4 @!@!@
8: <startSender line 151, col 22 to line 163, col 52 of module blackchannel_3>
/\ receivedMessage_ = [S |-> <<>>]
/\ pc = [S |-> "SendMessage", R |-> "startReceiver", D |-> "startMessageCorrupter"]
/\ sendMessage = [S |-> [content |-> <<"a">>, counter |-> 1, checksum |-> 0]]
/\ receivedMessage = [R |-> <<>>]
/\ randomNumber = [D |-> defaultInitValue]
/\ sendCount = 0
/\ sendQueue = [S |-> <<>>]
/\ acknowledged = [S |-> FALSE]
/\ acknowkledgeChannel = <<>>
/\ receiveCount = 0
/\ message = [content |-> <<"a">>, counter |-> 1, checksum |-> 0]
/\ messageChannel = <<>>

@!@!@ENDMSG 2217 @!@!@
@!@!@STARTMSG 2217:4 @!@!@
9: <SendMessage line 197, col 22 to line 204, col 69 of module blackchannel_3>
/\ receivedMessage_ = [S |-> <<>>]
/\ pc = [S |-> "startSender", R |-> "startReceiver", D |-> "startMessageCorrupter"]
/\ sendMessage = [S |-> [content |-> <<"a">>, counter |-> 1, checksum |-> 0]]
/\ receivedMessage = [R |-> <<>>]
/\ randomNumber = [D |-> defaultInitValue]
/\ sendCount = 0
/\ sendQueue = [S |-> <<>>]
/\ acknowledged = [S |-> FALSE]
/\ acknowkledgeChannel = <<>>
/\ receiveCount = 0
/\ message = [content |-> <<"a">>, counter |-> 1, checksum |-> 0]
/\ messageChannel = <<[content |-> <<"a">>, counter |-> 1, checksum |-> 0]>>

@!@!@ENDMSG 2217 @!@!@
@!@!@STARTMSG 2217:4 @!@!@
10: <startSender line 151, col 22 to line 163, col 52 of module blackchannel_3>
/\ receivedMessage_ = [S |-> <<>>]
/\ pc = [S |-> "SendMessage", R |-> "startReceiver", D |-> "startMessageCorrupter"]
/\ sendMessage = [S |-> [content |-> <<"a">>, counter |-> 1, checksum |-> 0]]
/\ receivedMessage = [R |-> <<>>]
/\ randomNumber = [D |-> defaultInitValue]
/\ sendCount = 0
/\ sendQueue = [S |-> <<>>]
/\ acknowledged = [S |-> FALSE]
/\ acknowkledgeChannel = <<>>
/\ receiveCount = 0
/\ message = [content |-> <<"a">>, counter |-> 1, checksum |-> 0]
/\ messageChannel = <<[content |-> <<"a">>, counter |-> 1, checksum |-> 0]>>

@!@!@ENDMSG 2217 @!@!@
@!@!@STARTMSG 2217:4 @!@!@
11: <SendMessage line 197, col 22 to line 204, col 69 of module blackchannel_3>
/\ receivedMessage_ = [S |-> <<>>]
/\ pc = [S |-> "startSender", R |-> "startReceiver", D |-> "startMessageCorrupter"]
/\ sendMessage = [S |-> [content |-> <<"a">>, counter |-> 1, checksum |-> 0]]
/\ receivedMessage = [R |-> <<>>]
/\ randomNumber = [D |-> defaultInitValue]
/\ sendCount = 0
/\ sendQueue = [S |-> <<>>]
/\ acknowledged = [S |-> FALSE]
/\ acknowkledgeChannel = <<>>
/\ receiveCount = 0
/\ message = [content |-> <<"a">>, counter |-> 1, checksum |-> 0]
/\ messageChannel = << [content |-> <<"a">>, counter |-> 1, checksum |-> 0],
   [content |-> <<"a">>, counter |-> 1, checksum |-> 0] >>

@!@!@ENDMSG 2217 @!@!@
@!@!@STARTMSG 2217:4 @!@!@
12: <startSender line 151, col 22 to line 163, col 52 of module blackchannel_3>
/\ receivedMessage_ = [S |-> <<>>]
/\ pc = [S |-> "SendMessage", R |-> "startReceiver", D |-> "startMessageCorrupter"]
/\ sendMessage = [S |-> [content |-> <<"a">>, counter |-> 1, checksum |-> 0]]
/\ receivedMessage = [R |-> <<>>]
/\ randomNumber = [D |-> defaultInitValue]
/\ sendCount = 0
/\ sendQueue = [S |-> <<>>]
/\ acknowledged = [S |-> FALSE]
/\ acknowkledgeChannel = <<>>
/\ receiveCount = 0
/\ message = [content |-> <<"a">>, counter |-> 1, checksum |-> 0]
/\ messageChannel = << [content |-> <<"a">>, counter |-> 1, checksum |-> 0],
   [content |-> <<"a">>, counter |-> 1, checksum |-> 0] >>

@!@!@ENDMSG 2217 @!@!@
@!@!@STARTMSG 2217:4 @!@!@
13: <SendMessage line 197, col 22 to line 204, col 69 of module blackchannel_3>
/\ receivedMessage_ = [S |-> <<>>]
/\ pc = [S |-> "startSender", R |-> "startReceiver", D |-> "startMessageCorrupter"]
/\ sendMessage = [S |-> [content |-> <<"a">>, counter |-> 1, checksum |-> 0]]
/\ receivedMessage = [R |-> <<>>]
/\ randomNumber = [D |-> defaultInitValue]
/\ sendCount = 0
/\ sendQueue = [S |-> <<>>]
/\ acknowledged = [S |-> FALSE]
/\ acknowkledgeChannel = <<>>
/\ receiveCount = 0
/\ message = [content |-> <<"a">>, counter |-> 1, checksum |-> 0]
/\ messageChannel = << [content |-> <<"a">>, counter |-> 1, checksum |-> 0],
   [content |-> <<"a">>, counter |-> 1, checksum |-> 0],
   [content |-> <<"a">>, counter |-> 1, checksum |-> 0] >>

@!@!@ENDMSG 2217 @!@!@
@!@!@STARTMSG 2217:4 @!@!@
14: <startSender line 151, col 22 to line 163, col 52 of module blackchannel_3>
/\ receivedMessage_ = [S |-> <<>>]
/\ pc = [S |-> "SendMessage", R |-> "startReceiver", D |-> "startMessageCorrupter"]
/\ sendMessage = [S |-> [content |-> <<"a">>, counter |-> 1, checksum |-> 0]]
/\ receivedMessage = [R |-> <<>>]
/\ randomNumber = [D |-> defaultInitValue]
/\ sendCount = 0
/\ sendQueue = [S |-> <<>>]
/\ acknowledged = [S |-> FALSE]
/\ acknowkledgeChannel = <<>>
/\ receiveCount = 0
/\ message = [content |-> <<"a">>, counter |-> 1, checksum |-> 0]
/\ messageChannel = << [content |-> <<"a">>, counter |-> 1, checksum |-> 0],
   [content |-> <<"a">>, counter |-> 1, checksum |-> 0],
   [content |-> <<"a">>, counter |-> 1, checksum |-> 0] >>

@!@!@ENDMSG 2217 @!@!@
@!@!@STARTMSG 2217:4 @!@!@
15: <SendMessage line 197, col 22 to line 204, col 69 of module blackchannel_3>
/\ receivedMessage_ = [S |-> <<>>]
/\ pc = [S |-> "startSender", R |-> "startReceiver", D |-> "startMessageCorrupter"]
/\ sendMessage = [S |-> [content |-> <<"a">>, counter |-> 1, checksum |-> 0]]
/\ receivedMessage = [R |-> <<>>]
/\ randomNumber = [D |-> defaultInitValue]
/\ sendCount = 0
/\ sendQueue = [S |-> <<>>]
/\ acknowledged = [S |-> FALSE]
/\ acknowkledgeChannel = <<>>
/\ receiveCount = 0
/\ message = [content |-> <<"a">>, counter |-> 1, checksum |-> 0]
/\ messageChannel = << [content |-> <<"a">>, counter |-> 1, checksum |-> 0],
   [content |-> <<"a">>, counter |-> 1, checksum |-> 0],
   [content |-> <<"a">>, counter |-> 1, checksum |-> 0],
   [content |-> <<"a">>, counter |-> 1, checksum |-> 0] >>

@!@!@ENDMSG 2217 @!@!@
@!@!@STARTMSG 2201:0 @!@!@
The coverage statistics at 2022-03-06 12:56:42
@!@!@ENDMSG 2201 @!@!@
@!@!@STARTMSG 2773:0 @!@!@
<Init line 132, col 1 to line 132, col 4 of module blackchannel_3>: 2:2
@!@!@ENDMSG 2773 @!@!@
@!@!@STARTMSG 2221:0 @!@!@
  line 133, col 9 to line 149, col 85 of module blackchannel_3: 2
@!@!@ENDMSG 2221 @!@!@
@!@!@STARTMSG 2772:0 @!@!@
<startSender line 151, col 1 to line 151, col 17 of module blackchannel_3>: 14826:25566
@!@!@ENDMSG 2772 @!@!@
@!@!@STARTMSG 2221:0 @!@!@
  line 151, col 25 to line 151, col 48 of module blackchannel_3: 19266
@!@!@ENDMSG 2221 @!@!@
@!@!@STARTMSG 2221:0 @!@!@
  |line 151, col 25 to line 151, col 32 of module blackchannel_3: 15005
@!@!@ENDMSG 2221 @!@!@
@!@!@STARTMSG 2221:0 @!@!@
  line 152, col 25 to line 158, col 71 of module blackchannel_3: 4261
@!@!@ENDMSG 2221 @!@!@
@!@!@STARTMSG 2221:0 @!@!@
  line 159, col 25 to line 163, col 52 of module blackchannel_3: 25566
@!@!@ENDMSG 2221 @!@!@
@!@!@STARTMSG 2772:0 @!@!@
<PrepareMessage line 165, col 1 to line 165, col 20 of module blackchannel_3>: 2784:4036
@!@!@ENDMSG 2772 @!@!@
@!@!@STARTMSG 2221:0 @!@!@
  line 165, col 28 to line 165, col 54 of module blackchannel_3: 17016
@!@!@ENDMSG 2221 @!@!@
@!@!@STARTMSG 2221:0 @!@!@
  |line 165, col 28 to line 165, col 35 of module blackchannel_3: 14998
@!@!@ENDMSG 2221 @!@!@
@!@!@STARTMSG 2221:0 @!@!@
  line 166, col 28 to line 166, col 51 of module blackchannel_3: 4166
@!@!@ENDMSG 2221 @!@!@
@!@!@STARTMSG 2221:0 @!@!@
  |line 166, col 28 to line 166, col 47 of module blackchannel_3: 2148
@!@!@ENDMSG 2221 @!@!@
@!@!@STARTMSG 2221:0 @!@!@
  line 168, col 30 to line 168, col 96 of module blackchannel_3: 4036
@!@!@ENDMSG 2221 @!@!@
@!@!@STARTMSG 2221:0 @!@!@
  line 167, col 37 to line 167, col 39 of module blackchannel_3: 2018
@!@!@ENDMSG 2221 @!@!@
@!@!@STARTMSG 2221:0 @!@!@
  line 169, col 28 to line 169, col 68 of module blackchannel_3: 4036
@!@!@ENDMSG 2221 @!@!@
@!@!@STARTMSG 2221:0 @!@!@
  line 170, col 28 to line 174, col 55 of module blackchannel_3: 4036
@!@!@ENDMSG 2221 @!@!@
@!@!@STARTMSG 2772:0 @!@!@
<AddMessageToSendQueue line 176, col 1 to line 176, col 27 of module blackchannel_3>: 1464:2114
@!@!@ENDMSG 2772 @!@!@
@!@!@STARTMSG 2221:0 @!@!@
  line 176, col 35 to line 176, col 68 of module blackchannel_3: 17111
@!@!@ENDMSG 2221 @!@!@
@!@!@STARTMSG 2221:0 @!@!@
  |line 176, col 35 to line 176, col 42 of module blackchannel_3: 14997
@!@!@ENDMSG 2221 @!@!@
@!@!@STARTMSG 2221:0 @!@!@
  line 177, col 35 to line 177, col 58 of module blackchannel_3: 2114
@!@!@ENDMSG 2221 @!@!@
@!@!@STARTMSG 2221:0 @!@!@
  |line 177, col 35 to line 177, col 54 of module blackchannel_3: 2149
@!@!@ENDMSG 2221 @!@!@
@!@!@STARTMSG 2221:0 @!@!@
  line 177, col 63 to line 177, col 99 of module blackchannel_3: 2114
@!@!@ENDMSG 2221 @!@!@
@!@!@STARTMSG 2221:0 @!@!@
  |line 177, col 63 to line 177, col 82 of module blackchannel_3: 2145
@!@!@ENDMSG 2221 @!@!@
@!@!@STARTMSG 2221:0 @!@!@
  |line 177, col 86 to line 177, col 99 of module blackchannel_3: 2145
@!@!@ENDMSG 2221 @!@!@
@!@!@STARTMSG 2221:0 @!@!@
  line 178, col 35 to line 178, col 93 of module blackchannel_3: 2114
@!@!@ENDMSG 2221 @!@!@
@!@!@STARTMSG 2221:0 @!@!@
  line 179, col 35 to line 179, col 109 of module blackchannel_3: 2114
@!@!@ENDMSG 2221 @!@!@
@!@!@STARTMSG 2221:0 @!@!@
  line 180, col 35 to line 180, col 75 of module blackchannel_3: 2114
@!@!@ENDMSG 2221 @!@!@
@!@!@STARTMSG 2221:0 @!@!@
  line 181, col 35 to line 185, col 79 of module blackchannel_3: 2114
@!@!@ENDMSG 2221 @!@!@
@!@!@STARTMSG 2772:0 @!@!@
<PickMessage line 187, col 1 to line 187, col 17 of module blackchannel_3>: 741:1438
@!@!@ENDMSG 2772 @!@!@
@!@!@STARTMSG 2221:0 @!@!@
  line 187, col 25 to line 187, col 48 of module blackchannel_3: 16434
@!@!@ENDMSG 2221 @!@!@
@!@!@STARTMSG 2221:0 @!@!@
  |line 187, col 25 to line 187, col 32 of module blackchannel_3: 14996
@!@!@ENDMSG 2221 @!@!@
@!@!@STARTMSG 2221:0 @!@!@
  line 188, col 25 to line 188, col 49 of module blackchannel_3: 1438
@!@!@ENDMSG 2221 @!@!@
@!@!@STARTMSG 2221:0 @!@!@
  |line 188, col 25 to line 188, col 45 of module blackchannel_3: 2150
@!@!@ENDMSG 2221 @!@!@
@!@!@STARTMSG 2221:0 @!@!@
  line 188, col 54 to line 188, col 90 of module blackchannel_3: 1438
@!@!@ENDMSG 2221 @!@!@
@!@!@STARTMSG 2221:0 @!@!@
  line 189, col 25 to line 189, col 92 of module blackchannel_3: 1438
@!@!@ENDMSG 2221 @!@!@
@!@!@STARTMSG 2221:0 @!@!@
  line 190, col 25 to line 190, col 88 of module blackchannel_3: 1438
@!@!@ENDMSG 2221 @!@!@
@!@!@STARTMSG 2221:0 @!@!@
  line 191, col 25 to line 191, col 65 of module blackchannel_3: 1438
@!@!@ENDMSG 2221 @!@!@
@!@!@STARTMSG 2221:0 @!@!@
  line 192, col 25 to line 195, col 69 of module blackchannel_3: 1438
@!@!@ENDMSG 2221 @!@!@
@!@!@STARTMSG 2772:0 @!@!@
<SendMessage line 197, col 1 to line 197, col 17 of module blackchannel_3>: 497:569
@!@!@ENDMSG 2772 @!@!@
@!@!@STARTMSG 2221:0 @!@!@
  line 197, col 25 to line 197, col 48 of module blackchannel_3: 15563
@!@!@ENDMSG 2221 @!@!@
@!@!@STARTMSG 2221:0 @!@!@
  |line 197, col 25 to line 197, col 32 of module blackchannel_3: 14995
@!@!@ENDMSG 2221 @!@!@
@!@!@STARTMSG 2221:0 @!@!@
  line 198, col 25 to line 198, col 48 of module blackchannel_3: 2719
@!@!@ENDMSG 2221 @!@!@
@!@!@STARTMSG 2221:0 @!@!@
  |line 198, col 25 to line 198, col 41 of module blackchannel_3: 2151
@!@!@ENDMSG 2221 @!@!@
@!@!@STARTMSG 2221:0 @!@!@
  |line 198, col 45 to line 198, col 48 of module blackchannel_3: 2151
@!@!@ENDMSG 2221 @!@!@
@!@!@STARTMSG 2221:0 @!@!@
  line 198, col 53 to line 198, col 80 of module blackchannel_3: 1137
@!@!@ENDMSG 2221 @!@!@
@!@!@STARTMSG 2221:0 @!@!@
  |line 198, col 53 to line 198, col 76 of module blackchannel_3: 569
@!@!@ENDMSG 2221 @!@!@
@!@!@STARTMSG 2221:0 @!@!@
  line 198, col 86 to line 198, col 111 of module blackchannel_3: 1137
@!@!@ENDMSG 2221 @!@!@
@!@!@STARTMSG 2221:0 @!@!@
  |line 198, col 86 to line 198, col 103 of module blackchannel_3: 569
@!@!@ENDMSG 2221 @!@!@
@!@!@STARTMSG 2221:0 @!@!@
  |line 198, col 107 to line 198, col 111 of module blackchannel_3: 569
@!@!@ENDMSG 2221 @!@!@
@!@!@STARTMSG 2221:0 @!@!@
  line 199, col 25 to line 199, col 84 of module blackchannel_3: 568
@!@!@ENDMSG 2221 @!@!@
@!@!@STARTMSG 2221:0 @!@!@
  |line 199, col 43 to line 199, col 84 of module blackchannel_3: 569
@!@!@ENDMSG 2221 @!@!@
@!@!@STARTMSG 2221:0 @!@!@
  line 200, col 25 to line 200, col 65 of module blackchannel_3: 568
@!@!@ENDMSG 2221 @!@!@
@!@!@STARTMSG 2221:0 @!@!@
  |line 200, col 31 to line 200, col 65 of module blackchannel_3: 569
@!@!@ENDMSG 2221 @!@!@
@!@!@STARTMSG 2221:0 @!@!@
  line 201, col 25 to line 204, col 69 of module blackchannel_3: 568
@!@!@ENDMSG 2221 @!@!@
@!@!@STARTMSG 2772:0 @!@!@
<ReceiveAcknowledgement line 206, col 1 to line 206, col 28 of module blackchannel_3>: 0:0
@!@!@ENDMSG 2772 @!@!@
@!@!@STARTMSG 2221:0 @!@!@
  line 206, col 36 to line 206, col 70 of module blackchannel_3: 14990
@!@!@ENDMSG 2221 @!@!@
@!@!@STARTMSG 2221:0 @!@!@
  line 207, col 36 to line 207, col 64 of module blackchannel_3: 2146
@!@!@ENDMSG 2221 @!@!@
@!@!@STARTMSG 2221:0 @!@!@
  line 208, col 36 to line 208, col 117 of module blackchannel_3: 0
@!@!@ENDMSG 2221 @!@!@
@!@!@STARTMSG 2221:0 @!@!@
  line 209, col 36 to line 209, col 84 of module blackchannel_3: 0
@!@!@ENDMSG 2221 @!@!@
@!@!@STARTMSG 2221:0 @!@!@
  line 210, col 36 to line 210, col 144 of module blackchannel_3: 0
@!@!@ENDMSG 2221 @!@!@
@!@!@STARTMSG 2221:0 @!@!@
  line 212, col 47 to line 212, col 96 of module blackchannel_3: 0
@!@!@ENDMSG 2221 @!@!@
@!@!@STARTMSG 2221:0 @!@!@
  line 214, col 47 to line 214, col 67 of module blackchannel_3: 0
@!@!@ENDMSG 2221 @!@!@
@!@!@STARTMSG 2221:0 @!@!@
  line 215, col 36 to line 215, col 76 of module blackchannel_3: 0
@!@!@ENDMSG 2221 @!@!@
@!@!@STARTMSG 2221:0 @!@!@
  line 216, col 36 to line 219, col 63 of module blackchannel_3: 0
@!@!@ENDMSG 2221 @!@!@
@!@!@STARTMSG 2772:0 @!@!@
<startReceiver line 225, col 1 to line 225, col 19 of module blackchannel_3>: 706:15950
@!@!@ENDMSG 2772 @!@!@
@!@!@STARTMSG 2221:0 @!@!@
  line 225, col 27 to line 225, col 52 of module blackchannel_3: 29980
@!@!@ENDMSG 2221 @!@!@
@!@!@STARTMSG 2221:0 @!@!@
  |line 225, col 27 to line 225, col 34 of module blackchannel_3: 14990
@!@!@ENDMSG 2221 @!@!@
@!@!@STARTMSG 2221:0 @!@!@
  line 226, col 33 to line 226, col 55 of module blackchannel_3: 960
@!@!@ENDMSG 2221 @!@!@
@!@!@STARTMSG 2221:0 @!@!@
  |line 226, col 33 to line 226, col 51 of module blackchannel_3: 14990
@!@!@ENDMSG 2221 @!@!@
@!@!@STARTMSG 2221:0 @!@!@
  line 227, col 33 to line 227, col 107 of module blackchannel_3: 960
@!@!@ENDMSG 2221 @!@!@
@!@!@STARTMSG 2221:0 @!@!@
  line 228, col 33 to line 228, col 71 of module blackchannel_3: 960
@!@!@ENDMSG 2221 @!@!@
@!@!@STARTMSG 2221:0 @!@!@
  line 229, col 33 to line 229, col 36 of module blackchannel_3: 14990
@!@!@ENDMSG 2221 @!@!@
@!@!@STARTMSG 2221:0 @!@!@
  line 230, col 33 to line 230, col 77 of module blackchannel_3: 14990
@!@!@ENDMSG 2221 @!@!@
@!@!@STARTMSG 2221:0 @!@!@
  line 231, col 27 to line 231, col 69 of module blackchannel_3: 15950
@!@!@ENDMSG 2221 @!@!@
@!@!@STARTMSG 2221:0 @!@!@
  line 232, col 27 to line 235, col 54 of module blackchannel_3: 15950
@!@!@ENDMSG 2221 @!@!@
@!@!@STARTMSG 2772:0 @!@!@
<startMessageCorrupter line 239, col 1 to line 239, col 27 of module blackchannel_3>: 7146:18774
@!@!@ENDMSG 2772 @!@!@
@!@!@STARTMSG 2221:0 @!@!@
  line 239, col 35 to line 239, col 68 of module blackchannel_3: 21248
@!@!@ENDMSG 2221 @!@!@
@!@!@STARTMSG 2221:0 @!@!@
  |line 239, col 35 to line 239, col 42 of module blackchannel_3: 14990
@!@!@ENDMSG 2221 @!@!@
@!@!@STARTMSG 2221:0 @!@!@
  line 240, col 35 to line 242, col 88 of module blackchannel_3: 6258
@!@!@ENDMSG 2221 @!@!@
@!@!@STARTMSG 2221:0 @!@!@
  line 243, col 35 to line 248, col 79 of module blackchannel_3: 18774
@!@!@ENDMSG 2221 @!@!@
@!@!@STARTMSG 2772:0 @!@!@
<RemoveMessage line 250, col 1 to line 250, col 19 of module blackchannel_3>: 0:2912
@!@!@ENDMSG 2772 @!@!@
@!@!@STARTMSG 2221:0 @!@!@
  line 250, col 27 to line 250, col 52 of module blackchannel_3: 17902
@!@!@ENDMSG 2221 @!@!@
@!@!@STARTMSG 2221:0 @!@!@
  |line 250, col 27 to line 250, col 34 of module blackchannel_3: 14990
@!@!@ENDMSG 2221 @!@!@
@!@!@STARTMSG 2221:0 @!@!@
  line 251, col 27 to line 251, col 30 of module blackchannel_3: 2912
@!@!@ENDMSG 2221 @!@!@
@!@!@STARTMSG 2221:0 @!@!@
  line 252, col 27 to line 252, col 77 of module blackchannel_3: 2912
@!@!@ENDMSG 2221 @!@!@
@!@!@STARTMSG 2221:0 @!@!@
  line 253, col 27 to line 257, col 71 of module blackchannel_3: 2912
@!@!@ENDMSG 2221 @!@!@
@!@!@STARTMSG 2772:0 @!@!@
<CorruptMessage line 259, col 1 to line 259, col 20 of module blackchannel_3>: 0:2911
@!@!@ENDMSG 2772 @!@!@
@!@!@STARTMSG 2221:0 @!@!@
  line 259, col 28 to line 259, col 54 of module blackchannel_3: 17901
@!@!@ENDMSG 2221 @!@!@
@!@!@STARTMSG 2221:0 @!@!@
  |line 259, col 28 to line 259, col 35 of module blackchannel_3: 14990
@!@!@ENDMSG 2221 @!@!@
@!@!@STARTMSG 2221:0 @!@!@
  line 260, col 28 to line 260, col 31 of module blackchannel_3: 2911
@!@!@ENDMSG 2221 @!@!@
@!@!@STARTMSG 2221:0 @!@!@
  line 261, col 28 to line 261, col 78 of module blackchannel_3: 2911
@!@!@ENDMSG 2221 @!@!@
@!@!@STARTMSG 2221:0 @!@!@
  line 262, col 28 to line 266, col 72 of module blackchannel_3: 2911
@!@!@ENDMSG 2221 @!@!@
@!@!@STARTMSG 2772:0 @!@!@
<ChangeMessageOrder line 268, col 1 to line 268, col 24 of module blackchannel_3>: 0:2909
@!@!@ENDMSG 2772 @!@!@
@!@!@STARTMSG 2221:0 @!@!@
  line 268, col 32 to line 268, col 62 of module blackchannel_3: 17899
@!@!@ENDMSG 2221 @!@!@
@!@!@STARTMSG 2221:0 @!@!@
  |line 268, col 32 to line 268, col 39 of module blackchannel_3: 14990
@!@!@ENDMSG 2221 @!@!@
@!@!@STARTMSG 2221:0 @!@!@
  line 269, col 32 to line 269, col 35 of module blackchannel_3: 2909
@!@!@ENDMSG 2221 @!@!@
@!@!@STARTMSG 2221:0 @!@!@
  line 270, col 32 to line 270, col 82 of module blackchannel_3: 2909
@!@!@ENDMSG 2221 @!@!@
@!@!@STARTMSG 2221:0 @!@!@
  line 271, col 32 to line 276, col 59 of module blackchannel_3: 2909
@!@!@ENDMSG 2221 @!@!@
@!@!@STARTMSG 2774:0 @!@!@
<inv_164656779936877000 line 15, col 1 to line 15, col 22 of module MC>
@!@!@ENDMSG 2774 @!@!@
@!@!@STARTMSG 2221:0 @!@!@
  line 16, col 1 to line 16, col 24 of module MC: 28165
@!@!@ENDMSG 2221 @!@!@
@!@!@STARTMSG 2774:0 @!@!@
<inv_164656779936878000 line 19, col 1 to line 19, col 22 of module MC>
@!@!@ENDMSG 2774 @!@!@
@!@!@STARTMSG 2221:0 @!@!@
  line 20, col 1 to line 20, col 28 of module MC: 28164
@!@!@ENDMSG 2221 @!@!@
@!@!@STARTMSG 2202:0 @!@!@
End of statistics.
@!@!@ENDMSG 2202 @!@!@
@!@!@STARTMSG 2200:0 @!@!@
Progress(16) at 2022-03-06 12:56:42: 77.130 states generated (1.576.763 s/min), 28.165 distinct states found (575.775 ds/min), 13.173 states left on queue.
@!@!@ENDMSG 2200 @!@!@
@!@!@STARTMSG 2199:0 @!@!@
77130 states generated, 28165 distinct states found, 13173 states left on queue.
@!@!@ENDMSG 2199 @!@!@
@!@!@STARTMSG 2194:0 @!@!@
The depth of the complete state graph search is 16.
@!@!@ENDMSG 2194 @!@!@
@!@!@STARTMSG 2268:0 @!@!@
The average outdegree of the complete state graph is 2 (minimum is 0, the maximum 9 and the 95th percentile is 5).
@!@!@ENDMSG 2268 @!@!@
@!@!@STARTMSG 2186:0 @!@!@
Finished in 2953ms at (2022-03-06 12:56:42)
@!@!@ENDMSG 2186 @!@!@
