@!@!@STARTMSG 2262:0 @!@!@
TLC2 Version 2.16 of 31 December 2020 (rev: cdddf55)
@!@!@ENDMSG 2262 @!@!@
@!@!@STARTMSG 2187:0 @!@!@
Running breadth-first search Model-Checking with fp 71 and seed -6200537261278108241 with 5 workers on 10 cores with 2428MB heap and 5460MB offheap memory [pid: 1267] (Mac OS X 10.16 x86_64, AdoptOpenJDK 14.0.1 x86_64, OffHeapDiskFPSet, DiskStateQueue).
@!@!@ENDMSG 2187 @!@!@
@!@!@STARTMSG 2220:0 @!@!@
Starting SANY...
@!@!@ENDMSG 2220 @!@!@
Parsing file /Users/dirk-janswagerman/Projects/TLA+/tlaplus/11_deliver_product_no_checks.toolbox/Model_1/MC.tla
Parsing file /Users/dirk-janswagerman/Projects/TLA+/tlaplus/11_deliver_product_no_checks.toolbox/Model_1/11_deliver_product_no_checks.tla
Parsing file /private/var/folders/sy/rhv1w43j3bscfpls8nxgbl1m0000gn/T/AppTranslocation/0289B094-3A8E-4919-B936-A54271B0D606/d/TLA+ Toolbox.app/Contents/Eclipse/plugins/org.lamport.tlatools_1.0.0.202012311918/tla2sany/StandardModules/TLC.tla
Parsing file /private/var/folders/sy/rhv1w43j3bscfpls8nxgbl1m0000gn/T/AppTranslocation/0289B094-3A8E-4919-B936-A54271B0D606/d/TLA+ Toolbox.app/Contents/Eclipse/plugins/org.lamport.tlatools_1.0.0.202012311918/tla2sany/StandardModules/Naturals.tla
Parsing file /private/var/folders/sy/rhv1w43j3bscfpls8nxgbl1m0000gn/T/AppTranslocation/0289B094-3A8E-4919-B936-A54271B0D606/d/TLA+ Toolbox.app/Contents/Eclipse/plugins/org.lamport.tlatools_1.0.0.202012311918/tla2sany/StandardModules/Sequences.tla
Parsing file /private/var/folders/sy/rhv1w43j3bscfpls8nxgbl1m0000gn/T/AppTranslocation/0289B094-3A8E-4919-B936-A54271B0D606/d/TLA+ Toolbox.app/Contents/Eclipse/plugins/org.lamport.tlatools_1.0.0.202012311918/tla2sany/StandardModules/FiniteSets.tla
Semantic processing of module Naturals
Semantic processing of module Sequences
Semantic processing of module FiniteSets
Semantic processing of module TLC
Semantic processing of module 11_deliver_product_no_checks
Semantic processing of module MC
@!@!@STARTMSG 2219:0 @!@!@
SANY finished.
@!@!@ENDMSG 2219 @!@!@
@!@!@STARTMSG 2185:0 @!@!@
Starting... (2022-05-17 14:46:40)
@!@!@ENDMSG 2185 @!@!@
@!@!@STARTMSG 2189:0 @!@!@
Computing initial states...
@!@!@ENDMSG 2189 @!@!@
@!@!@STARTMSG 2190:0 @!@!@
Finished computing initial states: 1 distinct state generated at 2022-05-17 14:46:41.
@!@!@ENDMSG 2190 @!@!@
@!@!@STARTMSG 1000:1 @!@!@
TLC threw an unexpected exception.
This was probably caused by an error in the spec or model.
See the User Output or TLC Console for clues to what happened.
The exception was a java.lang.RuntimeException
: Attempted to compute the value of an expression of form
CHOOSE x \in S: P, but no element of S satisfied P.
line 106, col 69 to line 109, col 168 of module 11_deliver_product_no_checks
@!@!@ENDMSG 1000 @!@!@
@!@!@STARTMSG 2121:1 @!@!@
The behavior up to this point is:
@!@!@ENDMSG 2121 @!@!@
@!@!@STARTMSG 2217:4 @!@!@
1: <Initial predicate>
/\ state = "operational"
/\ selected_product = ""
/\ customers = [c1 |-> [assets |-> [credit |-> (25 :> 2 @@ 50 :> 2 @@ 100 :> 2), bank |-> (25 :> 0 @@ 50 :> 0 @@ 100 :> 0), product |-> [saffron_sky |-> 0, desert_white |-> 0, ocean_blue |-> 0]]]]
/\ vending_machines = [v1 |-> [assets |-> [credit |-> (25 :> 0 @@ 50 :> 0 @@ 100 :> 0), bank |-> (25 :> 0 @@ 50 :> 0 @@ 100 :> 0), product |-> [saffron_sky |-> 2, desert_white |-> 2, ocean_blue |-> 2]]]]

@!@!@ENDMSG 2217 @!@!@
@!@!@STARTMSG 2217:4 @!@!@
2: <SelectProduct line 98, col 37 to line 99, col 87 of module 11_deliver_product_no_checks>
/\ state = "operational"
/\ selected_product = "saffron_sky"
/\ customers = [c1 |-> [assets |-> [credit |-> (25 :> 2 @@ 50 :> 2 @@ 100 :> 2), bank |-> (25 :> 0 @@ 50 :> 0 @@ 100 :> 0), product |-> [saffron_sky |-> 0, desert_white |-> 0, ocean_blue |-> 0]]]]
/\ vending_machines = [v1 |-> [assets |-> [credit |-> (25 :> 0 @@ 50 :> 0 @@ 100 :> 0), bank |-> (25 :> 0 @@ 50 :> 0 @@ 100 :> 0), product |-> [saffron_sky |-> 2, desert_white |-> 2, ocean_blue |-> 2]]]]

@!@!@ENDMSG 2217 @!@!@
@!@!@STARTMSG 2103:1 @!@!@
The error occurred when TLC was evaluating the nested
expressions at the following positions:
0. Line 130, column 36 to line 130, column 105 in 11_deliver_product_no_checks
1. Line 102, column 33 to line 124, column 54 in 11_deliver_product_no_checks
2. Line 102, column 36 to line 102, column 47 in 11_deliver_product_no_checks
3. Line 103, column 36 to line 119, column 57 in 11_deliver_product_no_checks
4. Line 103, column 57 to line 119, column 57 in 11_deliver_product_no_checks
5. Line 103, column 58 to line 116, column 57 in 11_deliver_product_no_checks
6. Line 103, column 59 to line 111, column 57 in 11_deliver_product_no_checks
7. Line 106, column 69 to line 109, column 168 in 11_deliver_product_no_checks


@!@!@ENDMSG 2103 @!@!@
@!@!@STARTMSG 2201:0 @!@!@
The coverage statistics at 2022-05-17 14:46:42
@!@!@ENDMSG 2201 @!@!@
@!@!@STARTMSG 2773:0 @!@!@
<Init line 71, col 1 to line 71, col 4 of module 11_deliver_product_no_checks>: 2:2
@!@!@ENDMSG 2773 @!@!@
@!@!@STARTMSG 2221:0 @!@!@
  line 72, col 33 to line 95, col 56 of module 11_deliver_product_no_checks: 2
@!@!@ENDMSG 2221 @!@!@
@!@!@STARTMSG 2772:0 @!@!@
<InsertCredit line 53, col 1 to line 53, col 50 of module 11_deliver_product_no_checks>: 21:320
@!@!@ENDMSG 2772 @!@!@
@!@!@STARTMSG 2221:0 @!@!@
  line 54, col 36 to line 54, col 57 of module 11_deliver_product_no_checks: 262
@!@!@ENDMSG 2221 @!@!@
@!@!@STARTMSG 2221:0 @!@!@
  |line 54, col 36 to line 54, col 40 of module 11_deliver_product_no_checks: 140
@!@!@ENDMSG 2221 @!@!@
@!@!@STARTMSG 2221:0 @!@!@
  line 47, col 36 to line 47, col 85 of module 11_deliver_product_no_checks: 320
@!@!@ENDMSG 2221 @!@!@
@!@!@STARTMSG 2221:0 @!@!@
  |line 47, col 36 to line 47, col 81 of module 11_deliver_product_no_checks: 366
@!@!@ENDMSG 2221 @!@!@
@!@!@STARTMSG 2221:0 @!@!@
  line 48, col 36 to line 48, col 98 of module 11_deliver_product_no_checks: 320
@!@!@ENDMSG 2221 @!@!@
@!@!@STARTMSG 2221:0 @!@!@
  line 49, col 36 to line 49, col 120 of module 11_deliver_product_no_checks: 320
@!@!@ENDMSG 2221 @!@!@
@!@!@STARTMSG 2221:0 @!@!@
  line 50, col 36 to line 50, col 120 of module 11_deliver_product_no_checks: 320
@!@!@ENDMSG 2221 @!@!@
@!@!@STARTMSG 2221:0 @!@!@
  line 55, col 74 to line 55, col 82 of module 11_deliver_product_no_checks: 366
@!@!@ENDMSG 2221 @!@!@
@!@!@STARTMSG 2221:0 @!@!@
  line 55, col 85 to line 55, col 100 of module 11_deliver_product_no_checks: 320
@!@!@ENDMSG 2221 @!@!@
@!@!@STARTMSG 2221:0 @!@!@
  line 55, col 103 to line 55, col 115 of module 11_deliver_product_no_checks: 366
@!@!@ENDMSG 2221 @!@!@
@!@!@STARTMSG 2221:0 @!@!@
  line 55, col 118 to line 55, col 137 of module 11_deliver_product_no_checks: 320
@!@!@ENDMSG 2221 @!@!@
@!@!@STARTMSG 2221:0 @!@!@
  line 55, col 140 to line 55, col 143 of module 11_deliver_product_no_checks: 366
@!@!@ENDMSG 2221 @!@!@
@!@!@STARTMSG 2221:0 @!@!@
  line 55, col 48 to line 55, col 56 of module 11_deliver_product_no_checks: 122
@!@!@ENDMSG 2221 @!@!@
@!@!@STARTMSG 2221:0 @!@!@
  line 56, col 36 to line 56, col 72 of module 11_deliver_product_no_checks: 320
@!@!@ENDMSG 2221 @!@!@
@!@!@STARTMSG 2772:0 @!@!@
<ReturnCredit line 59, col 1 to line 59, col 50 of module 11_deliver_product_no_checks (61 37 64 69)>: 9:191
@!@!@ENDMSG 2772 @!@!@
@!@!@STARTMSG 2221:0 @!@!@
  line 61, col 40 to line 61, col 118 of module 11_deliver_product_no_checks: 119
@!@!@ENDMSG 2221 @!@!@
@!@!@STARTMSG 2221:0 @!@!@
  |line 61, col 40 to line 61, col 114 of module 11_deliver_product_no_checks: 140
@!@!@ENDMSG 2221 @!@!@
@!@!@STARTMSG 2221:0 @!@!@
  ||line 24, col 33 to line 25, col 125 of module 11_deliver_product_no_checks: 560
@!@!@ENDMSG 2221 @!@!@
@!@!@STARTMSG 2221:0 @!@!@
  |||line 24, col 36 to line 24, col 42 of module 11_deliver_product_no_checks: 560
@!@!@ENDMSG 2221 @!@!@
@!@!@STARTMSG 2221:0 @!@!@
  |||line 25, col 38 to line 25, col 125 of module 11_deliver_product_no_checks: 420
@!@!@ENDMSG 2221 @!@!@
@!@!@STARTMSG 2221:0 @!@!@
  ||||line 25, col 38 to line 25, col 76 of module 11_deliver_product_no_checks: 420
@!@!@ENDMSG 2221 @!@!@
@!@!@STARTMSG 2221:0 @!@!@
  ||||line 25, col 80 to line 25, col 125 of module 11_deliver_product_no_checks: 420
@!@!@ENDMSG 2221 @!@!@
@!@!@STARTMSG 2221:0 @!@!@
  |||||line 25, col 91 to line 25, col 91 of module 11_deliver_product_no_checks: 280
@!@!@ENDMSG 2221 @!@!@
@!@!@STARTMSG 2221:0 @!@!@
  |||||line 25, col 94 to line 25, col 124 of module 11_deliver_product_no_checks: 420
@!@!@ENDMSG 2221 @!@!@
@!@!@STARTMSG 2221:0 @!@!@
  ||line 61, col 51 to line 61, col 102 of module 11_deliver_product_no_checks: 140
@!@!@ENDMSG 2221 @!@!@
@!@!@STARTMSG 2221:0 @!@!@
  ||line 61, col 105 to line 61, col 113 of module 11_deliver_product_no_checks: 140
@!@!@ENDMSG 2221 @!@!@
@!@!@STARTMSG 2221:0 @!@!@
  line 47, col 36 to line 47, col 85 of module 11_deliver_product_no_checks: 191
@!@!@ENDMSG 2221 @!@!@
@!@!@STARTMSG 2221:0 @!@!@
  |line 47, col 36 to line 47, col 81 of module 11_deliver_product_no_checks: 357
@!@!@ENDMSG 2221 @!@!@
@!@!@STARTMSG 2221:0 @!@!@
  line 48, col 36 to line 48, col 98 of module 11_deliver_product_no_checks: 191
@!@!@ENDMSG 2221 @!@!@
@!@!@STARTMSG 2221:0 @!@!@
  line 49, col 36 to line 49, col 120 of module 11_deliver_product_no_checks: 191
@!@!@ENDMSG 2221 @!@!@
@!@!@STARTMSG 2221:0 @!@!@
  line 50, col 36 to line 50, col 120 of module 11_deliver_product_no_checks: 191
@!@!@ENDMSG 2221 @!@!@
@!@!@STARTMSG 2221:0 @!@!@
  line 62, col 78 to line 62, col 93 of module 11_deliver_product_no_checks: 357
@!@!@ENDMSG 2221 @!@!@
@!@!@STARTMSG 2221:0 @!@!@
  line 62, col 96 to line 62, col 104 of module 11_deliver_product_no_checks: 191
@!@!@ENDMSG 2221 @!@!@
@!@!@STARTMSG 2221:0 @!@!@
  line 62, col 107 to line 62, col 126 of module 11_deliver_product_no_checks: 357
@!@!@ENDMSG 2221 @!@!@
@!@!@STARTMSG 2221:0 @!@!@
  line 62, col 129 to line 62, col 141 of module 11_deliver_product_no_checks: 191
@!@!@ENDMSG 2221 @!@!@
@!@!@STARTMSG 2221:0 @!@!@
  line 62, col 144 to line 62, col 147 of module 11_deliver_product_no_checks: 357
@!@!@ENDMSG 2221 @!@!@
@!@!@STARTMSG 2221:0 @!@!@
  line 62, col 52 to line 62, col 60 of module 11_deliver_product_no_checks: 119
@!@!@ENDMSG 2221 @!@!@
@!@!@STARTMSG 2221:0 @!@!@
  line 63, col 40 to line 63, col 67 of module 11_deliver_product_no_checks: 191
@!@!@ENDMSG 2221 @!@!@
@!@!@STARTMSG 2221:0 @!@!@
  line 64, col 40 to line 64, col 69 of module 11_deliver_product_no_checks: 191
@!@!@ENDMSG 2221 @!@!@
@!@!@STARTMSG 2772:0 @!@!@
<ReturnCredit line 59, col 1 to line 59, col 50 of module 11_deliver_product_no_checks (66 37 69 98)>: 0:9
@!@!@ENDMSG 2772 @!@!@
@!@!@STARTMSG 2221:0 @!@!@
  line 66, col 40 to line 66, col 118 of module 11_deliver_product_no_checks: 149
@!@!@ENDMSG 2221 @!@!@
@!@!@STARTMSG 2221:0 @!@!@
  |line 66, col 40 to line 66, col 114 of module 11_deliver_product_no_checks: 140
@!@!@ENDMSG 2221 @!@!@
@!@!@STARTMSG 2221:0 @!@!@
  ||line 24, col 33 to line 25, col 125 of module 11_deliver_product_no_checks: 560
@!@!@ENDMSG 2221 @!@!@
@!@!@STARTMSG 2221:0 @!@!@
  |||line 24, col 36 to line 24, col 42 of module 11_deliver_product_no_checks: 560
@!@!@ENDMSG 2221 @!@!@
@!@!@STARTMSG 2221:0 @!@!@
  |||line 25, col 38 to line 25, col 125 of module 11_deliver_product_no_checks: 420
@!@!@ENDMSG 2221 @!@!@
@!@!@STARTMSG 2221:0 @!@!@
  ||||line 25, col 38 to line 25, col 76 of module 11_deliver_product_no_checks: 420
@!@!@ENDMSG 2221 @!@!@
@!@!@STARTMSG 2221:0 @!@!@
  ||||line 25, col 80 to line 25, col 125 of module 11_deliver_product_no_checks: 420
@!@!@ENDMSG 2221 @!@!@
@!@!@STARTMSG 2221:0 @!@!@
  |||||line 25, col 91 to line 25, col 91 of module 11_deliver_product_no_checks: 280
@!@!@ENDMSG 2221 @!@!@
@!@!@STARTMSG 2221:0 @!@!@
  |||||line 25, col 94 to line 25, col 124 of module 11_deliver_product_no_checks: 420
@!@!@ENDMSG 2221 @!@!@
@!@!@STARTMSG 2221:0 @!@!@
  ||line 66, col 51 to line 66, col 102 of module 11_deliver_product_no_checks: 140
@!@!@ENDMSG 2221 @!@!@
@!@!@STARTMSG 2221:0 @!@!@
  ||line 66, col 105 to line 66, col 113 of module 11_deliver_product_no_checks: 140
@!@!@ENDMSG 2221 @!@!@
@!@!@STARTMSG 2221:0 @!@!@
  line 67, col 40 to line 67, col 65 of module 11_deliver_product_no_checks: 30
@!@!@ENDMSG 2221 @!@!@
@!@!@STARTMSG 2221:0 @!@!@
  |line 67, col 40 to line 67, col 44 of module 11_deliver_product_no_checks: 21
@!@!@ENDMSG 2221 @!@!@
@!@!@STARTMSG 2221:0 @!@!@
  line 68, col 40 to line 68, col 62 of module 11_deliver_product_no_checks: 9
@!@!@ENDMSG 2221 @!@!@
@!@!@STARTMSG 2221:0 @!@!@
  line 69, col 40 to line 69, col 98 of module 11_deliver_product_no_checks: 9
@!@!@ENDMSG 2221 @!@!@
@!@!@STARTMSG 2772:0 @!@!@
<SelectProduct line 97, col 1 to line 97, col 60 of module 11_deliver_product_no_checks>: 45:140
@!@!@ENDMSG 2772 @!@!@
@!@!@STARTMSG 2221:0 @!@!@
  line 98, col 37 to line 98, col 63 of module 11_deliver_product_no_checks: 140
@!@!@ENDMSG 2221 @!@!@
@!@!@STARTMSG 2221:0 @!@!@
  line 99, col 40 to line 99, col 87 of module 11_deliver_product_no_checks: 140
@!@!@ENDMSG 2221 @!@!@
@!@!@STARTMSG 2772:0 @!@!@
<DeliverProduct line 101, col 1 to line 101, col 61 of module 11_deliver_product_no_checks (130 36 130 105)>: 0:0
@!@!@ENDMSG 2772 @!@!@
@!@!@STARTMSG 2221:0 @!@!@
  line 102, col 36 to line 102, col 47 of module 11_deliver_product_no_checks: 139
@!@!@ENDMSG 2221 @!@!@
@!@!@STARTMSG 2221:0 @!@!@
  line 103, col 36 to line 119, col 57 of module 11_deliver_product_no_checks: 0
@!@!@ENDMSG 2221 @!@!@
@!@!@STARTMSG 2221:0 @!@!@
  |line 103, col 57 to line 119, col 57 of module 11_deliver_product_no_checks: 4
@!@!@ENDMSG 2221 @!@!@
@!@!@STARTMSG 2221:0 @!@!@
  ||line 103, col 58 to line 116, col 57 of module 11_deliver_product_no_checks: 4
@!@!@ENDMSG 2221 @!@!@
@!@!@STARTMSG 2221:0 @!@!@
  |||line 103, col 59 to line 111, col 57 of module 11_deliver_product_no_checks: 4
@!@!@ENDMSG 2221 @!@!@
@!@!@STARTMSG 2221:0 @!@!@
  ||||line 103, col 63 to line 103, col 78 of module 11_deliver_product_no_checks: 4
@!@!@ENDMSG 2221 @!@!@
@!@!@STARTMSG 2221:0 @!@!@
  ||||line 105, col 72 to line 109, col 168 of module 11_deliver_product_no_checks: 4
@!@!@ENDMSG 2221 @!@!@
@!@!@STARTMSG 2221:0 @!@!@
  ||||line 106, col 69 to line 109, col 168 of module 11_deliver_product_no_checks: 4
@!@!@ENDMSG 2221 @!@!@
@!@!@STARTMSG 2221:0 @!@!@
  |||||line 107, col 73 to line 109, col 168 of module 11_deliver_product_no_checks: 864
@!@!@ENDMSG 2221 @!@!@
@!@!@STARTMSG 2221:0 @!@!@
  ||||||line 107, col 76 to line 108, col 175 of module 11_deliver_product_no_checks: 864
@!@!@ENDMSG 2221 @!@!@
@!@!@STARTMSG 2221:0 @!@!@
  |||||||line 107, col 76 to line 107, col 99 of module 11_deliver_product_no_checks: 864
@!@!@ENDMSG 2221 @!@!@
@!@!@STARTMSG 2221:0 @!@!@
  ||||||||line 24, col 33 to line 25, col 125 of module 11_deliver_product_no_checks: 3456
@!@!@ENDMSG 2221 @!@!@
@!@!@STARTMSG 2221:0 @!@!@
  |||||||||line 24, col 36 to line 24, col 42 of module 11_deliver_product_no_checks: 3456
@!@!@ENDMSG 2221 @!@!@
@!@!@STARTMSG 2221:0 @!@!@
  |||||||||line 25, col 38 to line 25, col 125 of module 11_deliver_product_no_checks: 2592
@!@!@ENDMSG 2221 @!@!@
@!@!@STARTMSG 2221:0 @!@!@
  ||||||||||line 25, col 38 to line 25, col 76 of module 11_deliver_product_no_checks: 2592
@!@!@ENDMSG 2221 @!@!@
@!@!@STARTMSG 2221:0 @!@!@
  ||||||||||line 25, col 80 to line 25, col 125 of module 11_deliver_product_no_checks: 2592
@!@!@ENDMSG 2221 @!@!@
@!@!@STARTMSG 2221:0 @!@!@
  |||||||||||line 25, col 91 to line 25, col 91 of module 11_deliver_product_no_checks: 1728
@!@!@ENDMSG 2221 @!@!@
@!@!@STARTMSG 2221:0 @!@!@
  |||||||||||line 25, col 94 to line 25, col 124 of module 11_deliver_product_no_checks: 2592
@!@!@ENDMSG 2221 @!@!@
@!@!@STARTMSG 2221:0 @!@!@
  ||||||||line 107, col 87 to line 107, col 87 of module 11_deliver_product_no_checks: 864
@!@!@ENDMSG 2221 @!@!@
@!@!@STARTMSG 2221:0 @!@!@
  ||||||||line 107, col 90 to line 107, col 98 of module 11_deliver_product_no_checks: 864
@!@!@ENDMSG 2221 @!@!@
@!@!@STARTMSG 2221:0 @!@!@
  |||||||line 108, col 81 to line 108, col 175 of module 11_deliver_product_no_checks: 864
@!@!@ENDMSG 2221 @!@!@
@!@!@STARTMSG 2221:0 @!@!@
  ||||||||line 108, col 81 to line 108, col 155 of module 11_deliver_product_no_checks: 864
@!@!@ENDMSG 2221 @!@!@
@!@!@STARTMSG 2221:0 @!@!@
  |||||||||line 24, col 33 to line 25, col 125 of module 11_deliver_product_no_checks: 3456
@!@!@ENDMSG 2221 @!@!@
@!@!@STARTMSG 2221:0 @!@!@
  ||||||||||line 24, col 36 to line 24, col 42 of module 11_deliver_product_no_checks: 3456
@!@!@ENDMSG 2221 @!@!@
@!@!@STARTMSG 2221:0 @!@!@
  ||||||||||line 25, col 38 to line 25, col 125 of module 11_deliver_product_no_checks: 2592
@!@!@ENDMSG 2221 @!@!@
@!@!@STARTMSG 2221:0 @!@!@
  |||||||||||line 25, col 38 to line 25, col 76 of module 11_deliver_product_no_checks: 2592
@!@!@ENDMSG 2221 @!@!@
@!@!@STARTMSG 2221:0 @!@!@
  |||||||||||line 25, col 80 to line 25, col 125 of module 11_deliver_product_no_checks: 2592
@!@!@ENDMSG 2221 @!@!@
@!@!@STARTMSG 2221:0 @!@!@
  ||||||||||||line 25, col 91 to line 25, col 91 of module 11_deliver_product_no_checks: 1728
@!@!@ENDMSG 2221 @!@!@
@!@!@STARTMSG 2221:0 @!@!@
  ||||||||||||line 25, col 94 to line 25, col 124 of module 11_deliver_product_no_checks: 2592
@!@!@ENDMSG 2221 @!@!@
@!@!@STARTMSG 2221:0 @!@!@
  |||||||||line 108, col 92 to line 108, col 143 of module 11_deliver_product_no_checks: 864
@!@!@ENDMSG 2221 @!@!@
@!@!@STARTMSG 2221:0 @!@!@
  |||||||||line 108, col 146 to line 108, col 154 of module 11_deliver_product_no_checks: 864
@!@!@ENDMSG 2221 @!@!@
@!@!@STARTMSG 2221:0 @!@!@
  ||||||||line 108, col 159 to line 108, col 175 of module 11_deliver_product_no_checks: 864
@!@!@ENDMSG 2221 @!@!@
@!@!@STARTMSG 2775:0 @!@!@
  |||||line 106, col 82 to line 106, col 124 of module 11_deliver_product_no_checks: 4:4324
@!@!@ENDMSG 2775 @!@!@
@!@!@STARTMSG 2221:0 @!@!@
  ||||||line 106, col 83 to line 106, col 91 of module 11_deliver_product_no_checks: 4
@!@!@ENDMSG 2221 @!@!@
@!@!@STARTMSG 2775:0 @!@!@
  ||||||line 106, col 96 to line 106, col 123 of module 11_deliver_product_no_checks: 4:1212
@!@!@ENDMSG 2775 @!@!@
@!@!@STARTMSG 2221:0 @!@!@
  |||||||line 106, col 97 to line 106, col 97 of module 11_deliver_product_no_checks: 24
@!@!@ENDMSG 2221 @!@!@
@!@!@STARTMSG 2221:0 @!@!@
  |||||||line 106, col 106 to line 106, col 122 of module 11_deliver_product_no_checks: 4
@!@!@ENDMSG 2221 @!@!@
@!@!@STARTMSG 2221:0 @!@!@
  line 120, col 36 to line 122, col 53 of module 11_deliver_product_no_checks: 0
@!@!@ENDMSG 2221 @!@!@
@!@!@STARTMSG 2221:0 @!@!@
  line 123, col 36 to line 123, col 48 of module 11_deliver_product_no_checks: 0
@!@!@ENDMSG 2221 @!@!@
@!@!@STARTMSG 2221:0 @!@!@
  line 124, col 36 to line 124, col 54 of module 11_deliver_product_no_checks: 0
@!@!@ENDMSG 2221 @!@!@
@!@!@STARTMSG 2221:0 @!@!@
  line 130, col 67 to line 130, col 86 of module 11_deliver_product_no_checks: 4
@!@!@ENDMSG 2221 @!@!@
@!@!@STARTMSG 2221:0 @!@!@
  line 130, col 89 to line 130, col 104 of module 11_deliver_product_no_checks: 139
@!@!@ENDMSG 2221 @!@!@
@!@!@STARTMSG 2202:0 @!@!@
End of statistics.
@!@!@ENDMSG 2202 @!@!@
@!@!@STARTMSG 2200:0 @!@!@
Progress(5) at 2022-05-17 14:46:42: 653 states generated (14.880 s/min), 76 distinct states found (1.731 ds/min), 58 states left on queue.
@!@!@ENDMSG 2200 @!@!@
@!@!@STARTMSG 2199:0 @!@!@
653 states generated, 76 distinct states found, 58 states left on queue.
@!@!@ENDMSG 2199 @!@!@
@!@!@STARTMSG 2186:0 @!@!@
Finished in 2651ms at (2022-05-17 14:46:42)
@!@!@ENDMSG 2186 @!@!@
