@!@!@STARTMSG 2262:0 @!@!@
TLC2 Version 2.16 of 31 December 2020 (rev: cdddf55)
@!@!@ENDMSG 2262 @!@!@
@!@!@STARTMSG 2187:0 @!@!@
Running breadth-first search Model-Checking with fp 1 and seed 4188535367866780320 with 5 workers on 10 cores with 2428MB heap and 5460MB offheap memory [pid: 85328] (Mac OS X 10.16 x86_64, AdoptOpenJDK 14.0.1 x86_64, OffHeapDiskFPSet, DiskStateQueue).
@!@!@ENDMSG 2187 @!@!@
@!@!@STARTMSG 2220:0 @!@!@
Starting SANY...
@!@!@ENDMSG 2220 @!@!@
Parsing file /Users/dirk-janswagerman/.tlaplus/tlaplus/protocols/black_channel_corrupted_acknowledgement.toolbox/Model_1/MC.tla
Parsing file /Users/dirk-janswagerman/.tlaplus/tlaplus/protocols/black_channel_corrupted_acknowledgement.toolbox/Model_1/black_channel_corrupted_acknowledgement.tla
Parsing file /private/var/folders/sy/rhv1w43j3bscfpls8nxgbl1m0000gn/T/AppTranslocation/B51B7C6A-254C-4B0B-931B-A41F6CB0774B/d/TLA+ Toolbox.app/Contents/Eclipse/plugins/org.lamport.tlatools_1.0.0.202012311918/tla2sany/StandardModules/TLC.tla
Parsing file /private/var/folders/sy/rhv1w43j3bscfpls8nxgbl1m0000gn/T/AppTranslocation/B51B7C6A-254C-4B0B-931B-A41F6CB0774B/d/TLA+ Toolbox.app/Contents/Eclipse/plugins/org.lamport.tlatools_1.0.0.202012311918/tla2sany/StandardModules/Integers.tla
Parsing file /private/var/folders/sy/rhv1w43j3bscfpls8nxgbl1m0000gn/T/AppTranslocation/B51B7C6A-254C-4B0B-931B-A41F6CB0774B/d/TLA+ Toolbox.app/Contents/Eclipse/plugins/org.lamport.tlatools_1.0.0.202012311918/tla2sany/StandardModules/Naturals.tla
Parsing file /private/var/folders/sy/rhv1w43j3bscfpls8nxgbl1m0000gn/T/AppTranslocation/B51B7C6A-254C-4B0B-931B-A41F6CB0774B/d/TLA+ Toolbox.app/Contents/Eclipse/plugins/org.lamport.tlatools_1.0.0.202012311918/tla2sany/StandardModules/Sequences.tla
Parsing file /private/var/folders/sy/rhv1w43j3bscfpls8nxgbl1m0000gn/T/AppTranslocation/B51B7C6A-254C-4B0B-931B-A41F6CB0774B/d/TLA+ Toolbox.app/Contents/Eclipse/plugins/org.lamport.tlatools_1.0.0.202012311918/tla2sany/StandardModules/FiniteSets.tla
Semantic processing of module Naturals
Semantic processing of module Integers
Semantic processing of module Sequences
Semantic processing of module FiniteSets
Semantic processing of module TLC
Semantic processing of module black_channel_corrupted_acknowledgement
Semantic processing of module MC
@!@!@STARTMSG 2219:0 @!@!@
SANY finished.
@!@!@ENDMSG 2219 @!@!@
@!@!@STARTMSG 2185:0 @!@!@
Starting... (2022-03-24 20:10:02)
@!@!@ENDMSG 2185 @!@!@
@!@!@STARTMSG 2189:0 @!@!@
Computing initial states...
@!@!@ENDMSG 2189 @!@!@
@!@!@STARTMSG 2190:0 @!@!@
Finished computing initial states: 1 distinct state generated at 2022-03-24 20:10:03.
@!@!@ENDMSG 2190 @!@!@
@!@!@STARTMSG 1000:1 @!@!@
TLC threw an unexpected exception.
This was probably caused by an error in the spec or model.
See the User Output or TLC Console for clues to what happened.
The exception was a java.lang.RuntimeException
: Attempted to apply function with integer domain to the non-integer argument "counter"
@!@!@ENDMSG 1000 @!@!@
@!@!@STARTMSG 2121:1 @!@!@
The behavior up to this point is:
@!@!@ENDMSG 2121 @!@!@
@!@!@STARTMSG 2217:4 @!@!@
1: <Initial predicate>
/\ createMessageCounter = 0
/\ corruptionCounter = 0
/\ pc = [MC |-> "startMessageCorrupter", S |-> "startSender", R |-> "startReceiver"]
/\ sendMessage = [S |-> <<>>]
/\ receivedMessage = [R |-> <<>>]
/\ randomNumber = [MC |-> defaultInitValue]
/\ currentMessageCounter = 1
/\ acknowledgedMessage = [S |-> <<>>]
/\ acknowledgedMessages = <<>>
/\ acknowledgeChannel = <<>>
/\ sendMessages = <<>>
/\ message = [counter |-> 0, content |-> <<>>, checksum |-> 0]
/\ messageChannel = <<>>

@!@!@ENDMSG 2217 @!@!@
@!@!@STARTMSG 2217:4 @!@!@
2: <startReceiver line 214, col 24 to line 224, col 71 of module black_channel_corrupted_acknowledgement>
/\ createMessageCounter = 0
/\ corruptionCounter = 0
/\ pc = [ MC |-> "startMessageCorrupter",
  S |-> "startSender",
  R |-> "SendAcknowledgeMessage" ]
/\ sendMessage = [S |-> <<>>]
/\ receivedMessage = [R |-> <<>>]
/\ randomNumber = [MC |-> defaultInitValue]
/\ currentMessageCounter = 1
/\ acknowledgedMessage = [S |-> <<>>]
/\ acknowledgedMessages = <<>>
/\ acknowledgeChannel = <<>>
/\ sendMessages = <<>>
/\ message = [counter |-> 0, content |-> <<>>, checksum |-> 0]
/\ messageChannel = <<>>

@!@!@ENDMSG 2217 @!@!@
@!@!@STARTMSG 2217:4 @!@!@
3: <SendAcknowledgeMessage line 239, col 33 to line 250, col 63 of module black_channel_corrupted_acknowledgement>
/\ createMessageCounter = 0
/\ corruptionCounter = 0
/\ pc = [MC |-> "startMessageCorrupter", S |-> "startSender", R |-> "startReceiver"]
/\ sendMessage = [S |-> <<>>]
/\ receivedMessage = [R |-> <<>>]
/\ randomNumber = [MC |-> defaultInitValue]
/\ currentMessageCounter = 1
/\ acknowledgedMessage = [S |-> <<>>]
/\ acknowledgedMessages = <<>>
/\ acknowledgeChannel = <<<<>>>>
/\ sendMessages = <<>>
/\ message = [counter |-> 0, content |-> <<>>, checksum |-> 0]
/\ messageChannel = <<>>

@!@!@ENDMSG 2217 @!@!@
@!@!@STARTMSG 2217:4 @!@!@
4: <startSender line 157, col 22 to line 169, col 52 of module black_channel_corrupted_acknowledgement>
/\ createMessageCounter = 0
/\ corruptionCounter = 0
/\ pc = [ MC |-> "startMessageCorrupter",
  S |-> "AcknowledgeMessage",
  R |-> "startReceiver" ]
/\ sendMessage = [S |-> <<>>]
/\ receivedMessage = [R |-> <<>>]
/\ randomNumber = [MC |-> defaultInitValue]
/\ currentMessageCounter = 1
/\ acknowledgedMessage = [S |-> <<>>]
/\ acknowledgedMessages = <<>>
/\ acknowledgeChannel = <<<<>>>>
/\ sendMessages = <<>>
/\ message = [counter |-> 0, content |-> <<>>, checksum |-> 0]
/\ messageChannel = <<>>

@!@!@ENDMSG 2217 @!@!@
@!@!@STARTMSG 2103:1 @!@!@
The error occurred when TLC was evaluating the nested
expressions at the following positions:
0. Line 194, column 29 to line 209, column 59 in black_channel_corrupted_acknowledgement
1. Line 194, column 32 to line 194, column 62 in black_channel_corrupted_acknowledgement
2. Line 195, column 32 to line 195, column 58 in black_channel_corrupted_acknowledgement
3. Line 196, column 32 to line 196, column 118 in black_channel_corrupted_acknowledgement
4. Line 197, column 32 to line 197, column 78 in black_channel_corrupted_acknowledgement
5. Line 198, column 32 to line 203, column 78 in black_channel_corrupted_acknowledgement
6. Line 198, column 36 to line 198, column 93 in black_channel_corrupted_acknowledgement
7. Line 198, column 36 to line 198, column 69 in black_channel_corrupted_acknowledgement


@!@!@ENDMSG 2103 @!@!@
@!@!@STARTMSG 2201:0 @!@!@
The coverage statistics at 2022-03-24 20:10:03
@!@!@ENDMSG 2201 @!@!@
@!@!@STARTMSG 2773:0 @!@!@
<Init line 137, col 1 to line 137, col 4 of module black_channel_corrupted_acknowledgement>: 2:2
@!@!@ENDMSG 2773 @!@!@
@!@!@STARTMSG 2221:0 @!@!@
  line 138, col 9 to line 155, col 86 of module black_channel_corrupted_acknowledgement: 2
@!@!@ENDMSG 2221 @!@!@
@!@!@STARTMSG 2772:0 @!@!@
<startSender line 157, col 1 to line 157, col 17 of module black_channel_corrupted_acknowledgement>: 29:80
@!@!@ENDMSG 2772 @!@!@
@!@!@STARTMSG 2221:0 @!@!@
  line 157, col 25 to line 157, col 48 of module black_channel_corrupted_acknowledgement: 123
@!@!@ENDMSG 2221 @!@!@
@!@!@STARTMSG 2221:0 @!@!@
  |line 157, col 25 to line 157, col 32 of module black_channel_corrupted_acknowledgement: 81
@!@!@ENDMSG 2221 @!@!@
@!@!@STARTMSG 2221:0 @!@!@
  line 158, col 28 to line 158, col 73 of module black_channel_corrupted_acknowledgement: 42
@!@!@ENDMSG 2221 @!@!@
@!@!@STARTMSG 2221:0 @!@!@
  line 159, col 31 to line 159, col 72 of module black_channel_corrupted_acknowledgement: 30
@!@!@ENDMSG 2221 @!@!@
@!@!@STARTMSG 2221:0 @!@!@
  |line 159, col 31 to line 159, col 50 of module black_channel_corrupted_acknowledgement: 42
@!@!@ENDMSG 2221 @!@!@
@!@!@STARTMSG 2221:0 @!@!@
  |line 159, col 54 to line 159, col 72 of module black_channel_corrupted_acknowledgement: 42
@!@!@ENDMSG 2221 @!@!@
@!@!@STARTMSG 2221:0 @!@!@
  line 159, col 77 to line 159, col 119 of module black_channel_corrupted_acknowledgement: 30
@!@!@ENDMSG 2221 @!@!@
@!@!@STARTMSG 2221:0 @!@!@
  |line 159, col 77 to line 159, col 97 of module black_channel_corrupted_acknowledgement: 42
@!@!@ENDMSG 2221 @!@!@
@!@!@STARTMSG 2221:0 @!@!@
  |line 159, col 102 to line 159, col 119 of module black_channel_corrupted_acknowledgement: 42
@!@!@ENDMSG 2221 @!@!@
@!@!@STARTMSG 2221:0 @!@!@
  line 160, col 31 to line 160, col 71 of module black_channel_corrupted_acknowledgement: 30
@!@!@ENDMSG 2221 @!@!@
@!@!@STARTMSG 2221:0 @!@!@
  line 161, col 31 to line 161, col 58 of module black_channel_corrupted_acknowledgement: 8
@!@!@ENDMSG 2221 @!@!@
@!@!@STARTMSG 2221:0 @!@!@
  |line 161, col 31 to line 161, col 54 of module black_channel_corrupted_acknowledgement: 42
@!@!@ENDMSG 2221 @!@!@
@!@!@STARTMSG 2221:0 @!@!@
  line 162, col 31 to line 162, col 78 of module black_channel_corrupted_acknowledgement: 8
@!@!@ENDMSG 2221 @!@!@
@!@!@STARTMSG 2221:0 @!@!@
  line 163, col 25 to line 169, col 52 of module black_channel_corrupted_acknowledgement: 80
@!@!@ENDMSG 2221 @!@!@
@!@!@STARTMSG 2772:0 @!@!@
<CreateMessage line 171, col 1 to line 171, col 19 of module black_channel_corrupted_acknowledgement>: 14:46
@!@!@ENDMSG 2772 @!@!@
@!@!@STARTMSG 2221:0 @!@!@
  line 171, col 27 to line 171, col 52 of module black_channel_corrupted_acknowledgement: 103
@!@!@ENDMSG 2221 @!@!@
@!@!@STARTMSG 2221:0 @!@!@
  |line 171, col 27 to line 171, col 34 of module black_channel_corrupted_acknowledgement: 80
@!@!@ENDMSG 2221 @!@!@
@!@!@STARTMSG 2221:0 @!@!@
  line 172, col 27 to line 172, col 74 of module black_channel_corrupted_acknowledgement: 23
@!@!@ENDMSG 2221 @!@!@
@!@!@STARTMSG 2221:0 @!@!@
  line 174, col 29 to line 176, col 78 of module black_channel_corrupted_acknowledgement: 46
@!@!@ENDMSG 2221 @!@!@
@!@!@STARTMSG 2221:0 @!@!@
  line 173, col 36 to line 173, col 38 of module black_channel_corrupted_acknowledgement: 23
@!@!@ENDMSG 2221 @!@!@
@!@!@STARTMSG 2221:0 @!@!@
  line 177, col 27 to line 177, col 67 of module black_channel_corrupted_acknowledgement: 46
@!@!@ENDMSG 2221 @!@!@
@!@!@STARTMSG 2221:0 @!@!@
  line 178, col 27 to line 182, col 71 of module black_channel_corrupted_acknowledgement: 46
@!@!@ENDMSG 2221 @!@!@
@!@!@STARTMSG 2772:0 @!@!@
<SendMessage line 184, col 1 to line 184, col 17 of module black_channel_corrupted_acknowledgement>: 9:12
@!@!@ENDMSG 2772 @!@!@
@!@!@STARTMSG 2221:0 @!@!@
  line 184, col 25 to line 184, col 48 of module black_channel_corrupted_acknowledgement: 92
@!@!@ENDMSG 2221 @!@!@
@!@!@STARTMSG 2221:0 @!@!@
  |line 184, col 25 to line 184, col 32 of module black_channel_corrupted_acknowledgement: 80
@!@!@ENDMSG 2221 @!@!@
@!@!@STARTMSG 2221:0 @!@!@
  line 185, col 25 to line 185, col 104 of module black_channel_corrupted_acknowledgement: 12
@!@!@ENDMSG 2221 @!@!@
@!@!@STARTMSG 2221:0 @!@!@
  line 186, col 25 to line 186, col 65 of module black_channel_corrupted_acknowledgement: 12
@!@!@ENDMSG 2221 @!@!@
@!@!@STARTMSG 2221:0 @!@!@
  line 187, col 25 to line 192, col 69 of module black_channel_corrupted_acknowledgement: 12
@!@!@ENDMSG 2221 @!@!@
@!@!@STARTMSG 2772:0 @!@!@
<AcknowledgeMessage line 194, col 1 to line 194, col 24 of module black_channel_corrupted_acknowledgement>: 0:0
@!@!@ENDMSG 2772 @!@!@
@!@!@STARTMSG 2221:0 @!@!@
  line 194, col 32 to line 194, col 62 of module black_channel_corrupted_acknowledgement: 80
@!@!@ENDMSG 2221 @!@!@
@!@!@STARTMSG 2221:0 @!@!@
  line 195, col 32 to line 195, col 58 of module black_channel_corrupted_acknowledgement: 4
@!@!@ENDMSG 2221 @!@!@
@!@!@STARTMSG 2221:0 @!@!@
  line 196, col 32 to line 196, col 118 of module black_channel_corrupted_acknowledgement: 0
@!@!@ENDMSG 2221 @!@!@
@!@!@STARTMSG 2221:0 @!@!@
  |line 196, col 55 to line 196, col 118 of module black_channel_corrupted_acknowledgement: 4
@!@!@ENDMSG 2221 @!@!@
@!@!@STARTMSG 2221:0 @!@!@
  line 197, col 32 to line 197, col 78 of module black_channel_corrupted_acknowledgement: 0
@!@!@ENDMSG 2221 @!@!@
@!@!@STARTMSG 2221:0 @!@!@
  |line 197, col 54 to line 197, col 78 of module black_channel_corrupted_acknowledgement: 4
@!@!@ENDMSG 2221 @!@!@
@!@!@STARTMSG 2221:0 @!@!@
  line 198, col 36 to line 198, col 93 of module black_channel_corrupted_acknowledgement: 4
@!@!@ENDMSG 2221 @!@!@
@!@!@STARTMSG 2221:0 @!@!@
  line 199, col 43 to line 199, col 92 of module black_channel_corrupted_acknowledgement: 0
@!@!@ENDMSG 2221 @!@!@
@!@!@STARTMSG 2221:0 @!@!@
  line 200, col 43 to line 200, col 123 of module black_channel_corrupted_acknowledgement: 0
@!@!@ENDMSG 2221 @!@!@
@!@!@STARTMSG 2221:0 @!@!@
  line 202, col 43 to line 203, col 78 of module black_channel_corrupted_acknowledgement: 0
@!@!@ENDMSG 2221 @!@!@
@!@!@STARTMSG 2221:0 @!@!@
  line 204, col 32 to line 204, col 72 of module black_channel_corrupted_acknowledgement: 0
@!@!@ENDMSG 2221 @!@!@
@!@!@STARTMSG 2221:0 @!@!@
  line 205, col 32 to line 209, col 59 of module black_channel_corrupted_acknowledgement: 0
@!@!@ENDMSG 2221 @!@!@
@!@!@STARTMSG 2772:0 @!@!@
<startReceiver line 214, col 1 to line 214, col 19 of module black_channel_corrupted_acknowledgement>: 38:57
@!@!@ENDMSG 2772 @!@!@
@!@!@STARTMSG 2221:0 @!@!@
  line 214, col 27 to line 214, col 52 of module black_channel_corrupted_acknowledgement: 127
@!@!@ENDMSG 2221 @!@!@
@!@!@STARTMSG 2221:0 @!@!@
  |line 214, col 27 to line 214, col 34 of module black_channel_corrupted_acknowledgement: 76
@!@!@ENDMSG 2221 @!@!@
@!@!@STARTMSG 2221:0 @!@!@
  line 215, col 33 to line 215, col 56 of module black_channel_corrupted_acknowledgement: 6
@!@!@ENDMSG 2221 @!@!@
@!@!@STARTMSG 2221:0 @!@!@
  |line 215, col 33 to line 215, col 52 of module black_channel_corrupted_acknowledgement: 51
@!@!@ENDMSG 2221 @!@!@
@!@!@STARTMSG 2221:0 @!@!@
  line 215, col 61 to line 215, col 106 of module black_channel_corrupted_acknowledgement: 6
@!@!@ENDMSG 2221 @!@!@
@!@!@STARTMSG 2221:0 @!@!@
  line 216, col 33 to line 216, col 76 of module black_channel_corrupted_acknowledgement: 6
@!@!@ENDMSG 2221 @!@!@
@!@!@STARTMSG 2221:0 @!@!@
  line 217, col 30 to line 217, col 84 of module black_channel_corrupted_acknowledgement: 51
@!@!@ENDMSG 2221 @!@!@
@!@!@STARTMSG 2221:0 @!@!@
  line 218, col 27 to line 224, col 71 of module black_channel_corrupted_acknowledgement: 57
@!@!@ENDMSG 2221 @!@!@
@!@!@STARTMSG 2772:0 @!@!@
<ReceiveMessage line 226, col 1 to line 226, col 20 of module black_channel_corrupted_acknowledgement>: 1:1
@!@!@ENDMSG 2772 @!@!@
@!@!@STARTMSG 2221:0 @!@!@
  line 226, col 28 to line 226, col 54 of module black_channel_corrupted_acknowledgement: 76
@!@!@ENDMSG 2221 @!@!@
@!@!@STARTMSG 2221:0 @!@!@
  |line 226, col 28 to line 226, col 35 of module black_channel_corrupted_acknowledgement: 75
@!@!@ENDMSG 2221 @!@!@
@!@!@STARTMSG 2221:0 @!@!@
  line 227, col 28 to line 227, col 50 of module black_channel_corrupted_acknowledgement: 1
@!@!@ENDMSG 2221 @!@!@
@!@!@STARTMSG 2221:0 @!@!@
  line 228, col 28 to line 228, col 102 of module black_channel_corrupted_acknowledgement: 1
@!@!@ENDMSG 2221 @!@!@
@!@!@STARTMSG 2221:0 @!@!@
  line 229, col 28 to line 229, col 66 of module black_channel_corrupted_acknowledgement: 1
@!@!@ENDMSG 2221 @!@!@
@!@!@STARTMSG 2221:0 @!@!@
  line 230, col 28 to line 230, col 70 of module black_channel_corrupted_acknowledgement: 1
@!@!@ENDMSG 2221 @!@!@
@!@!@STARTMSG 2221:0 @!@!@
  line 231, col 28 to line 237, col 55 of module black_channel_corrupted_acknowledgement: 1
@!@!@ENDMSG 2221 @!@!@
@!@!@STARTMSG 2772:0 @!@!@
<SendAcknowledgeMessage line 239, col 1 to line 239, col 28 of module black_channel_corrupted_acknowledgement>: 17:24
@!@!@ENDMSG 2772 @!@!@
@!@!@STARTMSG 2221:0 @!@!@
  line 239, col 36 to line 239, col 70 of module black_channel_corrupted_acknowledgement: 99
@!@!@ENDMSG 2221 @!@!@
@!@!@STARTMSG 2221:0 @!@!@
  |line 239, col 36 to line 239, col 43 of module black_channel_corrupted_acknowledgement: 75
@!@!@ENDMSG 2221 @!@!@
@!@!@STARTMSG 2221:0 @!@!@
  line 240, col 36 to line 240, col 107 of module black_channel_corrupted_acknowledgement: 24
@!@!@ENDMSG 2221 @!@!@
@!@!@STARTMSG 2221:0 @!@!@
  line 241, col 36 to line 241, col 78 of module black_channel_corrupted_acknowledgement: 24
@!@!@ENDMSG 2221 @!@!@
@!@!@STARTMSG 2221:0 @!@!@
  line 242, col 36 to line 250, col 63 of module black_channel_corrupted_acknowledgement: 24
@!@!@ENDMSG 2221 @!@!@
@!@!@STARTMSG 2772:0 @!@!@
<startMessageCorrupter line 255, col 1 to line 255, col 27 of module black_channel_corrupted_acknowledgement>: 53:57
@!@!@ENDMSG 2772 @!@!@
@!@!@STARTMSG 2221:0 @!@!@
  line 255, col 35 to line 255, col 68 of module black_channel_corrupted_acknowledgement: 125
@!@!@ENDMSG 2221 @!@!@
@!@!@STARTMSG 2221:0 @!@!@
  |line 255, col 35 to line 255, col 42 of module black_channel_corrupted_acknowledgement: 74
@!@!@ENDMSG 2221 @!@!@
@!@!@STARTMSG 2221:0 @!@!@
  line 256, col 41 to line 256, col 64 of module black_channel_corrupted_acknowledgement: 6
@!@!@ENDMSG 2221 @!@!@
@!@!@STARTMSG 2221:0 @!@!@
  |line 256, col 41 to line 256, col 60 of module black_channel_corrupted_acknowledgement: 51
@!@!@ENDMSG 2221 @!@!@
@!@!@STARTMSG 2221:0 @!@!@
  line 257, col 41 to line 257, col 83 of module black_channel_corrupted_acknowledgement: 6
@!@!@ENDMSG 2221 @!@!@
@!@!@STARTMSG 2221:0 @!@!@
  line 258, col 38 to line 258, col 91 of module black_channel_corrupted_acknowledgement: 51
@!@!@ENDMSG 2221 @!@!@
@!@!@STARTMSG 2221:0 @!@!@
  line 259, col 35 to line 268, col 62 of module black_channel_corrupted_acknowledgement: 57
@!@!@ENDMSG 2221 @!@!@
@!@!@STARTMSG 2772:0 @!@!@
<RemoveMessage line 270, col 1 to line 270, col 19 of module black_channel_corrupted_acknowledgement>: 1:1
@!@!@ENDMSG 2772 @!@!@
@!@!@STARTMSG 2221:0 @!@!@
  line 270, col 27 to line 270, col 52 of module black_channel_corrupted_acknowledgement: 75
@!@!@ENDMSG 2221 @!@!@
@!@!@STARTMSG 2221:0 @!@!@
  |line 270, col 27 to line 270, col 34 of module black_channel_corrupted_acknowledgement: 74
@!@!@ENDMSG 2221 @!@!@
@!@!@STARTMSG 2221:0 @!@!@
  line 271, col 27 to line 271, col 96 of module black_channel_corrupted_acknowledgement: 1
@!@!@ENDMSG 2221 @!@!@
@!@!@STARTMSG 2221:0 @!@!@
  line 272, col 27 to line 272, col 68 of module black_channel_corrupted_acknowledgement: 1
@!@!@ENDMSG 2221 @!@!@
@!@!@STARTMSG 2221:0 @!@!@
  line 273, col 27 to line 273, col 77 of module black_channel_corrupted_acknowledgement: 1
@!@!@ENDMSG 2221 @!@!@
@!@!@STARTMSG 2221:0 @!@!@
  line 274, col 27 to line 279, col 54 of module black_channel_corrupted_acknowledgement: 1
@!@!@ENDMSG 2221 @!@!@
@!@!@STARTMSG 2772:0 @!@!@
<RemoveAcknowledgement line 281, col 1 to line 281, col 27 of module black_channel_corrupted_acknowledgement>: 1:1
@!@!@ENDMSG 2772 @!@!@
@!@!@STARTMSG 2221:0 @!@!@
  line 281, col 35 to line 281, col 68 of module black_channel_corrupted_acknowledgement: 75
@!@!@ENDMSG 2221 @!@!@
@!@!@STARTMSG 2221:0 @!@!@
  |line 281, col 35 to line 281, col 42 of module black_channel_corrupted_acknowledgement: 74
@!@!@ENDMSG 2221 @!@!@
@!@!@STARTMSG 2221:0 @!@!@
  line 282, col 35 to line 282, col 58 of module black_channel_corrupted_acknowledgement: 1
@!@!@ENDMSG 2221 @!@!@
@!@!@STARTMSG 2221:0 @!@!@
  |line 282, col 35 to line 282, col 54 of module black_channel_corrupted_acknowledgement: 22
@!@!@ENDMSG 2221 @!@!@
@!@!@STARTMSG 2221:0 @!@!@
  line 283, col 35 to line 283, col 116 of module black_channel_corrupted_acknowledgement: 1
@!@!@ENDMSG 2221 @!@!@
@!@!@STARTMSG 2221:0 @!@!@
  line 284, col 35 to line 284, col 76 of module black_channel_corrupted_acknowledgement: 1
@!@!@ENDMSG 2221 @!@!@
@!@!@STARTMSG 2221:0 @!@!@
  line 285, col 35 to line 285, col 85 of module black_channel_corrupted_acknowledgement: 1
@!@!@ENDMSG 2221 @!@!@
@!@!@STARTMSG 2221:0 @!@!@
  line 286, col 35 to line 293, col 62 of module black_channel_corrupted_acknowledgement: 1
@!@!@ENDMSG 2221 @!@!@
@!@!@STARTMSG 2774:0 @!@!@
<Action line 126, col 48 to line 126, col 145 of module black_channel_corrupted_acknowledgement>
@!@!@ENDMSG 2774 @!@!@
@!@!@STARTMSG 2221:0 @!@!@
  line 126, col 48 to line 126, col 145 of module black_channel_corrupted_acknowledgement: 164
@!@!@ENDMSG 2221 @!@!@
@!@!@STARTMSG 2202:0 @!@!@
End of statistics.
@!@!@ENDMSG 2202 @!@!@
@!@!@STARTMSG 2200:0 @!@!@
Progress(8) at 2022-03-24 20:10:03: 274 states generated (8.404 s/min), 164 distinct states found (5.030 ds/min), 87 states left on queue.
@!@!@ENDMSG 2200 @!@!@
@!@!@STARTMSG 2199:0 @!@!@
274 states generated, 164 distinct states found, 87 states left on queue.
@!@!@ENDMSG 2199 @!@!@
@!@!@STARTMSG 2186:0 @!@!@
Finished in 1971ms at (2022-03-24 20:10:03)
@!@!@ENDMSG 2186 @!@!@
