@!@!@STARTMSG 2262:0 @!@!@
TLC2 Version 2.16 of 31 December 2020 (rev: cdddf55)
@!@!@ENDMSG 2262 @!@!@
@!@!@STARTMSG 2187:0 @!@!@
Running breadth-first search Model-Checking with fp 77 and seed 7345713332550617703 with 5 workers on 10 cores with 2428MB heap and 5460MB offheap memory [pid: 81337] (Mac OS X 10.16 x86_64, AdoptOpenJDK 14.0.1 x86_64, OffHeapDiskFPSet, DiskStateQueue).
@!@!@ENDMSG 2187 @!@!@
@!@!@STARTMSG 2220:0 @!@!@
Starting SANY...
@!@!@ENDMSG 2220 @!@!@
Parsing file /Users/dirk-janswagerman/.tlaplus/tlaplus/protocols/blackchannel_4.toolbox/Model_2/MC.tla
Parsing file /Users/dirk-janswagerman/.tlaplus/tlaplus/protocols/blackchannel_4.toolbox/Model_2/blackchannel_4.tla
Parsing file /private/var/folders/sy/rhv1w43j3bscfpls8nxgbl1m0000gn/T/AppTranslocation/41E0ED45-5CF6-46D8-A570-D6B4A09D6F7B/d/TLA+ Toolbox.app/Contents/Eclipse/plugins/org.lamport.tlatools_1.0.0.202012311918/tla2sany/StandardModules/TLC.tla
Parsing file /private/var/folders/sy/rhv1w43j3bscfpls8nxgbl1m0000gn/T/AppTranslocation/41E0ED45-5CF6-46D8-A570-D6B4A09D6F7B/d/TLA+ Toolbox.app/Contents/Eclipse/plugins/org.lamport.tlatools_1.0.0.202012311918/tla2sany/StandardModules/Integers.tla
Parsing file /private/var/folders/sy/rhv1w43j3bscfpls8nxgbl1m0000gn/T/AppTranslocation/41E0ED45-5CF6-46D8-A570-D6B4A09D6F7B/d/TLA+ Toolbox.app/Contents/Eclipse/plugins/org.lamport.tlatools_1.0.0.202012311918/tla2sany/StandardModules/Naturals.tla
Parsing file /private/var/folders/sy/rhv1w43j3bscfpls8nxgbl1m0000gn/T/AppTranslocation/41E0ED45-5CF6-46D8-A570-D6B4A09D6F7B/d/TLA+ Toolbox.app/Contents/Eclipse/plugins/org.lamport.tlatools_1.0.0.202012311918/tla2sany/StandardModules/Sequences.tla
Parsing file /private/var/folders/sy/rhv1w43j3bscfpls8nxgbl1m0000gn/T/AppTranslocation/41E0ED45-5CF6-46D8-A570-D6B4A09D6F7B/d/TLA+ Toolbox.app/Contents/Eclipse/plugins/org.lamport.tlatools_1.0.0.202012311918/tla2sany/StandardModules/FiniteSets.tla
Semantic processing of module Naturals
Semantic processing of module Integers
Semantic processing of module Sequences
Semantic processing of module FiniteSets
Semantic processing of module TLC
Semantic processing of module blackchannel_4
Semantic processing of module MC
@!@!@STARTMSG 2219:0 @!@!@
SANY finished.
@!@!@ENDMSG 2219 @!@!@
@!@!@STARTMSG 2185:0 @!@!@
Starting... (2022-03-23 15:47:19)
@!@!@ENDMSG 2185 @!@!@
@!@!@STARTMSG 2189:0 @!@!@
Computing initial states...
@!@!@ENDMSG 2189 @!@!@
@!@!@STARTMSG 2190:0 @!@!@
Finished computing initial states: 1 distinct state generated at 2022-03-23 15:47:20.
@!@!@ENDMSG 2190 @!@!@
@!@!@STARTMSG 2114:1 @!@!@
Deadlock reached.
@!@!@ENDMSG 2114 @!@!@
@!@!@STARTMSG 2121:1 @!@!@
The behavior up to this point is:
@!@!@ENDMSG 2121 @!@!@
@!@!@STARTMSG 2217:4 @!@!@
1: <Initial predicate>
/\ createMessageCounter = 0
/\ corruptionCounter = 0
/\ pc = [S |-> "startSender", R |-> "startReceiver"]
/\ sendMessage = [S |-> <<>>]
/\ receivedMessage = [R |-> <<>>]
/\ currentMessageCounter = 1
/\ acknowledgedMessage = [S |-> <<>>]
/\ sendCount = 0
/\ sendQueue = <<>>
/\ acknowledgedMessages = <<>>
/\ acknowledgeChannel = <<>>
/\ sendMessages = <<>>
/\ receiveCount = 0
/\ message = [counter |-> 0, content |-> <<>>, checksum |-> 0]
/\ messageChannel = <<>>

@!@!@ENDMSG 2217 @!@!@
@!@!@STARTMSG 2217:4 @!@!@
2: <startSender line 134, col 22 to line 145, col 55 of module blackchannel_4>
/\ createMessageCounter = 0
/\ corruptionCounter = 0
/\ pc = [S |-> "SendMessage", R |-> "startReceiver"]
/\ sendMessage = [S |-> <<>>]
/\ receivedMessage = [R |-> <<>>]
/\ currentMessageCounter = 1
/\ acknowledgedMessage = [S |-> <<>>]
/\ sendCount = 0
/\ sendQueue = <<>>
/\ acknowledgedMessages = <<>>
/\ acknowledgeChannel = <<>>
/\ sendMessages = <<>>
/\ receiveCount = 0
/\ message = [counter |-> 0, content |-> <<>>, checksum |-> 0]
/\ messageChannel = <<>>

@!@!@ENDMSG 2217 @!@!@
@!@!@STARTMSG 2217:4 @!@!@
3: <startReceiver line 196, col 24 to line 205, col 57 of module blackchannel_4>
/\ createMessageCounter = 0
/\ corruptionCounter = 0
/\ pc = [S |-> "SendMessage", R |-> "ReceiveMessage"]
/\ sendMessage = [S |-> <<>>]
/\ receivedMessage = [R |-> <<>>]
/\ currentMessageCounter = 1
/\ acknowledgedMessage = [S |-> <<>>]
/\ sendCount = 0
/\ sendQueue = <<>>
/\ acknowledgedMessages = <<>>
/\ acknowledgeChannel = <<>>
/\ sendMessages = <<>>
/\ receiveCount = 0
/\ message = [counter |-> 0, content |-> <<>>, checksum |-> 0]
/\ messageChannel = <<>>

@!@!@ENDMSG 2217 @!@!@
@!@!@STARTMSG 2201:0 @!@!@
The coverage statistics at 2022-03-23 15:47:20
@!@!@ENDMSG 2201 @!@!@
@!@!@STARTMSG 2773:0 @!@!@
<Init line 114, col 1 to line 114, col 4 of module blackchannel_4>: 2:2
@!@!@ENDMSG 2773 @!@!@
@!@!@STARTMSG 2221:0 @!@!@
  line 115, col 9 to line 132, col 77 of module blackchannel_4: 2
@!@!@ENDMSG 2221 @!@!@
@!@!@STARTMSG 2772:0 @!@!@
<startSender line 134, col 1 to line 134, col 17 of module blackchannel_4>: 15:24
@!@!@ENDMSG 2772 @!@!@
@!@!@STARTMSG 2221:0 @!@!@
  line 134, col 25 to line 134, col 48 of module blackchannel_4: 33
@!@!@ENDMSG 2221 @!@!@
@!@!@STARTMSG 2221:0 @!@!@
  |line 134, col 25 to line 134, col 32 of module blackchannel_4: 25
@!@!@ENDMSG 2221 @!@!@
@!@!@STARTMSG 2221:0 @!@!@
  line 135, col 25 to line 137, col 78 of module blackchannel_4: 8
@!@!@ENDMSG 2221 @!@!@
@!@!@STARTMSG 2221:0 @!@!@
  line 138, col 25 to line 145, col 55 of module blackchannel_4: 24
@!@!@ENDMSG 2221 @!@!@
@!@!@STARTMSG 2772:0 @!@!@
<CreateMessage line 147, col 1 to line 147, col 19 of module blackchannel_4>: 3:4
@!@!@ENDMSG 2772 @!@!@
@!@!@STARTMSG 2221:0 @!@!@
  line 147, col 27 to line 147, col 52 of module blackchannel_4: 26
@!@!@ENDMSG 2221 @!@!@
@!@!@STARTMSG 2221:0 @!@!@
  |line 147, col 27 to line 147, col 34 of module blackchannel_4: 24
@!@!@ENDMSG 2221 @!@!@
@!@!@STARTMSG 2221:0 @!@!@
  line 148, col 27 to line 148, col 70 of module blackchannel_4: 2
@!@!@ENDMSG 2221 @!@!@
@!@!@STARTMSG 2221:0 @!@!@
  |line 148, col 27 to line 148, col 46 of module blackchannel_4: 6
@!@!@ENDMSG 2221 @!@!@
@!@!@STARTMSG 2221:0 @!@!@
  |line 148, col 50 to line 148, col 70 of module blackchannel_4: 6
@!@!@ENDMSG 2221 @!@!@
@!@!@STARTMSG 2221:0 @!@!@
  line 149, col 27 to line 149, col 74 of module blackchannel_4: 2
@!@!@ENDMSG 2221 @!@!@
@!@!@STARTMSG 2221:0 @!@!@
  line 151, col 29 to line 153, col 78 of module blackchannel_4: 4
@!@!@ENDMSG 2221 @!@!@
@!@!@STARTMSG 2221:0 @!@!@
  line 150, col 36 to line 150, col 38 of module blackchannel_4: 2
@!@!@ENDMSG 2221 @!@!@
@!@!@STARTMSG 2221:0 @!@!@
  line 154, col 27 to line 154, col 67 of module blackchannel_4: 4
@!@!@ENDMSG 2221 @!@!@
@!@!@STARTMSG 2221:0 @!@!@
  line 155, col 27 to line 161, col 57 of module blackchannel_4: 4
@!@!@ENDMSG 2221 @!@!@
@!@!@STARTMSG 2772:0 @!@!@
<SendMessage line 163, col 1 to line 163, col 17 of module blackchannel_4>: 3:3
@!@!@ENDMSG 2772 @!@!@
@!@!@STARTMSG 2221:0 @!@!@
  line 163, col 25 to line 163, col 48 of module blackchannel_4: 27
@!@!@ENDMSG 2221 @!@!@
@!@!@STARTMSG 2221:0 @!@!@
  |line 163, col 25 to line 163, col 32 of module blackchannel_4: 24
@!@!@ENDMSG 2221 @!@!@
@!@!@STARTMSG 2221:0 @!@!@
  line 164, col 26 to line 164, col 49 of module blackchannel_4: 3
@!@!@ENDMSG 2221 @!@!@
@!@!@STARTMSG 2221:0 @!@!@
  |line 164, col 26 to line 164, col 45 of module blackchannel_4: 6
@!@!@ENDMSG 2221 @!@!@
@!@!@STARTMSG 2221:0 @!@!@
  line 164, col 56 to line 164, col 98 of module blackchannel_4: 3
@!@!@ENDMSG 2221 @!@!@
@!@!@STARTMSG 2221:0 @!@!@
  line 164, col 104 to line 164, col 144 of module blackchannel_4: 3
@!@!@ENDMSG 2221 @!@!@
@!@!@STARTMSG 2221:0 @!@!@
  line 165, col 25 to line 165, col 104 of module blackchannel_4: 3
@!@!@ENDMSG 2221 @!@!@
@!@!@STARTMSG 2221:0 @!@!@
  line 166, col 25 to line 166, col 65 of module blackchannel_4: 3
@!@!@ENDMSG 2221 @!@!@
@!@!@STARTMSG 2221:0 @!@!@
  line 167, col 25 to line 173, col 55 of module blackchannel_4: 3
@!@!@ENDMSG 2221 @!@!@
@!@!@STARTMSG 2772:0 @!@!@
<AcknowledgeMessage line 175, col 1 to line 175, col 24 of module blackchannel_4>: 0:0
@!@!@ENDMSG 2772 @!@!@
@!@!@STARTMSG 2221:0 @!@!@
  line 175, col 32 to line 175, col 62 of module blackchannel_4: 24
@!@!@ENDMSG 2221 @!@!@
@!@!@STARTMSG 2221:0 @!@!@
  line 176, col 32 to line 176, col 58 of module blackchannel_4: 5
@!@!@ENDMSG 2221 @!@!@
@!@!@STARTMSG 2221:0 @!@!@
  line 177, col 32 to line 177, col 118 of module blackchannel_4: 0
@!@!@ENDMSG 2221 @!@!@
@!@!@STARTMSG 2221:0 @!@!@
  line 178, col 32 to line 178, col 78 of module blackchannel_4: 0
@!@!@ENDMSG 2221 @!@!@
@!@!@STARTMSG 2221:0 @!@!@
  line 180, col 43 to line 180, col 92 of module blackchannel_4: 0
@!@!@ENDMSG 2221 @!@!@
@!@!@STARTMSG 2221:0 @!@!@
  line 181, col 43 to line 181, col 123 of module blackchannel_4: 0
@!@!@ENDMSG 2221 @!@!@
@!@!@STARTMSG 2221:0 @!@!@
  line 183, col 43 to line 184, col 78 of module blackchannel_4: 0
@!@!@ENDMSG 2221 @!@!@
@!@!@STARTMSG 2221:0 @!@!@
  line 185, col 32 to line 185, col 72 of module blackchannel_4: 0
@!@!@ENDMSG 2221 @!@!@
@!@!@STARTMSG 2221:0 @!@!@
  line 186, col 32 to line 191, col 62 of module blackchannel_4: 0
@!@!@ENDMSG 2221 @!@!@
@!@!@STARTMSG 2772:0 @!@!@
<startReceiver line 196, col 1 to line 196, col 19 of module blackchannel_4>: 8:14
@!@!@ENDMSG 2772 @!@!@
@!@!@STARTMSG 2221:0 @!@!@
  line 196, col 27 to line 196, col 52 of module blackchannel_4: 38
@!@!@ENDMSG 2221 @!@!@
@!@!@STARTMSG 2221:0 @!@!@
  |line 196, col 27 to line 196, col 34 of module blackchannel_4: 24
@!@!@ENDMSG 2221 @!@!@
@!@!@STARTMSG 2221:0 @!@!@
  line 197, col 27 to line 197, col 70 of module blackchannel_4: 14
@!@!@ENDMSG 2221 @!@!@
@!@!@STARTMSG 2221:0 @!@!@
  line 198, col 27 to line 205, col 57 of module blackchannel_4: 14
@!@!@ENDMSG 2221 @!@!@
@!@!@STARTMSG 2772:0 @!@!@
<ReceiveMessage line 207, col 1 to line 207, col 20 of module blackchannel_4>: 0:0
@!@!@ENDMSG 2772 @!@!@
@!@!@STARTMSG 2221:0 @!@!@
  line 207, col 28 to line 207, col 54 of module blackchannel_4: 23
@!@!@ENDMSG 2221 @!@!@
@!@!@STARTMSG 2221:0 @!@!@
  line 208, col 28 to line 208, col 50 of module blackchannel_4: 10
@!@!@ENDMSG 2221 @!@!@
@!@!@STARTMSG 2221:0 @!@!@
  line 209, col 28 to line 209, col 102 of module blackchannel_4: 0
@!@!@ENDMSG 2221 @!@!@
@!@!@STARTMSG 2221:0 @!@!@
  line 210, col 28 to line 210, col 66 of module blackchannel_4: 0
@!@!@ENDMSG 2221 @!@!@
@!@!@STARTMSG 2221:0 @!@!@
  line 211, col 28 to line 211, col 100 of module blackchannel_4: 0
@!@!@ENDMSG 2221 @!@!@
@!@!@STARTMSG 2221:0 @!@!@
  line 212, col 28 to line 212, col 70 of module blackchannel_4: 0
@!@!@ENDMSG 2221 @!@!@
@!@!@STARTMSG 2221:0 @!@!@
  line 213, col 28 to line 218, col 75 of module blackchannel_4: 0
@!@!@ENDMSG 2221 @!@!@
@!@!@STARTMSG 2202:0 @!@!@
End of statistics.
@!@!@ENDMSG 2202 @!@!@
@!@!@STARTMSG 2200:0 @!@!@
Progress(6) at 2022-03-23 15:47:20: 42 states generated (1.340 s/min), 30 distinct states found (957 ds/min), 7 states left on queue.
@!@!@ENDMSG 2200 @!@!@
@!@!@STARTMSG 2199:0 @!@!@
42 states generated, 30 distinct states found, 7 states left on queue.
@!@!@ENDMSG 2199 @!@!@
@!@!@STARTMSG 2194:0 @!@!@
The depth of the complete state graph search is 6.
@!@!@ENDMSG 2194 @!@!@
@!@!@STARTMSG 2268:0 @!@!@
The average outdegree of the complete state graph is 1 (minimum is 0, the maximum 4 and the 95th percentile is 4).
@!@!@ENDMSG 2268 @!@!@
@!@!@STARTMSG 2186:0 @!@!@
Finished in 1897ms at (2022-03-23 15:47:20)
@!@!@ENDMSG 2186 @!@!@
