@!@!@STARTMSG 2262:0 @!@!@
TLC2 Version 2.16 of 31 December 2020 (rev: cdddf55)
@!@!@ENDMSG 2262 @!@!@
@!@!@STARTMSG 2187:0 @!@!@
Running breadth-first search Model-Checking with fp 52 and seed -3566625439510115052 with 5 workers on 10 cores with 2428MB heap and 5460MB offheap memory [pid: 1449] (Mac OS X 10.16 x86_64, AdoptOpenJDK 14.0.1 x86_64, OffHeapDiskFPSet, DiskStateQueue).
@!@!@ENDMSG 2187 @!@!@
@!@!@STARTMSG 2220:0 @!@!@
Starting SANY...
@!@!@ENDMSG 2220 @!@!@
Parsing file /Users/dirk-janswagerman/Projects/TLA+/tlaplus/11_deliver_product_no_checks.toolbox/Model_1/MC.tla
Parsing file /Users/dirk-janswagerman/Projects/TLA+/tlaplus/11_deliver_product_no_checks.toolbox/Model_1/11_deliver_product_no_checks.tla
Parsing file /private/var/folders/sy/rhv1w43j3bscfpls8nxgbl1m0000gn/T/AppTranslocation/0289B094-3A8E-4919-B936-A54271B0D606/d/TLA+ Toolbox.app/Contents/Eclipse/plugins/org.lamport.tlatools_1.0.0.202012311918/tla2sany/StandardModules/TLC.tla
Parsing file /private/var/folders/sy/rhv1w43j3bscfpls8nxgbl1m0000gn/T/AppTranslocation/0289B094-3A8E-4919-B936-A54271B0D606/d/TLA+ Toolbox.app/Contents/Eclipse/plugins/org.lamport.tlatools_1.0.0.202012311918/tla2sany/StandardModules/Naturals.tla
Parsing file /private/var/folders/sy/rhv1w43j3bscfpls8nxgbl1m0000gn/T/AppTranslocation/0289B094-3A8E-4919-B936-A54271B0D606/d/TLA+ Toolbox.app/Contents/Eclipse/plugins/org.lamport.tlatools_1.0.0.202012311918/tla2sany/StandardModules/Sequences.tla
Parsing file /private/var/folders/sy/rhv1w43j3bscfpls8nxgbl1m0000gn/T/AppTranslocation/0289B094-3A8E-4919-B936-A54271B0D606/d/TLA+ Toolbox.app/Contents/Eclipse/plugins/org.lamport.tlatools_1.0.0.202012311918/tla2sany/StandardModules/FiniteSets.tla
Semantic processing of module Naturals
Semantic processing of module Sequences
Semantic processing of module FiniteSets
Semantic processing of module TLC
Semantic processing of module 11_deliver_product_no_checks
Semantic processing of module MC
@!@!@STARTMSG 2219:0 @!@!@
SANY finished.
@!@!@ENDMSG 2219 @!@!@
@!@!@STARTMSG 2185:0 @!@!@
Starting... (2022-05-17 15:07:22)
@!@!@ENDMSG 2185 @!@!@
@!@!@STARTMSG 2189:0 @!@!@
Computing initial states...
@!@!@ENDMSG 2189 @!@!@
@!@!@STARTMSG 2190:0 @!@!@
Finished computing initial states: 1 distinct state generated at 2022-05-17 15:07:23.
@!@!@ENDMSG 2190 @!@!@
@!@!@STARTMSG 2110:1 @!@!@
Invariant inv_1652792840888573000 is violated.
@!@!@ENDMSG 2110 @!@!@
@!@!@STARTMSG 2121:1 @!@!@
The behavior up to this point is:
@!@!@ENDMSG 2121 @!@!@
@!@!@STARTMSG 2217:4 @!@!@
1: <Initial predicate>
/\ state = "operational"
/\ selected_product = ""
/\ customers = [c1 |-> [assets |-> [product |-> [saffron_sky |-> 0, desert_white |-> 0, ocean_blue |-> 0], credit |-> (25 :> 2 @@ 50 :> 2 @@ 100 :> 2), bank |-> (25 :> 0 @@ 50 :> 0 @@ 100 :> 0)]]]
/\ vending_machines = [v1 |-> [assets |-> [product |-> [saffron_sky |-> 2, desert_white |-> 2, ocean_blue |-> 2], credit |-> (25 :> 0 @@ 50 :> 0 @@ 100 :> 0), bank |-> (25 :> 0 @@ 50 :> 0 @@ 100 :> 0)]]]

@!@!@ENDMSG 2217 @!@!@
@!@!@STARTMSG 2217:4 @!@!@
2: <InsertCredit line 54, col 33 to line 56, col 72 of module 11_deliver_product_no_checks>
/\ state = "operational"
/\ selected_product = ""
/\ customers = [c1 |-> [assets |-> [product |-> [saffron_sky |-> 0, desert_white |-> 0, ocean_blue |-> 0], credit |-> (25 :> 1 @@ 50 :> 2 @@ 100 :> 2), bank |-> (25 :> 0 @@ 50 :> 0 @@ 100 :> 0)]]]
/\ vending_machines = [v1 |-> [assets |-> [product |-> [saffron_sky |-> 2, desert_white |-> 2, ocean_blue |-> 2], credit |-> (25 :> 1 @@ 50 :> 0 @@ 100 :> 0), bank |-> (25 :> 0 @@ 50 :> 0 @@ 100 :> 0)]]]

@!@!@ENDMSG 2217 @!@!@
@!@!@STARTMSG 2217:4 @!@!@
3: <InsertCredit line 54, col 33 to line 56, col 72 of module 11_deliver_product_no_checks>
/\ state = "operational"
/\ selected_product = ""
/\ customers = [c1 |-> [assets |-> [product |-> [saffron_sky |-> 0, desert_white |-> 0, ocean_blue |-> 0], credit |-> (25 :> 0 @@ 50 :> 2 @@ 100 :> 2), bank |-> (25 :> 0 @@ 50 :> 0 @@ 100 :> 0)]]]
/\ vending_machines = [v1 |-> [assets |-> [product |-> [saffron_sky |-> 2, desert_white |-> 2, ocean_blue |-> 2], credit |-> (25 :> 2 @@ 50 :> 0 @@ 100 :> 0), bank |-> (25 :> 0 @@ 50 :> 0 @@ 100 :> 0)]]]

@!@!@ENDMSG 2217 @!@!@
@!@!@STARTMSG 2217:4 @!@!@
4: <InsertCredit line 54, col 33 to line 56, col 72 of module 11_deliver_product_no_checks>
/\ state = "operational"
/\ selected_product = ""
/\ customers = [c1 |-> [assets |-> [product |-> [saffron_sky |-> 0, desert_white |-> 0, ocean_blue |-> 0], credit |-> (25 :> 0 @@ 50 :> 2 @@ 100 :> 1), bank |-> (25 :> 0 @@ 50 :> 0 @@ 100 :> 0)]]]
/\ vending_machines = [v1 |-> [assets |-> [product |-> [saffron_sky |-> 2, desert_white |-> 2, ocean_blue |-> 2], credit |-> (25 :> 2 @@ 50 :> 0 @@ 100 :> 1), bank |-> (25 :> 0 @@ 50 :> 0 @@ 100 :> 0)]]]

@!@!@ENDMSG 2217 @!@!@
@!@!@STARTMSG 2217:4 @!@!@
5: <InsertCredit line 54, col 33 to line 56, col 72 of module 11_deliver_product_no_checks>
/\ state = "operational"
/\ selected_product = ""
/\ customers = [c1 |-> [assets |-> [product |-> [saffron_sky |-> 0, desert_white |-> 0, ocean_blue |-> 0], credit |-> (25 :> 0 @@ 50 :> 2 @@ 100 :> 0), bank |-> (25 :> 0 @@ 50 :> 0 @@ 100 :> 0)]]]
/\ vending_machines = [v1 |-> [assets |-> [product |-> [saffron_sky |-> 2, desert_white |-> 2, ocean_blue |-> 2], credit |-> (25 :> 2 @@ 50 :> 0 @@ 100 :> 2), bank |-> (25 :> 0 @@ 50 :> 0 @@ 100 :> 0)]]]

@!@!@ENDMSG 2217 @!@!@
@!@!@STARTMSG 2217:4 @!@!@
6: <SelectProduct line 98, col 37 to line 99, col 87 of module 11_deliver_product_no_checks>
/\ state = "operational"
/\ selected_product = "saffron_sky"
/\ customers = [c1 |-> [assets |-> [product |-> [saffron_sky |-> 0, desert_white |-> 0, ocean_blue |-> 0], credit |-> (25 :> 0 @@ 50 :> 2 @@ 100 :> 0), bank |-> (25 :> 0 @@ 50 :> 0 @@ 100 :> 0)]]]
/\ vending_machines = [v1 |-> [assets |-> [product |-> [saffron_sky |-> 2, desert_white |-> 2, ocean_blue |-> 2], credit |-> (25 :> 2 @@ 50 :> 0 @@ 100 :> 2), bank |-> (25 :> 0 @@ 50 :> 0 @@ 100 :> 0)]]]

@!@!@ENDMSG 2217 @!@!@
@!@!@STARTMSG 2217:4 @!@!@
7: <DeliverProduct line 142, col 36 to line 142, col 105 of module 11_deliver_product_no_checks>
/\ state = "operational"
/\ selected_product = ""
/\ customers = [c1 |-> [assets |-> [product |-> [saffron_sky |-> 1, desert_white |-> 0, ocean_blue |-> 0], credit |-> (25 :> 0 @@ 50 :> 2 @@ 100 :> 0), bank |-> (25 :> 0 @@ 50 :> 0 @@ 100 :> 0)]]]
/\ vending_machines = [v1 |-> [assets |-> [product |-> [saffron_sky |-> 1, desert_white |-> 2, ocean_blue |-> 2], credit |-> (25 :> 0 @@ 50 :> 0 @@ 100 :> 1), bank |-> (25 :> 2 @@ 50 :> 0 @@ 100 :> 1)]]]

@!@!@ENDMSG 2217 @!@!@
@!@!@STARTMSG 2217:4 @!@!@
8: <SelectProduct line 98, col 37 to line 99, col 87 of module 11_deliver_product_no_checks>
/\ state = "operational"
/\ selected_product = "ocean_blue"
/\ customers = [c1 |-> [assets |-> [product |-> [saffron_sky |-> 1, desert_white |-> 0, ocean_blue |-> 0], credit |-> (25 :> 0 @@ 50 :> 2 @@ 100 :> 0), bank |-> (25 :> 0 @@ 50 :> 0 @@ 100 :> 0)]]]
/\ vending_machines = [v1 |-> [assets |-> [product |-> [saffron_sky |-> 1, desert_white |-> 2, ocean_blue |-> 2], credit |-> (25 :> 0 @@ 50 :> 0 @@ 100 :> 1), bank |-> (25 :> 2 @@ 50 :> 0 @@ 100 :> 1)]]]

@!@!@ENDMSG 2217 @!@!@
@!@!@STARTMSG 2217:4 @!@!@
9: <DeliverProduct line 142, col 36 to line 142, col 105 of module 11_deliver_product_no_checks>
/\ state = "operational"
/\ selected_product = ""
/\ customers = [c1 |-> [assets |-> [product |-> [saffron_sky |-> 1, desert_white |-> 0, ocean_blue |-> 1], credit |-> (25 :> 0 @@ 50 :> 2 @@ 100 :> 0), bank |-> (25 :> 0 @@ 50 :> 0 @@ 100 :> 0)]]]
/\ vending_machines = [v1 |-> [assets |-> [product |-> [saffron_sky |-> 1, desert_white |-> 2, ocean_blue |-> 1], credit |-> (25 :> 0 @@ 50 :> 0 @@ 100 :> 0), bank |-> (25 :> 2 @@ 50 :> 0 @@ 100 :> 2)]]]

@!@!@ENDMSG 2217 @!@!@
@!@!@STARTMSG 2201:0 @!@!@
The coverage statistics at 2022-05-17 15:07:25
@!@!@ENDMSG 2201 @!@!@
@!@!@STARTMSG 2773:0 @!@!@
<Init line 71, col 1 to line 71, col 4 of module 11_deliver_product_no_checks>: 2:2
@!@!@ENDMSG 2773 @!@!@
@!@!@STARTMSG 2221:0 @!@!@
  line 72, col 33 to line 95, col 56 of module 11_deliver_product_no_checks: 2
@!@!@ENDMSG 2221 @!@!@
@!@!@STARTMSG 2772:0 @!@!@
<InsertCredit line 53, col 1 to line 53, col 50 of module 11_deliver_product_no_checks>: 68:4044
@!@!@ENDMSG 2772 @!@!@
@!@!@STARTMSG 2221:0 @!@!@
  line 54, col 36 to line 54, col 57 of module 11_deliver_product_no_checks: 5016
@!@!@ENDMSG 2221 @!@!@
@!@!@STARTMSG 2221:0 @!@!@
  |line 54, col 36 to line 54, col 40 of module 11_deliver_product_no_checks: 3012
@!@!@ENDMSG 2221 @!@!@
@!@!@STARTMSG 2221:0 @!@!@
  line 47, col 36 to line 47, col 85 of module 11_deliver_product_no_checks: 4044
@!@!@ENDMSG 2221 @!@!@
@!@!@STARTMSG 2221:0 @!@!@
  |line 47, col 36 to line 47, col 81 of module 11_deliver_product_no_checks: 6120
@!@!@ENDMSG 2221 @!@!@
@!@!@STARTMSG 2221:0 @!@!@
  line 48, col 36 to line 48, col 98 of module 11_deliver_product_no_checks: 4044
@!@!@ENDMSG 2221 @!@!@
@!@!@STARTMSG 2221:0 @!@!@
  line 49, col 36 to line 49, col 120 of module 11_deliver_product_no_checks: 4044
@!@!@ENDMSG 2221 @!@!@
@!@!@STARTMSG 2221:0 @!@!@
  line 50, col 36 to line 50, col 120 of module 11_deliver_product_no_checks: 4044
@!@!@ENDMSG 2221 @!@!@
@!@!@STARTMSG 2221:0 @!@!@
  line 55, col 74 to line 55, col 82 of module 11_deliver_product_no_checks: 6120
@!@!@ENDMSG 2221 @!@!@
@!@!@STARTMSG 2221:0 @!@!@
  line 55, col 85 to line 55, col 100 of module 11_deliver_product_no_checks: 4044
@!@!@ENDMSG 2221 @!@!@
@!@!@STARTMSG 2221:0 @!@!@
  line 55, col 103 to line 55, col 115 of module 11_deliver_product_no_checks: 6120
@!@!@ENDMSG 2221 @!@!@
@!@!@STARTMSG 2221:0 @!@!@
  line 55, col 118 to line 55, col 137 of module 11_deliver_product_no_checks: 4044
@!@!@ENDMSG 2221 @!@!@
@!@!@STARTMSG 2221:0 @!@!@
  line 55, col 140 to line 55, col 143 of module 11_deliver_product_no_checks: 6120
@!@!@ENDMSG 2221 @!@!@
@!@!@STARTMSG 2221:0 @!@!@
  line 55, col 48 to line 55, col 56 of module 11_deliver_product_no_checks: 2040
@!@!@ENDMSG 2221 @!@!@
@!@!@STARTMSG 2221:0 @!@!@
  line 56, col 36 to line 56, col 72 of module 11_deliver_product_no_checks: 4044
@!@!@ENDMSG 2221 @!@!@
@!@!@STARTMSG 2772:0 @!@!@
<ReturnCredit line 59, col 1 to line 59, col 50 of module 11_deliver_product_no_checks (61 37 64 69)>: 39:4621
@!@!@ENDMSG 2772 @!@!@
@!@!@STARTMSG 2221:0 @!@!@
  line 61, col 40 to line 61, col 118 of module 11_deliver_product_no_checks: 2603
@!@!@ENDMSG 2221 @!@!@
@!@!@STARTMSG 2221:0 @!@!@
  |line 61, col 40 to line 61, col 114 of module 11_deliver_product_no_checks: 3008
@!@!@ENDMSG 2221 @!@!@
@!@!@STARTMSG 2221:0 @!@!@
  ||line 24, col 33 to line 25, col 125 of module 11_deliver_product_no_checks: 12032
@!@!@ENDMSG 2221 @!@!@
@!@!@STARTMSG 2221:0 @!@!@
  |||line 24, col 36 to line 24, col 42 of module 11_deliver_product_no_checks: 12032
@!@!@ENDMSG 2221 @!@!@
@!@!@STARTMSG 2221:0 @!@!@
  |||line 25, col 38 to line 25, col 125 of module 11_deliver_product_no_checks: 9024
@!@!@ENDMSG 2221 @!@!@
@!@!@STARTMSG 2221:0 @!@!@
  ||||line 25, col 38 to line 25, col 76 of module 11_deliver_product_no_checks: 9024
@!@!@ENDMSG 2221 @!@!@
@!@!@STARTMSG 2221:0 @!@!@
  ||||line 25, col 80 to line 25, col 125 of module 11_deliver_product_no_checks: 9024
@!@!@ENDMSG 2221 @!@!@
@!@!@STARTMSG 2221:0 @!@!@
  |||||line 25, col 91 to line 25, col 91 of module 11_deliver_product_no_checks: 6016
@!@!@ENDMSG 2221 @!@!@
@!@!@STARTMSG 2221:0 @!@!@
  |||||line 25, col 94 to line 25, col 124 of module 11_deliver_product_no_checks: 9024
@!@!@ENDMSG 2221 @!@!@
@!@!@STARTMSG 2221:0 @!@!@
  ||line 61, col 51 to line 61, col 102 of module 11_deliver_product_no_checks: 3008
@!@!@ENDMSG 2221 @!@!@
@!@!@STARTMSG 2221:0 @!@!@
  ||line 61, col 105 to line 61, col 113 of module 11_deliver_product_no_checks: 3008
@!@!@ENDMSG 2221 @!@!@
@!@!@STARTMSG 2221:0 @!@!@
  line 47, col 36 to line 47, col 85 of module 11_deliver_product_no_checks: 4621
@!@!@ENDMSG 2221 @!@!@
@!@!@STARTMSG 2221:0 @!@!@
  |line 47, col 36 to line 47, col 81 of module 11_deliver_product_no_checks: 7809
@!@!@ENDMSG 2221 @!@!@
@!@!@STARTMSG 2221:0 @!@!@
  line 48, col 36 to line 48, col 98 of module 11_deliver_product_no_checks: 4621
@!@!@ENDMSG 2221 @!@!@
@!@!@STARTMSG 2221:0 @!@!@
  line 49, col 36 to line 49, col 120 of module 11_deliver_product_no_checks: 4621
@!@!@ENDMSG 2221 @!@!@
@!@!@STARTMSG 2221:0 @!@!@
  line 50, col 36 to line 50, col 120 of module 11_deliver_product_no_checks: 4621
@!@!@ENDMSG 2221 @!@!@
@!@!@STARTMSG 2221:0 @!@!@
  line 62, col 78 to line 62, col 93 of module 11_deliver_product_no_checks: 7809
@!@!@ENDMSG 2221 @!@!@
@!@!@STARTMSG 2221:0 @!@!@
  line 62, col 96 to line 62, col 104 of module 11_deliver_product_no_checks: 4621
@!@!@ENDMSG 2221 @!@!@
@!@!@STARTMSG 2221:0 @!@!@
  line 62, col 107 to line 62, col 126 of module 11_deliver_product_no_checks: 7809
@!@!@ENDMSG 2221 @!@!@
@!@!@STARTMSG 2221:0 @!@!@
  line 62, col 129 to line 62, col 141 of module 11_deliver_product_no_checks: 4621
@!@!@ENDMSG 2221 @!@!@
@!@!@STARTMSG 2221:0 @!@!@
  line 62, col 144 to line 62, col 147 of module 11_deliver_product_no_checks: 7809
@!@!@ENDMSG 2221 @!@!@
@!@!@STARTMSG 2221:0 @!@!@
  line 62, col 52 to line 62, col 60 of module 11_deliver_product_no_checks: 2603
@!@!@ENDMSG 2221 @!@!@
@!@!@STARTMSG 2221:0 @!@!@
  line 63, col 40 to line 63, col 67 of module 11_deliver_product_no_checks: 4621
@!@!@ENDMSG 2221 @!@!@
@!@!@STARTMSG 2221:0 @!@!@
  line 64, col 40 to line 64, col 69 of module 11_deliver_product_no_checks: 4621
@!@!@ENDMSG 2221 @!@!@
@!@!@STARTMSG 2772:0 @!@!@
<ReturnCredit line 59, col 1 to line 59, col 50 of module 11_deliver_product_no_checks (66 37 69 98)>: 3:117
@!@!@ENDMSG 2772 @!@!@
@!@!@STARTMSG 2221:0 @!@!@
  line 66, col 40 to line 66, col 118 of module 11_deliver_product_no_checks: 3125
@!@!@ENDMSG 2221 @!@!@
@!@!@STARTMSG 2221:0 @!@!@
  |line 66, col 40 to line 66, col 114 of module 11_deliver_product_no_checks: 3008
@!@!@ENDMSG 2221 @!@!@
@!@!@STARTMSG 2221:0 @!@!@
  ||line 24, col 33 to line 25, col 125 of module 11_deliver_product_no_checks: 12032
@!@!@ENDMSG 2221 @!@!@
@!@!@STARTMSG 2221:0 @!@!@
  |||line 24, col 36 to line 24, col 42 of module 11_deliver_product_no_checks: 12032
@!@!@ENDMSG 2221 @!@!@
@!@!@STARTMSG 2221:0 @!@!@
  |||line 25, col 38 to line 25, col 125 of module 11_deliver_product_no_checks: 9024
@!@!@ENDMSG 2221 @!@!@
@!@!@STARTMSG 2221:0 @!@!@
  ||||line 25, col 38 to line 25, col 76 of module 11_deliver_product_no_checks: 9024
@!@!@ENDMSG 2221 @!@!@
@!@!@STARTMSG 2221:0 @!@!@
  ||||line 25, col 80 to line 25, col 125 of module 11_deliver_product_no_checks: 9024
@!@!@ENDMSG 2221 @!@!@
@!@!@STARTMSG 2221:0 @!@!@
  |||||line 25, col 91 to line 25, col 91 of module 11_deliver_product_no_checks: 6016
@!@!@ENDMSG 2221 @!@!@
@!@!@STARTMSG 2221:0 @!@!@
  |||||line 25, col 94 to line 25, col 124 of module 11_deliver_product_no_checks: 9024
@!@!@ENDMSG 2221 @!@!@
@!@!@STARTMSG 2221:0 @!@!@
  ||line 66, col 51 to line 66, col 102 of module 11_deliver_product_no_checks: 3008
@!@!@ENDMSG 2221 @!@!@
@!@!@STARTMSG 2221:0 @!@!@
  ||line 66, col 105 to line 66, col 113 of module 11_deliver_product_no_checks: 3008
@!@!@ENDMSG 2221 @!@!@
@!@!@STARTMSG 2221:0 @!@!@
  line 67, col 40 to line 67, col 65 of module 11_deliver_product_no_checks: 522
@!@!@ENDMSG 2221 @!@!@
@!@!@STARTMSG 2221:0 @!@!@
  |line 67, col 40 to line 67, col 44 of module 11_deliver_product_no_checks: 405
@!@!@ENDMSG 2221 @!@!@
@!@!@STARTMSG 2221:0 @!@!@
  line 68, col 40 to line 68, col 62 of module 11_deliver_product_no_checks: 117
@!@!@ENDMSG 2221 @!@!@
@!@!@STARTMSG 2221:0 @!@!@
  line 69, col 40 to line 69, col 98 of module 11_deliver_product_no_checks: 117
@!@!@ENDMSG 2221 @!@!@
@!@!@STARTMSG 2772:0 @!@!@
<SelectProduct line 97, col 1 to line 97, col 60 of module 11_deliver_product_no_checks>: 362:3008
@!@!@ENDMSG 2772 @!@!@
@!@!@STARTMSG 2221:0 @!@!@
  line 98, col 37 to line 98, col 63 of module 11_deliver_product_no_checks: 3008
@!@!@ENDMSG 2221 @!@!@
@!@!@STARTMSG 2221:0 @!@!@
  line 99, col 40 to line 99, col 87 of module 11_deliver_product_no_checks: 3008
@!@!@ENDMSG 2221 @!@!@
@!@!@STARTMSG 2772:0 @!@!@
<DeliverProduct line 111, col 1 to line 111, col 61 of module 11_deliver_product_no_checks (142 36 142 105)>: 80:921
@!@!@ENDMSG 2772 @!@!@
@!@!@STARTMSG 2221:0 @!@!@
  line 112, col 36 to line 112, col 47 of module 11_deliver_product_no_checks: 3728
@!@!@ENDMSG 2221 @!@!@
@!@!@STARTMSG 2221:0 @!@!@
  |line 112, col 36 to line 112, col 42 of module 11_deliver_product_no_checks: 3006
@!@!@ENDMSG 2221 @!@!@
@!@!@STARTMSG 2221:0 @!@!@
  line 103, col 36 to line 103, col 131 of module 11_deliver_product_no_checks: 722
@!@!@ENDMSG 2221 @!@!@
@!@!@STARTMSG 2221:0 @!@!@
  |line 103, col 36 to line 103, col 110 of module 11_deliver_product_no_checks: 1884
@!@!@ENDMSG 2221 @!@!@
@!@!@STARTMSG 2221:0 @!@!@
  ||line 24, col 33 to line 25, col 125 of module 11_deliver_product_no_checks: 7536
@!@!@ENDMSG 2221 @!@!@
@!@!@STARTMSG 2221:0 @!@!@
  |||line 24, col 36 to line 24, col 42 of module 11_deliver_product_no_checks: 7536
@!@!@ENDMSG 2221 @!@!@
@!@!@STARTMSG 2221:0 @!@!@
  |||line 25, col 38 to line 25, col 125 of module 11_deliver_product_no_checks: 5652
@!@!@ENDMSG 2221 @!@!@
@!@!@STARTMSG 2221:0 @!@!@
  ||||line 25, col 38 to line 25, col 76 of module 11_deliver_product_no_checks: 5652
@!@!@ENDMSG 2221 @!@!@
@!@!@STARTMSG 2221:0 @!@!@
  ||||line 25, col 80 to line 25, col 125 of module 11_deliver_product_no_checks: 5652
@!@!@ENDMSG 2221 @!@!@
@!@!@STARTMSG 2221:0 @!@!@
  |||||line 25, col 91 to line 25, col 91 of module 11_deliver_product_no_checks: 3768
@!@!@ENDMSG 2221 @!@!@
@!@!@STARTMSG 2221:0 @!@!@
  |||||line 25, col 94 to line 25, col 124 of module 11_deliver_product_no_checks: 5652
@!@!@ENDMSG 2221 @!@!@
@!@!@STARTMSG 2221:0 @!@!@
  ||line 103, col 47 to line 103, col 98 of module 11_deliver_product_no_checks: 1884
@!@!@ENDMSG 2221 @!@!@
@!@!@STARTMSG 2221:0 @!@!@
  ||line 103, col 101 to line 103, col 109 of module 11_deliver_product_no_checks: 1884
@!@!@ENDMSG 2221 @!@!@
@!@!@STARTMSG 2221:0 @!@!@
  |line 103, col 115 to line 103, col 131 of module 11_deliver_product_no_checks: 1884
@!@!@ENDMSG 2221 @!@!@
@!@!@STARTMSG 2221:0 @!@!@
  line 113, col 67 to line 113, col 86 of module 11_deliver_product_no_checks: 1884
@!@!@ENDMSG 2221 @!@!@
@!@!@STARTMSG 2221:0 @!@!@
  line 113, col 89 to line 113, col 95 of module 11_deliver_product_no_checks: 1884
@!@!@ENDMSG 2221 @!@!@
@!@!@STARTMSG 2221:0 @!@!@
  line 107, col 40 to line 107, col 83 of module 11_deliver_product_no_checks: 186034
@!@!@ENDMSG 2221 @!@!@
@!@!@STARTMSG 2221:0 @!@!@
  |line 107, col 40 to line 107, col 63 of module 11_deliver_product_no_checks: 185114
@!@!@ENDMSG 2221 @!@!@
@!@!@STARTMSG 2221:0 @!@!@
  ||line 24, col 33 to line 25, col 125 of module 11_deliver_product_no_checks: 740456
@!@!@ENDMSG 2221 @!@!@
@!@!@STARTMSG 2221:0 @!@!@
  |||line 24, col 36 to line 24, col 42 of module 11_deliver_product_no_checks: 740456
@!@!@ENDMSG 2221 @!@!@
@!@!@STARTMSG 2221:0 @!@!@
  |||line 25, col 38 to line 25, col 125 of module 11_deliver_product_no_checks: 555342
@!@!@ENDMSG 2221 @!@!@
@!@!@STARTMSG 2221:0 @!@!@
  ||||line 25, col 38 to line 25, col 76 of module 11_deliver_product_no_checks: 555342
@!@!@ENDMSG 2221 @!@!@
@!@!@STARTMSG 2221:0 @!@!@
  ||||line 25, col 80 to line 25, col 125 of module 11_deliver_product_no_checks: 555342
@!@!@ENDMSG 2221 @!@!@
@!@!@STARTMSG 2221:0 @!@!@
  |||||line 25, col 91 to line 25, col 91 of module 11_deliver_product_no_checks: 370228
@!@!@ENDMSG 2221 @!@!@
@!@!@STARTMSG 2221:0 @!@!@
  |||||line 25, col 94 to line 25, col 124 of module 11_deliver_product_no_checks: 555342
@!@!@ENDMSG 2221 @!@!@
@!@!@STARTMSG 2221:0 @!@!@
  ||line 107, col 51 to line 107, col 51 of module 11_deliver_product_no_checks: 185114
@!@!@ENDMSG 2221 @!@!@
@!@!@STARTMSG 2221:0 @!@!@
  ||line 107, col 54 to line 107, col 62 of module 11_deliver_product_no_checks: 185114
@!@!@ENDMSG 2221 @!@!@
@!@!@STARTMSG 2221:0 @!@!@
  |line 107, col 67 to line 107, col 83 of module 11_deliver_product_no_checks: 185114
@!@!@ENDMSG 2221 @!@!@
@!@!@STARTMSG 2221:0 @!@!@
  line 108, col 65 to line 108, col 133 of module 11_deliver_product_no_checks: 2760
@!@!@ENDMSG 2221 @!@!@
@!@!@STARTMSG 2221:0 @!@!@
  |line 108, col 65 to line 108, col 71 of module 11_deliver_product_no_checks: 7665
@!@!@ENDMSG 2221 @!@!@
@!@!@STARTMSG 2221:0 @!@!@
  |line 108, col 76 to line 108, col 133 of module 11_deliver_product_no_checks: 7665
@!@!@ENDMSG 2221 @!@!@
@!@!@STARTMSG 2221:0 @!@!@
  line 108, col 53 to line 108, col 61 of module 11_deliver_product_no_checks: 3907
@!@!@ENDMSG 2221 @!@!@
@!@!@STARTMSG 2775:0 @!@!@
  line 106, col 45 to line 106, col 87 of module 11_deliver_product_no_checks: 858:555345
@!@!@ENDMSG 2775 @!@!@
@!@!@STARTMSG 2221:0 @!@!@
  |line 106, col 46 to line 106, col 54 of module 11_deliver_product_no_checks: 858
@!@!@ENDMSG 2221 @!@!@
@!@!@STARTMSG 2775:0 @!@!@
  |line 106, col 59 to line 106, col 86 of module 11_deliver_product_no_checks: 858:259677
@!@!@ENDMSG 2775 @!@!@
@!@!@STARTMSG 2221:0 @!@!@
  ||line 106, col 60 to line 106, col 60 of module 11_deliver_product_no_checks: 5148
@!@!@ENDMSG 2221 @!@!@
@!@!@STARTMSG 2221:0 @!@!@
  ||line 106, col 69 to line 106, col 85 of module 11_deliver_product_no_checks: 858
@!@!@ENDMSG 2221 @!@!@
@!@!@STARTMSG 2221:0 @!@!@
  line 114, col 70 to line 114, col 89 of module 11_deliver_product_no_checks: 858
@!@!@ENDMSG 2221 @!@!@
@!@!@STARTMSG 2221:0 @!@!@
  line 114, col 92 to line 114, col 98 of module 11_deliver_product_no_checks: 858
@!@!@ENDMSG 2221 @!@!@
@!@!@STARTMSG 2221:0 @!@!@
  line 115, col 36 to line 131, col 57 of module 11_deliver_product_no_checks: 920
@!@!@ENDMSG 2221 @!@!@
@!@!@STARTMSG 2221:0 @!@!@
  |line 115, col 57 to line 131, col 57 of module 11_deliver_product_no_checks: 921
@!@!@ENDMSG 2221 @!@!@
@!@!@STARTMSG 2221:0 @!@!@
  ||line 115, col 58 to line 128, col 57 of module 11_deliver_product_no_checks: 921
@!@!@ENDMSG 2221 @!@!@
@!@!@STARTMSG 2221:0 @!@!@
  |||line 115, col 59 to line 123, col 57 of module 11_deliver_product_no_checks: 921
@!@!@ENDMSG 2221 @!@!@
@!@!@STARTMSG 2221:0 @!@!@
  ||||line 115, col 63 to line 115, col 78 of module 11_deliver_product_no_checks: 921
@!@!@ENDMSG 2221 @!@!@
@!@!@STARTMSG 2221:0 @!@!@
  ||||line 117, col 72 to line 121, col 168 of module 11_deliver_product_no_checks: 921
@!@!@ENDMSG 2221 @!@!@
@!@!@STARTMSG 2221:0 @!@!@
  ||||line 118, col 69 to line 121, col 168 of module 11_deliver_product_no_checks: 921
@!@!@ENDMSG 2221 @!@!@
@!@!@STARTMSG 2221:0 @!@!@
  |||||line 119, col 73 to line 121, col 168 of module 11_deliver_product_no_checks: 15727
@!@!@ENDMSG 2221 @!@!@
@!@!@STARTMSG 2221:0 @!@!@
  ||||||line 119, col 76 to line 120, col 175 of module 11_deliver_product_no_checks: 15727
@!@!@ENDMSG 2221 @!@!@
@!@!@STARTMSG 2221:0 @!@!@
  |||||||line 119, col 76 to line 119, col 99 of module 11_deliver_product_no_checks: 15727
@!@!@ENDMSG 2221 @!@!@
@!@!@STARTMSG 2221:0 @!@!@
  ||||||||line 24, col 33 to line 25, col 125 of module 11_deliver_product_no_checks: 62908
@!@!@ENDMSG 2221 @!@!@
@!@!@STARTMSG 2221:0 @!@!@
  |||||||||line 24, col 36 to line 24, col 42 of module 11_deliver_product_no_checks: 62908
@!@!@ENDMSG 2221 @!@!@
@!@!@STARTMSG 2221:0 @!@!@
  |||||||||line 25, col 38 to line 25, col 125 of module 11_deliver_product_no_checks: 47181
@!@!@ENDMSG 2221 @!@!@
@!@!@STARTMSG 2221:0 @!@!@
  ||||||||||line 25, col 38 to line 25, col 76 of module 11_deliver_product_no_checks: 47181
@!@!@ENDMSG 2221 @!@!@
@!@!@STARTMSG 2221:0 @!@!@
  ||||||||||line 25, col 80 to line 25, col 125 of module 11_deliver_product_no_checks: 47181
@!@!@ENDMSG 2221 @!@!@
@!@!@STARTMSG 2221:0 @!@!@
  |||||||||||line 25, col 91 to line 25, col 91 of module 11_deliver_product_no_checks: 31454
@!@!@ENDMSG 2221 @!@!@
@!@!@STARTMSG 2221:0 @!@!@
  |||||||||||line 25, col 94 to line 25, col 124 of module 11_deliver_product_no_checks: 47181
@!@!@ENDMSG 2221 @!@!@
@!@!@STARTMSG 2221:0 @!@!@
  ||||||||line 119, col 87 to line 119, col 87 of module 11_deliver_product_no_checks: 15727
@!@!@ENDMSG 2221 @!@!@
@!@!@STARTMSG 2221:0 @!@!@
  ||||||||line 119, col 90 to line 119, col 98 of module 11_deliver_product_no_checks: 15727
@!@!@ENDMSG 2221 @!@!@
@!@!@STARTMSG 2221:0 @!@!@
  |||||||line 120, col 81 to line 120, col 175 of module 11_deliver_product_no_checks: 15727
@!@!@ENDMSG 2221 @!@!@
@!@!@STARTMSG 2221:0 @!@!@
  ||||||||line 120, col 81 to line 120, col 155 of module 11_deliver_product_no_checks: 15727
@!@!@ENDMSG 2221 @!@!@
@!@!@STARTMSG 2221:0 @!@!@
  |||||||||line 24, col 33 to line 25, col 125 of module 11_deliver_product_no_checks: 62908
@!@!@ENDMSG 2221 @!@!@
@!@!@STARTMSG 2221:0 @!@!@
  ||||||||||line 24, col 36 to line 24, col 42 of module 11_deliver_product_no_checks: 62908
@!@!@ENDMSG 2221 @!@!@
@!@!@STARTMSG 2221:0 @!@!@
  ||||||||||line 25, col 38 to line 25, col 125 of module 11_deliver_product_no_checks: 47181
@!@!@ENDMSG 2221 @!@!@
@!@!@STARTMSG 2221:0 @!@!@
  |||||||||||line 25, col 38 to line 25, col 76 of module 11_deliver_product_no_checks: 47181
@!@!@ENDMSG 2221 @!@!@
@!@!@STARTMSG 2221:0 @!@!@
  |||||||||||line 25, col 80 to line 25, col 125 of module 11_deliver_product_no_checks: 47181
@!@!@ENDMSG 2221 @!@!@
@!@!@STARTMSG 2221:0 @!@!@
  ||||||||||||line 25, col 91 to line 25, col 91 of module 11_deliver_product_no_checks: 31454
@!@!@ENDMSG 2221 @!@!@
@!@!@STARTMSG 2221:0 @!@!@
  ||||||||||||line 25, col 94 to line 25, col 124 of module 11_deliver_product_no_checks: 47181
@!@!@ENDMSG 2221 @!@!@
@!@!@STARTMSG 2221:0 @!@!@
  |||||||||line 120, col 92 to line 120, col 143 of module 11_deliver_product_no_checks: 15727
@!@!@ENDMSG 2221 @!@!@
@!@!@STARTMSG 2221:0 @!@!@
  |||||||||line 120, col 146 to line 120, col 154 of module 11_deliver_product_no_checks: 15727
@!@!@ENDMSG 2221 @!@!@
@!@!@STARTMSG 2221:0 @!@!@
  ||||||||line 120, col 159 to line 120, col 175 of module 11_deliver_product_no_checks: 15727
@!@!@ENDMSG 2221 @!@!@
@!@!@STARTMSG 2221:0 @!@!@
  ||||||line 121, col 76 to line 121, col 168 of module 11_deliver_product_no_checks: 984
@!@!@ENDMSG 2221 @!@!@
@!@!@STARTMSG 2221:0 @!@!@
  |||||||line 121, col 100 to line 121, col 168 of module 11_deliver_product_no_checks: 2889
@!@!@ENDMSG 2221 @!@!@
@!@!@STARTMSG 2221:0 @!@!@
  |||||||line 121, col 88 to line 121, col 96 of module 11_deliver_product_no_checks: 984
@!@!@ENDMSG 2221 @!@!@
@!@!@STARTMSG 2775:0 @!@!@
  |||||line 118, col 82 to line 118, col 124 of module 11_deliver_product_no_checks: 921:811471
@!@!@ENDMSG 2775 @!@!@
@!@!@STARTMSG 2221:0 @!@!@
  ||||||line 118, col 83 to line 118, col 91 of module 11_deliver_product_no_checks: 921
@!@!@ENDMSG 2221 @!@!@
@!@!@STARTMSG 2775:0 @!@!@
  ||||||line 118, col 96 to line 118, col 123 of module 11_deliver_product_no_checks: 921:279063
@!@!@ENDMSG 2775 @!@!@
@!@!@STARTMSG 2221:0 @!@!@
  |||||||line 118, col 97 to line 118, col 97 of module 11_deliver_product_no_checks: 5526
@!@!@ENDMSG 2221 @!@!@
@!@!@STARTMSG 2221:0 @!@!@
  |||||||line 118, col 106 to line 118, col 122 of module 11_deliver_product_no_checks: 921
@!@!@ENDMSG 2221 @!@!@
@!@!@STARTMSG 2221:0 @!@!@
  |||line 125, col 72 to line 127, col 227 of module 11_deliver_product_no_checks: 921
@!@!@ENDMSG 2221 @!@!@
@!@!@STARTMSG 2221:0 @!@!@
  |||line 126, col 69 to line 127, col 227 of module 11_deliver_product_no_checks: 921
@!@!@ENDMSG 2221 @!@!@
@!@!@STARTMSG 2221:0 @!@!@
  ||||line 126, col 128 to line 127, col 227 of module 11_deliver_product_no_checks: 14948
@!@!@ENDMSG 2221 @!@!@
@!@!@STARTMSG 2221:0 @!@!@
  |||||line 126, col 128 to line 126, col 247 of module 11_deliver_product_no_checks: 14948
@!@!@ENDMSG 2221 @!@!@
@!@!@STARTMSG 2221:0 @!@!@
  ||||||line 126, col 128 to line 126, col 151 of module 11_deliver_product_no_checks: 14948
@!@!@ENDMSG 2221 @!@!@
@!@!@STARTMSG 2221:0 @!@!@
  |||||||line 24, col 33 to line 25, col 125 of module 11_deliver_product_no_checks: 59792
@!@!@ENDMSG 2221 @!@!@
@!@!@STARTMSG 2221:0 @!@!@
  ||||||||line 24, col 36 to line 24, col 42 of module 11_deliver_product_no_checks: 59792
@!@!@ENDMSG 2221 @!@!@
@!@!@STARTMSG 2221:0 @!@!@
  ||||||||line 25, col 38 to line 25, col 125 of module 11_deliver_product_no_checks: 44844
@!@!@ENDMSG 2221 @!@!@
@!@!@STARTMSG 2221:0 @!@!@
  |||||||||line 25, col 38 to line 25, col 76 of module 11_deliver_product_no_checks: 44844
@!@!@ENDMSG 2221 @!@!@
@!@!@STARTMSG 2221:0 @!@!@
  |||||||||line 25, col 80 to line 25, col 125 of module 11_deliver_product_no_checks: 44844
@!@!@ENDMSG 2221 @!@!@
@!@!@STARTMSG 2221:0 @!@!@
  ||||||||||line 25, col 91 to line 25, col 91 of module 11_deliver_product_no_checks: 29896
@!@!@ENDMSG 2221 @!@!@
@!@!@STARTMSG 2221:0 @!@!@
  ||||||||||line 25, col 94 to line 25, col 124 of module 11_deliver_product_no_checks: 44844
@!@!@ENDMSG 2221 @!@!@
@!@!@STARTMSG 2221:0 @!@!@
  |||||||line 126, col 139 to line 126, col 139 of module 11_deliver_product_no_checks: 14948
@!@!@ENDMSG 2221 @!@!@
@!@!@STARTMSG 2221:0 @!@!@
  |||||||line 126, col 142 to line 126, col 150 of module 11_deliver_product_no_checks: 14948
@!@!@ENDMSG 2221 @!@!@
@!@!@STARTMSG 2221:0 @!@!@
  ||||||line 126, col 155 to line 126, col 247 of module 11_deliver_product_no_checks: 14948
@!@!@ENDMSG 2221 @!@!@
@!@!@STARTMSG 2221:0 @!@!@
  |||||||line 126, col 155 to line 126, col 227 of module 11_deliver_product_no_checks: 14948
@!@!@ENDMSG 2221 @!@!@
@!@!@STARTMSG 2221:0 @!@!@
  ||||||||line 24, col 33 to line 25, col 125 of module 11_deliver_product_no_checks: 59792
@!@!@ENDMSG 2221 @!@!@
@!@!@STARTMSG 2221:0 @!@!@
  |||||||||line 24, col 36 to line 24, col 42 of module 11_deliver_product_no_checks: 59792
@!@!@ENDMSG 2221 @!@!@
@!@!@STARTMSG 2221:0 @!@!@
  |||||||||line 25, col 38 to line 25, col 125 of module 11_deliver_product_no_checks: 44844
@!@!@ENDMSG 2221 @!@!@
@!@!@STARTMSG 2221:0 @!@!@
  ||||||||||line 25, col 38 to line 25, col 76 of module 11_deliver_product_no_checks: 44844
@!@!@ENDMSG 2221 @!@!@
@!@!@STARTMSG 2221:0 @!@!@
  ||||||||||line 25, col 80 to line 25, col 125 of module 11_deliver_product_no_checks: 44844
@!@!@ENDMSG 2221 @!@!@
@!@!@STARTMSG 2221:0 @!@!@
  |||||||||||line 25, col 91 to line 25, col 91 of module 11_deliver_product_no_checks: 29896
@!@!@ENDMSG 2221 @!@!@
@!@!@STARTMSG 2221:0 @!@!@
  |||||||||||line 25, col 94 to line 25, col 124 of module 11_deliver_product_no_checks: 44844
@!@!@ENDMSG 2221 @!@!@
@!@!@STARTMSG 2221:0 @!@!@
  ||||||||line 126, col 166 to line 126, col 215 of module 11_deliver_product_no_checks: 14948
@!@!@ENDMSG 2221 @!@!@
@!@!@STARTMSG 2221:0 @!@!@
  ||||||||line 126, col 218 to line 126, col 226 of module 11_deliver_product_no_checks: 14948
@!@!@ENDMSG 2221 @!@!@
@!@!@STARTMSG 2221:0 @!@!@
  |||||||line 126, col 231 to line 126, col 247 of module 11_deliver_product_no_checks: 14948
@!@!@ENDMSG 2221 @!@!@
@!@!@STARTMSG 2221:0 @!@!@
  |||||line 127, col 76 to line 127, col 227 of module 11_deliver_product_no_checks: 1190
@!@!@ENDMSG 2221 @!@!@
@!@!@STARTMSG 2221:0 @!@!@
  ||||||line 127, col 100 to line 127, col 227 of module 11_deliver_product_no_checks: 3427
@!@!@ENDMSG 2221 @!@!@
@!@!@STARTMSG 2221:0 @!@!@
  ||||||line 127, col 88 to line 127, col 96 of module 11_deliver_product_no_checks: 1190
@!@!@ENDMSG 2221 @!@!@
@!@!@STARTMSG 2775:0 @!@!@
  ||||line 126, col 82 to line 126, col 124 of module 11_deliver_product_no_checks: 921:810692
@!@!@ENDMSG 2775 @!@!@
@!@!@STARTMSG 2221:0 @!@!@
  |||||line 126, col 83 to line 126, col 91 of module 11_deliver_product_no_checks: 921
@!@!@ENDMSG 2221 @!@!@
@!@!@STARTMSG 2775:0 @!@!@
  |||||line 126, col 96 to line 126, col 123 of module 11_deliver_product_no_checks: 921:279063
@!@!@ENDMSG 2775 @!@!@
@!@!@STARTMSG 2221:0 @!@!@
  ||||||line 126, col 97 to line 126, col 97 of module 11_deliver_product_no_checks: 5526
@!@!@ENDMSG 2221 @!@!@
@!@!@STARTMSG 2221:0 @!@!@
  ||||||line 126, col 106 to line 126, col 122 of module 11_deliver_product_no_checks: 921
@!@!@ENDMSG 2221 @!@!@
@!@!@STARTMSG 2221:0 @!@!@
  ||line 130, col 72 to line 130, col 126 of module 11_deliver_product_no_checks: 921
@!@!@ENDMSG 2221 @!@!@
@!@!@STARTMSG 2221:0 @!@!@
  line 132, col 36 to line 134, col 53 of module 11_deliver_product_no_checks: 920
@!@!@ENDMSG 2221 @!@!@
@!@!@STARTMSG 2221:0 @!@!@
  |line 132, col 53 to line 134, col 53 of module 11_deliver_product_no_checks: 921
@!@!@ENDMSG 2221 @!@!@
@!@!@STARTMSG 2221:0 @!@!@
  line 135, col 36 to line 135, col 48 of module 11_deliver_product_no_checks: 920
@!@!@ENDMSG 2221 @!@!@
@!@!@STARTMSG 2221:0 @!@!@
  line 136, col 36 to line 136, col 54 of module 11_deliver_product_no_checks: 920
@!@!@ENDMSG 2221 @!@!@
@!@!@STARTMSG 2221:0 @!@!@
  line 142, col 52 to line 142, col 64 of module 11_deliver_product_no_checks: 723
@!@!@ENDMSG 2221 @!@!@
@!@!@STARTMSG 2221:0 @!@!@
  line 142, col 67 to line 142, col 86 of module 11_deliver_product_no_checks: 1884
@!@!@ENDMSG 2221 @!@!@
@!@!@STARTMSG 2221:0 @!@!@
  line 142, col 89 to line 142, col 104 of module 11_deliver_product_no_checks: 3006
@!@!@ENDMSG 2221 @!@!@
@!@!@STARTMSG 2774:0 @!@!@
<inv_1652792840888573000 line 45, col 1 to line 45, col 23 of module MC>
@!@!@ENDMSG 2774 @!@!@
@!@!@STARTMSG 2221:0 @!@!@
  line 46, col 1 to line 48, col 48 of module MC: 553
@!@!@ENDMSG 2221 @!@!@
@!@!@STARTMSG 2221:0 @!@!@
  |line 46, col 1 to line 46, col 49 of module MC: 553
@!@!@ENDMSG 2221 @!@!@
@!@!@STARTMSG 2221:0 @!@!@
  |line 48, col 1 to line 48, col 48 of module MC: 111
@!@!@ENDMSG 2221 @!@!@
@!@!@STARTMSG 2202:0 @!@!@
End of statistics.
@!@!@ENDMSG 2202 @!@!@
@!@!@STARTMSG 2200:0 @!@!@
Progress(9) at 2022-05-17 15:07:25: 12.668 states generated (172.510 s/min), 553 distinct states found (7.530 ds/min), 218 states left on queue.
@!@!@ENDMSG 2200 @!@!@
@!@!@STARTMSG 2199:0 @!@!@
12668 states generated, 553 distinct states found, 218 states left on queue.
@!@!@ENDMSG 2199 @!@!@
@!@!@STARTMSG 2194:0 @!@!@
The depth of the complete state graph search is 9.
@!@!@ENDMSG 2194 @!@!@
@!@!@STARTMSG 2268:0 @!@!@
The average outdegree of the complete state graph is 2 (minimum is 0, the maximum 7 and the 95th percentile is 5).
@!@!@ENDMSG 2268 @!@!@
@!@!@STARTMSG 2186:0 @!@!@
Finished in 4456ms at (2022-05-17 15:07:25)
@!@!@ENDMSG 2186 @!@!@
